TpTrace Verbose: 0 : 23012, 1, 2025/02/16, 22:41:03.631, 2356426731231, testhost.x86.dll, Version: 17.8.0 Current process architecture: X86
TpTrace Verbose: 0 : 23012, 1, 2025/02/16, 22:41:03.635, 2356426776629, testhost.x86.dll, Runtime location: C:\Program Files (x86)\dotnet\shared\Microsoft.NETCore.App\8.0.13
TpTrace Information: 0 : 23012, 1, 2025/02/16, 22:41:03.637, 2356426793572, testhost.x86.dll, DefaultEngineInvoker.Invoke: Testhost process started with args :[--port, 55969],[--endpoint, 127.0.0.1:055969],[--role, client],[--parentprocessid, 28444],[--diag, C:\Users\vikal\source\repos\Unit tests\bin\Debug\net8.0\fine-code-coverage\coverage-tool-output\diagnostics.host.25-02-16_22-41-03_52050_5.log],[--tracelevel, 4],[--datacollectionport, 55968],[--telemetryoptedin, false]
TpTrace Information: 0 : 23012, 1, 2025/02/16, 22:41:03.639, 2356426816661, testhost.x86.dll, Setting up debug trace listener.
TpTrace Verbose: 0 : 23012, 1, 2025/02/16, 22:41:03.640, 2356426817834, testhost.x86.dll, TestPlatformTraceListener.Setup: Replacing listener System.Diagnostics.DefaultTraceListener with TestHostTraceListener.
TpTrace Verbose: 0 : 23012, 1, 2025/02/16, 22:41:03.640, 2356426818312, testhost.x86.dll, TestPlatformTraceListener.Setup: Added test platform trace listener.
TpTrace Information: 0 : 23012, 1, 2025/02/16, 22:41:03.640, 2356426820648, testhost.x86.dll, DefaultEngineInvoker.SetParentProcessExitCallback: Monitoring parent process with id: '28444'
TpTrace Information: 0 : 23012, 1, 2025/02/16, 22:41:03.643, 2356426847880, testhost.x86.dll, DefaultEngineInvoker.GetConnectionInfo: Initialize communication on endpoint address: '127.0.0.1:055969'
TpTrace Information: 0 : 23012, 1, 2025/02/16, 22:41:03.651, 2356426927538, testhost.x86.dll, SocketClient.Start: connecting to server endpoint: 127.0.0.1:055969
TpTrace Information: 0 : 23012, 8, 2025/02/16, 22:41:03.657, 2356426989802, testhost.x86.dll, SocketClient.OnServerConnected: connected to server endpoint: 127.0.0.1:055969
TpTrace Information: 0 : 23012, 1, 2025/02/16, 22:41:03.659, 2356427008701, testhost.x86.dll, DefaultEngineInvoker.ConnectToDatacollector: Connecting to datacollector, port: 55968
TpTrace Verbose: 0 : 23012, 8, 2025/02/16, 22:41:03.660, 2356427022901, testhost.x86.dll, MulticastDelegateUtilities.SafeInvoke: SocketClient: ServerConnected: Invoking callback 1/1 for Microsoft.VisualStudio.TestPlatform.CommunicationUtilities.TestRequestHandler., took 0 ms.
TpTrace Verbose: 0 : 23012, 8, 2025/02/16, 22:41:03.660, 2356427023774, testhost.x86.dll, Connected to server, and starting MessageLoopAsync
TpTrace Information: 0 : 23012, 1, 2025/02/16, 22:41:03.662, 2356427041399, testhost.x86.dll, Trying to connect to server on socket : 127.0.0.1:55968 
TpTrace Verbose: 0 : 23012, 1, 2025/02/16, 22:41:03.662, 2356427043710, testhost.x86.dll, SocketCommunicationManager : SetupClientAsync : Attempting to connect to the server.
TpTrace Information: 0 : 23012, 12, 2025/02/16, 22:41:03.663, 2356427057240, testhost.x86.dll, Connected to the server successfully 
TpTrace Information: 0 : 23012, 12, 2025/02/16, 22:41:03.664, 2356427058140, testhost.x86.dll, Using the buffer size of 16384 bytes
TpTrace Verbose: 0 : 23012, 1, 2025/02/16, 22:41:03.664, 2356427059655, testhost.x86.dll, SocketCommunicationManager.WaitForServerConnection took: 0 ms, with 90000 ms timeout, and finished with True.
TpTrace Information: 0 : 23012, 1, 2025/02/16, 22:41:03.664, 2356427060846, testhost.x86.dll, DefaultEngineInvoker.Invoke: Start Request Processing.
TpTrace Information: 0 : 23012, 13, 2025/02/16, 22:41:03.664, 2356427066962, testhost.x86.dll, DefaultEngineInvoker.StartProcessingAsync: Connected to vstest.console, Starting process requests.
TpTrace Verbose: 0 : 23012, 11, 2025/02/16, 22:41:03.667, 2356427091466, testhost.x86.dll, TcpClientExtensions.MessageLoopAsync: Polling on remoteEndPoint: [::ffff:127.0.0.1]:55969 localEndPoint: [::ffff:127.0.0.1]:55970
TpTrace Verbose: 0 : 23012, 11, 2025/02/16, 22:41:03.667, 2356427092371, testhost.x86.dll, TcpClientExtensions.MessageLoopAsync: NotifyDataAvailable remoteEndPoint: [::ffff:127.0.0.1]:55969 localEndPoint: [::ffff:127.0.0.1]:55970
TpTrace Information: 0 : 23012, 11, 2025/02/16, 22:41:03.669, 2356427112117, testhost.x86.dll, TestRequestHandler.OnMessageReceived: received message: (ProtocolVersion) -> {"MessageType":"ProtocolVersion","Payload":7}
TpTrace Verbose: 0 : 23012, 11, 2025/02/16, 22:41:03.764, 2356428066040, testhost.x86.dll, TestRequestHandler.SendData: sending data from testhost: {"Version":7,"MessageType":"TestSession.Message","Payload":{"MessageLevel":0,"Message":"Ведение журналов диагностики TestHost в файле: C:\\Users\\vikal\\source\\repos\\Unit tests\\bin\\Debug\\net8.0\\fine-code-coverage\\coverage-tool-output\\diagnostics.host.25-02-16_22-41-03_52050_5.log"}}
TpTrace Verbose: 0 : 23012, 11, 2025/02/16, 22:41:03.765, 2356428068114, testhost.x86.dll, MulticastDelegateUtilities.SafeInvoke: LengthPrefixCommunicationChannel: MessageReceived: Invoking callback 1/1 for Microsoft.VisualStudio.TestPlatform.CommunicationUtilities.TestRequestHandler., took 97 ms.
TpTrace Verbose: 0 : 23012, 11, 2025/02/16, 22:41:03.765, 2356428068986, testhost.x86.dll, TcpClientExtensions.MessageLoopAsync: Polling on remoteEndPoint: [::ffff:127.0.0.1]:55969 localEndPoint: [::ffff:127.0.0.1]:55970
TpTrace Verbose: 0 : 23012, 11, 2025/02/16, 22:41:03.765, 2356428069701, testhost.x86.dll, TcpClientExtensions.MessageLoopAsync: NotifyDataAvailable remoteEndPoint: [::ffff:127.0.0.1]:55969 localEndPoint: [::ffff:127.0.0.1]:55970
TpTrace Information: 0 : 23012, 11, 2025/02/16, 22:41:03.765, 2356428072657, testhost.x86.dll, TestRequestHandler.OnMessageReceived: received message: (TestExecution.Initialize) -> {"Version":7,"MessageType":"TestExecution.Initialize","Payload":["C:\\Users\\vikal\\source\\repos\\Unit tests\\bin\\Debug\\net8.0\\fine-code-coverage\\build-output\\Microsoft.VisualStudio.TestPlatform.MSTest.TestAdapter.dll"]}
TpTrace Verbose: 0 : 23012, 11, 2025/02/16, 22:41:03.772, 2356428138513, testhost.x86.dll, MulticastDelegateUtilities.SafeInvoke: LengthPrefixCommunicationChannel: MessageReceived: Invoking callback 1/1 for Microsoft.VisualStudio.TestPlatform.CommunicationUtilities.TestRequestHandler., took 6 ms.
TpTrace Verbose: 0 : 23012, 11, 2025/02/16, 22:41:03.772, 2356428139428, testhost.x86.dll, TcpClientExtensions.MessageLoopAsync: Polling on remoteEndPoint: [::ffff:127.0.0.1]:55969 localEndPoint: [::ffff:127.0.0.1]:55970
TpTrace Verbose: 0 : 23012, 11, 2025/02/16, 22:41:03.772, 2356428139886, testhost.x86.dll, TcpClientExtensions.MessageLoopAsync: NotifyDataAvailable remoteEndPoint: [::ffff:127.0.0.1]:55969 localEndPoint: [::ffff:127.0.0.1]:55970
TpTrace Information: 0 : 23012, 11, 2025/02/16, 22:41:03.772, 2356428140758, testhost.x86.dll, TestRequestHandler.OnMessageReceived: received message: (TestExecution.StartWithSources) -> {"Version":7,"MessageType":"TestExecution.StartWithSources","Payload":{"AdapterSourceMap":{"_none_":["C:\\Users\\vikal\\source\\repos\\Unit tests\\bin\\Debug\\net8.0\\fine-code-coverage\\build-output\\Unit tests.dll"]},"RunSettings":"<RunSettings>\r\n  <RunConfiguration>\r\n    <ResultsDirectory>C:\\Users\\vikal\\source\\repos\\Unit tests\\bin\\Debug\\net8.0\\fine-code-coverage\\coverage-tool-output</ResultsDirectory>\r\n    <TargetFrameworkVersion>.NETCoreApp,Version=v8.0</TargetFrameworkVersion>\r\n    <DesignMode>False</DesignMode>\r\n    <CollectSourceInformation>False</CollectSourceInformation>\r\n  </RunConfiguration>\r\n  <LoggerRunSettings>\r\n    <Loggers>\r\n      <Logger friendlyName=\"blame\" enabled=\"True\" />\r\n      <Logger friendlyName=\"Console\" uri=\"logger://microsoft/TestPlatform/ConsoleLogger/v1\" assemblyQualifiedName=\"Microsoft.VisualStudio.TestPlatform.CommandLine.Internal.ConsoleLogger, vstest.console, Version=15.0.0.0, Culture=neutral, PublicKeyToken=b03f5f7f11d50a3a\" codeBase=\"C:\\Program Files\\dotnet\\sdk\\8.0.403\\vstest.console.dll\" enabled=\"True\" />\r\n    </Loggers>\r\n  </LoggerRunSettings>\r\n  <DataCollectionRunSettings>\r\n    <DataCollectors>\r\n      <DataCollector friendlyName=\"blame\" enabled=\"True\">\r\n        <Configuration>\r\n          <ResultsDirectory>C:\\Users\\vikal\\source\\repos\\Unit tests\\bin\\Debug\\net8.0\\fine-code-coverage\\coverage-tool-output</ResultsDirectory>\r\n        </Configuration>\r\n      </DataCollector>\r\n    </DataCollectors>\r\n  </DataCollectionRunSettings>\r\n</RunSettings>","TestExecutionContext":{"FrequencyOfRunStatsChangeEvent":10,"RunStatsChangeEventTimeout":"00:00:01.5000000","InIsolation":false,"KeepAlive":false,"AreTestCaseLevelEventsRequired":false,"IsDebug":false,"TestCaseFilter":null,"FilterOptions":null},"Package":null}}
TpTrace Information: 0 : 23012, 4, 2025/02/16, 22:41:03.772, 2356428140991, testhost.x86.dll, TestRequestHandler.OnMessageReceived: Running job 'TestExecution.Initialize'.
TpTrace Verbose: 0 : 23012, 4, 2025/02/16, 22:41:03.774, 2356428158258, testhost.x86.dll, TestExecutorService: Loading the extensions
TpTrace Verbose: 0 : 23012, 4, 2025/02/16, 22:41:03.775, 2356428170620, testhost.x86.dll, TestPluginCache.DiscoverTestExtensions: finding test extensions in assemblies ends with: TestAdapter.dll TPluginInfo: Microsoft.VisualStudio.TestPlatform.Common.ExtensionFramework.Utilities.TestExecutorPluginInformation TExtension: Microsoft.VisualStudio.TestPlatform.ObjectModel.Adapter.ITestExecutor
TpTrace Verbose: 0 : 23012, 4, 2025/02/16, 22:41:03.776, 2356428184942, testhost.x86.dll, TestPluginCache.GetExtensionPaths: Filtered extension paths: 
TpTrace Verbose: 0 : 23012, 4, 2025/02/16, 22:41:03.777, 2356428187388, testhost.x86.dll, TestPluginCache.GetExtensionPaths: Added default extension paths: C:\Users\vikal\source\repos\Unit tests\bin\Debug\net8.0\fine-code-coverage\build-output\Microsoft.VisualStudio.TestPlatform.MSTest.TestAdapter.dll
TpTrace Verbose: 0 : 23012, 4, 2025/02/16, 22:41:03.777, 2356428187863, testhost.x86.dll, TestPluginCache.GetExtensionPaths: Added unfilterableExtensionPaths: 
TpTrace Information: 0 : 23012, 4, 2025/02/16, 22:41:03.777, 2356428197050, testhost.x86.dll, AssemblyResolver.ctor: Creating AssemblyResolver with searchDirectories C:\Users\vikal\source\repos\Unit tests\bin\Debug\net8.0\fine-code-coverage\build-output
TpTrace Verbose: 0 : 23012, 4, 2025/02/16, 22:41:03.778, 2356428205239, testhost.x86.dll, TestPluginCache.DiscoverTestExtensions: Discovering the extensions using extension path.
TpTrace Verbose: 0 : 23012, 4, 2025/02/16, 22:41:03.778, 2356428206002, testhost.x86.dll, TestPluginCache.GetExtensionPaths: Filtered extension paths: 
TpTrace Verbose: 0 : 23012, 4, 2025/02/16, 22:41:03.778, 2356428206374, testhost.x86.dll, TestPluginCache.GetExtensionPaths: Added default extension paths: C:\Users\vikal\source\repos\Unit tests\bin\Debug\net8.0\fine-code-coverage\build-output\Microsoft.VisualStudio.TestPlatform.MSTest.TestAdapter.dll
TpTrace Verbose: 0 : 23012, 4, 2025/02/16, 22:41:03.778, 2356428206695, testhost.x86.dll, TestPluginCache.GetExtensionPaths: Added unfilterableExtensionPaths: 
TpTrace Verbose: 0 : 23012, 4, 2025/02/16, 22:41:03.778, 2356428207240, testhost.x86.dll, TestPluginCache.DiscoverTestExtensions: Discovering the extensions using allExtensionPaths: C:\Users\vikal\source\repos\Unit tests\bin\Debug\net8.0\fine-code-coverage\build-output\Microsoft.VisualStudio.TestPlatform.MSTest.TestAdapter.dll
TpTrace Information: 0 : 23012, 4, 2025/02/16, 22:41:03.779, 2356428212381, testhost.x86.dll, AssemblyResolver.AddSearchDirectories: Adding more searchDirectories C:\Users\vikal\source\repos\Unit tests\bin\Debug\net8.0\fine-code-coverage\build-output
TpTrace Information: 0 : 23012, 4, 2025/02/16, 22:41:03.783, 2356428251978, testhost.x86.dll, AssemblyResolver.OnResolve: Microsoft.VisualStudio.TestPlatform.MSTest.TestAdapter: Resolving assembly.
TpTrace Information: 0 : 23012, 4, 2025/02/16, 22:41:03.783, 2356428252716, testhost.x86.dll, AssemblyResolver.OnResolve: Microsoft.VisualStudio.TestPlatform.MSTest.TestAdapter: Searching in: 'C:\Users\vikal\source\repos\Unit tests\bin\Debug\net8.0\fine-code-coverage\build-output'.
TpTrace Information: 0 : 23012, 4, 2025/02/16, 22:41:03.789, 2356428311220, testhost.x86.dll, AssemblyResolver.OnResolve: Microsoft.VisualStudio.TestPlatform.MSTest.TestAdapter: Loading assembly 'C:\Users\vikal\source\repos\Unit tests\bin\Debug\net8.0\fine-code-coverage\build-output\Microsoft.VisualStudio.TestPlatform.MSTest.TestAdapter.dll'.
TpTrace Information: 0 : 23012, 4, 2025/02/16, 22:41:03.789, 2356428317153, testhost.x86.dll, AssemblyResolver.OnResolve: Resolved assembly: Microsoft.VisualStudio.TestPlatform.MSTest.TestAdapter, from path: C:\Users\vikal\source\repos\Unit tests\bin\Debug\net8.0\fine-code-coverage\build-output\Microsoft.VisualStudio.TestPlatform.MSTest.TestAdapter.dll
TpTrace Verbose: 0 : 23012, 11, 2025/02/16, 22:41:03.794, 2356428360974, testhost.x86.dll, MulticastDelegateUtilities.SafeInvoke: LengthPrefixCommunicationChannel: MessageReceived: Invoking callback 1/1 for Microsoft.VisualStudio.TestPlatform.CommunicationUtilities.TestRequestHandler., took 22 ms.
TpTrace Verbose: 0 : 23012, 11, 2025/02/16, 22:41:03.794, 2356428361590, testhost.x86.dll, TcpClientExtensions.MessageLoopAsync: Polling on remoteEndPoint: [::ffff:127.0.0.1]:55969 localEndPoint: [::ffff:127.0.0.1]:55970
TpTrace Verbose: 0 : 23012, 4, 2025/02/16, 22:41:03.808, 2356428506083, testhost.x86.dll, MetadataReaderExtensionsHelper: Discovering extensions inside assembly 'Microsoft.VisualStudio.TestPlatform.MSTest.TestAdapter, Version=14.0.0.0, Culture=neutral, PublicKeyToken=b03f5f7f11d50a3a' file path 'C:\Users\vikal\source\repos\Unit tests\bin\Debug\net8.0\fine-code-coverage\build-output\Microsoft.VisualStudio.TestPlatform.MSTest.TestAdapter.dll'
TpTrace Information: 0 : 23012, 4, 2025/02/16, 22:41:03.811, 2356428534950, testhost.x86.dll, GetTestExtensionFromType: Register extension with identifier data 'executor://MSTestAdapter/v2' and type 'Microsoft.VisualStudio.TestPlatform.MSTest.TestAdapter.MSTestExecutor, Microsoft.VisualStudio.TestPlatform.MSTest.TestAdapter, Version=14.0.0.0, Culture=neutral, PublicKeyToken=b03f5f7f11d50a3a' inside file 'C:\Users\vikal\source\repos\Unit tests\bin\Debug\net8.0\fine-code-coverage\build-output\Microsoft.VisualStudio.TestPlatform.MSTest.TestAdapter.dll'
TpTrace Verbose: 0 : 23012, 4, 2025/02/16, 22:41:03.813, 2356428550676, testhost.x86.dll, TestPluginCache: Discovered the extensions using extension path ''.
TpTrace Verbose: 0 : 23012, 4, 2025/02/16, 22:41:03.813, 2356428554151, testhost.x86.dll, TestPluginCache: Discoverers are ''.
TpTrace Verbose: 0 : 23012, 4, 2025/02/16, 22:41:03.813, 2356428554902, testhost.x86.dll, TestPluginCache: Executors are 'executor://MSTestAdapter/v2'.
TpTrace Verbose: 0 : 23012, 4, 2025/02/16, 22:41:03.813, 2356428555531, testhost.x86.dll, TestPluginCache: Executors2 are ''.
TpTrace Verbose: 0 : 23012, 4, 2025/02/16, 22:41:03.813, 2356428556180, testhost.x86.dll, TestPluginCache: Setting providers are ''.
TpTrace Verbose: 0 : 23012, 4, 2025/02/16, 22:41:03.813, 2356428556743, testhost.x86.dll, TestPluginCache: Loggers are ''.
TpTrace Verbose: 0 : 23012, 4, 2025/02/16, 22:41:03.813, 2356428557279, testhost.x86.dll, TestPluginCache: TestHosts are ''.
TpTrace Verbose: 0 : 23012, 4, 2025/02/16, 22:41:03.814, 2356428557805, testhost.x86.dll, TestPluginCache: DataCollectors are ''.
TpTrace Verbose: 0 : 23012, 4, 2025/02/16, 22:41:03.815, 2356428576788, testhost.x86.dll, TestPluginCache.DiscoverTestExtensions: finding test extensions in assemblies ends with: TestAdapter.dll TPluginInfo: Microsoft.VisualStudio.TestPlatform.Common.ExtensionFramework.Utilities.TestExecutorPluginInformation2 TExtension: Microsoft.VisualStudio.TestPlatform.ObjectModel.Adapter.ITestExecutor2
TpTrace Verbose: 0 : 23012, 4, 2025/02/16, 22:41:03.816, 2356428578370, testhost.x86.dll, TestPluginCache.GetExtensionPaths: Filtered extension paths: 
TpTrace Verbose: 0 : 23012, 4, 2025/02/16, 22:41:03.816, 2356428578921, testhost.x86.dll, TestPluginCache.GetExtensionPaths: Added default extension paths: C:\Users\vikal\source\repos\Unit tests\bin\Debug\net8.0\fine-code-coverage\build-output\Microsoft.VisualStudio.TestPlatform.MSTest.TestAdapter.dll
TpTrace Verbose: 0 : 23012, 4, 2025/02/16, 22:41:03.816, 2356428579290, testhost.x86.dll, TestPluginCache.GetExtensionPaths: Added unfilterableExtensionPaths: 
TpTrace Information: 0 : 23012, 4, 2025/02/16, 22:41:03.816, 2356428580440, testhost.x86.dll, AssemblyResolver.AddSearchDirectories: Adding more searchDirectories C:\Users\vikal\source\repos\Unit tests\bin\Debug\net8.0\fine-code-coverage\build-output
TpTrace Verbose: 0 : 23012, 4, 2025/02/16, 22:41:03.816, 2356428580913, testhost.x86.dll, TestPluginCache.DiscoverTestExtensions: Discovering the extensions using extension path.
TpTrace Verbose: 0 : 23012, 4, 2025/02/16, 22:41:03.816, 2356428581259, testhost.x86.dll, TestPluginCache.GetExtensionPaths: Filtered extension paths: 
TpTrace Verbose: 0 : 23012, 4, 2025/02/16, 22:41:03.816, 2356428581578, testhost.x86.dll, TestPluginCache.GetExtensionPaths: Added default extension paths: C:\Users\vikal\source\repos\Unit tests\bin\Debug\net8.0\fine-code-coverage\build-output\Microsoft.VisualStudio.TestPlatform.MSTest.TestAdapter.dll
TpTrace Verbose: 0 : 23012, 4, 2025/02/16, 22:41:03.816, 2356428581881, testhost.x86.dll, TestPluginCache.GetExtensionPaths: Added unfilterableExtensionPaths: 
TpTrace Verbose: 0 : 23012, 4, 2025/02/16, 22:41:03.816, 2356428582287, testhost.x86.dll, TestPluginCache.DiscoverTestExtensions: Discovering the extensions using allExtensionPaths: C:\Users\vikal\source\repos\Unit tests\bin\Debug\net8.0\fine-code-coverage\build-output\Microsoft.VisualStudio.TestPlatform.MSTest.TestAdapter.dll
TpTrace Information: 0 : 23012, 4, 2025/02/16, 22:41:03.816, 2356428582703, testhost.x86.dll, AssemblyResolver.AddSearchDirectories: Adding more searchDirectories C:\Users\vikal\source\repos\Unit tests\bin\Debug\net8.0\fine-code-coverage\build-output
TpTrace Verbose: 0 : 23012, 4, 2025/02/16, 22:41:03.816, 2356428583248, testhost.x86.dll, MetadataReaderExtensionsHelper: Discovering extensions inside assembly 'Microsoft.VisualStudio.TestPlatform.MSTest.TestAdapter, Version=14.0.0.0, Culture=neutral, PublicKeyToken=b03f5f7f11d50a3a' file path 'C:\Users\vikal\source\repos\Unit tests\bin\Debug\net8.0\fine-code-coverage\build-output\Microsoft.VisualStudio.TestPlatform.MSTest.TestAdapter.dll'
TpTrace Verbose: 0 : 23012, 4, 2025/02/16, 22:41:03.816, 2356428586283, testhost.x86.dll, TestPluginCache: Discovered the extensions using extension path ''.
TpTrace Verbose: 0 : 23012, 4, 2025/02/16, 22:41:03.816, 2356428586799, testhost.x86.dll, TestPluginCache: Discoverers are ''.
TpTrace Verbose: 0 : 23012, 4, 2025/02/16, 22:41:03.816, 2356428587180, testhost.x86.dll, TestPluginCache: Executors are 'executor://MSTestAdapter/v2'.
TpTrace Verbose: 0 : 23012, 4, 2025/02/16, 22:41:03.817, 2356428587819, testhost.x86.dll, TestPluginCache: Executors2 are ''.
TpTrace Verbose: 0 : 23012, 4, 2025/02/16, 22:41:03.817, 2356428588223, testhost.x86.dll, TestPluginCache: Setting providers are ''.
TpTrace Verbose: 0 : 23012, 4, 2025/02/16, 22:41:03.817, 2356428588528, testhost.x86.dll, TestPluginCache: Loggers are ''.
TpTrace Verbose: 0 : 23012, 4, 2025/02/16, 22:41:03.817, 2356428588819, testhost.x86.dll, TestPluginCache: TestHosts are ''.
TpTrace Verbose: 0 : 23012, 4, 2025/02/16, 22:41:03.817, 2356428589101, testhost.x86.dll, TestPluginCache: DataCollectors are ''.
TpTrace Information: 0 : 23012, 4, 2025/02/16, 22:41:03.822, 2356428646348, testhost.x86.dll, TestPluginManager.CreateTestExtension: Attempting to load test extension: Microsoft.VisualStudio.TestPlatform.MSTest.TestAdapter.MSTestExecutor
TpTrace Verbose: 0 : 23012, 4, 2025/02/16, 22:41:03.826, 2356428680776, testhost.x86.dll, TestExecutorExtensionManager: Loading executor Microsoft.VisualStudio.TestPlatform.Common.ExtensionDecorators.SerialTestRunDecorator
TpTrace Verbose: 0 : 23012, 4, 2025/02/16, 22:41:03.826, 2356428681369, testhost.x86.dll, TestExecutorService: Loaded the executors
TpTrace Verbose: 0 : 23012, 4, 2025/02/16, 22:41:03.827, 2356428688753, testhost.x86.dll, TestPluginCache.DiscoverTestExtensions: finding test extensions in assemblies ends with: TestAdapter.dll TPluginInfo: Microsoft.VisualStudio.TestPlatform.Common.ExtensionFramework.Utilities.TestSettingsProviderPluginInformation TExtension: Microsoft.VisualStudio.TestPlatform.ObjectModel.Adapter.ISettingsProvider
TpTrace Verbose: 0 : 23012, 4, 2025/02/16, 22:41:03.827, 2356428689639, testhost.x86.dll, TestPluginCache.GetExtensionPaths: Filtered extension paths: 
TpTrace Verbose: 0 : 23012, 4, 2025/02/16, 22:41:03.827, 2356428690081, testhost.x86.dll, TestPluginCache.GetExtensionPaths: Added default extension paths: C:\Users\vikal\source\repos\Unit tests\bin\Debug\net8.0\fine-code-coverage\build-output\Microsoft.VisualStudio.TestPlatform.MSTest.TestAdapter.dll
TpTrace Verbose: 0 : 23012, 4, 2025/02/16, 22:41:03.827, 2356428690414, testhost.x86.dll, TestPluginCache.GetExtensionPaths: Added unfilterableExtensionPaths: 
TpTrace Information: 0 : 23012, 4, 2025/02/16, 22:41:03.827, 2356428691293, testhost.x86.dll, AssemblyResolver.AddSearchDirectories: Adding more searchDirectories C:\Users\vikal\source\repos\Unit tests\bin\Debug\net8.0\fine-code-coverage\build-output
TpTrace Verbose: 0 : 23012, 4, 2025/02/16, 22:41:03.827, 2356428691702, testhost.x86.dll, TestPluginCache.DiscoverTestExtensions: Discovering the extensions using extension path.
TpTrace Verbose: 0 : 23012, 4, 2025/02/16, 22:41:03.827, 2356428692030, testhost.x86.dll, TestPluginCache.GetExtensionPaths: Filtered extension paths: 
TpTrace Verbose: 0 : 23012, 4, 2025/02/16, 22:41:03.827, 2356428692335, testhost.x86.dll, TestPluginCache.GetExtensionPaths: Added default extension paths: C:\Users\vikal\source\repos\Unit tests\bin\Debug\net8.0\fine-code-coverage\build-output\Microsoft.VisualStudio.TestPlatform.MSTest.TestAdapter.dll
TpTrace Verbose: 0 : 23012, 4, 2025/02/16, 22:41:03.827, 2356428692685, testhost.x86.dll, TestPluginCache.GetExtensionPaths: Added unfilterableExtensionPaths: 
TpTrace Verbose: 0 : 23012, 4, 2025/02/16, 22:41:03.827, 2356428693026, testhost.x86.dll, TestPluginCache.DiscoverTestExtensions: Discovering the extensions using allExtensionPaths: C:\Users\vikal\source\repos\Unit tests\bin\Debug\net8.0\fine-code-coverage\build-output\Microsoft.VisualStudio.TestPlatform.MSTest.TestAdapter.dll
TpTrace Information: 0 : 23012, 4, 2025/02/16, 22:41:03.827, 2356428693420, testhost.x86.dll, AssemblyResolver.AddSearchDirectories: Adding more searchDirectories C:\Users\vikal\source\repos\Unit tests\bin\Debug\net8.0\fine-code-coverage\build-output
TpTrace Verbose: 0 : 23012, 4, 2025/02/16, 22:41:03.827, 2356428693965, testhost.x86.dll, MetadataReaderExtensionsHelper: Discovering extensions inside assembly 'Microsoft.VisualStudio.TestPlatform.MSTest.TestAdapter, Version=14.0.0.0, Culture=neutral, PublicKeyToken=b03f5f7f11d50a3a' file path 'C:\Users\vikal\source\repos\Unit tests\bin\Debug\net8.0\fine-code-coverage\build-output\Microsoft.VisualStudio.TestPlatform.MSTest.TestAdapter.dll'
TpTrace Verbose: 0 : 23012, 4, 2025/02/16, 22:41:03.827, 2356428697005, testhost.x86.dll, TestPluginCache: Discovered the extensions using extension path ''.
TpTrace Verbose: 0 : 23012, 4, 2025/02/16, 22:41:03.828, 2356428697517, testhost.x86.dll, TestPluginCache: Discoverers are ''.
TpTrace Verbose: 0 : 23012, 4, 2025/02/16, 22:41:03.828, 2356428697856, testhost.x86.dll, TestPluginCache: Executors are 'executor://MSTestAdapter/v2'.
TpTrace Verbose: 0 : 23012, 4, 2025/02/16, 22:41:03.828, 2356428698168, testhost.x86.dll, TestPluginCache: Executors2 are ''.
TpTrace Verbose: 0 : 23012, 4, 2025/02/16, 22:41:03.828, 2356428698517, testhost.x86.dll, TestPluginCache: Setting providers are ''.
TpTrace Verbose: 0 : 23012, 4, 2025/02/16, 22:41:03.828, 2356428698831, testhost.x86.dll, TestPluginCache: Loggers are ''.
TpTrace Verbose: 0 : 23012, 4, 2025/02/16, 22:41:03.828, 2356428699122, testhost.x86.dll, TestPluginCache: TestHosts are ''.
TpTrace Verbose: 0 : 23012, 4, 2025/02/16, 22:41:03.828, 2356428699405, testhost.x86.dll, TestPluginCache: DataCollectors are ''.
TpTrace Verbose: 0 : 23012, 4, 2025/02/16, 22:41:03.828, 2356428704858, testhost.x86.dll, TestExecutorService: Loaded the settings providers
TpTrace Information: 0 : 23012, 4, 2025/02/16, 22:41:03.828, 2356428705401, testhost.x86.dll, TestExecutorService: Loaded the extensions
TpTrace Information: 0 : 23012, 4, 2025/02/16, 22:41:03.829, 2356428708854, testhost.x86.dll, TestRequestHandler.OnMessageReceived: Running job 'TestExecution.StartWithSources'.
TpTrace Verbose: 0 : 23012, 4, 2025/02/16, 22:41:03.887, 2356429290494, testhost.x86.dll, MulticastDelegateUtilities.SafeInvoke: TestCaseEventsHandler.RaiseSessionStart: Invoking callbacks was skipped because there are no subscribers.
TpTrace Information: 0 : 23012, 4, 2025/02/16, 22:41:03.891, 2356429330543, testhost.x86.dll, TestDiscoveryManager: Discovering tests from sources C:\Users\vikal\source\repos\Unit tests\bin\Debug\net8.0\fine-code-coverage\build-output\Unit tests.dll
TpTrace Verbose: 0 : 23012, 4, 2025/02/16, 22:41:03.894, 2356429357910, testhost.x86.dll, TestPluginCache.DiscoverTestExtensions: finding test extensions in assemblies ends with: TestAdapter.dll TPluginInfo: Microsoft.VisualStudio.TestPlatform.Common.ExtensionFramework.Utilities.TestDiscovererPluginInformation TExtension: Microsoft.VisualStudio.TestPlatform.ObjectModel.Adapter.ITestDiscoverer
TpTrace Verbose: 0 : 23012, 4, 2025/02/16, 22:41:03.894, 2356429358992, testhost.x86.dll, TestPluginCache.GetExtensionPaths: Filtered extension paths: 
TpTrace Verbose: 0 : 23012, 4, 2025/02/16, 22:41:03.894, 2356429359426, testhost.x86.dll, TestPluginCache.GetExtensionPaths: Added default extension paths: C:\Users\vikal\source\repos\Unit tests\bin\Debug\net8.0\fine-code-coverage\build-output\Microsoft.VisualStudio.TestPlatform.MSTest.TestAdapter.dll
TpTrace Verbose: 0 : 23012, 4, 2025/02/16, 22:41:03.894, 2356429359737, testhost.x86.dll, TestPluginCache.GetExtensionPaths: Added unfilterableExtensionPaths: 
TpTrace Information: 0 : 23012, 4, 2025/02/16, 22:41:03.894, 2356429360594, testhost.x86.dll, AssemblyResolver.AddSearchDirectories: Adding more searchDirectories C:\Users\vikal\source\repos\Unit tests\bin\Debug\net8.0\fine-code-coverage\build-output
TpTrace Verbose: 0 : 23012, 4, 2025/02/16, 22:41:03.894, 2356429361018, testhost.x86.dll, TestPluginCache.DiscoverTestExtensions: Discovering the extensions using extension path.
TpTrace Verbose: 0 : 23012, 4, 2025/02/16, 22:41:03.894, 2356429361337, testhost.x86.dll, TestPluginCache.GetExtensionPaths: Filtered extension paths: 
TpTrace Verbose: 0 : 23012, 4, 2025/02/16, 22:41:03.894, 2356429361632, testhost.x86.dll, TestPluginCache.GetExtensionPaths: Added default extension paths: C:\Users\vikal\source\repos\Unit tests\bin\Debug\net8.0\fine-code-coverage\build-output\Microsoft.VisualStudio.TestPlatform.MSTest.TestAdapter.dll
TpTrace Verbose: 0 : 23012, 4, 2025/02/16, 22:41:03.894, 2356429361925, testhost.x86.dll, TestPluginCache.GetExtensionPaths: Added unfilterableExtensionPaths: 
TpTrace Verbose: 0 : 23012, 4, 2025/02/16, 22:41:03.894, 2356429362228, testhost.x86.dll, TestPluginCache.DiscoverTestExtensions: Discovering the extensions using allExtensionPaths: C:\Users\vikal\source\repos\Unit tests\bin\Debug\net8.0\fine-code-coverage\build-output\Microsoft.VisualStudio.TestPlatform.MSTest.TestAdapter.dll
TpTrace Information: 0 : 23012, 4, 2025/02/16, 22:41:03.894, 2356429362665, testhost.x86.dll, AssemblyResolver.AddSearchDirectories: Adding more searchDirectories C:\Users\vikal\source\repos\Unit tests\bin\Debug\net8.0\fine-code-coverage\build-output
TpTrace Verbose: 0 : 23012, 4, 2025/02/16, 22:41:03.894, 2356429363288, testhost.x86.dll, MetadataReaderExtensionsHelper: Discovering extensions inside assembly 'Microsoft.VisualStudio.TestPlatform.MSTest.TestAdapter, Version=14.0.0.0, Culture=neutral, PublicKeyToken=b03f5f7f11d50a3a' file path 'C:\Users\vikal\source\repos\Unit tests\bin\Debug\net8.0\fine-code-coverage\build-output\Microsoft.VisualStudio.TestPlatform.MSTest.TestAdapter.dll'
TpTrace Information: 0 : 23012, 4, 2025/02/16, 22:41:03.895, 2356429375946, testhost.x86.dll, GetTestExtensionFromType: Register extension with identifier data 'Microsoft.VisualStudio.TestPlatform.MSTest.TestAdapter.MSTestDiscoverer, Microsoft.VisualStudio.TestPlatform.MSTest.TestAdapter, Version=14.0.0.0, Culture=neutral, PublicKeyToken=b03f5f7f11d50a3a' and type 'Microsoft.VisualStudio.TestPlatform.MSTest.TestAdapter.MSTestDiscoverer, Microsoft.VisualStudio.TestPlatform.MSTest.TestAdapter, Version=14.0.0.0, Culture=neutral, PublicKeyToken=b03f5f7f11d50a3a' inside file 'C:\Users\vikal\source\repos\Unit tests\bin\Debug\net8.0\fine-code-coverage\build-output\Microsoft.VisualStudio.TestPlatform.MSTest.TestAdapter.dll'
TpTrace Verbose: 0 : 23012, 4, 2025/02/16, 22:41:03.895, 2356429377048, testhost.x86.dll, TestPluginCache: Discovered the extensions using extension path ''.
TpTrace Verbose: 0 : 23012, 4, 2025/02/16, 22:41:03.896, 2356429377596, testhost.x86.dll, TestPluginCache: Discoverers are 'Microsoft.VisualStudio.TestPlatform.MSTest.TestAdapter.MSTestDiscoverer, Microsoft.VisualStudio.TestPlatform.MSTest.TestAdapter, Version=14.0.0.0, Culture=neutral, PublicKeyToken=b03f5f7f11d50a3a'.
TpTrace Verbose: 0 : 23012, 4, 2025/02/16, 22:41:03.896, 2356429377954, testhost.x86.dll, TestPluginCache: Executors are 'executor://MSTestAdapter/v2'.
TpTrace Verbose: 0 : 23012, 4, 2025/02/16, 22:41:03.896, 2356429378263, testhost.x86.dll, TestPluginCache: Executors2 are ''.
TpTrace Verbose: 0 : 23012, 4, 2025/02/16, 22:41:03.896, 2356429378556, testhost.x86.dll, TestPluginCache: Setting providers are ''.
TpTrace Verbose: 0 : 23012, 4, 2025/02/16, 22:41:03.896, 2356429378890, testhost.x86.dll, TestPluginCache: Loggers are ''.
TpTrace Verbose: 0 : 23012, 4, 2025/02/16, 22:41:03.896, 2356429379178, testhost.x86.dll, TestPluginCache: TestHosts are ''.
TpTrace Verbose: 0 : 23012, 4, 2025/02/16, 22:41:03.896, 2356429379461, testhost.x86.dll, TestPluginCache: DataCollectors are ''.
TpTrace Verbose: 0 : 23012, 4, 2025/02/16, 22:41:03.900, 2356429424351, testhost.x86.dll, BaseRunTests.RunTestInternalWithExecutors: Running tests for executor://MSTestAdapter/v2
TpTrace Information: 0 : 23012, 4, 2025/02/16, 22:41:03.903, 2356429454202, testhost.x86.dll, AssemblyResolver.OnResolve: Microsoft.VisualStudio.TestPlatform.MSTestAdapter.PlatformServices: Resolving assembly.
TpTrace Information: 0 : 23012, 4, 2025/02/16, 22:41:03.903, 2356429455132, testhost.x86.dll, AssemblyResolver.OnResolve: Microsoft.VisualStudio.TestPlatform.MSTestAdapter.PlatformServices: Searching in: 'C:\Users\vikal\source\repos\Unit tests\bin\Debug\net8.0\fine-code-coverage\build-output'.
TpTrace Information: 0 : 23012, 4, 2025/02/16, 22:41:03.904, 2356429457581, testhost.x86.dll, AssemblyResolver.OnResolve: Microsoft.VisualStudio.TestPlatform.MSTestAdapter.PlatformServices: Loading assembly 'C:\Users\vikal\source\repos\Unit tests\bin\Debug\net8.0\fine-code-coverage\build-output\Microsoft.VisualStudio.TestPlatform.MSTestAdapter.PlatformServices.dll'.
TpTrace Information: 0 : 23012, 4, 2025/02/16, 22:41:03.904, 2356429461251, testhost.x86.dll, AssemblyResolver.OnResolve: Resolved assembly: Microsoft.VisualStudio.TestPlatform.MSTestAdapter.PlatformServices, from path: C:\Users\vikal\source\repos\Unit tests\bin\Debug\net8.0\fine-code-coverage\build-output\Microsoft.VisualStudio.TestPlatform.MSTestAdapter.PlatformServices.dll
TpTrace Information: 0 : 23012, 4, 2025/02/16, 22:41:03.905, 2356429473325, testhost.x86.dll, MSTest - MSTestExecutor.RunTests: Running tests from sources.
TpTrace Information: 0 : 23012, 4, 2025/02/16, 22:41:03.907, 2356429496872, testhost.x86.dll, MSTest - CollectSourceInformation value Found : False 
TpTrace Information: 0 : 23012, 4, 2025/02/16, 22:41:03.920, 2356429627037, testhost.x86.dll, MSTest - DictionaryHelper.ConcatWithOverwrites: The source is null or empty, returning the overwrite dictionary.
TpTrace Information: 0 : 23012, 4, 2025/02/16, 22:41:03.927, 2356429695319, testhost.x86.dll, MSTest - DictionaryHelper.ConcatWithOverwrites: The source is null or empty, returning the overwrite dictionary.
TpTrace Information: 0 : 23012, 4, 2025/02/16, 22:41:03.932, 2356429746510, testhost.x86.dll, AssemblyResolver.OnResolve: Microsoft.TestPlatform.AdapterUtilities: Resolving assembly.
TpTrace Information: 0 : 23012, 4, 2025/02/16, 22:41:03.933, 2356429748156, testhost.x86.dll, AssemblyResolver.OnResolve: Microsoft.TestPlatform.AdapterUtilities: Searching in: 'C:\Users\vikal\source\repos\Unit tests\bin\Debug\net8.0\fine-code-coverage\build-output'.
TpTrace Information: 0 : 23012, 4, 2025/02/16, 22:41:03.933, 2356429750867, testhost.x86.dll, AssemblyResolver.OnResolve: Microsoft.TestPlatform.AdapterUtilities: Loading assembly 'C:\Users\vikal\source\repos\Unit tests\bin\Debug\net8.0\fine-code-coverage\build-output\Microsoft.TestPlatform.AdapterUtilities.dll'.
TpTrace Information: 0 : 23012, 4, 2025/02/16, 22:41:03.933, 2356429756693, testhost.x86.dll, AssemblyResolver.OnResolve: Resolved assembly: Microsoft.TestPlatform.AdapterUtilities, from path: C:\Users\vikal\source\repos\Unit tests\bin\Debug\net8.0\fine-code-coverage\build-output\Microsoft.TestPlatform.AdapterUtilities.dll
TpTrace Information: 0 : 23012, 4, 2025/02/16, 22:41:03.957, 2356429996054, testhost.x86.dll, MSTest - DictionaryHelper.ConcatWithOverwrites: The source is null or empty, returning the overwrite dictionary.
TpTrace Information: 0 : 23012, 4, 2025/02/16, 22:41:03.958, 2356429997803, testhost.x86.dll, MSTest - DictionaryHelper.ConcatWithOverwrites: The source is null or empty, returning the overwrite dictionary.
TpTrace Information: 0 : 23012, 4, 2025/02/16, 22:41:03.958, 2356429998910, testhost.x86.dll, MSTest - DictionaryHelper.ConcatWithOverwrites: The source is null or empty, returning the overwrite dictionary.
TpTrace Information: 0 : 23012, 4, 2025/02/16, 22:41:03.958, 2356430000135, testhost.x86.dll, MSTest - MSTestDiscoverer: Found 35 tests from source C:\Users\vikal\source\repos\Unit tests\bin\Debug\net8.0\fine-code-coverage\build-output\Unit tests.dll
TpTrace Information: 0 : 23012, 4, 2025/02/16, 22:41:03.964, 2356430060284, testhost.x86.dll, AssemblyResolver.OnResolve: Microsoft.VisualStudio.TestPlatform.ObjectModel.resources: Resolving assembly.
TpTrace Information: 0 : 23012, 4, 2025/02/16, 22:41:03.964, 2356430061160, testhost.x86.dll, AssemblyResolver.OnResolve: Microsoft.VisualStudio.TestPlatform.ObjectModel.resources: Searching in: 'C:\Users\vikal\source\repos\Unit tests\bin\Debug\net8.0\fine-code-coverage\build-output'.
TpTrace Information: 0 : 23012, 4, 2025/02/16, 22:41:03.964, 2356430062029, testhost.x86.dll, AssemblyResolver.OnResolve: Microsoft.VisualStudio.TestPlatform.ObjectModel.resources: Assembly path does not exist: 'C:\Users\vikal\source\repos\Unit tests\bin\Debug\net8.0\fine-code-coverage\build-output\Microsoft.VisualStudio.TestPlatform.ObjectModel.resources.dll', returning.
TpTrace Information: 0 : 23012, 4, 2025/02/16, 22:41:03.964, 2356430063401, testhost.x86.dll, AssemblyResolver.OnResolve: Microsoft.VisualStudio.TestPlatform.ObjectModel.resources: Assembly path does not exist: 'C:\Users\vikal\source\repos\Unit tests\bin\Debug\net8.0\fine-code-coverage\build-output\Microsoft.VisualStudio.TestPlatform.ObjectModel.resources.exe', returning.
TpTrace Information: 0 : 23012, 4, 2025/02/16, 22:41:03.964, 2356430064214, testhost.x86.dll, AssemblyResolver.OnResolve: Microsoft.VisualStudio.TestPlatform.ObjectModel.resources: Failed to load assembly.
TpTrace Information: 0 : 23012, 4, 2025/02/16, 22:41:03.971, 2356430127610, testhost.x86.dll, AssemblyResolver.OnResolve: Microsoft.VisualStudio.TestPlatform.MSTestAdapter.PlatformServices.resources: Resolving assembly.
TpTrace Information: 0 : 23012, 4, 2025/02/16, 22:41:03.971, 2356430128618, testhost.x86.dll, AssemblyResolver.OnResolve: Microsoft.VisualStudio.TestPlatform.MSTestAdapter.PlatformServices.resources: Searching in: 'C:\Users\vikal\source\repos\Unit tests\bin\Debug\net8.0\fine-code-coverage\build-output'.
TpTrace Information: 0 : 23012, 4, 2025/02/16, 22:41:03.971, 2356430129375, testhost.x86.dll, AssemblyResolver.OnResolve: Microsoft.VisualStudio.TestPlatform.MSTestAdapter.PlatformServices.resources: Assembly path does not exist: 'C:\Users\vikal\source\repos\Unit tests\bin\Debug\net8.0\fine-code-coverage\build-output\Microsoft.VisualStudio.TestPlatform.MSTestAdapter.PlatformServices.resources.dll', returning.
TpTrace Information: 0 : 23012, 4, 2025/02/16, 22:41:03.971, 2356430130375, testhost.x86.dll, AssemblyResolver.OnResolve: Microsoft.VisualStudio.TestPlatform.MSTestAdapter.PlatformServices.resources: Assembly path does not exist: 'C:\Users\vikal\source\repos\Unit tests\bin\Debug\net8.0\fine-code-coverage\build-output\Microsoft.VisualStudio.TestPlatform.MSTestAdapter.PlatformServices.resources.exe', returning.
TpTrace Information: 0 : 23012, 4, 2025/02/16, 22:41:03.971, 2356430130847, testhost.x86.dll, AssemblyResolver.OnResolve: Microsoft.VisualStudio.TestPlatform.MSTestAdapter.PlatformServices.resources: Failed to load assembly.
TpTrace Information: 0 : 23012, 4, 2025/02/16, 22:41:03.971, 2356430131951, testhost.x86.dll, AssemblyResolver.OnResolve: Microsoft.VisualStudio.TestPlatform.MSTestAdapter.PlatformServices.resources: Resolving assembly.
TpTrace Information: 0 : 23012, 4, 2025/02/16, 22:41:03.971, 2356430132376, testhost.x86.dll, AssemblyResolver.OnResolve: Microsoft.VisualStudio.TestPlatform.MSTestAdapter.PlatformServices.resources: Resolved from cache.
TpTrace Information: 0 : 23012, 4, 2025/02/16, 22:41:03.977, 2356430191456, testhost.x86.dll, MSTest - Created unit-test runner C:\Users\vikal\source\repos\Unit tests\bin\Debug\net8.0\fine-code-coverage\build-output\Unit tests.dll
TpTrace Verbose: 0 : 23012, 4, 2025/02/16, 22:41:03.981, 2356430235124, testhost.x86.dll, TestExecutionRecorder.RecordStart: Starting test: Unit_tests.UnitTest1.TestNegativeFuelFlow.
TpTrace Verbose: 0 : 23012, 4, 2025/02/16, 22:41:04.034, 2356430759331, testhost.x86.dll, MulticastDelegateUtilities.SafeInvoke: TestCaseEventsHandler.RaiseTestCaseStart: Invoking callback 1/1 for Microsoft.VisualStudio.TestPlatform.CrossPlatEngine.DataCollection.ProxyOutOfProcDataCollectionManager., took 51 ms.
TpTrace Information: 0 : 23012, 4, 2025/02/16, 22:41:04.035, 2356430769330, testhost.x86.dll, MSTest - Executing test TestNegativeFuelFlow
TpTrace Information: 0 : 23012, 4, 2025/02/16, 22:41:04.053, 2356430950466, testhost.x86.dll, MSTest - Executed test TestNegativeFuelFlow
TpTrace Verbose: 0 : 23012, 4, 2025/02/16, 22:41:04.055, 2356430976874, testhost.x86.dll, TestExecutionRecorder.RecordEnd: test: Unit_tests.UnitTest1.TestNegativeFuelFlow execution completed.
TpTrace Verbose: 0 : 23012, 4, 2025/02/16, 22:41:04.065, 2356431071614, testhost.x86.dll, MulticastDelegateUtilities.SafeInvoke: TestCaseEventsHandler.RaiseTestCaseEnd: Invoking callback 1/1 for Microsoft.VisualStudio.TestPlatform.CrossPlatEngine.DataCollection.ProxyOutOfProcDataCollectionManager., took 8 ms.
TpTrace Verbose: 0 : 23012, 4, 2025/02/16, 22:41:04.066, 2356431079331, testhost.x86.dll, TestExecutionRecorder.RecordResult: Received result for test: Unit_tests.UnitTest1.TestNegativeFuelFlow.
TpTrace Verbose: 0 : 23012, 4, 2025/02/16, 22:41:04.067, 2356431091200, testhost.x86.dll, MulticastDelegateUtilities.SafeInvoke: TestCaseEventsHandler.RaiseTestCaseEnd: Invoking callback 1/1 for Microsoft.VisualStudio.TestPlatform.CrossPlatEngine.DataCollection.ProxyOutOfProcDataCollectionManager., took 1 ms.
TpTrace Warning: 0 : 23012, 4, 2025/02/16, 22:41:04.069, 2356431111085, testhost.x86.dll, TestRunCache: InProgressTests is null
TpTrace Warning: 0 : 23012, 4, 2025/02/16, 22:41:04.069, 2356431112248, testhost.x86.dll, TestRunCache: No test found corresponding to testResult 'TestNegativeFuelFlow' in inProgress list.
TpTrace Verbose: 0 : 23012, 4, 2025/02/16, 22:41:04.069, 2356431113178, testhost.x86.dll, TestExecutionRecorder.RecordStart: Starting test: Unit_tests.UnitTest1.TestNegativeFuelVolume.
TpTrace Verbose: 0 : 23012, 4, 2025/02/16, 22:41:04.071, 2356431128360, testhost.x86.dll, MulticastDelegateUtilities.SafeInvoke: TestCaseEventsHandler.RaiseTestCaseStart: Invoking callback 1/1 for Microsoft.VisualStudio.TestPlatform.CrossPlatEngine.DataCollection.ProxyOutOfProcDataCollectionManager., took 1 ms.
TpTrace Information: 0 : 23012, 4, 2025/02/16, 22:41:04.071, 2356431129450, testhost.x86.dll, MSTest - Executing test TestNegativeFuelVolume
TpTrace Information: 0 : 23012, 4, 2025/02/16, 22:41:04.071, 2356431134750, testhost.x86.dll, MSTest - Executed test TestNegativeFuelVolume
TpTrace Verbose: 0 : 23012, 4, 2025/02/16, 22:41:04.071, 2356431135569, testhost.x86.dll, TestExecutionRecorder.RecordEnd: test: Unit_tests.UnitTest1.TestNegativeFuelVolume execution completed.
TpTrace Verbose: 0 : 23012, 4, 2025/02/16, 22:41:04.073, 2356431148594, testhost.x86.dll, MulticastDelegateUtilities.SafeInvoke: TestCaseEventsHandler.RaiseTestCaseEnd: Invoking callback 1/1 for Microsoft.VisualStudio.TestPlatform.CrossPlatEngine.DataCollection.ProxyOutOfProcDataCollectionManager., took 1 ms.
TpTrace Verbose: 0 : 23012, 4, 2025/02/16, 22:41:04.073, 2356431149241, testhost.x86.dll, TestExecutionRecorder.RecordResult: Received result for test: Unit_tests.UnitTest1.TestNegativeFuelVolume.
TpTrace Verbose: 0 : 23012, 4, 2025/02/16, 22:41:04.073, 2356431150864, testhost.x86.dll, MulticastDelegateUtilities.SafeInvoke: TestCaseEventsHandler.RaiseTestCaseEnd: Invoking callback 1/1 for Microsoft.VisualStudio.TestPlatform.CrossPlatEngine.DataCollection.ProxyOutOfProcDataCollectionManager., took 0 ms.
TpTrace Warning: 0 : 23012, 4, 2025/02/16, 22:41:04.073, 2356431151472, testhost.x86.dll, TestRunCache: InProgressTests is null
TpTrace Warning: 0 : 23012, 4, 2025/02/16, 22:41:04.073, 2356431151808, testhost.x86.dll, TestRunCache: No test found corresponding to testResult 'TestNegativeFuelVolume' in inProgress list.
TpTrace Verbose: 0 : 23012, 4, 2025/02/16, 22:41:04.073, 2356431152619, testhost.x86.dll, TestExecutionRecorder.RecordStart: Starting test: Unit_tests.UnitTest1.TestVoidConstructor.
TpTrace Verbose: 0 : 23012, 4, 2025/02/16, 22:41:04.074, 2356431161050, testhost.x86.dll, MulticastDelegateUtilities.SafeInvoke: TestCaseEventsHandler.RaiseTestCaseStart: Invoking callback 1/1 for Microsoft.VisualStudio.TestPlatform.CrossPlatEngine.DataCollection.ProxyOutOfProcDataCollectionManager., took 0 ms.
TpTrace Information: 0 : 23012, 4, 2025/02/16, 22:41:04.074, 2356431161561, testhost.x86.dll, MSTest - Executing test TestVoidConstructor
TpTrace Information: 0 : 23012, 4, 2025/02/16, 22:41:04.076, 2356431181196, testhost.x86.dll, MSTest - Executed test TestVoidConstructor
TpTrace Verbose: 0 : 23012, 4, 2025/02/16, 22:41:04.076, 2356431181812, testhost.x86.dll, TestExecutionRecorder.RecordEnd: test: Unit_tests.UnitTest1.TestVoidConstructor execution completed.
TpTrace Verbose: 0 : 23012, 4, 2025/02/16, 22:41:04.077, 2356431192338, testhost.x86.dll, MulticastDelegateUtilities.SafeInvoke: TestCaseEventsHandler.RaiseTestCaseEnd: Invoking callback 1/1 for Microsoft.VisualStudio.TestPlatform.CrossPlatEngine.DataCollection.ProxyOutOfProcDataCollectionManager., took 1 ms.
TpTrace Verbose: 0 : 23012, 4, 2025/02/16, 22:41:04.077, 2356431192858, testhost.x86.dll, TestExecutionRecorder.RecordResult: Received result for test: Unit_tests.UnitTest1.TestVoidConstructor.
TpTrace Verbose: 0 : 23012, 4, 2025/02/16, 22:41:04.077, 2356431193270, testhost.x86.dll, MulticastDelegateUtilities.SafeInvoke: TestCaseEventsHandler.RaiseTestCaseEnd: Invoking callback 1/1 for Microsoft.VisualStudio.TestPlatform.CrossPlatEngine.DataCollection.ProxyOutOfProcDataCollectionManager., took 0 ms.
TpTrace Warning: 0 : 23012, 4, 2025/02/16, 22:41:04.077, 2356431193612, testhost.x86.dll, TestRunCache: InProgressTests is null
TpTrace Warning: 0 : 23012, 4, 2025/02/16, 22:41:04.077, 2356431193916, testhost.x86.dll, TestRunCache: No test found corresponding to testResult 'TestVoidConstructor' in inProgress list.
TpTrace Verbose: 0 : 23012, 4, 2025/02/16, 22:41:04.077, 2356431194467, testhost.x86.dll, TestExecutionRecorder.RecordStart: Starting test: Unit_tests.UnitTest1.TestConstructor.
TpTrace Verbose: 0 : 23012, 4, 2025/02/16, 22:41:04.078, 2356431203879, testhost.x86.dll, MulticastDelegateUtilities.SafeInvoke: TestCaseEventsHandler.RaiseTestCaseStart: Invoking callback 1/1 for Microsoft.VisualStudio.TestPlatform.CrossPlatEngine.DataCollection.ProxyOutOfProcDataCollectionManager., took 0 ms.
TpTrace Information: 0 : 23012, 4, 2025/02/16, 22:41:04.078, 2356431204955, testhost.x86.dll, MSTest - Executing test TestConstructor
TpTrace Information: 0 : 23012, 4, 2025/02/16, 22:41:04.078, 2356431207228, testhost.x86.dll, MSTest - Executed test TestConstructor
TpTrace Verbose: 0 : 23012, 4, 2025/02/16, 22:41:04.079, 2356431207794, testhost.x86.dll, TestExecutionRecorder.RecordEnd: test: Unit_tests.UnitTest1.TestConstructor execution completed.
TpTrace Verbose: 0 : 23012, 4, 2025/02/16, 22:41:04.079, 2356431216233, testhost.x86.dll, MulticastDelegateUtilities.SafeInvoke: TestCaseEventsHandler.RaiseTestCaseEnd: Invoking callback 1/1 for Microsoft.VisualStudio.TestPlatform.CrossPlatEngine.DataCollection.ProxyOutOfProcDataCollectionManager., took 0 ms.
TpTrace Verbose: 0 : 23012, 4, 2025/02/16, 22:41:04.079, 2356431216814, testhost.x86.dll, TestExecutionRecorder.RecordResult: Received result for test: Unit_tests.UnitTest1.TestConstructor.
TpTrace Verbose: 0 : 23012, 4, 2025/02/16, 22:41:04.079, 2356431217216, testhost.x86.dll, MulticastDelegateUtilities.SafeInvoke: TestCaseEventsHandler.RaiseTestCaseEnd: Invoking callback 1/1 for Microsoft.VisualStudio.TestPlatform.CrossPlatEngine.DataCollection.ProxyOutOfProcDataCollectionManager., took 0 ms.
TpTrace Warning: 0 : 23012, 4, 2025/02/16, 22:41:04.080, 2356431217563, testhost.x86.dll, TestRunCache: InProgressTests is null
TpTrace Warning: 0 : 23012, 4, 2025/02/16, 22:41:04.080, 2356431217862, testhost.x86.dll, TestRunCache: No test found corresponding to testResult 'TestConstructor' in inProgress list.
TpTrace Verbose: 0 : 23012, 4, 2025/02/16, 22:41:04.080, 2356431218413, testhost.x86.dll, TestExecutionRecorder.RecordStart: Starting test: Unit_tests.UnitTest1.TestCopyConstructor.
TpTrace Verbose: 0 : 23012, 4, 2025/02/16, 22:41:04.080, 2356431226207, testhost.x86.dll, MulticastDelegateUtilities.SafeInvoke: TestCaseEventsHandler.RaiseTestCaseStart: Invoking callback 1/1 for Microsoft.VisualStudio.TestPlatform.CrossPlatEngine.DataCollection.ProxyOutOfProcDataCollectionManager., took 0 ms.
TpTrace Information: 0 : 23012, 4, 2025/02/16, 22:41:04.080, 2356431226711, testhost.x86.dll, MSTest - Executing test TestCopyConstructor
TpTrace Information: 0 : 23012, 4, 2025/02/16, 22:41:04.081, 2356431232450, testhost.x86.dll, MSTest - Executed test TestCopyConstructor
TpTrace Verbose: 0 : 23012, 4, 2025/02/16, 22:41:04.081, 2356431233044, testhost.x86.dll, TestExecutionRecorder.RecordEnd: test: Unit_tests.UnitTest1.TestCopyConstructor execution completed.
TpTrace Verbose: 0 : 23012, 4, 2025/02/16, 22:41:04.082, 2356431241088, testhost.x86.dll, MulticastDelegateUtilities.SafeInvoke: TestCaseEventsHandler.RaiseTestCaseEnd: Invoking callback 1/1 for Microsoft.VisualStudio.TestPlatform.CrossPlatEngine.DataCollection.ProxyOutOfProcDataCollectionManager., took 0 ms.
TpTrace Verbose: 0 : 23012, 4, 2025/02/16, 22:41:04.082, 2356431241594, testhost.x86.dll, TestExecutionRecorder.RecordResult: Received result for test: Unit_tests.UnitTest1.TestCopyConstructor.
TpTrace Verbose: 0 : 23012, 4, 2025/02/16, 22:41:04.082, 2356431242007, testhost.x86.dll, MulticastDelegateUtilities.SafeInvoke: TestCaseEventsHandler.RaiseTestCaseEnd: Invoking callback 1/1 for Microsoft.VisualStudio.TestPlatform.CrossPlatEngine.DataCollection.ProxyOutOfProcDataCollectionManager., took 0 ms.
TpTrace Warning: 0 : 23012, 4, 2025/02/16, 22:41:04.082, 2356431242350, testhost.x86.dll, TestRunCache: InProgressTests is null
TpTrace Warning: 0 : 23012, 4, 2025/02/16, 22:41:04.082, 2356431242641, testhost.x86.dll, TestRunCache: No test found corresponding to testResult 'TestCopyConstructor' in inProgress list.
TpTrace Verbose: 0 : 23012, 4, 2025/02/16, 22:41:04.082, 2356431243135, testhost.x86.dll, TestExecutionRecorder.RecordStart: Starting test: Unit_tests.UnitTest1.TestCopyConstructorWithNull.
TpTrace Verbose: 0 : 23012, 4, 2025/02/16, 22:41:04.083, 2356431250648, testhost.x86.dll, MulticastDelegateUtilities.SafeInvoke: TestCaseEventsHandler.RaiseTestCaseStart: Invoking callback 1/1 for Microsoft.VisualStudio.TestPlatform.CrossPlatEngine.DataCollection.ProxyOutOfProcDataCollectionManager., took 0 ms.
TpTrace Information: 0 : 23012, 4, 2025/02/16, 22:41:04.083, 2356431251473, testhost.x86.dll, MSTest - Executing test TestCopyConstructorWithNull
TpTrace Information: 0 : 23012, 4, 2025/02/16, 22:41:04.084, 2356431258341, testhost.x86.dll, AssemblyResolver.OnResolve: Microsoft.VisualStudio.TestPlatform.TestFramework.resources: Resolving assembly.
TpTrace Information: 0 : 23012, 4, 2025/02/16, 22:41:04.084, 2356431258972, testhost.x86.dll, AssemblyResolver.OnResolve: Microsoft.VisualStudio.TestPlatform.TestFramework.resources: Searching in: 'C:\Users\vikal\source\repos\Unit tests\bin\Debug\net8.0\fine-code-coverage\build-output'.
TpTrace Information: 0 : 23012, 4, 2025/02/16, 22:41:04.084, 2356431259620, testhost.x86.dll, AssemblyResolver.OnResolve: Microsoft.VisualStudio.TestPlatform.TestFramework.resources: Assembly path does not exist: 'C:\Users\vikal\source\repos\Unit tests\bin\Debug\net8.0\fine-code-coverage\build-output\Microsoft.VisualStudio.TestPlatform.TestFramework.resources.dll', returning.
TpTrace Information: 0 : 23012, 4, 2025/02/16, 22:41:04.084, 2356431260209, testhost.x86.dll, AssemblyResolver.OnResolve: Microsoft.VisualStudio.TestPlatform.TestFramework.resources: Assembly path does not exist: 'C:\Users\vikal\source\repos\Unit tests\bin\Debug\net8.0\fine-code-coverage\build-output\Microsoft.VisualStudio.TestPlatform.TestFramework.resources.exe', returning.
TpTrace Information: 0 : 23012, 4, 2025/02/16, 22:41:04.084, 2356431260567, testhost.x86.dll, AssemblyResolver.OnResolve: Microsoft.VisualStudio.TestPlatform.TestFramework.resources: Failed to load assembly.
TpTrace Information: 0 : 23012, 4, 2025/02/16, 22:41:04.100, 2356431420485, testhost.x86.dll, MSTest - Executed test TestCopyConstructorWithNull
TpTrace Verbose: 0 : 23012, 4, 2025/02/16, 22:41:04.100, 2356431421629, testhost.x86.dll, TestExecutionRecorder.RecordEnd: test: Unit_tests.UnitTest1.TestCopyConstructorWithNull execution completed.
TpTrace Verbose: 0 : 23012, 4, 2025/02/16, 22:41:04.101, 2356431437045, testhost.x86.dll, MulticastDelegateUtilities.SafeInvoke: TestCaseEventsHandler.RaiseTestCaseEnd: Invoking callback 1/1 for Microsoft.VisualStudio.TestPlatform.CrossPlatEngine.DataCollection.ProxyOutOfProcDataCollectionManager., took 1 ms.
TpTrace Information: 0 : 23012, 4, 2025/02/16, 22:41:04.102, 2356431437861, testhost.x86.dll, MSTest - MSTestExecutor:Test Unit_tests.UnitTest1.TestCopyConstructorWithNull failed. ErrorMessage:Метод теста создал исключение "System.NullReferenceException", а ожидалось исключение "System.ArgumentNullException". Сообщение исключения: "System.NullReferenceException: Object reference not set to an instance of an object."., ErrorStackTrace:   at Лаб_раб_9.Car..ctor(Car other) in C:\Users\vikal\source\repos\Лаб-раб-9\Car.cs:line 74
   at Unit_tests.UnitTest1.TestCopyConstructorWithNull() in C:\Users\vikal\source\repos\Unit tests\UnitTest1.cs:line 64
   at System.RuntimeMethodHandle.InvokeMethod(Object target, Void** arguments, Signature sig, Boolean isConstructor)
   at System.Reflection.MethodBaseInvoker.InterpretedInvoke_Method(Object obj, IntPtr* args)
   at System.Reflection.MethodBaseInvoker.InvokeWithNoArgs(Object obj, BindingFlags invokeAttr)
.
TpTrace Verbose: 0 : 23012, 4, 2025/02/16, 22:41:04.102, 2356431438281, testhost.x86.dll, TestExecutionRecorder.RecordResult: Received result for test: Unit_tests.UnitTest1.TestCopyConstructorWithNull.
TpTrace Verbose: 0 : 23012, 4, 2025/02/16, 22:41:04.102, 2356431438705, testhost.x86.dll, MulticastDelegateUtilities.SafeInvoke: TestCaseEventsHandler.RaiseTestCaseEnd: Invoking callback 1/1 for Microsoft.VisualStudio.TestPlatform.CrossPlatEngine.DataCollection.ProxyOutOfProcDataCollectionManager., took 0 ms.
TpTrace Warning: 0 : 23012, 4, 2025/02/16, 22:41:04.102, 2356431439590, testhost.x86.dll, TestRunCache: InProgressTests is null
TpTrace Warning: 0 : 23012, 4, 2025/02/16, 22:41:04.102, 2356431439968, testhost.x86.dll, TestRunCache: No test found corresponding to testResult 'TestCopyConstructorWithNull' in inProgress list.
TpTrace Verbose: 0 : 23012, 4, 2025/02/16, 22:41:04.102, 2356431440710, testhost.x86.dll, TestExecutionRecorder.RecordStart: Starting test: Unit_tests.UnitTest1.TestCalculateRange.
TpTrace Verbose: 0 : 23012, 4, 2025/02/16, 22:41:04.103, 2356431450157, testhost.x86.dll, MulticastDelegateUtilities.SafeInvoke: TestCaseEventsHandler.RaiseTestCaseStart: Invoking callback 1/1 for Microsoft.VisualStudio.TestPlatform.CrossPlatEngine.DataCollection.ProxyOutOfProcDataCollectionManager., took 0 ms.
TpTrace Information: 0 : 23012, 4, 2025/02/16, 22:41:04.103, 2356431450700, testhost.x86.dll, MSTest - Executing test TestCalculateRange
TpTrace Information: 0 : 23012, 4, 2025/02/16, 22:41:04.104, 2356431457736, testhost.x86.dll, MSTest - Executed test TestCalculateRange
TpTrace Verbose: 0 : 23012, 4, 2025/02/16, 22:41:04.104, 2356431458661, testhost.x86.dll, TestExecutionRecorder.RecordEnd: test: Unit_tests.UnitTest1.TestCalculateRange execution completed.
TpTrace Verbose: 0 : 23012, 4, 2025/02/16, 22:41:04.105, 2356431470914, testhost.x86.dll, MulticastDelegateUtilities.SafeInvoke: TestCaseEventsHandler.RaiseTestCaseEnd: Invoking callback 1/1 for Microsoft.VisualStudio.TestPlatform.CrossPlatEngine.DataCollection.ProxyOutOfProcDataCollectionManager., took 1 ms.
TpTrace Verbose: 0 : 23012, 4, 2025/02/16, 22:41:04.105, 2356431471534, testhost.x86.dll, TestExecutionRecorder.RecordResult: Received result for test: Unit_tests.UnitTest1.TestCalculateRange.
TpTrace Verbose: 0 : 23012, 4, 2025/02/16, 22:41:04.105, 2356431471964, testhost.x86.dll, MulticastDelegateUtilities.SafeInvoke: TestCaseEventsHandler.RaiseTestCaseEnd: Invoking callback 1/1 for Microsoft.VisualStudio.TestPlatform.CrossPlatEngine.DataCollection.ProxyOutOfProcDataCollectionManager., took 0 ms.
TpTrace Warning: 0 : 23012, 4, 2025/02/16, 22:41:04.105, 2356431472327, testhost.x86.dll, TestRunCache: InProgressTests is null
TpTrace Warning: 0 : 23012, 4, 2025/02/16, 22:41:04.105, 2356431472637, testhost.x86.dll, TestRunCache: No test found corresponding to testResult 'TestCalculateRange' in inProgress list.
TpTrace Verbose: 0 : 23012, 4, 2025/02/16, 22:41:04.105, 2356431473245, testhost.x86.dll, TestExecutionRecorder.RecordStart: Starting test: Unit_tests.UnitTest1.TestStCalculateRange.
TpTrace Verbose: 0 : 23012, 4, 2025/02/16, 22:41:04.106, 2356431483518, testhost.x86.dll, MulticastDelegateUtilities.SafeInvoke: TestCaseEventsHandler.RaiseTestCaseStart: Invoking callback 1/1 for Microsoft.VisualStudio.TestPlatform.CrossPlatEngine.DataCollection.ProxyOutOfProcDataCollectionManager., took 0 ms.
TpTrace Information: 0 : 23012, 4, 2025/02/16, 22:41:04.106, 2356431484183, testhost.x86.dll, MSTest - Executing test TestStCalculateRange
TpTrace Information: 0 : 23012, 4, 2025/02/16, 22:41:04.107, 2356431488315, testhost.x86.dll, MSTest - Executed test TestStCalculateRange
TpTrace Verbose: 0 : 23012, 4, 2025/02/16, 22:41:04.107, 2356431489075, testhost.x86.dll, TestExecutionRecorder.RecordEnd: test: Unit_tests.UnitTest1.TestStCalculateRange execution completed.
TpTrace Verbose: 0 : 23012, 4, 2025/02/16, 22:41:04.108, 2356431499258, testhost.x86.dll, MulticastDelegateUtilities.SafeInvoke: TestCaseEventsHandler.RaiseTestCaseEnd: Invoking callback 1/1 for Microsoft.VisualStudio.TestPlatform.CrossPlatEngine.DataCollection.ProxyOutOfProcDataCollectionManager., took 0 ms.
TpTrace Verbose: 0 : 23012, 4, 2025/02/16, 22:41:04.108, 2356431499882, testhost.x86.dll, TestExecutionRecorder.RecordResult: Received result for test: Unit_tests.UnitTest1.TestStCalculateRange.
TpTrace Verbose: 0 : 23012, 4, 2025/02/16, 22:41:04.108, 2356431500248, testhost.x86.dll, MulticastDelegateUtilities.SafeInvoke: TestCaseEventsHandler.RaiseTestCaseEnd: Invoking callback 1/1 for Microsoft.VisualStudio.TestPlatform.CrossPlatEngine.DataCollection.ProxyOutOfProcDataCollectionManager., took 0 ms.
TpTrace Warning: 0 : 23012, 4, 2025/02/16, 22:41:04.108, 2356431501008, testhost.x86.dll, TestRunCache: InProgressTests is null
TpTrace Warning: 0 : 23012, 4, 2025/02/16, 22:41:04.108, 2356431501367, testhost.x86.dll, TestRunCache: No test found corresponding to testResult 'TestStCalculateRange' in inProgress list.
TpTrace Verbose: 0 : 23012, 4, 2025/02/16, 22:41:04.108, 2356431501963, testhost.x86.dll, TestExecutionRecorder.RecordStart: Starting test: Unit_tests.UnitTest1.TestIncrementOperator.
TpTrace Verbose: 0 : 23012, 4, 2025/02/16, 22:41:04.109, 2356431510179, testhost.x86.dll, MulticastDelegateUtilities.SafeInvoke: TestCaseEventsHandler.RaiseTestCaseStart: Invoking callback 1/1 for Microsoft.VisualStudio.TestPlatform.CrossPlatEngine.DataCollection.ProxyOutOfProcDataCollectionManager., took 0 ms.
TpTrace Information: 0 : 23012, 4, 2025/02/16, 22:41:04.109, 2356431510675, testhost.x86.dll, MSTest - Executing test TestIncrementOperator
TpTrace Information: 0 : 23012, 4, 2025/02/16, 22:41:04.109, 2356431513793, testhost.x86.dll, MSTest - Executed test TestIncrementOperator
TpTrace Verbose: 0 : 23012, 4, 2025/02/16, 22:41:04.109, 2356431514417, testhost.x86.dll, TestExecutionRecorder.RecordEnd: test: Unit_tests.UnitTest1.TestIncrementOperator execution completed.
TpTrace Verbose: 0 : 23012, 4, 2025/02/16, 22:41:04.110, 2356431522623, testhost.x86.dll, MulticastDelegateUtilities.SafeInvoke: TestCaseEventsHandler.RaiseTestCaseEnd: Invoking callback 1/1 for Microsoft.VisualStudio.TestPlatform.CrossPlatEngine.DataCollection.ProxyOutOfProcDataCollectionManager., took 0 ms.
TpTrace Verbose: 0 : 23012, 4, 2025/02/16, 22:41:04.110, 2356431523117, testhost.x86.dll, TestExecutionRecorder.RecordResult: Received result for test: Unit_tests.UnitTest1.TestIncrementOperator.
TpTrace Verbose: 0 : 23012, 4, 2025/02/16, 22:41:04.110, 2356431523482, testhost.x86.dll, MulticastDelegateUtilities.SafeInvoke: TestCaseEventsHandler.RaiseTestCaseEnd: Invoking callback 1/1 for Microsoft.VisualStudio.TestPlatform.CrossPlatEngine.DataCollection.ProxyOutOfProcDataCollectionManager., took 0 ms.
TpTrace Warning: 0 : 23012, 4, 2025/02/16, 22:41:04.110, 2356431523820, testhost.x86.dll, TestRunCache: InProgressTests is null
TpTrace Warning: 0 : 23012, 4, 2025/02/16, 22:41:04.110, 2356431524109, testhost.x86.dll, TestRunCache: No test found corresponding to testResult 'TestIncrementOperator' in inProgress list.
TpTrace Verbose: 0 : 23012, 4, 2025/02/16, 22:41:04.110, 2356431524650, testhost.x86.dll, TestExecutionRecorder.RecordStart: Starting test: Unit_tests.UnitTest1.TestDecrementOperator.
TpTrace Information: 0 : 23012, 4, 2025/02/16, 22:41:04.112, 2356431545445, testhost.x86.dll, Sending test run statistics
TpTrace Verbose: 0 : 23012, 4, 2025/02/16, 22:41:04.131, 2356431732755, testhost.x86.dll, TestRequestHandler.SendData: sending data from testhost: {"Version":7,"MessageType":"TestExecution.StatsChange","Payload":{"NewTestResults":[{"TestCase":{"Id":"9ccda4b2-0c65-9c5a-f56e-4038547d6c86","FullyQualifiedName":"Unit_tests.UnitTest1.TestNegativeFuelFlow","DisplayName":"TestNegativeFuelFlow","ExecutorUri":"executor://MSTestAdapter/v2","Source":"C:\\Users\\vikal\\source\\repos\\Unit tests\\bin\\Debug\\net8.0\\fine-code-coverage\\build-output\\Unit tests.dll","CodeFilePath":null,"LineNumber":-1,"Properties":[{"Key":{"Id":"TestCase.ManagedMethod","Label":"ManagedMethod","Category":"","Description":"","Attributes":1,"ValueType":"System.String"},"Value":"TestNegativeFuelFlow"},{"Key":{"Id":"MSTestDiscoverer.TestClassName","Label":"ClassName","Category":"","Description":"","Attributes":1,"ValueType":"System.String"},"Value":"Unit_tests.UnitTest1"},{"Key":{"Id":"TestCase.Hierarchy","Label":"Hierarchy","Category":"","Description":"","Attributes":2,"ValueType":"System.String[]"},"Value":[null,"Unit_tests","UnitTest1","TestNegativeFuelFlow"]},{"Key":{"Id":"MSTest.TestIdGenerationStrategy","Label":"TestIdGenerationStrategy","Category":"","Description":"","Attributes":1,"ValueType":"System.Int32"},"Value":2},{"Key":{"Id":"TestObject.Traits","Label":"Признаки","Category":"","Description":"","Attributes":5,"ValueType":"System.Collections.Generic.KeyValuePair`2[[System.String],[System.String]][]"},"Value":[]},{"Key":{"Id":"TestCase.ManagedType","Label":"ManagedType","Category":"","Description":"","Attributes":1,"ValueType":"System.String"},"Value":"Unit_tests.UnitTest1"}]},"Attachments":[],"Outcome":1,"ErrorMessage":null,"ErrorStackTrace":null,"DisplayName":"TestNegativeFuelFlow","Messages":[],"ComputerName":"LVK7667","Duration":"00:00:00.0050095","StartTime":"2025-02-16T22:41:04.0343282+05:00","EndTime":"2025-02-16T22:41:04.0534266+05:00","Properties":[{"Key":{"Id":"ExecutionId","Label":"ExecutionId","Category":"","Description":"","Attributes":1,"ValueType":"System.Guid"},"Value":"00000000-0000-0000-0000-000000000000"},{"Key":{"Id":"ParentExecId","Label":"ParentExecId","Category":"","Description":"","Attributes":1,"ValueType":"System.Guid"},"Value":"00000000-0000-0000-0000-000000000000"},{"Key":{"Id":"InnerResultsCount","Label":"InnerResultsCount","Category":"","Description":"","Attributes":1,"ValueType":"System.Int32"},"Value":0}]},{"TestCase":{"Id":"cc51f29e-dd25-9fec-5d30-b1af29ffed63","FullyQualifiedName":"Unit_tests.UnitTest1.TestNegativeFuelVolume","DisplayName":"TestNegativeFuelVolume","ExecutorUri":"executor://MSTestAdapter/v2","Source":"C:\\Users\\vikal\\source\\repos\\Unit tests\\bin\\Debug\\net8.0\\fine-code-coverage\\build-output\\Unit tests.dll","CodeFilePath":null,"LineNumber":-1,"Properties":[{"Key":{"Id":"TestCase.ManagedMethod","Label":"ManagedMethod","Category":"","Description":"","Attributes":1,"ValueType":"System.String"},"Value":"TestNegativeFuelVolume"},{"Key":{"Id":"MSTestDiscoverer.TestClassName","Label":"ClassName","Category":"","Description":"","Attributes":1,"ValueType":"System.String"},"Value":"Unit_tests.UnitTest1"},{"Key":{"Id":"TestCase.Hierarchy","Label":"Hierarchy","Category":"","Description":"","Attributes":2,"ValueType":"System.String[]"},"Value":[null,"Unit_tests","UnitTest1","TestNegativeFuelVolume"]},{"Key":{"Id":"MSTest.TestIdGenerationStrategy","Label":"TestIdGenerationStrategy","Category":"","Description":"","Attributes":1,"ValueType":"System.Int32"},"Value":2},{"Key":{"Id":"TestObject.Traits","Label":"Признаки","Category":"","Description":"","Attributes":5,"ValueType":"System.Collections.Generic.KeyValuePair`2[[System.String],[System.String]][]"},"Value":[]},{"Key":{"Id":"TestCase.ManagedType","Label":"ManagedType","Category":"","Description":"","Attributes":1,"ValueType":"System.String"},"Value":"Unit_tests.UnitTest1"}]},"Attachments":[],"Outcome":1,"ErrorMessage":null,"ErrorStackTrace":null,"DisplayName":"TestNegativeFuelVolume","Messages":[],"ComputerName":"LVK7667","Duration":"00:00:00.0002795","StartTime":"2025-02-16T22:41:04.0712052+05:00","EndTime":"2025-02-16T22:41:04.0718017+05:00","Properties":[{"Key":{"Id":"ExecutionId","Label":"ExecutionId","Category":"","Description":"","Attributes":1,"ValueType":"System.Guid"},"Value":"00000000-0000-0000-0000-000000000000"},{"Key":{"Id":"ParentExecId","Label":"ParentExecId","Category":"","Description":"","Attributes":1,"ValueType":"System.Guid"},"Value":"00000000-0000-0000-0000-000000000000"},{"Key":{"Id":"InnerResultsCount","Label":"InnerResultsCount","Category":"","Description":"","Attributes":1,"ValueType":"System.Int32"},"Value":0}]},{"TestCase":{"Id":"43f4c6c8-4059-aa24-741b-b7a2734bbdb1","FullyQualifiedName":"Unit_tests.UnitTest1.TestVoidConstructor","DisplayName":"TestVoidConstructor","ExecutorUri":"executor://MSTestAdapter/v2","Source":"C:\\Users\\vikal\\source\\repos\\Unit tests\\bin\\Debug\\net8.0\\fine-code-coverage\\build-output\\Unit tests.dll","CodeFilePath":null,"LineNumber":-1,"Properties":[{"Key":{"Id":"TestCase.ManagedMethod","Label":"ManagedMethod","Category":"","Description":"","Attributes":1,"ValueType":"System.String"},"Value":"TestVoidConstructor"},{"Key":{"Id":"MSTestDiscoverer.TestClassName","Label":"ClassName","Category":"","Description":"","Attributes":1,"ValueType":"System.String"},"Value":"Unit_tests.UnitTest1"},{"Key":{"Id":"TestCase.Hierarchy","Label":"Hierarchy","Category":"","Description":"","Attributes":2,"ValueType":"System.String[]"},"Value":[null,"Unit_tests","UnitTest1","TestVoidConstructor"]},{"Key":{"Id":"MSTest.TestIdGenerationStrategy","Label":"TestIdGenerationStrategy","Category":"","Description":"","Attributes":1,"ValueType":"System.Int32"},"Value":2},{"Key":{"Id":"TestObject.Traits","Label":"Признаки","Category":"","Description":"","Attributes":5,"ValueType":"System.Collections.Generic.KeyValuePair`2[[System.String],[System.String]][]"},"Value":[]},{"Key":{"Id":"TestCase.ManagedType","Label":"ManagedType","Category":"","Description":"","Attributes":1,"ValueType":"System.String"},"Value":"Unit_tests.UnitTest1"}]},"Attachments":[],"Outcome":1,"ErrorMessage":null,"ErrorStackTrace":null,"DisplayName":"TestVoidConstructor","Messages":[],"ComputerName":"LVK7667","Duration":"00:00:00.0018574","StartTime":"2025-02-16T22:41:04.0744187+05:00","EndTime":"2025-02-16T22:41:04.0764377+05:00","Properties":[{"Key":{"Id":"ExecutionId","Label":"ExecutionId","Category":"","Description":"","Attributes":1,"ValueType":"System.Guid"},"Value":"00000000-0000-0000-0000-000000000000"},{"Key":{"Id":"ParentExecId","Label":"ParentExecId","Category":"","Description":"","Attributes":1,"ValueType":"System.Guid"},"Value":"00000000-0000-0000-0000-000000000000"},{"Key":{"Id":"InnerResultsCount","Label":"InnerResultsCount","Category":"","Description":"","Attributes":1,"ValueType":"System.Int32"},"Value":0}]},{"TestCase":{"Id":"0f6f53f5-bdef-13cc-a69b-7c0712153ea0","FullyQualifiedName":"Unit_tests.UnitTest1.TestConstructor","DisplayName":"TestConstructor","ExecutorUri":"executor://MSTestAdapter/v2","Source":"C:\\Users\\vikal\\source\\repos\\Unit tests\\bin\\Debug\\net8.0\\fine-code-coverage\\build-output\\Unit tests.dll","CodeFilePath":null,"LineNumber":-1,"Properties":[{"Key":{"Id":"TestCase.ManagedMethod","Label":"ManagedMethod","Category":"","Description":"","Attributes":1,"ValueType":"System.String"},"Value":"TestConstructor"},{"Key":{"Id":"MSTestDiscoverer.TestClassName","Label":"ClassName","Category":"","Description":"","Attributes":1,"ValueType":"System.String"},"Value":"Unit_tests.UnitTest1"},{"Key":{"Id":"TestCase.Hierarchy","Label":"Hierarchy","Category":"","Description":"","Attributes":2,"ValueType":"System.String[]"},"Value":[null,"Unit_tests","UnitTest1","TestConstructor"]},{"Key":{"Id":"MSTest.TestIdGenerationStrategy","Label":"TestIdGenerationStrategy","Category":"","Description":"","Attributes":1,"ValueType":"System.Int32"},"Value":2},{"Key":{"Id":"TestObject.Traits","Label":"Признаки","Category":"","Description":"","Attributes":5,"ValueType":"System.Collections.Generic.KeyValuePair`2[[System.String],[System.String]][]"},"Value":[]},{"Key":{"Id":"TestCase.ManagedType","Label":"ManagedType","Category":"","Description":"","Attributes":1,"ValueType":"System.String"},"Value":"Unit_tests.UnitTest1"}]},"Attachments":[],"Outcome":1,"ErrorMessage":null,"ErrorStackTrace":null,"DisplayName":"TestConstructor","Messages":[],"ComputerName":"LVK7667","Duration":"00:00:00.0001144","StartTime":"2025-02-16T22:41:04.0787574+05:00","EndTime":"2025-02-16T22:41:04.0790366+05:00","Properties":[{"Key":{"Id":"ExecutionId","Label":"ExecutionId","Category":"","Description":"","Attributes":1,"ValueType":"System.Guid"},"Value":"00000000-0000-0000-0000-000000000000"},{"Key":{"Id":"ParentExecId","Label":"ParentExecId","Category":"","Description":"","Attributes":1,"ValueType":"System.Guid"},"Value":"00000000-0000-0000-0000-000000000000"},{"Key":{"Id":"InnerResultsCount","Label":"InnerResultsCount","Category":"","Description":"","Attributes":1,"ValueType":"System.Int32"},"Value":0}]},{"TestCase":{"Id":"939edaa8-3ddb-314d-d516-bb43cadc7db0","FullyQualifiedName":"Unit_tests.UnitTest1.TestCopyConstructor","DisplayName":"TestCopyConstructor","ExecutorUri":"executor://MSTestAdapter/v2","Source":"C:\\Users\\vikal\\source\\repos\\Unit tests\\bin\\Debug\\net8.0\\fine-code-coverage\\build-output\\Unit tests.dll","CodeFilePath":null,"LineNumber":-1,"Properties":[{"Key":{"Id":"TestCase.ManagedMethod","Label":"ManagedMethod","Category":"","Description":"","Attributes":1,"ValueType":"System.String"},"Value":"TestCopyConstructor"},{"Key":{"Id":"MSTestDiscoverer.TestClassName","Label":"ClassName","Category":"","Description":"","Attributes":1,"ValueType":"System.String"},"Value":"Unit_tests.UnitTest1"},{"Key":{"Id":"TestCase.Hierarchy","Label":"Hierarchy","Category":"","Description":"","Attributes":2,"ValueType":"System.String[]"},"Value":[null,"Unit_tests","UnitTest1","TestCopyConstructor"]},{"Key":{"Id":"MSTest.TestIdGenerationStrategy","Label":"TestIdGenerationStrategy","Category":"","Description":"","Attributes":1,"ValueType":"System.Int32"},"Value":2},{"Key":{"Id":"TestObject.Traits","Label":"Признаки","Category":"","Description":"","Attributes":5,"ValueType":"System.Collections.Generic.KeyValuePair`2[[System.String],[System.String]][]"},"Value":[]},{"Key":{"Id":"TestCase.ManagedType","Label":"ManagedType","Category":"","Description":"","Attributes":1,"ValueType":"System.String"},"Value":"Unit_tests.UnitTest1"}]},"Attachments":[],"Outcome":1,"ErrorMessage":null,"ErrorStackTrace":null,"DisplayName":"TestCopyConstructor","Messages":[],"ComputerName":"LVK7667","Duration":"00:00:00.0004661","StartTime":"2025-02-16T22:41:04.0809339+05:00","EndTime":"2025-02-16T22:41:04.0815623+05:00","Properties":[{"Key":{"Id":"ExecutionId","Label":"ExecutionId","Category":"","Description":"","Attributes":1,"ValueType":"System.Guid"},"Value":"00000000-0000-0000-0000-000000000000"},{"Key":{"Id":"ParentExecId","Label":"ParentExecId","Category":"","Description":"","Attributes":1,"ValueType":"System.Guid"},"Value":"00000000-0000-0000-0000-000000000000"},{"Key":{"Id":"InnerResultsCount","Label":"InnerResultsCount","Category":"","Description":"","Attributes":1,"ValueType":"System.Int32"},"Value":0}]},{"TestCase":{"Id":"c209977b-0d01-8413-f30f-8b3965d37e36","FullyQualifiedName":"Unit_tests.UnitTest1.TestCopyConstructorWithNull","DisplayName":"TestCopyConstructorWithNull","ExecutorUri":"executor://MSTestAdapter/v2","Source":"C:\\Users\\vikal\\source\\repos\\Unit tests\\bin\\Debug\\net8.0\\fine-code-coverage\\build-output\\Unit tests.dll","CodeFilePath":null,"LineNumber":-1,"Properties":[{"Key":{"Id":"TestCase.ManagedMethod","Label":"ManagedMethod","Category":"","Description":"","Attributes":1,"ValueType":"System.String"},"Value":"TestCopyConstructorWithNull"},{"Key":{"Id":"MSTestDiscoverer.TestClassName","Label":"ClassName","Category":"","Description":"","Attributes":1,"ValueType":"System.String"},"Value":"Unit_tests.UnitTest1"},{"Key":{"Id":"TestCase.Hierarchy","Label":"Hierarchy","Category":"","Description":"","Attributes":2,"ValueType":"System.String[]"},"Value":[null,"Unit_tests","UnitTest1","TestCopyConstructorWithNull"]},{"Key":{"Id":"MSTest.TestIdGenerationStrategy","Label":"TestIdGenerationStrategy","Category":"","Description":"","Attributes":1,"ValueType":"System.Int32"},"Value":2},{"Key":{"Id":"TestObject.Traits","Label":"Признаки","Category":"","Description":"","Attributes":5,"ValueType":"System.Collections.Generic.KeyValuePair`2[[System.String],[System.String]][]"},"Value":[]},{"Key":{"Id":"TestCase.ManagedType","Label":"ManagedType","Category":"","Description":"","Attributes":1,"ValueType":"System.String"},"Value":"Unit_tests.UnitTest1"}]},"Attachments":[],"Outcome":2,"ErrorMessage":"Метод теста создал исключение \"System.NullReferenceException\", а ожидалось исключение \"System.ArgumentNullException\". Сообщение исключения: \"System.NullReferenceException: Object reference not set to an instance of an object.\".","ErrorStackTrace":"   at Лаб_раб_9.Car..ctor(Car other) in C:\\Users\\vikal\\source\\repos\\Лаб-раб-9\\Car.cs:line 74\r\n   at Unit_tests.UnitTest1.TestCopyConstructorWithNull() in C:\\Users\\vikal\\source\\repos\\Unit tests\\UnitTest1.cs:line 64\r\n   at System.RuntimeMethodHandle.InvokeMethod(Object target, Void** arguments, Signature sig, Boolean isConstructor)\r\n   at System.Reflection.MethodBaseInvoker.InterpretedInvoke_Method(Object obj, IntPtr* args)\r\n   at System.Reflection.MethodBaseInvoker.InvokeWithNoArgs(Object obj, BindingFlags invokeAttr)\r\n","DisplayName":"TestCopyConstructorWithNull","Messages":[],"ComputerName":"LVK7667","Duration":"00:00:00.0165236","StartTime":"2025-02-16T22:41:04.0834104+05:00","EndTime":"2025-02-16T22:41:04.1004099+05:00","Properties":[{"Key":{"Id":"ExecutionId","Label":"ExecutionId","Category":"","Description":"","Attributes":1,"ValueType":"System.Guid"},"Value":"00000000-0000-0000-0000-000000000000"},{"Key":{"Id":"ParentExecId","Label":"ParentExecId","Category":"","Description":"","Attributes":1,"ValueType":"System.Guid"},"Value":"00000000-0000-0000-0000-000000000000"},{"Key":{"Id":"InnerResultsCount","Label":"InnerResultsCount","Category":"","Description":"","Attributes":1,"ValueType":"System.Int32"},"Value":0}]},{"TestCase":{"Id":"8d6a231b-8a16-ac49-8c4b-024ad5dd0a4d","FullyQualifiedName":"Unit_tests.UnitTest1.TestCalculateRange","DisplayName":"TestCalculateRange","ExecutorUri":"executor://MSTestAdapter/v2","Source":"C:\\Users\\vikal\\source\\repos\\Unit tests\\bin\\Debug\\net8.0\\fine-code-coverage\\build-output\\Unit tests.dll","CodeFilePath":null,"LineNumber":-1,"Properties":[{"Key":{"Id":"TestCase.ManagedMethod","Label":"ManagedMethod","Category":"","Description":"","Attributes":1,"ValueType":"System.String"},"Value":"TestCalculateRange"},{"Key":{"Id":"MSTestDiscoverer.TestClassName","Label":"ClassName","Category":"","Description":"","Attributes":1,"ValueType":"System.String"},"Value":"Unit_tests.UnitTest1"},{"Key":{"Id":"TestCase.Hierarchy","Label":"Hierarchy","Category":"","Description":"","Attributes":2,"ValueType":"System.String[]"},"Value":[null,"Unit_tests","UnitTest1","TestCalculateRange"]},{"Key":{"Id":"MSTest.TestIdGenerationStrategy","Label":"TestIdGenerationStrategy","Category":"","Description":"","Attributes":1,"ValueType":"System.Int32"},"Value":2},{"Key":{"Id":"TestObject.Traits","Label":"Признаки","Category":"","Description":"","Attributes":5,"ValueType":"System.Collections.Generic.KeyValuePair`2[[System.String],[System.String]][]"},"Value":[]},{"Key":{"Id":"TestCase.ManagedType","Label":"ManagedType","Category":"","Description":"","Attributes":1,"ValueType":"System.String"},"Value":"Unit_tests.UnitTest1"}]},"Attachments":[],"Outcome":1,"ErrorMessage":null,"ErrorStackTrace":null,"DisplayName":"TestCalculateRange","Messages":[],"ComputerName":"LVK7667","Duration":"00:00:00.0005501","StartTime":"2025-02-16T22:41:04.1033319+05:00","EndTime":"2025-02-16T22:41:04.1041124+05:00","Properties":[{"Key":{"Id":"ExecutionId","Label":"ExecutionId","Category":"","Description":"","Attributes":1,"ValueType":"System.Guid"},"Value":"00000000-0000-0000-0000-000000000000"},{"Key":{"Id":"ParentExecId","Label":"ParentExecId","Category":"","Description":"","Attributes":1,"ValueType":"System.Guid"},"Value":"00000000-0000-0000-0000-000000000000"},{"Key":{"Id":"InnerResultsCount","Label":"InnerResultsCount","Category":"","Description":"","Attributes":1,"ValueType":"System.Int32"},"Value":0}]},{"TestCase":{"Id":"1d6c3749-b9ef-424d-a70f-a0c454592d28","FullyQualifiedName":"Unit_tests.UnitTest1.TestStCalculateRange","DisplayName":"TestStCalculateRange","ExecutorUri":"executor://MSTestAdapter/v2","Source":"C:\\Users\\vikal\\source\\repos\\Unit tests\\bin\\Debug\\net8.0\\fine-code-coverage\\build-output\\Unit tests.dll","CodeFilePath":null,"LineNumber":-1,"Properties":[{"Key":{"Id":"TestCase.ManagedMethod","Label":"ManagedMethod","Category":"","Description":"","Attributes":1,"ValueType":"System.String"},"Value":"TestStCalculateRange"},{"Key":{"Id":"MSTestDiscoverer.TestClassName","Label":"ClassName","Category":"","Description":"","Attributes":1,"ValueType":"System.String"},"Value":"Unit_tests.UnitTest1"},{"Key":{"Id":"TestCase.Hierarchy","Label":"Hierarchy","Category":"","Description":"","Attributes":2,"ValueType":"System.String[]"},"Value":[null,"Unit_tests","UnitTest1","TestStCalculateRange"]},{"Key":{"Id":"MSTest.TestIdGenerationStrategy","Label":"TestIdGenerationStrategy","Category":"","Description":"","Attributes":1,"ValueType":"System.Int32"},"Value":2},{"Key":{"Id":"TestObject.Traits","Label":"Признаки","Category":"","Description":"","Attributes":5,"ValueType":"System.Collections.Generic.KeyValuePair`2[[System.String],[System.String]][]"},"Value":[]},{"Key":{"Id":"TestCase.ManagedType","Label":"ManagedType","Category":"","Description":"","Attributes":1,"ValueType":"System.String"},"Value":"Unit_tests.UnitTest1"}]},"Attachments":[],"Outcome":1,"ErrorMessage":null,"ErrorStackTrace":null,"DisplayName":"TestStCalculateRange","Messages":[],"ComputerName":"LVK7667","Duration":"00:00:00.0002723","StartTime":"2025-02-16T22:41:04.1066808+05:00","EndTime":"2025-02-16T22:41:04.1071625+05:00","Properties":[{"Key":{"Id":"ExecutionId","Label":"ExecutionId","Category":"","Description":"","Attributes":1,"ValueType":"System.Guid"},"Value":"00000000-0000-0000-0000-000000000000"},{"Key":{"Id":"ParentExecId","Label":"ParentExecId","Category":"","Description":"","Attributes":1,"ValueType":"System.Guid"},"Value":"00000000-0000-0000-0000-000000000000"},{"Key":{"Id":"InnerResultsCount","Label":"InnerResultsCount","Category":"","Description":"","Attributes":1,"ValueType":"System.Int32"},"Value":0}]},{"TestCase":{"Id":"5195a1a4-1e74-2e09-0a53-e48424960204","FullyQualifiedName":"Unit_tests.UnitTest1.TestIncrementOperator","DisplayName":"TestIncrementOperator","ExecutorUri":"executor://MSTestAdapter/v2","Source":"C:\\Users\\vikal\\source\\repos\\Unit tests\\bin\\Debug\\net8.0\\fine-code-coverage\\build-output\\Unit tests.dll","CodeFilePath":null,"LineNumber":-1,"Properties":[{"Key":{"Id":"TestCase.ManagedMethod","Label":"ManagedMethod","Category":"","Description":"","Attributes":1,"ValueType":"System.String"},"Value":"TestIncrementOperator"},{"Key":{"Id":"MSTestDiscoverer.TestClassName","Label":"ClassName","Category":"","Description":"","Attributes":1,"ValueType":"System.String"},"Value":"Unit_tests.UnitTest1"},{"Key":{"Id":"TestCase.Hierarchy","Label":"Hierarchy","Category":"","Description":"","Attributes":2,"ValueType":"System.String[]"},"Value":[null,"Unit_tests","UnitTest1","TestIncrementOperator"]},{"Key":{"Id":"MSTest.TestIdGenerationStrategy","Label":"TestIdGenerationStrategy","Category":"","Description":"","Attributes":1,"ValueType":"System.Int32"},"Value":2},{"Key":{"Id":"TestObject.Traits","Label":"Признаки","Category":"","Description":"","Attributes":5,"ValueType":"System.Collections.Generic.KeyValuePair`2[[System.String],[System.String]][]"},"Value":[]},{"Key":{"Id":"TestCase.ManagedType","Label":"ManagedType","Category":"","Description":"","Attributes":1,"ValueType":"System.String"},"Value":"Unit_tests.UnitTest1"}]},"Attachments":[],"Outcome":1,"ErrorMessage":null,"ErrorStackTrace":null,"DisplayName":"TestIncrementOperator","Messages":[],"ComputerName":"LVK7667","Duration":"00:00:00.0002028","StartTime":"2025-02-16T22:41:04.1093306+05:00","EndTime":"2025-02-16T22:41:04.1096989+05:00","Properties":[{"Key":{"Id":"ExecutionId","Label":"ExecutionId","Category":"","Description":"","Attributes":1,"ValueType":"System.Guid"},"Value":"00000000-0000-0000-0000-000000000000"},{"Key":{"Id":"ParentExecId","Label":"ParentExecId","Category":"","Description":"","Attributes":1,"ValueType":"System.Guid"},"Value":"00000000-0000-0000-0000-000000000000"},{"Key":{"Id":"InnerResultsCount","Label":"InnerResultsCount","Category":"","Description":"","Attributes":1,"ValueType":"System.Int32"},"Value":0}]}],"TestRunStatistics":{"ExecutedTests":9,"Stats":{"Passed":8,"Failed":1}},"ActiveTests":[{"Id":"c7c90630-9bbc-cef0-68c2-f5454707d6e7","FullyQualifiedName":"Unit_tests.UnitTest1.TestDecrementOperator","DisplayName":"TestDecrementOperator","ExecutorUri":"executor://MSTestAdapter/v2","Source":"C:\\Users\\vikal\\source\\repos\\Unit tests\\bin\\Debug\\net8.0\\fine-code-coverage\\build-output\\Unit tests.dll","CodeFilePath":null,"LineNumber":-1,"Properties":[{"Key":{"Id":"TestCase.ManagedMethod","Label":"ManagedMethod","Category":"","Description":"","Attributes":1,"ValueType":"System.String"},"Value":"TestDecrementOperator"},{"Key":{"Id":"MSTestDiscoverer.TestClassName","Label":"ClassName","Category":"","Description":"","Attributes":1,"ValueType":"System.String"},"Value":"Unit_tests.UnitTest1"},{"Key":{"Id":"TestCase.Hierarchy","Label":"Hierarchy","Category":"","Description":"","Attributes":2,"ValueType":"System.String[]"},"Value":[null,"Unit_tests","UnitTest1","TestDecrementOperator"]},{"Key":{"Id":"MSTest.TestIdGenerationStrategy","Label":"TestIdGenerationStrategy","Category":"","Description":"","Attributes":1,"ValueType":"System.Int32"},"Value":2},{"Key":{"Id":"TestObject.Traits","Label":"Признаки","Category":"","Description":"","Attributes":5,"ValueType":"System.Collections.Generic.KeyValuePair`2[[System.String],[System.String]][]"},"Value":[]},{"Key":{"Id":"TestCase.ManagedType","Label":"ManagedType","Category":"","Description":"","Attributes":1,"ValueType":"System.String"},"Value":"Unit_tests.UnitTest1"}]}]}}
TpTrace Verbose: 0 : 23012, 4, 2025/02/16, 22:41:04.132, 2356431737449, testhost.x86.dll, TestRunCache: OnNewTestResult: Notified the onCacheHit callback.
TpTrace Verbose: 0 : 23012, 4, 2025/02/16, 22:41:04.133, 2356431749977, testhost.x86.dll, MulticastDelegateUtilities.SafeInvoke: TestCaseEventsHandler.RaiseTestCaseStart: Invoking callback 1/1 for Microsoft.VisualStudio.TestPlatform.CrossPlatEngine.DataCollection.ProxyOutOfProcDataCollectionManager., took 1 ms.
TpTrace Information: 0 : 23012, 4, 2025/02/16, 22:41:04.133, 2356431750584, testhost.x86.dll, MSTest - Executing test TestDecrementOperator
TpTrace Information: 0 : 23012, 4, 2025/02/16, 22:41:04.133, 2356431754360, testhost.x86.dll, MSTest - Executed test TestDecrementOperator
TpTrace Verbose: 0 : 23012, 4, 2025/02/16, 22:41:04.133, 2356431755054, testhost.x86.dll, TestExecutionRecorder.RecordEnd: test: Unit_tests.UnitTest1.TestDecrementOperator execution completed.
TpTrace Warning: 0 : 23012, 4, 2025/02/16, 22:41:04.133, 2356431755400, testhost.x86.dll, TestRunCache: InProgressTests is null
TpTrace Verbose: 0 : 23012, 4, 2025/02/16, 22:41:04.134, 2356431764368, testhost.x86.dll, MulticastDelegateUtilities.SafeInvoke: TestCaseEventsHandler.RaiseTestCaseEnd: Invoking callback 1/1 for Microsoft.VisualStudio.TestPlatform.CrossPlatEngine.DataCollection.ProxyOutOfProcDataCollectionManager., took 0 ms.
TpTrace Verbose: 0 : 23012, 4, 2025/02/16, 22:41:04.134, 2356431764997, testhost.x86.dll, TestExecutionRecorder.RecordResult: Received result for test: Unit_tests.UnitTest1.TestDecrementOperator.
TpTrace Verbose: 0 : 23012, 4, 2025/02/16, 22:41:04.134, 2356431765593, testhost.x86.dll, MulticastDelegateUtilities.SafeInvoke: TestCaseEventsHandler.RaiseTestCaseEnd: Invoking callback 1/1 for Microsoft.VisualStudio.TestPlatform.CrossPlatEngine.DataCollection.ProxyOutOfProcDataCollectionManager., took 0 ms.
TpTrace Warning: 0 : 23012, 4, 2025/02/16, 22:41:04.134, 2356431766142, testhost.x86.dll, TestRunCache: InProgressTests is null
TpTrace Warning: 0 : 23012, 4, 2025/02/16, 22:41:04.134, 2356431766861, testhost.x86.dll, TestRunCache: No test found corresponding to testResult 'TestDecrementOperator' in inProgress list.
TpTrace Verbose: 0 : 23012, 4, 2025/02/16, 22:41:04.135, 2356431768101, testhost.x86.dll, TestExecutionRecorder.RecordStart: Starting test: Unit_tests.UnitTest1.TestExplicitBool_True.
TpTrace Verbose: 0 : 23012, 4, 2025/02/16, 22:41:04.136, 2356431778767, testhost.x86.dll, MulticastDelegateUtilities.SafeInvoke: TestCaseEventsHandler.RaiseTestCaseStart: Invoking callback 1/1 for Microsoft.VisualStudio.TestPlatform.CrossPlatEngine.DataCollection.ProxyOutOfProcDataCollectionManager., took 0 ms.
TpTrace Information: 0 : 23012, 4, 2025/02/16, 22:41:04.136, 2356431779540, testhost.x86.dll, MSTest - Executing test TestExplicitBool_True
TpTrace Information: 0 : 23012, 4, 2025/02/16, 22:41:04.136, 2356431783774, testhost.x86.dll, MSTest - Executed test TestExplicitBool_True
TpTrace Verbose: 0 : 23012, 4, 2025/02/16, 22:41:04.136, 2356431784458, testhost.x86.dll, TestExecutionRecorder.RecordEnd: test: Unit_tests.UnitTest1.TestExplicitBool_True execution completed.
TpTrace Verbose: 0 : 23012, 4, 2025/02/16, 22:41:04.137, 2356431794214, testhost.x86.dll, MulticastDelegateUtilities.SafeInvoke: TestCaseEventsHandler.RaiseTestCaseEnd: Invoking callback 1/1 for Microsoft.VisualStudio.TestPlatform.CrossPlatEngine.DataCollection.ProxyOutOfProcDataCollectionManager., took 0 ms.
TpTrace Verbose: 0 : 23012, 4, 2025/02/16, 22:41:04.137, 2356431794744, testhost.x86.dll, TestExecutionRecorder.RecordResult: Received result for test: Unit_tests.UnitTest1.TestExplicitBool_True.
TpTrace Verbose: 0 : 23012, 4, 2025/02/16, 22:41:04.137, 2356431795127, testhost.x86.dll, MulticastDelegateUtilities.SafeInvoke: TestCaseEventsHandler.RaiseTestCaseEnd: Invoking callback 1/1 for Microsoft.VisualStudio.TestPlatform.CrossPlatEngine.DataCollection.ProxyOutOfProcDataCollectionManager., took 0 ms.
TpTrace Warning: 0 : 23012, 4, 2025/02/16, 22:41:04.137, 2356431795474, testhost.x86.dll, TestRunCache: InProgressTests is null
TpTrace Warning: 0 : 23012, 4, 2025/02/16, 22:41:04.137, 2356431795774, testhost.x86.dll, TestRunCache: No test found corresponding to testResult 'TestExplicitBool_True' in inProgress list.
TpTrace Verbose: 0 : 23012, 4, 2025/02/16, 22:41:04.137, 2356431796459, testhost.x86.dll, TestExecutionRecorder.RecordStart: Starting test: Unit_tests.UnitTest1.TestExplicitBool_False.
TpTrace Verbose: 0 : 23012, 4, 2025/02/16, 22:41:04.138, 2356431805858, testhost.x86.dll, MulticastDelegateUtilities.SafeInvoke: TestCaseEventsHandler.RaiseTestCaseStart: Invoking callback 1/1 for Microsoft.VisualStudio.TestPlatform.CrossPlatEngine.DataCollection.ProxyOutOfProcDataCollectionManager., took 0 ms.
TpTrace Information: 0 : 23012, 4, 2025/02/16, 22:41:04.138, 2356431806374, testhost.x86.dll, MSTest - Executing test TestExplicitBool_False
TpTrace Information: 0 : 23012, 4, 2025/02/16, 22:41:04.139, 2356431808726, testhost.x86.dll, MSTest - Executed test TestExplicitBool_False
TpTrace Verbose: 0 : 23012, 4, 2025/02/16, 22:41:04.139, 2356431809297, testhost.x86.dll, TestExecutionRecorder.RecordEnd: test: Unit_tests.UnitTest1.TestExplicitBool_False execution completed.
TpTrace Verbose: 0 : 23012, 4, 2025/02/16, 22:41:04.139, 2356431817145, testhost.x86.dll, MulticastDelegateUtilities.SafeInvoke: TestCaseEventsHandler.RaiseTestCaseEnd: Invoking callback 1/1 for Microsoft.VisualStudio.TestPlatform.CrossPlatEngine.DataCollection.ProxyOutOfProcDataCollectionManager., took 0 ms.
TpTrace Verbose: 0 : 23012, 4, 2025/02/16, 22:41:04.140, 2356431817645, testhost.x86.dll, TestExecutionRecorder.RecordResult: Received result for test: Unit_tests.UnitTest1.TestExplicitBool_False.
TpTrace Verbose: 0 : 23012, 4, 2025/02/16, 22:41:04.140, 2356431818070, testhost.x86.dll, MulticastDelegateUtilities.SafeInvoke: TestCaseEventsHandler.RaiseTestCaseEnd: Invoking callback 1/1 for Microsoft.VisualStudio.TestPlatform.CrossPlatEngine.DataCollection.ProxyOutOfProcDataCollectionManager., took 0 ms.
TpTrace Warning: 0 : 23012, 4, 2025/02/16, 22:41:04.140, 2356431818410, testhost.x86.dll, TestRunCache: InProgressTests is null
TpTrace Warning: 0 : 23012, 4, 2025/02/16, 22:41:04.140, 2356431818714, testhost.x86.dll, TestRunCache: No test found corresponding to testResult 'TestExplicitBool_False' in inProgress list.
TpTrace Verbose: 0 : 23012, 4, 2025/02/16, 22:41:04.140, 2356431819254, testhost.x86.dll, TestExecutionRecorder.RecordStart: Starting test: Unit_tests.UnitTest1.TestExplicitBool_Null.
TpTrace Verbose: 0 : 23012, 4, 2025/02/16, 22:41:04.140, 2356431826876, testhost.x86.dll, MulticastDelegateUtilities.SafeInvoke: TestCaseEventsHandler.RaiseTestCaseStart: Invoking callback 1/1 for Microsoft.VisualStudio.TestPlatform.CrossPlatEngine.DataCollection.ProxyOutOfProcDataCollectionManager., took 0 ms.
TpTrace Information: 0 : 23012, 4, 2025/02/16, 22:41:04.141, 2356431827521, testhost.x86.dll, MSTest - Executing test TestExplicitBool_Null
TpTrace Information: 0 : 23012, 4, 2025/02/16, 22:41:04.141, 2356431833626, testhost.x86.dll, MSTest - Executed test TestExplicitBool_Null
TpTrace Verbose: 0 : 23012, 4, 2025/02/16, 22:41:04.141, 2356431834579, testhost.x86.dll, TestExecutionRecorder.RecordEnd: test: Unit_tests.UnitTest1.TestExplicitBool_Null execution completed.
TpTrace Verbose: 0 : 23012, 4, 2025/02/16, 22:41:04.142, 2356431846594, testhost.x86.dll, MulticastDelegateUtilities.SafeInvoke: TestCaseEventsHandler.RaiseTestCaseEnd: Invoking callback 1/1 for Microsoft.VisualStudio.TestPlatform.CrossPlatEngine.DataCollection.ProxyOutOfProcDataCollectionManager., took 1 ms.
TpTrace Information: 0 : 23012, 4, 2025/02/16, 22:41:04.142, 2356431847320, testhost.x86.dll, MSTest - MSTestExecutor:Test Unit_tests.UnitTest1.TestExplicitBool_Null failed. ErrorMessage:Метод теста создал исключение "System.NullReferenceException", а ожидалось исключение "System.ArgumentNullException". Сообщение исключения: "System.NullReferenceException: Object reference not set to an instance of an object."., ErrorStackTrace:   at Лаб_раб_9.Car..ctor(Car other) in C:\Users\vikal\source\repos\Лаб-раб-9\Car.cs:line 74
   at Unit_tests.UnitTest1.TestExplicitBool_Null() in C:\Users\vikal\source\repos\Unit tests\UnitTest1.cs:line 136
   at System.RuntimeMethodHandle.InvokeMethod(Object target, Void** arguments, Signature sig, Boolean isConstructor)
   at System.Reflection.MethodBaseInvoker.InterpretedInvoke_Method(Object obj, IntPtr* args)
   at System.Reflection.MethodBaseInvoker.InvokeWithNoArgs(Object obj, BindingFlags invokeAttr)
.
TpTrace Verbose: 0 : 23012, 4, 2025/02/16, 22:41:04.143, 2356431847765, testhost.x86.dll, TestExecutionRecorder.RecordResult: Received result for test: Unit_tests.UnitTest1.TestExplicitBool_Null.
TpTrace Verbose: 0 : 23012, 4, 2025/02/16, 22:41:04.143, 2356431848202, testhost.x86.dll, MulticastDelegateUtilities.SafeInvoke: TestCaseEventsHandler.RaiseTestCaseEnd: Invoking callback 1/1 for Microsoft.VisualStudio.TestPlatform.CrossPlatEngine.DataCollection.ProxyOutOfProcDataCollectionManager., took 0 ms.
TpTrace Warning: 0 : 23012, 4, 2025/02/16, 22:41:04.143, 2356431848705, testhost.x86.dll, TestRunCache: InProgressTests is null
TpTrace Warning: 0 : 23012, 4, 2025/02/16, 22:41:04.143, 2356431849068, testhost.x86.dll, TestRunCache: No test found corresponding to testResult 'TestExplicitBool_Null' in inProgress list.
TpTrace Verbose: 0 : 23012, 4, 2025/02/16, 22:41:04.143, 2356431849805, testhost.x86.dll, TestExecutionRecorder.RecordStart: Starting test: Unit_tests.UnitTest1.TestImplicitDouble_True.
TpTrace Verbose: 0 : 23012, 4, 2025/02/16, 22:41:04.144, 2356431859339, testhost.x86.dll, MulticastDelegateUtilities.SafeInvoke: TestCaseEventsHandler.RaiseTestCaseStart: Invoking callback 1/1 for Microsoft.VisualStudio.TestPlatform.CrossPlatEngine.DataCollection.ProxyOutOfProcDataCollectionManager., took 0 ms.
TpTrace Information: 0 : 23012, 4, 2025/02/16, 22:41:04.144, 2356431859850, testhost.x86.dll, MSTest - Executing test TestImplicitDouble_True
TpTrace Information: 0 : 23012, 4, 2025/02/16, 22:41:04.144, 2356431863698, testhost.x86.dll, MSTest - Executed test TestImplicitDouble_True
TpTrace Verbose: 0 : 23012, 4, 2025/02/16, 22:41:04.144, 2356431864402, testhost.x86.dll, TestExecutionRecorder.RecordEnd: test: Unit_tests.UnitTest1.TestImplicitDouble_True execution completed.
TpTrace Verbose: 0 : 23012, 4, 2025/02/16, 22:41:04.148, 2356431905672, testhost.x86.dll, MulticastDelegateUtilities.SafeInvoke: TestCaseEventsHandler.RaiseTestCaseEnd: Invoking callback 1/1 for Microsoft.VisualStudio.TestPlatform.CrossPlatEngine.DataCollection.ProxyOutOfProcDataCollectionManager., took 4 ms.
TpTrace Verbose: 0 : 23012, 4, 2025/02/16, 22:41:04.148, 2356431906472, testhost.x86.dll, TestExecutionRecorder.RecordResult: Received result for test: Unit_tests.UnitTest1.TestImplicitDouble_True.
TpTrace Verbose: 0 : 23012, 4, 2025/02/16, 22:41:04.148, 2356431906946, testhost.x86.dll, MulticastDelegateUtilities.SafeInvoke: TestCaseEventsHandler.RaiseTestCaseEnd: Invoking callback 1/1 for Microsoft.VisualStudio.TestPlatform.CrossPlatEngine.DataCollection.ProxyOutOfProcDataCollectionManager., took 0 ms.
TpTrace Warning: 0 : 23012, 4, 2025/02/16, 22:41:04.149, 2356431907378, testhost.x86.dll, TestRunCache: InProgressTests is null
TpTrace Warning: 0 : 23012, 4, 2025/02/16, 22:41:04.149, 2356431907706, testhost.x86.dll, TestRunCache: No test found corresponding to testResult 'TestImplicitDouble_True' in inProgress list.
TpTrace Verbose: 0 : 23012, 4, 2025/02/16, 22:41:04.149, 2356431908350, testhost.x86.dll, TestExecutionRecorder.RecordStart: Starting test: Unit_tests.UnitTest1.TestImplicitDouble_False.
TpTrace Verbose: 0 : 23012, 4, 2025/02/16, 22:41:04.150, 2356431917768, testhost.x86.dll, MulticastDelegateUtilities.SafeInvoke: TestCaseEventsHandler.RaiseTestCaseStart: Invoking callback 1/1 for Microsoft.VisualStudio.TestPlatform.CrossPlatEngine.DataCollection.ProxyOutOfProcDataCollectionManager., took 0 ms.
TpTrace Information: 0 : 23012, 4, 2025/02/16, 22:41:04.150, 2356431918276, testhost.x86.dll, MSTest - Executing test TestImplicitDouble_False
TpTrace Information: 0 : 23012, 4, 2025/02/16, 22:41:04.150, 2356431920710, testhost.x86.dll, MSTest - Executed test TestImplicitDouble_False
TpTrace Verbose: 0 : 23012, 4, 2025/02/16, 22:41:04.150, 2356431921311, testhost.x86.dll, TestExecutionRecorder.RecordEnd: test: Unit_tests.UnitTest1.TestImplicitDouble_False execution completed.
TpTrace Verbose: 0 : 23012, 4, 2025/02/16, 22:41:04.151, 2356431932575, testhost.x86.dll, MulticastDelegateUtilities.SafeInvoke: TestCaseEventsHandler.RaiseTestCaseEnd: Invoking callback 1/1 for Microsoft.VisualStudio.TestPlatform.CrossPlatEngine.DataCollection.ProxyOutOfProcDataCollectionManager., took 1 ms.
TpTrace Verbose: 0 : 23012, 4, 2025/02/16, 22:41:04.151, 2356431933240, testhost.x86.dll, TestExecutionRecorder.RecordResult: Received result for test: Unit_tests.UnitTest1.TestImplicitDouble_False.
TpTrace Verbose: 0 : 23012, 4, 2025/02/16, 22:41:04.151, 2356431933824, testhost.x86.dll, MulticastDelegateUtilities.SafeInvoke: TestCaseEventsHandler.RaiseTestCaseEnd: Invoking callback 1/1 for Microsoft.VisualStudio.TestPlatform.CrossPlatEngine.DataCollection.ProxyOutOfProcDataCollectionManager., took 0 ms.
TpTrace Warning: 0 : 23012, 4, 2025/02/16, 22:41:04.151, 2356431934224, testhost.x86.dll, TestRunCache: InProgressTests is null
TpTrace Warning: 0 : 23012, 4, 2025/02/16, 22:41:04.151, 2356431934608, testhost.x86.dll, TestRunCache: No test found corresponding to testResult 'TestImplicitDouble_False' in inProgress list.
TpTrace Verbose: 0 : 23012, 4, 2025/02/16, 22:41:04.151, 2356431935335, testhost.x86.dll, TestExecutionRecorder.RecordStart: Starting test: Unit_tests.UnitTest1.TestLeftAddOperator.
TpTrace Verbose: 0 : 23012, 4, 2025/02/16, 22:41:04.153, 2356431948780, testhost.x86.dll, MulticastDelegateUtilities.SafeInvoke: TestCaseEventsHandler.RaiseTestCaseStart: Invoking callback 1/1 for Microsoft.VisualStudio.TestPlatform.CrossPlatEngine.DataCollection.ProxyOutOfProcDataCollectionManager., took 1 ms.
TpTrace Information: 0 : 23012, 4, 2025/02/16, 22:41:04.153, 2356431949373, testhost.x86.dll, MSTest - Executing test TestLeftAddOperator
TpTrace Information: 0 : 23012, 4, 2025/02/16, 22:41:04.153, 2356431952891, testhost.x86.dll, MSTest - Executed test TestLeftAddOperator
TpTrace Verbose: 0 : 23012, 4, 2025/02/16, 22:41:04.153, 2356431953484, testhost.x86.dll, TestExecutionRecorder.RecordEnd: test: Unit_tests.UnitTest1.TestLeftAddOperator execution completed.
TpTrace Verbose: 0 : 23012, 4, 2025/02/16, 22:41:04.154, 2356431963151, testhost.x86.dll, MulticastDelegateUtilities.SafeInvoke: TestCaseEventsHandler.RaiseTestCaseEnd: Invoking callback 1/1 for Microsoft.VisualStudio.TestPlatform.CrossPlatEngine.DataCollection.ProxyOutOfProcDataCollectionManager., took 0 ms.
TpTrace Verbose: 0 : 23012, 4, 2025/02/16, 22:41:04.154, 2356431963742, testhost.x86.dll, TestExecutionRecorder.RecordResult: Received result for test: Unit_tests.UnitTest1.TestLeftAddOperator.
TpTrace Verbose: 0 : 23012, 4, 2025/02/16, 22:41:04.154, 2356431964167, testhost.x86.dll, MulticastDelegateUtilities.SafeInvoke: TestCaseEventsHandler.RaiseTestCaseEnd: Invoking callback 1/1 for Microsoft.VisualStudio.TestPlatform.CrossPlatEngine.DataCollection.ProxyOutOfProcDataCollectionManager., took 0 ms.
TpTrace Warning: 0 : 23012, 4, 2025/02/16, 22:41:04.154, 2356431964531, testhost.x86.dll, TestRunCache: InProgressTests is null
TpTrace Warning: 0 : 23012, 4, 2025/02/16, 22:41:04.154, 2356431964839, testhost.x86.dll, TestRunCache: No test found corresponding to testResult 'TestLeftAddOperator' in inProgress list.
TpTrace Verbose: 0 : 23012, 4, 2025/02/16, 22:41:04.154, 2356431965377, testhost.x86.dll, TestExecutionRecorder.RecordStart: Starting test: Unit_tests.UnitTest1.TestRightAddOperator.
TpTrace Verbose: 0 : 23012, 4, 2025/02/16, 22:41:04.155, 2356431974311, testhost.x86.dll, MulticastDelegateUtilities.SafeInvoke: TestCaseEventsHandler.RaiseTestCaseStart: Invoking callback 1/1 for Microsoft.VisualStudio.TestPlatform.CrossPlatEngine.DataCollection.ProxyOutOfProcDataCollectionManager., took 0 ms.
TpTrace Information: 0 : 23012, 4, 2025/02/16, 22:41:04.155, 2356431974866, testhost.x86.dll, MSTest - Executing test TestRightAddOperator
TpTrace Information: 0 : 23012, 4, 2025/02/16, 22:41:04.156, 2356431978802, testhost.x86.dll, MSTest - Executed test TestRightAddOperator
TpTrace Verbose: 0 : 23012, 4, 2025/02/16, 22:41:04.156, 2356431979427, testhost.x86.dll, TestExecutionRecorder.RecordEnd: test: Unit_tests.UnitTest1.TestRightAddOperator execution completed.
TpTrace Verbose: 0 : 23012, 4, 2025/02/16, 22:41:04.157, 2356431988949, testhost.x86.dll, MulticastDelegateUtilities.SafeInvoke: TestCaseEventsHandler.RaiseTestCaseEnd: Invoking callback 1/1 for Microsoft.VisualStudio.TestPlatform.CrossPlatEngine.DataCollection.ProxyOutOfProcDataCollectionManager., took 0 ms.
TpTrace Verbose: 0 : 23012, 4, 2025/02/16, 22:41:04.157, 2356431989503, testhost.x86.dll, TestExecutionRecorder.RecordResult: Received result for test: Unit_tests.UnitTest1.TestRightAddOperator.
TpTrace Verbose: 0 : 23012, 4, 2025/02/16, 22:41:04.157, 2356431989886, testhost.x86.dll, MulticastDelegateUtilities.SafeInvoke: TestCaseEventsHandler.RaiseTestCaseEnd: Invoking callback 1/1 for Microsoft.VisualStudio.TestPlatform.CrossPlatEngine.DataCollection.ProxyOutOfProcDataCollectionManager., took 0 ms.
TpTrace Warning: 0 : 23012, 4, 2025/02/16, 22:41:04.157, 2356431990238, testhost.x86.dll, TestRunCache: InProgressTests is null
TpTrace Warning: 0 : 23012, 4, 2025/02/16, 22:41:04.157, 2356431990549, testhost.x86.dll, TestRunCache: No test found corresponding to testResult 'TestRightAddOperator' in inProgress list.
TpTrace Verbose: 0 : 23012, 4, 2025/02/16, 22:41:04.157, 2356431991112, testhost.x86.dll, TestExecutionRecorder.RecordStart: Starting test: Unit_tests.UnitTest1.TestEqualityOperator_True.
TpTrace Verbose: 0 : 23012, 4, 2025/02/16, 22:41:04.158, 2356432001914, testhost.x86.dll, MulticastDelegateUtilities.SafeInvoke: TestCaseEventsHandler.RaiseTestCaseStart: Invoking callback 1/1 for Microsoft.VisualStudio.TestPlatform.CrossPlatEngine.DataCollection.ProxyOutOfProcDataCollectionManager., took 1 ms.
TpTrace Information: 0 : 23012, 4, 2025/02/16, 22:41:04.158, 2356432002537, testhost.x86.dll, MSTest - Executing test TestEqualityOperator_True
TpTrace Information: 0 : 23012, 4, 2025/02/16, 22:41:04.161, 2356432027603, testhost.x86.dll, MSTest - Executed test TestEqualityOperator_True
TpTrace Verbose: 0 : 23012, 4, 2025/02/16, 22:41:04.161, 2356432028406, testhost.x86.dll, TestExecutionRecorder.RecordEnd: test: Unit_tests.UnitTest1.TestEqualityOperator_True execution completed.
TpTrace Verbose: 0 : 23012, 4, 2025/02/16, 22:41:04.162, 2356432039081, testhost.x86.dll, MulticastDelegateUtilities.SafeInvoke: TestCaseEventsHandler.RaiseTestCaseEnd: Invoking callback 1/1 for Microsoft.VisualStudio.TestPlatform.CrossPlatEngine.DataCollection.ProxyOutOfProcDataCollectionManager., took 1 ms.
TpTrace Information: 0 : 23012, 4, 2025/02/16, 22:41:04.162, 2356432039610, testhost.x86.dll, MSTest - MSTestExecutor:Test Unit_tests.UnitTest1.TestEqualityOperator_True failed. ErrorMessage:Сбой Assert.IsFalse. , ErrorStackTrace:   at Unit_tests.UnitTest1.TestEqualityOperator_True() in C:\Users\vikal\source\repos\Unit tests\UnitTest1.cs:line 196
   at System.RuntimeMethodHandle.InvokeMethod(Object target, Void** arguments, Signature sig, Boolean isConstructor)
   at System.Reflection.MethodBaseInvoker.InterpretedInvoke_Method(Object obj, IntPtr* args)
   at System.Reflection.MethodBaseInvoker.InvokeWithNoArgs(Object obj, BindingFlags invokeAttr)
.
TpTrace Verbose: 0 : 23012, 4, 2025/02/16, 22:41:04.162, 2356432040078, testhost.x86.dll, TestExecutionRecorder.RecordResult: Received result for test: Unit_tests.UnitTest1.TestEqualityOperator_True.
TpTrace Verbose: 0 : 23012, 4, 2025/02/16, 22:41:04.162, 2356432040501, testhost.x86.dll, MulticastDelegateUtilities.SafeInvoke: TestCaseEventsHandler.RaiseTestCaseEnd: Invoking callback 1/1 for Microsoft.VisualStudio.TestPlatform.CrossPlatEngine.DataCollection.ProxyOutOfProcDataCollectionManager., took 0 ms.
TpTrace Warning: 0 : 23012, 4, 2025/02/16, 22:41:04.162, 2356432040955, testhost.x86.dll, TestRunCache: InProgressTests is null
TpTrace Warning: 0 : 23012, 4, 2025/02/16, 22:41:04.162, 2356432041264, testhost.x86.dll, TestRunCache: No test found corresponding to testResult 'TestEqualityOperator_True' in inProgress list.
TpTrace Verbose: 0 : 23012, 4, 2025/02/16, 22:41:04.162, 2356432041859, testhost.x86.dll, TestExecutionRecorder.RecordStart: Starting test: Unit_tests.UnitTest1.TestEqualityOperator_False.
TpTrace Information: 0 : 23012, 4, 2025/02/16, 22:41:04.162, 2356432042353, testhost.x86.dll, Sending test run statistics
TpTrace Verbose: 0 : 23012, 4, 2025/02/16, 22:41:04.163, 2356432053160, testhost.x86.dll, TestRequestHandler.SendData: sending data from testhost: {"Version":7,"MessageType":"TestExecution.StatsChange","Payload":{"NewTestResults":[{"TestCase":{"Id":"c7c90630-9bbc-cef0-68c2-f5454707d6e7","FullyQualifiedName":"Unit_tests.UnitTest1.TestDecrementOperator","DisplayName":"TestDecrementOperator","ExecutorUri":"executor://MSTestAdapter/v2","Source":"C:\\Users\\vikal\\source\\repos\\Unit tests\\bin\\Debug\\net8.0\\fine-code-coverage\\build-output\\Unit tests.dll","CodeFilePath":null,"LineNumber":-1,"Properties":[{"Key":{"Id":"TestCase.ManagedMethod","Label":"ManagedMethod","Category":"","Description":"","Attributes":1,"ValueType":"System.String"},"Value":"TestDecrementOperator"},{"Key":{"Id":"MSTestDiscoverer.TestClassName","Label":"ClassName","Category":"","Description":"","Attributes":1,"ValueType":"System.String"},"Value":"Unit_tests.UnitTest1"},{"Key":{"Id":"TestCase.Hierarchy","Label":"Hierarchy","Category":"","Description":"","Attributes":2,"ValueType":"System.String[]"},"Value":[null,"Unit_tests","UnitTest1","TestDecrementOperator"]},{"Key":{"Id":"MSTest.TestIdGenerationStrategy","Label":"TestIdGenerationStrategy","Category":"","Description":"","Attributes":1,"ValueType":"System.Int32"},"Value":2},{"Key":{"Id":"TestObject.Traits","Label":"Признаки","Category":"","Description":"","Attributes":5,"ValueType":"System.Collections.Generic.KeyValuePair`2[[System.String],[System.String]][]"},"Value":[]},{"Key":{"Id":"TestCase.ManagedType","Label":"ManagedType","Category":"","Description":"","Attributes":1,"ValueType":"System.String"},"Value":"Unit_tests.UnitTest1"}]},"Attachments":[],"Outcome":1,"ErrorMessage":null,"ErrorStackTrace":null,"DisplayName":"TestDecrementOperator","Messages":[],"ComputerName":"LVK7667","Duration":"00:00:00.0002425","StartTime":"2025-02-16T22:41:04.1333185+05:00","EndTime":"2025-02-16T22:41:04.1337519+05:00","Properties":[{"Key":{"Id":"ExecutionId","Label":"ExecutionId","Category":"","Description":"","Attributes":1,"ValueType":"System.Guid"},"Value":"00000000-0000-0000-0000-000000000000"},{"Key":{"Id":"ParentExecId","Label":"ParentExecId","Category":"","Description":"","Attributes":1,"ValueType":"System.Guid"},"Value":"00000000-0000-0000-0000-000000000000"},{"Key":{"Id":"InnerResultsCount","Label":"InnerResultsCount","Category":"","Description":"","Attributes":1,"ValueType":"System.Int32"},"Value":0}]},{"TestCase":{"Id":"8461ffa6-9d8e-d295-2191-eecc0f7a4ae9","FullyQualifiedName":"Unit_tests.UnitTest1.TestExplicitBool_True","DisplayName":"TestExplicitBool_True","ExecutorUri":"executor://MSTestAdapter/v2","Source":"C:\\Users\\vikal\\source\\repos\\Unit tests\\bin\\Debug\\net8.0\\fine-code-coverage\\build-output\\Unit tests.dll","CodeFilePath":null,"LineNumber":-1,"Properties":[{"Key":{"Id":"TestCase.ManagedMethod","Label":"ManagedMethod","Category":"","Description":"","Attributes":1,"ValueType":"System.String"},"Value":"TestExplicitBool_True"},{"Key":{"Id":"MSTestDiscoverer.TestClassName","Label":"ClassName","Category":"","Description":"","Attributes":1,"ValueType":"System.String"},"Value":"Unit_tests.UnitTest1"},{"Key":{"Id":"TestCase.Hierarchy","Label":"Hierarchy","Category":"","Description":"","Attributes":2,"ValueType":"System.String[]"},"Value":[null,"Unit_tests","UnitTest1","TestExplicitBool_True"]},{"Key":{"Id":"MSTest.TestIdGenerationStrategy","Label":"TestIdGenerationStrategy","Category":"","Description":"","Attributes":1,"ValueType":"System.Int32"},"Value":2},{"Key":{"Id":"TestObject.Traits","Label":"Признаки","Category":"","Description":"","Attributes":5,"ValueType":"System.Collections.Generic.KeyValuePair`2[[System.String],[System.String]][]"},"Value":[]},{"Key":{"Id":"TestCase.ManagedType","Label":"ManagedType","Category":"","Description":"","Attributes":1,"ValueType":"System.String"},"Value":"Unit_tests.UnitTest1"}]},"Attachments":[],"Outcome":1,"ErrorMessage":null,"ErrorStackTrace":null,"DisplayName":"TestExplicitBool_True","Messages":[],"ComputerName":"LVK7667","Duration":"00:00:00.0002609","StartTime":"2025-02-16T22:41:04.1362151+05:00","EndTime":"2025-02-16T22:41:04.1366988+05:00","Properties":[{"Key":{"Id":"ExecutionId","Label":"ExecutionId","Category":"","Description":"","Attributes":1,"ValueType":"System.Guid"},"Value":"00000000-0000-0000-0000-000000000000"},{"Key":{"Id":"ParentExecId","Label":"ParentExecId","Category":"","Description":"","Attributes":1,"ValueType":"System.Guid"},"Value":"00000000-0000-0000-0000-000000000000"},{"Key":{"Id":"InnerResultsCount","Label":"InnerResultsCount","Category":"","Description":"","Attributes":1,"ValueType":"System.Int32"},"Value":0}]},{"TestCase":{"Id":"ea792eb1-fce9-c073-ea53-4e4e95e2ecac","FullyQualifiedName":"Unit_tests.UnitTest1.TestExplicitBool_False","DisplayName":"TestExplicitBool_False","ExecutorUri":"executor://MSTestAdapter/v2","Source":"C:\\Users\\vikal\\source\\repos\\Unit tests\\bin\\Debug\\net8.0\\fine-code-coverage\\build-output\\Unit tests.dll","CodeFilePath":null,"LineNumber":-1,"Properties":[{"Key":{"Id":"TestCase.ManagedMethod","Label":"ManagedMethod","Category":"","Description":"","Attributes":1,"ValueType":"System.String"},"Value":"TestExplicitBool_False"},{"Key":{"Id":"MSTestDiscoverer.TestClassName","Label":"ClassName","Category":"","Description":"","Attributes":1,"ValueType":"System.String"},"Value":"Unit_tests.UnitTest1"},{"Key":{"Id":"TestCase.Hierarchy","Label":"Hierarchy","Category":"","Description":"","Attributes":2,"ValueType":"System.String[]"},"Value":[null,"Unit_tests","UnitTest1","TestExplicitBool_False"]},{"Key":{"Id":"MSTest.TestIdGenerationStrategy","Label":"TestIdGenerationStrategy","Category":"","Description":"","Attributes":1,"ValueType":"System.Int32"},"Value":2},{"Key":{"Id":"TestObject.Traits","Label":"Признаки","Category":"","Description":"","Attributes":5,"ValueType":"System.Collections.Generic.KeyValuePair`2[[System.String],[System.String]][]"},"Value":[]},{"Key":{"Id":"TestCase.ManagedType","Label":"ManagedType","Category":"","Description":"","Attributes":1,"ValueType":"System.String"},"Value":"Unit_tests.UnitTest1"}]},"Attachments":[],"Outcome":1,"ErrorMessage":null,"ErrorStackTrace":null,"DisplayName":"TestExplicitBool_False","Messages":[],"ComputerName":"LVK7667","Duration":"00:00:00.0001269","StartTime":"2025-02-16T22:41:04.1388999+05:00","EndTime":"2025-02-16T22:41:04.1391857+05:00","Properties":[{"Key":{"Id":"ExecutionId","Label":"ExecutionId","Category":"","Description":"","Attributes":1,"ValueType":"System.Guid"},"Value":"00000000-0000-0000-0000-000000000000"},{"Key":{"Id":"ParentExecId","Label":"ParentExecId","Category":"","Description":"","Attributes":1,"ValueType":"System.Guid"},"Value":"00000000-0000-0000-0000-000000000000"},{"Key":{"Id":"InnerResultsCount","Label":"InnerResultsCount","Category":"","Description":"","Attributes":1,"ValueType":"System.Int32"},"Value":0}]},{"TestCase":{"Id":"b24be11d-ea9f-c83a-038e-70048e3b9587","FullyQualifiedName":"Unit_tests.UnitTest1.TestExplicitBool_Null","DisplayName":"TestExplicitBool_Null","ExecutorUri":"executor://MSTestAdapter/v2","Source":"C:\\Users\\vikal\\source\\repos\\Unit tests\\bin\\Debug\\net8.0\\fine-code-coverage\\build-output\\Unit tests.dll","CodeFilePath":null,"LineNumber":-1,"Properties":[{"Key":{"Id":"TestCase.ManagedMethod","Label":"ManagedMethod","Category":"","Description":"","Attributes":1,"ValueType":"System.String"},"Value":"TestExplicitBool_Null"},{"Key":{"Id":"MSTestDiscoverer.TestClassName","Label":"ClassName","Category":"","Description":"","Attributes":1,"ValueType":"System.String"},"Value":"Unit_tests.UnitTest1"},{"Key":{"Id":"TestCase.Hierarchy","Label":"Hierarchy","Category":"","Description":"","Attributes":2,"ValueType":"System.String[]"},"Value":[null,"Unit_tests","UnitTest1","TestExplicitBool_Null"]},{"Key":{"Id":"MSTest.TestIdGenerationStrategy","Label":"TestIdGenerationStrategy","Category":"","Description":"","Attributes":1,"ValueType":"System.Int32"},"Value":2},{"Key":{"Id":"TestObject.Traits","Label":"Признаки","Category":"","Description":"","Attributes":5,"ValueType":"System.Collections.Generic.KeyValuePair`2[[System.String],[System.String]][]"},"Value":[]},{"Key":{"Id":"TestCase.ManagedType","Label":"ManagedType","Category":"","Description":"","Attributes":1,"ValueType":"System.String"},"Value":"Unit_tests.UnitTest1"}]},"Attachments":[],"Outcome":2,"ErrorMessage":"Метод теста создал исключение \"System.NullReferenceException\", а ожидалось исключение \"System.ArgumentNullException\". Сообщение исключения: \"System.NullReferenceException: Object reference not set to an instance of an object.\".","ErrorStackTrace":"   at Лаб_раб_9.Car..ctor(Car other) in C:\\Users\\vikal\\source\\repos\\Лаб-раб-9\\Car.cs:line 74\r\n   at Unit_tests.UnitTest1.TestExplicitBool_Null() in C:\\Users\\vikal\\source\\repos\\Unit tests\\UnitTest1.cs:line 136\r\n   at System.RuntimeMethodHandle.InvokeMethod(Object target, Void** arguments, Signature sig, Boolean isConstructor)\r\n   at System.Reflection.MethodBaseInvoker.InterpretedInvoke_Method(Object obj, IntPtr* args)\r\n   at System.Reflection.MethodBaseInvoker.InvokeWithNoArgs(Object obj, BindingFlags invokeAttr)\r\n","DisplayName":"TestExplicitBool_Null","Messages":[],"ComputerName":"LVK7667","Duration":"00:00:00.0004243","StartTime":"2025-02-16T22:41:04.1410149+05:00","EndTime":"2025-02-16T22:41:04.1417114+05:00","Properties":[{"Key":{"Id":"ExecutionId","Label":"ExecutionId","Category":"","Description":"","Attributes":1,"ValueType":"System.Guid"},"Value":"00000000-0000-0000-0000-000000000000"},{"Key":{"Id":"ParentExecId","Label":"ParentExecId","Category":"","Description":"","Attributes":1,"ValueType":"System.Guid"},"Value":"00000000-0000-0000-0000-000000000000"},{"Key":{"Id":"InnerResultsCount","Label":"InnerResultsCount","Category":"","Description":"","Attributes":1,"ValueType":"System.Int32"},"Value":0}]},{"TestCase":{"Id":"738e8199-81bd-270e-3040-883109b3db44","FullyQualifiedName":"Unit_tests.UnitTest1.TestImplicitDouble_True","DisplayName":"TestImplicitDouble_True","ExecutorUri":"executor://MSTestAdapter/v2","Source":"C:\\Users\\vikal\\source\\repos\\Unit tests\\bin\\Debug\\net8.0\\fine-code-coverage\\build-output\\Unit tests.dll","CodeFilePath":null,"LineNumber":-1,"Properties":[{"Key":{"Id":"TestCase.ManagedMethod","Label":"ManagedMethod","Category":"","Description":"","Attributes":1,"ValueType":"System.String"},"Value":"TestImplicitDouble_True"},{"Key":{"Id":"MSTestDiscoverer.TestClassName","Label":"ClassName","Category":"","Description":"","Attributes":1,"ValueType":"System.String"},"Value":"Unit_tests.UnitTest1"},{"Key":{"Id":"TestCase.Hierarchy","Label":"Hierarchy","Category":"","Description":"","Attributes":2,"ValueType":"System.String[]"},"Value":[null,"Unit_tests","UnitTest1","TestImplicitDouble_True"]},{"Key":{"Id":"MSTest.TestIdGenerationStrategy","Label":"TestIdGenerationStrategy","Category":"","Description":"","Attributes":1,"ValueType":"System.Int32"},"Value":2},{"Key":{"Id":"TestObject.Traits","Label":"Признаки","Category":"","Description":"","Attributes":5,"ValueType":"System.Collections.Generic.KeyValuePair`2[[System.String],[System.String]][]"},"Value":[]},{"Key":{"Id":"TestCase.ManagedType","Label":"ManagedType","Category":"","Description":"","Attributes":1,"ValueType":"System.String"},"Value":"Unit_tests.UnitTest1"}]},"Attachments":[],"Outcome":1,"ErrorMessage":null,"ErrorStackTrace":null,"DisplayName":"TestImplicitDouble_True","Messages":[],"ComputerName":"LVK7667","Duration":"00:00:00.0002672","StartTime":"2025-02-16T22:41:04.1442477+05:00","EndTime":"2025-02-16T22:41:04.144696+05:00","Properties":[{"Key":{"Id":"ExecutionId","Label":"ExecutionId","Category":"","Description":"","Attributes":1,"ValueType":"System.Guid"},"Value":"00000000-0000-0000-0000-000000000000"},{"Key":{"Id":"ParentExecId","Label":"ParentExecId","Category":"","Description":"","Attributes":1,"ValueType":"System.Guid"},"Value":"00000000-0000-0000-0000-000000000000"},{"Key":{"Id":"InnerResultsCount","Label":"InnerResultsCount","Category":"","Description":"","Attributes":1,"ValueType":"System.Int32"},"Value":0}]},{"TestCase":{"Id":"c7096b5c-b1dc-dc3e-0079-fb468ada5507","FullyQualifiedName":"Unit_tests.UnitTest1.TestImplicitDouble_False","DisplayName":"TestImplicitDouble_False","ExecutorUri":"executor://MSTestAdapter/v2","Source":"C:\\Users\\vikal\\source\\repos\\Unit tests\\bin\\Debug\\net8.0\\fine-code-coverage\\build-output\\Unit tests.dll","CodeFilePath":null,"LineNumber":-1,"Properties":[{"Key":{"Id":"TestCase.ManagedMethod","Label":"ManagedMethod","Category":"","Description":"","Attributes":1,"ValueType":"System.String"},"Value":"TestImplicitDouble_False"},{"Key":{"Id":"MSTestDiscoverer.TestClassName","Label":"ClassName","Category":"","Description":"","Attributes":1,"ValueType":"System.String"},"Value":"Unit_tests.UnitTest1"},{"Key":{"Id":"TestCase.Hierarchy","Label":"Hierarchy","Category":"","Description":"","Attributes":2,"ValueType":"System.String[]"},"Value":[null,"Unit_tests","UnitTest1","TestImplicitDouble_False"]},{"Key":{"Id":"MSTest.TestIdGenerationStrategy","Label":"TestIdGenerationStrategy","Category":"","Description":"","Attributes":1,"ValueType":"System.Int32"},"Value":2},{"Key":{"Id":"TestObject.Traits","Label":"Признаки","Category":"","Description":"","Attributes":5,"ValueType":"System.Collections.Generic.KeyValuePair`2[[System.String],[System.String]][]"},"Value":[]},{"Key":{"Id":"TestCase.ManagedType","Label":"ManagedType","Category":"","Description":"","Attributes":1,"ValueType":"System.String"},"Value":"Unit_tests.UnitTest1"}]},"Attachments":[],"Outcome":1,"ErrorMessage":null,"ErrorStackTrace":null,"DisplayName":"TestImplicitDouble_False","Messages":[],"ComputerName":"LVK7667","Duration":"00:00:00.0001247","StartTime":"2025-02-16T22:41:04.1500905+05:00","EndTime":"2025-02-16T22:41:04.150387+05:00","Properties":[{"Key":{"Id":"ExecutionId","Label":"ExecutionId","Category":"","Description":"","Attributes":1,"ValueType":"System.Guid"},"Value":"00000000-0000-0000-0000-000000000000"},{"Key":{"Id":"ParentExecId","Label":"ParentExecId","Category":"","Description":"","Attributes":1,"ValueType":"System.Guid"},"Value":"00000000-0000-0000-0000-000000000000"},{"Key":{"Id":"InnerResultsCount","Label":"InnerResultsCount","Category":"","Description":"","Attributes":1,"ValueType":"System.Int32"},"Value":0}]},{"TestCase":{"Id":"50c0f66f-b4e1-7e6f-2920-1f6893a5a221","FullyQualifiedName":"Unit_tests.UnitTest1.TestLeftAddOperator","DisplayName":"TestLeftAddOperator","ExecutorUri":"executor://MSTestAdapter/v2","Source":"C:\\Users\\vikal\\source\\repos\\Unit tests\\bin\\Debug\\net8.0\\fine-code-coverage\\build-output\\Unit tests.dll","CodeFilePath":null,"LineNumber":-1,"Properties":[{"Key":{"Id":"TestCase.ManagedMethod","Label":"ManagedMethod","Category":"","Description":"","Attributes":1,"ValueType":"System.String"},"Value":"TestLeftAddOperator"},{"Key":{"Id":"MSTestDiscoverer.TestClassName","Label":"ClassName","Category":"","Description":"","Attributes":1,"ValueType":"System.String"},"Value":"Unit_tests.UnitTest1"},{"Key":{"Id":"TestCase.Hierarchy","Label":"Hierarchy","Category":"","Description":"","Attributes":2,"ValueType":"System.String[]"},"Value":[null,"Unit_tests","UnitTest1","TestLeftAddOperator"]},{"Key":{"Id":"MSTest.TestIdGenerationStrategy","Label":"TestIdGenerationStrategy","Category":"","Description":"","Attributes":1,"ValueType":"System.Int32"},"Value":2},{"Key":{"Id":"TestObject.Traits","Label":"Признаки","Category":"","Description":"","Attributes":5,"ValueType":"System.Collections.Generic.KeyValuePair`2[[System.String],[System.String]][]"},"Value":[]},{"Key":{"Id":"TestCase.ManagedType","Label":"ManagedType","Category":"","Description":"","Attributes":1,"ValueType":"System.String"},"Value":"Unit_tests.UnitTest1"}]},"Attachments":[],"Outcome":1,"ErrorMessage":null,"ErrorStackTrace":null,"DisplayName":"TestLeftAddOperator","Messages":[],"ComputerName":"LVK7667","Duration":"00:00:00.0002463","StartTime":"2025-02-16T22:41:04.1532002+05:00","EndTime":"2025-02-16T22:41:04.1536046+05:00","Properties":[{"Key":{"Id":"ExecutionId","Label":"ExecutionId","Category":"","Description":"","Attributes":1,"ValueType":"System.Guid"},"Value":"00000000-0000-0000-0000-000000000000"},{"Key":{"Id":"ParentExecId","Label":"ParentExecId","Category":"","Description":"","Attributes":1,"ValueType":"System.Guid"},"Value":"00000000-0000-0000-0000-000000000000"},{"Key":{"Id":"InnerResultsCount","Label":"InnerResultsCount","Category":"","Description":"","Attributes":1,"ValueType":"System.Int32"},"Value":0}]},{"TestCase":{"Id":"f8de51b5-a80f-0b57-38a8-ef1ee2cbc406","FullyQualifiedName":"Unit_tests.UnitTest1.TestRightAddOperator","DisplayName":"TestRightAddOperator","ExecutorUri":"executor://MSTestAdapter/v2","Source":"C:\\Users\\vikal\\source\\repos\\Unit tests\\bin\\Debug\\net8.0\\fine-code-coverage\\build-output\\Unit tests.dll","CodeFilePath":null,"LineNumber":-1,"Properties":[{"Key":{"Id":"TestCase.ManagedMethod","Label":"ManagedMethod","Category":"","Description":"","Attributes":1,"ValueType":"System.String"},"Value":"TestRightAddOperator"},{"Key":{"Id":"MSTestDiscoverer.TestClassName","Label":"ClassName","Category":"","Description":"","Attributes":1,"ValueType":"System.String"},"Value":"Unit_tests.UnitTest1"},{"Key":{"Id":"TestCase.Hierarchy","Label":"Hierarchy","Category":"","Description":"","Attributes":2,"ValueType":"System.String[]"},"Value":[null,"Unit_tests","UnitTest1","TestRightAddOperator"]},{"Key":{"Id":"MSTest.TestIdGenerationStrategy","Label":"TestIdGenerationStrategy","Category":"","Description":"","Attributes":1,"ValueType":"System.Int32"},"Value":2},{"Key":{"Id":"TestObject.Traits","Label":"Признаки","Category":"","Description":"","Attributes":5,"ValueType":"System.Collections.Generic.KeyValuePair`2[[System.String],[System.String]][]"},"Value":[]},{"Key":{"Id":"TestCase.ManagedType","Label":"ManagedType","Category":"","Description":"","Attributes":1,"ValueType":"System.String"},"Value":"Unit_tests.UnitTest1"}]},"Attachments":[],"Outcome":1,"ErrorMessage":null,"ErrorStackTrace":null,"DisplayName":"TestRightAddOperator","Messages":[],"ComputerName":"LVK7667","Duration":"00:00:00.0002798","StartTime":"2025-02-16T22:41:04.1557494+05:00","EndTime":"2025-02-16T22:41:04.1561993+05:00","Properties":[{"Key":{"Id":"ExecutionId","Label":"ExecutionId","Category":"","Description":"","Attributes":1,"ValueType":"System.Guid"},"Value":"00000000-0000-0000-0000-000000000000"},{"Key":{"Id":"ParentExecId","Label":"ParentExecId","Category":"","Description":"","Attributes":1,"ValueType":"System.Guid"},"Value":"00000000-0000-0000-0000-000000000000"},{"Key":{"Id":"InnerResultsCount","Label":"InnerResultsCount","Category":"","Description":"","Attributes":1,"ValueType":"System.Int32"},"Value":0}]},{"TestCase":{"Id":"2efc81fb-d984-e50e-abd0-b8fa85e92530","FullyQualifiedName":"Unit_tests.UnitTest1.TestEqualityOperator_True","DisplayName":"TestEqualityOperator_True","ExecutorUri":"executor://MSTestAdapter/v2","Source":"C:\\Users\\vikal\\source\\repos\\Unit tests\\bin\\Debug\\net8.0\\fine-code-coverage\\build-output\\Unit tests.dll","CodeFilePath":null,"LineNumber":-1,"Properties":[{"Key":{"Id":"TestCase.ManagedMethod","Label":"ManagedMethod","Category":"","Description":"","Attributes":1,"ValueType":"System.String"},"Value":"TestEqualityOperator_True"},{"Key":{"Id":"MSTestDiscoverer.TestClassName","Label":"ClassName","Category":"","Description":"","Attributes":1,"ValueType":"System.String"},"Value":"Unit_tests.UnitTest1"},{"Key":{"Id":"TestCase.Hierarchy","Label":"Hierarchy","Category":"","Description":"","Attributes":2,"ValueType":"System.String[]"},"Value":[null,"Unit_tests","UnitTest1","TestEqualityOperator_True"]},{"Key":{"Id":"MSTest.TestIdGenerationStrategy","Label":"TestIdGenerationStrategy","Category":"","Description":"","Attributes":1,"ValueType":"System.Int32"},"Value":2},{"Key":{"Id":"TestObject.Traits","Label":"Признаки","Category":"","Description":"","Attributes":5,"ValueType":"System.Collections.Generic.KeyValuePair`2[[System.String],[System.String]][]"},"Value":[]},{"Key":{"Id":"TestCase.ManagedType","Label":"ManagedType","Category":"","Description":"","Attributes":1,"ValueType":"System.String"},"Value":"Unit_tests.UnitTest1"}]},"Attachments":[],"Outcome":2,"ErrorMessage":"Сбой Assert.IsFalse. ","ErrorStackTrace":"   at Unit_tests.UnitTest1.TestEqualityOperator_True() in C:\\Users\\vikal\\source\\repos\\Unit tests\\UnitTest1.cs:line 196\r\n   at System.RuntimeMethodHandle.InvokeMethod(Object target, Void** arguments, Signature sig, Boolean isConstructor)\r\n   at System.Reflection.MethodBaseInvoker.InterpretedInvoke_Method(Object obj, IntPtr* args)\r\n   at System.Reflection.MethodBaseInvoker.InvokeWithNoArgs(Object obj, BindingFlags invokeAttr)\r\n","DisplayName":"TestEqualityOperator_True","Messages":[],"ComputerName":"LVK7667","Duration":"00:00:00.0023910","StartTime":"2025-02-16T22:41:04.1585161+05:00","EndTime":"2025-02-16T22:41:04.1610926+05:00","Properties":[{"Key":{"Id":"ExecutionId","Label":"ExecutionId","Category":"","Description":"","Attributes":1,"ValueType":"System.Guid"},"Value":"00000000-0000-0000-0000-000000000000"},{"Key":{"Id":"ParentExecId","Label":"ParentExecId","Category":"","Description":"","Attributes":1,"ValueType":"System.Guid"},"Value":"00000000-0000-0000-0000-000000000000"},{"Key":{"Id":"InnerResultsCount","Label":"InnerResultsCount","Category":"","Description":"","Attributes":1,"ValueType":"System.Int32"},"Value":0}]}],"TestRunStatistics":{"ExecutedTests":18,"Stats":{"Passed":15,"Failed":3}},"ActiveTests":[{"Id":"53a1a89d-09c6-9fd0-6fe5-4cf01dc59de3","FullyQualifiedName":"Unit_tests.UnitTest1.TestEqualityOperator_False","DisplayName":"TestEqualityOperator_False","ExecutorUri":"executor://MSTestAdapter/v2","Source":"C:\\Users\\vikal\\source\\repos\\Unit tests\\bin\\Debug\\net8.0\\fine-code-coverage\\build-output\\Unit tests.dll","CodeFilePath":null,"LineNumber":-1,"Properties":[{"Key":{"Id":"TestCase.ManagedMethod","Label":"ManagedMethod","Category":"","Description":"","Attributes":1,"ValueType":"System.String"},"Value":"TestEqualityOperator_False"},{"Key":{"Id":"MSTestDiscoverer.TestClassName","Label":"ClassName","Category":"","Description":"","Attributes":1,"ValueType":"System.String"},"Value":"Unit_tests.UnitTest1"},{"Key":{"Id":"TestCase.Hierarchy","Label":"Hierarchy","Category":"","Description":"","Attributes":2,"ValueType":"System.String[]"},"Value":[null,"Unit_tests","UnitTest1","TestEqualityOperator_False"]},{"Key":{"Id":"MSTest.TestIdGenerationStrategy","Label":"TestIdGenerationStrategy","Category":"","Description":"","Attributes":1,"ValueType":"System.Int32"},"Value":2},{"Key":{"Id":"TestObject.Traits","Label":"Признаки","Category":"","Description":"","Attributes":5,"ValueType":"System.Collections.Generic.KeyValuePair`2[[System.String],[System.String]][]"},"Value":[]},{"Key":{"Id":"TestCase.ManagedType","Label":"ManagedType","Category":"","Description":"","Attributes":1,"ValueType":"System.String"},"Value":"Unit_tests.UnitTest1"}]}]}}
TpTrace Verbose: 0 : 23012, 4, 2025/02/16, 22:41:04.163, 2356432056930, testhost.x86.dll, TestRunCache: OnNewTestResult: Notified the onCacheHit callback.
TpTrace Verbose: 0 : 23012, 4, 2025/02/16, 22:41:04.165, 2356432068165, testhost.x86.dll, MulticastDelegateUtilities.SafeInvoke: TestCaseEventsHandler.RaiseTestCaseStart: Invoking callback 1/1 for Microsoft.VisualStudio.TestPlatform.CrossPlatEngine.DataCollection.ProxyOutOfProcDataCollectionManager., took 1 ms.
TpTrace Information: 0 : 23012, 4, 2025/02/16, 22:41:04.165, 2356432068938, testhost.x86.dll, MSTest - Executing test TestEqualityOperator_False
TpTrace Information: 0 : 23012, 4, 2025/02/16, 22:41:04.165, 2356432071575, testhost.x86.dll, MSTest - Executed test TestEqualityOperator_False
TpTrace Verbose: 0 : 23012, 4, 2025/02/16, 22:41:04.165, 2356432072223, testhost.x86.dll, TestExecutionRecorder.RecordEnd: test: Unit_tests.UnitTest1.TestEqualityOperator_False execution completed.
TpTrace Warning: 0 : 23012, 4, 2025/02/16, 22:41:04.165, 2356432072584, testhost.x86.dll, TestRunCache: InProgressTests is null
TpTrace Verbose: 0 : 23012, 4, 2025/02/16, 22:41:04.166, 2356432083327, testhost.x86.dll, MulticastDelegateUtilities.SafeInvoke: TestCaseEventsHandler.RaiseTestCaseEnd: Invoking callback 1/1 for Microsoft.VisualStudio.TestPlatform.CrossPlatEngine.DataCollection.ProxyOutOfProcDataCollectionManager., took 1 ms.
TpTrace Verbose: 0 : 23012, 4, 2025/02/16, 22:41:04.166, 2356432083965, testhost.x86.dll, TestExecutionRecorder.RecordResult: Received result for test: Unit_tests.UnitTest1.TestEqualityOperator_False.
TpTrace Verbose: 0 : 23012, 4, 2025/02/16, 22:41:04.166, 2356432084410, testhost.x86.dll, MulticastDelegateUtilities.SafeInvoke: TestCaseEventsHandler.RaiseTestCaseEnd: Invoking callback 1/1 for Microsoft.VisualStudio.TestPlatform.CrossPlatEngine.DataCollection.ProxyOutOfProcDataCollectionManager., took 0 ms.
TpTrace Warning: 0 : 23012, 4, 2025/02/16, 22:41:04.166, 2356432084769, testhost.x86.dll, TestRunCache: InProgressTests is null
TpTrace Warning: 0 : 23012, 4, 2025/02/16, 22:41:04.166, 2356432085073, testhost.x86.dll, TestRunCache: No test found corresponding to testResult 'TestEqualityOperator_False' in inProgress list.
TpTrace Verbose: 0 : 23012, 4, 2025/02/16, 22:41:04.166, 2356432085713, testhost.x86.dll, TestExecutionRecorder.RecordStart: Starting test: Unit_tests.UnitTest1.TestInequalityOperator_True.
TpTrace Verbose: 0 : 23012, 4, 2025/02/16, 22:41:04.167, 2356432095816, testhost.x86.dll, MulticastDelegateUtilities.SafeInvoke: TestCaseEventsHandler.RaiseTestCaseStart: Invoking callback 1/1 for Microsoft.VisualStudio.TestPlatform.CrossPlatEngine.DataCollection.ProxyOutOfProcDataCollectionManager., took 0 ms.
TpTrace Information: 0 : 23012, 4, 2025/02/16, 22:41:04.167, 2356432096480, testhost.x86.dll, MSTest - Executing test TestInequalityOperator_True
TpTrace Information: 0 : 23012, 4, 2025/02/16, 22:41:04.168, 2356432099358, testhost.x86.dll, MSTest - Executed test TestInequalityOperator_True
TpTrace Verbose: 0 : 23012, 4, 2025/02/16, 22:41:04.168, 2356432099996, testhost.x86.dll, TestExecutionRecorder.RecordEnd: test: Unit_tests.UnitTest1.TestInequalityOperator_True execution completed.
TpTrace Verbose: 0 : 23012, 4, 2025/02/16, 22:41:04.169, 2356432110007, testhost.x86.dll, MulticastDelegateUtilities.SafeInvoke: TestCaseEventsHandler.RaiseTestCaseEnd: Invoking callback 1/1 for Microsoft.VisualStudio.TestPlatform.CrossPlatEngine.DataCollection.ProxyOutOfProcDataCollectionManager., took 0 ms.
TpTrace Verbose: 0 : 23012, 4, 2025/02/16, 22:41:04.169, 2356432110511, testhost.x86.dll, TestExecutionRecorder.RecordResult: Received result for test: Unit_tests.UnitTest1.TestInequalityOperator_True.
TpTrace Verbose: 0 : 23012, 4, 2025/02/16, 22:41:04.169, 2356432111489, testhost.x86.dll, MulticastDelegateUtilities.SafeInvoke: TestCaseEventsHandler.RaiseTestCaseEnd: Invoking callback 1/1 for Microsoft.VisualStudio.TestPlatform.CrossPlatEngine.DataCollection.ProxyOutOfProcDataCollectionManager., took 0 ms.
TpTrace Warning: 0 : 23012, 4, 2025/02/16, 22:41:04.169, 2356432111936, testhost.x86.dll, TestRunCache: InProgressTests is null
TpTrace Warning: 0 : 23012, 4, 2025/02/16, 22:41:04.169, 2356432112257, testhost.x86.dll, TestRunCache: No test found corresponding to testResult 'TestInequalityOperator_True' in inProgress list.
TpTrace Verbose: 0 : 23012, 4, 2025/02/16, 22:41:04.169, 2356432112815, testhost.x86.dll, TestExecutionRecorder.RecordStart: Starting test: Unit_tests.UnitTest1.TestInequalityOperator_False.
TpTrace Verbose: 0 : 23012, 4, 2025/02/16, 22:41:04.170, 2356432122219, testhost.x86.dll, MulticastDelegateUtilities.SafeInvoke: TestCaseEventsHandler.RaiseTestCaseStart: Invoking callback 1/1 for Microsoft.VisualStudio.TestPlatform.CrossPlatEngine.DataCollection.ProxyOutOfProcDataCollectionManager., took 0 ms.
TpTrace Information: 0 : 23012, 4, 2025/02/16, 22:41:04.170, 2356432122717, testhost.x86.dll, MSTest - Executing test TestInequalityOperator_False
TpTrace Information: 0 : 23012, 4, 2025/02/16, 22:41:04.170, 2356432126864, testhost.x86.dll, MSTest - Executed test TestInequalityOperator_False
TpTrace Verbose: 0 : 23012, 4, 2025/02/16, 22:41:04.171, 2356432127423, testhost.x86.dll, TestExecutionRecorder.RecordEnd: test: Unit_tests.UnitTest1.TestInequalityOperator_False execution completed.
TpTrace Verbose: 0 : 23012, 4, 2025/02/16, 22:41:04.172, 2356432138222, testhost.x86.dll, MulticastDelegateUtilities.SafeInvoke: TestCaseEventsHandler.RaiseTestCaseEnd: Invoking callback 1/1 for Microsoft.VisualStudio.TestPlatform.CrossPlatEngine.DataCollection.ProxyOutOfProcDataCollectionManager., took 1 ms.
TpTrace Information: 0 : 23012, 4, 2025/02/16, 22:41:04.172, 2356432138789, testhost.x86.dll, MSTest - MSTestExecutor:Test Unit_tests.UnitTest1.TestInequalityOperator_False failed. ErrorMessage:Сбой Assert.IsTrue. , ErrorStackTrace:   at Unit_tests.UnitTest1.TestInequalityOperator_False() in C:\Users\vikal\source\repos\Unit tests\UnitTest1.cs:line 226
   at System.RuntimeMethodHandle.InvokeMethod(Object target, Void** arguments, Signature sig, Boolean isConstructor)
   at System.Reflection.MethodBaseInvoker.InterpretedInvoke_Method(Object obj, IntPtr* args)
   at System.Reflection.MethodBaseInvoker.InvokeWithNoArgs(Object obj, BindingFlags invokeAttr)
.
TpTrace Verbose: 0 : 23012, 4, 2025/02/16, 22:41:04.172, 2356432139131, testhost.x86.dll, TestExecutionRecorder.RecordResult: Received result for test: Unit_tests.UnitTest1.TestInequalityOperator_False.
TpTrace Verbose: 0 : 23012, 4, 2025/02/16, 22:41:04.172, 2356432139482, testhost.x86.dll, MulticastDelegateUtilities.SafeInvoke: TestCaseEventsHandler.RaiseTestCaseEnd: Invoking callback 1/1 for Microsoft.VisualStudio.TestPlatform.CrossPlatEngine.DataCollection.ProxyOutOfProcDataCollectionManager., took 0 ms.
TpTrace Warning: 0 : 23012, 4, 2025/02/16, 22:41:04.172, 2356432139805, testhost.x86.dll, TestRunCache: InProgressTests is null
TpTrace Warning: 0 : 23012, 4, 2025/02/16, 22:41:04.172, 2356432140097, testhost.x86.dll, TestRunCache: No test found corresponding to testResult 'TestInequalityOperator_False' in inProgress list.
TpTrace Verbose: 0 : 23012, 4, 2025/02/16, 22:41:04.172, 2356432140630, testhost.x86.dll, TestExecutionRecorder.RecordStart: Starting test: Unit_tests.UnitTest1.TestEqualMethod_True.
TpTrace Verbose: 0 : 23012, 4, 2025/02/16, 22:41:04.173, 2356432150894, testhost.x86.dll, MulticastDelegateUtilities.SafeInvoke: TestCaseEventsHandler.RaiseTestCaseStart: Invoking callback 1/1 for Microsoft.VisualStudio.TestPlatform.CrossPlatEngine.DataCollection.ProxyOutOfProcDataCollectionManager., took 0 ms.
TpTrace Information: 0 : 23012, 4, 2025/02/16, 22:41:04.173, 2356432151894, testhost.x86.dll, MSTest - Executing test TestEqualMethod_True
TpTrace Information: 0 : 23012, 4, 2025/02/16, 22:41:04.173, 2356432156137, testhost.x86.dll, MSTest - Executed test TestEqualMethod_True
TpTrace Verbose: 0 : 23012, 4, 2025/02/16, 22:41:04.173, 2356432156787, testhost.x86.dll, TestExecutionRecorder.RecordEnd: test: Unit_tests.UnitTest1.TestEqualMethod_True execution completed.
TpTrace Verbose: 0 : 23012, 4, 2025/02/16, 22:41:04.175, 2356432168061, testhost.x86.dll, MulticastDelegateUtilities.SafeInvoke: TestCaseEventsHandler.RaiseTestCaseEnd: Invoking callback 1/1 for Microsoft.VisualStudio.TestPlatform.CrossPlatEngine.DataCollection.ProxyOutOfProcDataCollectionManager., took 1 ms.
TpTrace Verbose: 0 : 23012, 4, 2025/02/16, 22:41:04.175, 2356432168595, testhost.x86.dll, TestExecutionRecorder.RecordResult: Received result for test: Unit_tests.UnitTest1.TestEqualMethod_True.
TpTrace Verbose: 0 : 23012, 4, 2025/02/16, 22:41:04.175, 2356432169102, testhost.x86.dll, MulticastDelegateUtilities.SafeInvoke: TestCaseEventsHandler.RaiseTestCaseEnd: Invoking callback 1/1 for Microsoft.VisualStudio.TestPlatform.CrossPlatEngine.DataCollection.ProxyOutOfProcDataCollectionManager., took 0 ms.
TpTrace Warning: 0 : 23012, 4, 2025/02/16, 22:41:04.175, 2356432169474, testhost.x86.dll, TestRunCache: InProgressTests is null
TpTrace Warning: 0 : 23012, 4, 2025/02/16, 22:41:04.175, 2356432169779, testhost.x86.dll, TestRunCache: No test found corresponding to testResult 'TestEqualMethod_True' in inProgress list.
TpTrace Verbose: 0 : 23012, 4, 2025/02/16, 22:41:04.175, 2356432170303, testhost.x86.dll, TestExecutionRecorder.RecordStart: Starting test: Unit_tests.UnitTest1.TestEqualMethod_False.
TpTrace Verbose: 0 : 23012, 4, 2025/02/16, 22:41:04.179, 2356432216958, testhost.x86.dll, MulticastDelegateUtilities.SafeInvoke: TestCaseEventsHandler.RaiseTestCaseStart: Invoking callback 1/1 for Microsoft.VisualStudio.TestPlatform.CrossPlatEngine.DataCollection.ProxyOutOfProcDataCollectionManager., took 4 ms.
TpTrace Information: 0 : 23012, 4, 2025/02/16, 22:41:04.180, 2356432217793, testhost.x86.dll, MSTest - Executing test TestEqualMethod_False
TpTrace Information: 0 : 23012, 4, 2025/02/16, 22:41:04.180, 2356432220493, testhost.x86.dll, MSTest - Executed test TestEqualMethod_False
TpTrace Verbose: 0 : 23012, 4, 2025/02/16, 22:41:04.180, 2356432221147, testhost.x86.dll, TestExecutionRecorder.RecordEnd: test: Unit_tests.UnitTest1.TestEqualMethod_False execution completed.
TpTrace Verbose: 0 : 23012, 4, 2025/02/16, 22:41:04.181, 2356432228990, testhost.x86.dll, MulticastDelegateUtilities.SafeInvoke: TestCaseEventsHandler.RaiseTestCaseEnd: Invoking callback 1/1 for Microsoft.VisualStudio.TestPlatform.CrossPlatEngine.DataCollection.ProxyOutOfProcDataCollectionManager., took 0 ms.
TpTrace Verbose: 0 : 23012, 4, 2025/02/16, 22:41:04.181, 2356432229494, testhost.x86.dll, TestExecutionRecorder.RecordResult: Received result for test: Unit_tests.UnitTest1.TestEqualMethod_False.
TpTrace Verbose: 0 : 23012, 4, 2025/02/16, 22:41:04.181, 2356432229865, testhost.x86.dll, MulticastDelegateUtilities.SafeInvoke: TestCaseEventsHandler.RaiseTestCaseEnd: Invoking callback 1/1 for Microsoft.VisualStudio.TestPlatform.CrossPlatEngine.DataCollection.ProxyOutOfProcDataCollectionManager., took 0 ms.
TpTrace Warning: 0 : 23012, 4, 2025/02/16, 22:41:04.181, 2356432230215, testhost.x86.dll, TestRunCache: InProgressTests is null
TpTrace Warning: 0 : 23012, 4, 2025/02/16, 22:41:04.181, 2356432230514, testhost.x86.dll, TestRunCache: No test found corresponding to testResult 'TestEqualMethod_False' in inProgress list.
TpTrace Verbose: 0 : 23012, 4, 2025/02/16, 22:41:04.181, 2356432231096, testhost.x86.dll, TestExecutionRecorder.RecordStart: Starting test: Unit_tests.UnitTest1.TestDefaultConstructor.
TpTrace Verbose: 0 : 23012, 4, 2025/02/16, 22:41:04.182, 2356432238345, testhost.x86.dll, MulticastDelegateUtilities.SafeInvoke: TestCaseEventsHandler.RaiseTestCaseStart: Invoking callback 1/1 for Microsoft.VisualStudio.TestPlatform.CrossPlatEngine.DataCollection.ProxyOutOfProcDataCollectionManager., took 0 ms.
TpTrace Information: 0 : 23012, 4, 2025/02/16, 22:41:04.182, 2356432239611, testhost.x86.dll, MSTest - Executing test TestDefaultConstructor
TpTrace Information: 0 : 23012, 4, 2025/02/16, 22:41:04.182, 2356432246644, testhost.x86.dll, MSTest - Executed test TestDefaultConstructor
TpTrace Verbose: 0 : 23012, 4, 2025/02/16, 22:41:04.182, 2356432247221, testhost.x86.dll, TestExecutionRecorder.RecordEnd: test: Unit_tests.UnitTest1.TestDefaultConstructor execution completed.
TpTrace Verbose: 0 : 23012, 4, 2025/02/16, 22:41:04.183, 2356432254605, testhost.x86.dll, MulticastDelegateUtilities.SafeInvoke: TestCaseEventsHandler.RaiseTestCaseEnd: Invoking callback 1/1 for Microsoft.VisualStudio.TestPlatform.CrossPlatEngine.DataCollection.ProxyOutOfProcDataCollectionManager., took 0 ms.
TpTrace Verbose: 0 : 23012, 4, 2025/02/16, 22:41:04.183, 2356432255226, testhost.x86.dll, TestExecutionRecorder.RecordResult: Received result for test: Unit_tests.UnitTest1.TestDefaultConstructor.
TpTrace Verbose: 0 : 23012, 4, 2025/02/16, 22:41:04.183, 2356432255645, testhost.x86.dll, MulticastDelegateUtilities.SafeInvoke: TestCaseEventsHandler.RaiseTestCaseEnd: Invoking callback 1/1 for Microsoft.VisualStudio.TestPlatform.CrossPlatEngine.DataCollection.ProxyOutOfProcDataCollectionManager., took 0 ms.
TpTrace Warning: 0 : 23012, 4, 2025/02/16, 22:41:04.183, 2356432256061, testhost.x86.dll, TestRunCache: InProgressTests is null
TpTrace Warning: 0 : 23012, 4, 2025/02/16, 22:41:04.183, 2356432256361, testhost.x86.dll, TestRunCache: No test found corresponding to testResult 'TestDefaultConstructor' in inProgress list.
TpTrace Verbose: 0 : 23012, 4, 2025/02/16, 22:41:04.183, 2356432256869, testhost.x86.dll, TestExecutionRecorder.RecordStart: Starting test: Unit_tests.UnitTest1.TestArrayConstructor_Length.
TpTrace Verbose: 0 : 23012, 4, 2025/02/16, 22:41:04.184, 2356432264912, testhost.x86.dll, MulticastDelegateUtilities.SafeInvoke: TestCaseEventsHandler.RaiseTestCaseStart: Invoking callback 1/1 for Microsoft.VisualStudio.TestPlatform.CrossPlatEngine.DataCollection.ProxyOutOfProcDataCollectionManager., took 0 ms.
TpTrace Information: 0 : 23012, 4, 2025/02/16, 22:41:04.184, 2356432265487, testhost.x86.dll, MSTest - Executing test TestArrayConstructor_Length
TpTrace Information: 0 : 23012, 4, 2025/02/16, 22:41:04.185, 2356432268781, testhost.x86.dll, MSTest - Executed test TestArrayConstructor_Length
TpTrace Verbose: 0 : 23012, 4, 2025/02/16, 22:41:04.185, 2356432269340, testhost.x86.dll, TestExecutionRecorder.RecordEnd: test: Unit_tests.UnitTest1.TestArrayConstructor_Length execution completed.
TpTrace Verbose: 0 : 23012, 4, 2025/02/16, 22:41:04.185, 2356432276417, testhost.x86.dll, MulticastDelegateUtilities.SafeInvoke: TestCaseEventsHandler.RaiseTestCaseEnd: Invoking callback 1/1 for Microsoft.VisualStudio.TestPlatform.CrossPlatEngine.DataCollection.ProxyOutOfProcDataCollectionManager., took 0 ms.
TpTrace Verbose: 0 : 23012, 4, 2025/02/16, 22:41:04.185, 2356432276893, testhost.x86.dll, TestExecutionRecorder.RecordResult: Received result for test: Unit_tests.UnitTest1.TestArrayConstructor_Length.
TpTrace Verbose: 0 : 23012, 4, 2025/02/16, 22:41:04.185, 2356432277279, testhost.x86.dll, MulticastDelegateUtilities.SafeInvoke: TestCaseEventsHandler.RaiseTestCaseEnd: Invoking callback 1/1 for Microsoft.VisualStudio.TestPlatform.CrossPlatEngine.DataCollection.ProxyOutOfProcDataCollectionManager., took 0 ms.
TpTrace Warning: 0 : 23012, 4, 2025/02/16, 22:41:04.186, 2356432277614, testhost.x86.dll, TestRunCache: InProgressTests is null
TpTrace Warning: 0 : 23012, 4, 2025/02/16, 22:41:04.186, 2356432277907, testhost.x86.dll, TestRunCache: No test found corresponding to testResult 'TestArrayConstructor_Length' in inProgress list.
TpTrace Verbose: 0 : 23012, 4, 2025/02/16, 22:41:04.186, 2356432278407, testhost.x86.dll, TestExecutionRecorder.RecordStart: Starting test: Unit_tests.UnitTest1.TestArrayCopyConstructor.
TpTrace Verbose: 0 : 23012, 4, 2025/02/16, 22:41:04.186, 2356432285325, testhost.x86.dll, MulticastDelegateUtilities.SafeInvoke: TestCaseEventsHandler.RaiseTestCaseStart: Invoking callback 1/1 for Microsoft.VisualStudio.TestPlatform.CrossPlatEngine.DataCollection.ProxyOutOfProcDataCollectionManager., took 0 ms.
TpTrace Information: 0 : 23012, 4, 2025/02/16, 22:41:04.186, 2356432285824, testhost.x86.dll, MSTest - Executing test TestArrayCopyConstructor
TpTrace Information: 0 : 23012, 4, 2025/02/16, 22:41:04.187, 2356432291265, testhost.x86.dll, MSTest - Executed test TestArrayCopyConstructor
TpTrace Verbose: 0 : 23012, 4, 2025/02/16, 22:41:04.187, 2356432291810, testhost.x86.dll, TestExecutionRecorder.RecordEnd: test: Unit_tests.UnitTest1.TestArrayCopyConstructor execution completed.
TpTrace Verbose: 0 : 23012, 4, 2025/02/16, 22:41:04.188, 2356432298472, testhost.x86.dll, MulticastDelegateUtilities.SafeInvoke: TestCaseEventsHandler.RaiseTestCaseEnd: Invoking callback 1/1 for Microsoft.VisualStudio.TestPlatform.CrossPlatEngine.DataCollection.ProxyOutOfProcDataCollectionManager., took 0 ms.
TpTrace Verbose: 0 : 23012, 4, 2025/02/16, 22:41:04.188, 2356432299085, testhost.x86.dll, TestExecutionRecorder.RecordResult: Received result for test: Unit_tests.UnitTest1.TestArrayCopyConstructor.
TpTrace Verbose: 0 : 23012, 4, 2025/02/16, 22:41:04.188, 2356432299439, testhost.x86.dll, MulticastDelegateUtilities.SafeInvoke: TestCaseEventsHandler.RaiseTestCaseEnd: Invoking callback 1/1 for Microsoft.VisualStudio.TestPlatform.CrossPlatEngine.DataCollection.ProxyOutOfProcDataCollectionManager., took 0 ms.
TpTrace Warning: 0 : 23012, 4, 2025/02/16, 22:41:04.188, 2356432299761, testhost.x86.dll, TestRunCache: InProgressTests is null
TpTrace Warning: 0 : 23012, 4, 2025/02/16, 22:41:04.188, 2356432300047, testhost.x86.dll, TestRunCache: No test found corresponding to testResult 'TestArrayCopyConstructor' in inProgress list.
TpTrace Verbose: 0 : 23012, 4, 2025/02/16, 22:41:04.188, 2356432300517, testhost.x86.dll, TestExecutionRecorder.RecordStart: Starting test: Unit_tests.UnitTest1.TestCopyConstructorNull.
TpTrace Verbose: 0 : 23012, 4, 2025/02/16, 22:41:04.188, 2356432306882, testhost.x86.dll, MulticastDelegateUtilities.SafeInvoke: TestCaseEventsHandler.RaiseTestCaseStart: Invoking callback 1/1 for Microsoft.VisualStudio.TestPlatform.CrossPlatEngine.DataCollection.ProxyOutOfProcDataCollectionManager., took 0 ms.
TpTrace Information: 0 : 23012, 4, 2025/02/16, 22:41:04.189, 2356432307369, testhost.x86.dll, MSTest - Executing test TestCopyConstructorNull
TpTrace Information: 0 : 23012, 4, 2025/02/16, 22:41:04.189, 2356432309815, testhost.x86.dll, MSTest - Executed test TestCopyConstructorNull
TpTrace Verbose: 0 : 23012, 4, 2025/02/16, 22:41:04.189, 2356432310305, testhost.x86.dll, TestExecutionRecorder.RecordEnd: test: Unit_tests.UnitTest1.TestCopyConstructorNull execution completed.
TpTrace Verbose: 0 : 23012, 4, 2025/02/16, 22:41:04.189, 2356432316918, testhost.x86.dll, MulticastDelegateUtilities.SafeInvoke: TestCaseEventsHandler.RaiseTestCaseEnd: Invoking callback 1/1 for Microsoft.VisualStudio.TestPlatform.CrossPlatEngine.DataCollection.ProxyOutOfProcDataCollectionManager., took 0 ms.
TpTrace Verbose: 0 : 23012, 4, 2025/02/16, 22:41:04.190, 2356432317480, testhost.x86.dll, TestExecutionRecorder.RecordResult: Received result for test: Unit_tests.UnitTest1.TestCopyConstructorNull.
TpTrace Verbose: 0 : 23012, 4, 2025/02/16, 22:41:04.190, 2356432317837, testhost.x86.dll, MulticastDelegateUtilities.SafeInvoke: TestCaseEventsHandler.RaiseTestCaseEnd: Invoking callback 1/1 for Microsoft.VisualStudio.TestPlatform.CrossPlatEngine.DataCollection.ProxyOutOfProcDataCollectionManager., took 0 ms.
TpTrace Warning: 0 : 23012, 4, 2025/02/16, 22:41:04.190, 2356432318161, testhost.x86.dll, TestRunCache: InProgressTests is null
TpTrace Warning: 0 : 23012, 4, 2025/02/16, 22:41:04.190, 2356432318446, testhost.x86.dll, TestRunCache: No test found corresponding to testResult 'TestCopyConstructorNull' in inProgress list.
TpTrace Verbose: 0 : 23012, 4, 2025/02/16, 22:41:04.190, 2356432318905, testhost.x86.dll, TestExecutionRecorder.RecordStart: Starting test: Unit_tests.UnitTest1.TestRandomConstructor.
TpTrace Information: 0 : 23012, 4, 2025/02/16, 22:41:04.190, 2356432319802, testhost.x86.dll, Sending test run statistics
TpTrace Verbose: 0 : 23012, 4, 2025/02/16, 22:41:04.190, 2356432325022, testhost.x86.dll, TestRequestHandler.SendData: sending data from testhost: {"Version":7,"MessageType":"TestExecution.StatsChange","Payload":{"NewTestResults":[{"TestCase":{"Id":"53a1a89d-09c6-9fd0-6fe5-4cf01dc59de3","FullyQualifiedName":"Unit_tests.UnitTest1.TestEqualityOperator_False","DisplayName":"TestEqualityOperator_False","ExecutorUri":"executor://MSTestAdapter/v2","Source":"C:\\Users\\vikal\\source\\repos\\Unit tests\\bin\\Debug\\net8.0\\fine-code-coverage\\build-output\\Unit tests.dll","CodeFilePath":null,"LineNumber":-1,"Properties":[{"Key":{"Id":"TestCase.ManagedMethod","Label":"ManagedMethod","Category":"","Description":"","Attributes":1,"ValueType":"System.String"},"Value":"TestEqualityOperator_False"},{"Key":{"Id":"MSTestDiscoverer.TestClassName","Label":"ClassName","Category":"","Description":"","Attributes":1,"ValueType":"System.String"},"Value":"Unit_tests.UnitTest1"},{"Key":{"Id":"TestCase.Hierarchy","Label":"Hierarchy","Category":"","Description":"","Attributes":2,"ValueType":"System.String[]"},"Value":[null,"Unit_tests","UnitTest1","TestEqualityOperator_False"]},{"Key":{"Id":"MSTest.TestIdGenerationStrategy","Label":"TestIdGenerationStrategy","Category":"","Description":"","Attributes":1,"ValueType":"System.Int32"},"Value":2},{"Key":{"Id":"TestObject.Traits","Label":"Признаки","Category":"","Description":"","Attributes":5,"ValueType":"System.Collections.Generic.KeyValuePair`2[[System.String],[System.String]][]"},"Value":[]},{"Key":{"Id":"TestCase.ManagedType","Label":"ManagedType","Category":"","Description":"","Attributes":1,"ValueType":"System.String"},"Value":"Unit_tests.UnitTest1"}]},"Attachments":[],"Outcome":1,"ErrorMessage":null,"ErrorStackTrace":null,"DisplayName":"TestEqualityOperator_False","Messages":[],"ComputerName":"LVK7667","Duration":"00:00:00.0001268","StartTime":"2025-02-16T22:41:04.165155+05:00","EndTime":"2025-02-16T22:41:04.1654769+05:00","Properties":[{"Key":{"Id":"ExecutionId","Label":"ExecutionId","Category":"","Description":"","Attributes":1,"ValueType":"System.Guid"},"Value":"00000000-0000-0000-0000-000000000000"},{"Key":{"Id":"ParentExecId","Label":"ParentExecId","Category":"","Description":"","Attributes":1,"ValueType":"System.Guid"},"Value":"00000000-0000-0000-0000-000000000000"},{"Key":{"Id":"InnerResultsCount","Label":"InnerResultsCount","Category":"","Description":"","Attributes":1,"ValueType":"System.Int32"},"Value":0}]},{"TestCase":{"Id":"747e6871-d8c3-6eec-7fd5-fef75859783d","FullyQualifiedName":"Unit_tests.UnitTest1.TestInequalityOperator_True","DisplayName":"TestInequalityOperator_True","ExecutorUri":"executor://MSTestAdapter/v2","Source":"C:\\Users\\vikal\\source\\repos\\Unit tests\\bin\\Debug\\net8.0\\fine-code-coverage\\build-output\\Unit tests.dll","CodeFilePath":null,"LineNumber":-1,"Properties":[{"Key":{"Id":"TestCase.ManagedMethod","Label":"ManagedMethod","Category":"","Description":"","Attributes":1,"ValueType":"System.String"},"Value":"TestInequalityOperator_True"},{"Key":{"Id":"MSTestDiscoverer.TestClassName","Label":"ClassName","Category":"","Description":"","Attributes":1,"ValueType":"System.String"},"Value":"Unit_tests.UnitTest1"},{"Key":{"Id":"TestCase.Hierarchy","Label":"Hierarchy","Category":"","Description":"","Attributes":2,"ValueType":"System.String[]"},"Value":[null,"Unit_tests","UnitTest1","TestInequalityOperator_True"]},{"Key":{"Id":"MSTest.TestIdGenerationStrategy","Label":"TestIdGenerationStrategy","Category":"","Description":"","Attributes":1,"ValueType":"System.Int32"},"Value":2},{"Key":{"Id":"TestObject.Traits","Label":"Признаки","Category":"","Description":"","Attributes":5,"ValueType":"System.Collections.Generic.KeyValuePair`2[[System.String],[System.String]][]"},"Value":[]},{"Key":{"Id":"TestCase.ManagedType","Label":"ManagedType","Category":"","Description":"","Attributes":1,"ValueType":"System.String"},"Value":"Unit_tests.UnitTest1"}]},"Attachments":[],"Outcome":1,"ErrorMessage":null,"ErrorStackTrace":null,"DisplayName":"TestInequalityOperator_True","Messages":[],"ComputerName":"LVK7667","Duration":"00:00:00.0001706","StartTime":"2025-02-16T22:41:04.1679099+05:00","EndTime":"2025-02-16T22:41:04.1682558+05:00","Properties":[{"Key":{"Id":"ExecutionId","Label":"ExecutionId","Category":"","Description":"","Attributes":1,"ValueType":"System.Guid"},"Value":"00000000-0000-0000-0000-000000000000"},{"Key":{"Id":"ParentExecId","Label":"ParentExecId","Category":"","Description":"","Attributes":1,"ValueType":"System.Guid"},"Value":"00000000-0000-0000-0000-000000000000"},{"Key":{"Id":"InnerResultsCount","Label":"InnerResultsCount","Category":"","Description":"","Attributes":1,"ValueType":"System.Int32"},"Value":0}]},{"TestCase":{"Id":"c43fbb83-4dea-475b-fc24-8543e4aeb5aa","FullyQualifiedName":"Unit_tests.UnitTest1.TestInequalityOperator_False","DisplayName":"TestInequalityOperator_False","ExecutorUri":"executor://MSTestAdapter/v2","Source":"C:\\Users\\vikal\\source\\repos\\Unit tests\\bin\\Debug\\net8.0\\fine-code-coverage\\build-output\\Unit tests.dll","CodeFilePath":null,"LineNumber":-1,"Properties":[{"Key":{"Id":"TestCase.ManagedMethod","Label":"ManagedMethod","Category":"","Description":"","Attributes":1,"ValueType":"System.String"},"Value":"TestInequalityOperator_False"},{"Key":{"Id":"MSTestDiscoverer.TestClassName","Label":"ClassName","Category":"","Description":"","Attributes":1,"ValueType":"System.String"},"Value":"Unit_tests.UnitTest1"},{"Key":{"Id":"TestCase.Hierarchy","Label":"Hierarchy","Category":"","Description":"","Attributes":2,"ValueType":"System.String[]"},"Value":[null,"Unit_tests","UnitTest1","TestInequalityOperator_False"]},{"Key":{"Id":"MSTest.TestIdGenerationStrategy","Label":"TestIdGenerationStrategy","Category":"","Description":"","Attributes":1,"ValueType":"System.Int32"},"Value":2},{"Key":{"Id":"TestObject.Traits","Label":"Признаки","Category":"","Description":"","Attributes":5,"ValueType":"System.Collections.Generic.KeyValuePair`2[[System.String],[System.String]][]"},"Value":[]},{"Key":{"Id":"TestCase.ManagedType","Label":"ManagedType","Category":"","Description":"","Attributes":1,"ValueType":"System.String"},"Value":"Unit_tests.UnitTest1"}]},"Attachments":[],"Outcome":2,"ErrorMessage":"Сбой Assert.IsTrue. ","ErrorStackTrace":"   at Unit_tests.UnitTest1.TestInequalityOperator_False() in C:\\Users\\vikal\\source\\repos\\Unit tests\\UnitTest1.cs:line 226\r\n   at System.RuntimeMethodHandle.InvokeMethod(Object target, Void** arguments, Signature sig, Boolean isConstructor)\r\n   at System.Reflection.MethodBaseInvoker.InterpretedInvoke_Method(Object obj, IntPtr* args)\r\n   at System.Reflection.MethodBaseInvoker.InvokeWithNoArgs(Object obj, BindingFlags invokeAttr)\r\n","DisplayName":"TestInequalityOperator_False","Messages":[],"ComputerName":"LVK7667","Duration":"00:00:00.0003174","StartTime":"2025-02-16T22:41:04.1705351+05:00","EndTime":"2025-02-16T22:41:04.1710011+05:00","Properties":[{"Key":{"Id":"ExecutionId","Label":"ExecutionId","Category":"","Description":"","Attributes":1,"ValueType":"System.Guid"},"Value":"00000000-0000-0000-0000-000000000000"},{"Key":{"Id":"ParentExecId","Label":"ParentExecId","Category":"","Description":"","Attributes":1,"ValueType":"System.Guid"},"Value":"00000000-0000-0000-0000-000000000000"},{"Key":{"Id":"InnerResultsCount","Label":"InnerResultsCount","Category":"","Description":"","Attributes":1,"ValueType":"System.Int32"},"Value":0}]},{"TestCase":{"Id":"adad116c-f9cc-5395-8d7b-3b9c154e94a1","FullyQualifiedName":"Unit_tests.UnitTest1.TestEqualMethod_True","DisplayName":"TestEqualMethod_True","ExecutorUri":"executor://MSTestAdapter/v2","Source":"C:\\Users\\vikal\\source\\repos\\Unit tests\\bin\\Debug\\net8.0\\fine-code-coverage\\build-output\\Unit tests.dll","CodeFilePath":null,"LineNumber":-1,"Properties":[{"Key":{"Id":"TestCase.ManagedMethod","Label":"ManagedMethod","Category":"","Description":"","Attributes":1,"ValueType":"System.String"},"Value":"TestEqualMethod_True"},{"Key":{"Id":"MSTestDiscoverer.TestClassName","Label":"ClassName","Category":"","Description":"","Attributes":1,"ValueType":"System.String"},"Value":"Unit_tests.UnitTest1"},{"Key":{"Id":"TestCase.Hierarchy","Label":"Hierarchy","Category":"","Description":"","Attributes":2,"ValueType":"System.String[]"},"Value":[null,"Unit_tests","UnitTest1","TestEqualMethod_True"]},{"Key":{"Id":"MSTest.TestIdGenerationStrategy","Label":"TestIdGenerationStrategy","Category":"","Description":"","Attributes":1,"ValueType":"System.Int32"},"Value":2},{"Key":{"Id":"TestObject.Traits","Label":"Признаки","Category":"","Description":"","Attributes":5,"ValueType":"System.Collections.Generic.KeyValuePair`2[[System.String],[System.String]][]"},"Value":[]},{"Key":{"Id":"TestCase.ManagedType","Label":"ManagedType","Category":"","Description":"","Attributes":1,"ValueType":"System.String"},"Value":"Unit_tests.UnitTest1"}]},"Attachments":[],"Outcome":1,"ErrorMessage":null,"ErrorStackTrace":null,"DisplayName":"TestEqualMethod_True","Messages":[],"ComputerName":"LVK7667","Duration":"00:00:00.0002848","StartTime":"2025-02-16T22:41:04.1734512+05:00","EndTime":"2025-02-16T22:41:04.1739338+05:00","Properties":[{"Key":{"Id":"ExecutionId","Label":"ExecutionId","Category":"","Description":"","Attributes":1,"ValueType":"System.Guid"},"Value":"00000000-0000-0000-0000-000000000000"},{"Key":{"Id":"ParentExecId","Label":"ParentExecId","Category":"","Description":"","Attributes":1,"ValueType":"System.Guid"},"Value":"00000000-0000-0000-0000-000000000000"},{"Key":{"Id":"InnerResultsCount","Label":"InnerResultsCount","Category":"","Description":"","Attributes":1,"ValueType":"System.Int32"},"Value":0}]},{"TestCase":{"Id":"17beee96-f167-65e4-d02a-06b588540c84","FullyQualifiedName":"Unit_tests.UnitTest1.TestEqualMethod_False","DisplayName":"TestEqualMethod_False","ExecutorUri":"executor://MSTestAdapter/v2","Source":"C:\\Users\\vikal\\source\\repos\\Unit tests\\bin\\Debug\\net8.0\\fine-code-coverage\\build-output\\Unit tests.dll","CodeFilePath":null,"LineNumber":-1,"Properties":[{"Key":{"Id":"TestCase.ManagedMethod","Label":"ManagedMethod","Category":"","Description":"","Attributes":1,"ValueType":"System.String"},"Value":"TestEqualMethod_False"},{"Key":{"Id":"MSTestDiscoverer.TestClassName","Label":"ClassName","Category":"","Description":"","Attributes":1,"ValueType":"System.String"},"Value":"Unit_tests.UnitTest1"},{"Key":{"Id":"TestCase.Hierarchy","Label":"Hierarchy","Category":"","Description":"","Attributes":2,"ValueType":"System.String[]"},"Value":[null,"Unit_tests","UnitTest1","TestEqualMethod_False"]},{"Key":{"Id":"MSTest.TestIdGenerationStrategy","Label":"TestIdGenerationStrategy","Category":"","Description":"","Attributes":1,"ValueType":"System.Int32"},"Value":2},{"Key":{"Id":"TestObject.Traits","Label":"Признаки","Category":"","Description":"","Attributes":5,"ValueType":"System.Collections.Generic.KeyValuePair`2[[System.String],[System.String]][]"},"Value":[]},{"Key":{"Id":"TestCase.ManagedType","Label":"ManagedType","Category":"","Description":"","Attributes":1,"ValueType":"System.String"},"Value":"Unit_tests.UnitTest1"}]},"Attachments":[],"Outcome":1,"ErrorMessage":null,"ErrorStackTrace":null,"DisplayName":"TestEqualMethod_False","Messages":[],"ComputerName":"LVK7667","Duration":"00:00:00.0001372","StartTime":"2025-02-16T22:41:04.1800409+05:00","EndTime":"2025-02-16T22:41:04.1803689+05:00","Properties":[{"Key":{"Id":"ExecutionId","Label":"ExecutionId","Category":"","Description":"","Attributes":1,"ValueType":"System.Guid"},"Value":"00000000-0000-0000-0000-000000000000"},{"Key":{"Id":"ParentExecId","Label":"ParentExecId","Category":"","Description":"","Attributes":1,"ValueType":"System.Guid"},"Value":"00000000-0000-0000-0000-000000000000"},{"Key":{"Id":"InnerResultsCount","Label":"InnerResultsCount","Category":"","Description":"","Attributes":1,"ValueType":"System.Int32"},"Value":0}]},{"TestCase":{"Id":"85d14c8d-f8fd-9c58-2261-abcc10820918","FullyQualifiedName":"Unit_tests.UnitTest1.TestDefaultConstructor","DisplayName":"TestDefaultConstructor","ExecutorUri":"executor://MSTestAdapter/v2","Source":"C:\\Users\\vikal\\source\\repos\\Unit tests\\bin\\Debug\\net8.0\\fine-code-coverage\\build-output\\Unit tests.dll","CodeFilePath":null,"LineNumber":-1,"Properties":[{"Key":{"Id":"TestCase.ManagedMethod","Label":"ManagedMethod","Category":"","Description":"","Attributes":1,"ValueType":"System.String"},"Value":"TestDefaultConstructor"},{"Key":{"Id":"MSTestDiscoverer.TestClassName","Label":"ClassName","Category":"","Description":"","Attributes":1,"ValueType":"System.String"},"Value":"Unit_tests.UnitTest1"},{"Key":{"Id":"TestCase.Hierarchy","Label":"Hierarchy","Category":"","Description":"","Attributes":2,"ValueType":"System.String[]"},"Value":[null,"Unit_tests","UnitTest1","TestDefaultConstructor"]},{"Key":{"Id":"MSTest.TestIdGenerationStrategy","Label":"TestIdGenerationStrategy","Category":"","Description":"","Attributes":1,"ValueType":"System.Int32"},"Value":2},{"Key":{"Id":"TestObject.Traits","Label":"Признаки","Category":"","Description":"","Attributes":5,"ValueType":"System.Collections.Generic.KeyValuePair`2[[System.String],[System.String]][]"},"Value":[]},{"Key":{"Id":"TestCase.ManagedType","Label":"ManagedType","Category":"","Description":"","Attributes":1,"ValueType":"System.String"},"Value":"Unit_tests.UnitTest1"}]},"Attachments":[],"Outcome":1,"ErrorMessage":null,"ErrorStackTrace":null,"DisplayName":"TestDefaultConstructor","Messages":[],"ComputerName":"LVK7667","Duration":"00:00:00.0005765","StartTime":"2025-02-16T22:41:04.1822233+05:00","EndTime":"2025-02-16T22:41:04.1829801+05:00","Properties":[{"Key":{"Id":"ExecutionId","Label":"ExecutionId","Category":"","Description":"","Attributes":1,"ValueType":"System.Guid"},"Value":"00000000-0000-0000-0000-000000000000"},{"Key":{"Id":"ParentExecId","Label":"ParentExecId","Category":"","Description":"","Attributes":1,"ValueType":"System.Guid"},"Value":"00000000-0000-0000-0000-000000000000"},{"Key":{"Id":"InnerResultsCount","Label":"InnerResultsCount","Category":"","Description":"","Attributes":1,"ValueType":"System.Int32"},"Value":0}]},{"TestCase":{"Id":"bb11df15-9974-b592-ef67-c55e39e6fd97","FullyQualifiedName":"Unit_tests.UnitTest1.TestArrayConstructor_Length","DisplayName":"TestArrayConstructor_Length","ExecutorUri":"executor://MSTestAdapter/v2","Source":"C:\\Users\\vikal\\source\\repos\\Unit tests\\bin\\Debug\\net8.0\\fine-code-coverage\\build-output\\Unit tests.dll","CodeFilePath":null,"LineNumber":-1,"Properties":[{"Key":{"Id":"TestCase.ManagedMethod","Label":"ManagedMethod","Category":"","Description":"","Attributes":1,"ValueType":"System.String"},"Value":"TestArrayConstructor_Length"},{"Key":{"Id":"MSTestDiscoverer.TestClassName","Label":"ClassName","Category":"","Description":"","Attributes":1,"ValueType":"System.String"},"Value":"Unit_tests.UnitTest1"},{"Key":{"Id":"TestCase.Hierarchy","Label":"Hierarchy","Category":"","Description":"","Attributes":2,"ValueType":"System.String[]"},"Value":[null,"Unit_tests","UnitTest1","TestArrayConstructor_Length"]},{"Key":{"Id":"MSTest.TestIdGenerationStrategy","Label":"TestIdGenerationStrategy","Category":"","Description":"","Attributes":1,"ValueType":"System.Int32"},"Value":2},{"Key":{"Id":"TestObject.Traits","Label":"Признаки","Category":"","Description":"","Attributes":5,"ValueType":"System.Collections.Generic.KeyValuePair`2[[System.String],[System.String]][]"},"Value":[]},{"Key":{"Id":"TestCase.ManagedType","Label":"ManagedType","Category":"","Description":"","Attributes":1,"ValueType":"System.String"},"Value":"Unit_tests.UnitTest1"}]},"Attachments":[],"Outcome":1,"ErrorMessage":null,"ErrorStackTrace":null,"DisplayName":"TestArrayConstructor_Length","Messages":[],"ComputerName":"LVK7667","Duration":"00:00:00.0002314","StartTime":"2025-02-16T22:41:04.1848121+05:00","EndTime":"2025-02-16T22:41:04.1851929+05:00","Properties":[{"Key":{"Id":"ExecutionId","Label":"ExecutionId","Category":"","Description":"","Attributes":1,"ValueType":"System.Guid"},"Value":"00000000-0000-0000-0000-000000000000"},{"Key":{"Id":"ParentExecId","Label":"ParentExecId","Category":"","Description":"","Attributes":1,"ValueType":"System.Guid"},"Value":"00000000-0000-0000-0000-000000000000"},{"Key":{"Id":"InnerResultsCount","Label":"InnerResultsCount","Category":"","Description":"","Attributes":1,"ValueType":"System.Int32"},"Value":0}]},{"TestCase":{"Id":"61b54aa1-b48d-900c-41ff-c051352a83d8","FullyQualifiedName":"Unit_tests.UnitTest1.TestArrayCopyConstructor","DisplayName":"TestArrayCopyConstructor","ExecutorUri":"executor://MSTestAdapter/v2","Source":"C:\\Users\\vikal\\source\\repos\\Unit tests\\bin\\Debug\\net8.0\\fine-code-coverage\\build-output\\Unit tests.dll","CodeFilePath":null,"LineNumber":-1,"Properties":[{"Key":{"Id":"TestCase.ManagedMethod","Label":"ManagedMethod","Category":"","Description":"","Attributes":1,"ValueType":"System.String"},"Value":"TestArrayCopyConstructor"},{"Key":{"Id":"MSTestDiscoverer.TestClassName","Label":"ClassName","Category":"","Description":"","Attributes":1,"ValueType":"System.String"},"Value":"Unit_tests.UnitTest1"},{"Key":{"Id":"TestCase.Hierarchy","Label":"Hierarchy","Category":"","Description":"","Attributes":2,"ValueType":"System.String[]"},"Value":[null,"Unit_tests","UnitTest1","TestArrayCopyConstructor"]},{"Key":{"Id":"MSTest.TestIdGenerationStrategy","Label":"TestIdGenerationStrategy","Category":"","Description":"","Attributes":1,"ValueType":"System.Int32"},"Value":2},{"Key":{"Id":"TestObject.Traits","Label":"Признаки","Category":"","Description":"","Attributes":5,"ValueType":"System.Collections.Generic.KeyValuePair`2[[System.String],[System.String]][]"},"Value":[]},{"Key":{"Id":"TestCase.ManagedType","Label":"ManagedType","Category":"","Description":"","Attributes":1,"ValueType":"System.String"},"Value":"Unit_tests.UnitTest1"}]},"Attachments":[],"Outcome":1,"ErrorMessage":null,"ErrorStackTrace":null,"DisplayName":"TestArrayCopyConstructor","Messages":[],"ComputerName":"LVK7667","Duration":"00:00:00.0004590","StartTime":"2025-02-16T22:41:04.186846+05:00","EndTime":"2025-02-16T22:41:04.1874399+05:00","Properties":[{"Key":{"Id":"ExecutionId","Label":"ExecutionId","Category":"","Description":"","Attributes":1,"ValueType":"System.Guid"},"Value":"00000000-0000-0000-0000-000000000000"},{"Key":{"Id":"ParentExecId","Label":"ParentExecId","Category":"","Description":"","Attributes":1,"ValueType":"System.Guid"},"Value":"00000000-0000-0000-0000-000000000000"},{"Key":{"Id":"InnerResultsCount","Label":"InnerResultsCount","Category":"","Description":"","Attributes":1,"ValueType":"System.Int32"},"Value":0}]},{"TestCase":{"Id":"3ea69056-293f-06f3-4ba5-7d317eb26ee1","FullyQualifiedName":"Unit_tests.UnitTest1.TestCopyConstructorNull","DisplayName":"TestCopyConstructorNull","ExecutorUri":"executor://MSTestAdapter/v2","Source":"C:\\Users\\vikal\\source\\repos\\Unit tests\\bin\\Debug\\net8.0\\fine-code-coverage\\build-output\\Unit tests.dll","CodeFilePath":null,"LineNumber":-1,"Properties":[{"Key":{"Id":"TestCase.ManagedMethod","Label":"ManagedMethod","Category":"","Description":"","Attributes":1,"ValueType":"System.String"},"Value":"TestCopyConstructorNull"},{"Key":{"Id":"MSTestDiscoverer.TestClassName","Label":"ClassName","Category":"","Description":"","Attributes":1,"ValueType":"System.String"},"Value":"Unit_tests.UnitTest1"},{"Key":{"Id":"TestCase.Hierarchy","Label":"Hierarchy","Category":"","Description":"","Attributes":2,"ValueType":"System.String[]"},"Value":[null,"Unit_tests","UnitTest1","TestCopyConstructorNull"]},{"Key":{"Id":"MSTest.TestIdGenerationStrategy","Label":"TestIdGenerationStrategy","Category":"","Description":"","Attributes":1,"ValueType":"System.Int32"},"Value":2},{"Key":{"Id":"TestObject.Traits","Label":"Признаки","Category":"","Description":"","Attributes":5,"ValueType":"System.Collections.Generic.KeyValuePair`2[[System.String],[System.String]][]"},"Value":[]},{"Key":{"Id":"TestCase.ManagedType","Label":"ManagedType","Category":"","Description":"","Attributes":1,"ValueType":"System.String"},"Value":"Unit_tests.UnitTest1"}]},"Attachments":[],"Outcome":1,"ErrorMessage":null,"ErrorStackTrace":null,"DisplayName":"TestCopyConstructorNull","Messages":[],"ComputerName":"LVK7667","Duration":"00:00:00.0001309","StartTime":"2025-02-16T22:41:04.1890006+05:00","EndTime":"2025-02-16T22:41:04.1892898+05:00","Properties":[{"Key":{"Id":"ExecutionId","Label":"ExecutionId","Category":"","Description":"","Attributes":1,"ValueType":"System.Guid"},"Value":"00000000-0000-0000-0000-000000000000"},{"Key":{"Id":"ParentExecId","Label":"ParentExecId","Category":"","Description":"","Attributes":1,"ValueType":"System.Guid"},"Value":"00000000-0000-0000-0000-000000000000"},{"Key":{"Id":"InnerResultsCount","Label":"InnerResultsCount","Category":"","Description":"","Attributes":1,"ValueType":"System.Int32"},"Value":0}]}],"TestRunStatistics":{"ExecutedTests":27,"Stats":{"Passed":23,"Failed":4}},"ActiveTests":[{"Id":"2acdfc67-f5f7-6770-8409-5b816850736d","FullyQualifiedName":"Unit_tests.UnitTest1.TestRandomConstructor","DisplayName":"TestRandomConstructor","ExecutorUri":"executor://MSTestAdapter/v2","Source":"C:\\Users\\vikal\\source\\repos\\Unit tests\\bin\\Debug\\net8.0\\fine-code-coverage\\build-output\\Unit tests.dll","CodeFilePath":null,"LineNumber":-1,"Properties":[{"Key":{"Id":"TestCase.ManagedMethod","Label":"ManagedMethod","Category":"","Description":"","Attributes":1,"ValueType":"System.String"},"Value":"TestRandomConstructor"},{"Key":{"Id":"MSTestDiscoverer.TestClassName","Label":"ClassName","Category":"","Description":"","Attributes":1,"ValueType":"System.String"},"Value":"Unit_tests.UnitTest1"},{"Key":{"Id":"TestCase.Hierarchy","Label":"Hierarchy","Category":"","Description":"","Attributes":2,"ValueType":"System.String[]"},"Value":[null,"Unit_tests","UnitTest1","TestRandomConstructor"]},{"Key":{"Id":"MSTest.TestIdGenerationStrategy","Label":"TestIdGenerationStrategy","Category":"","Description":"","Attributes":1,"ValueType":"System.Int32"},"Value":2},{"Key":{"Id":"TestObject.Traits","Label":"Признаки","Category":"","Description":"","Attributes":5,"ValueType":"System.Collections.Generic.KeyValuePair`2[[System.String],[System.String]][]"},"Value":[]},{"Key":{"Id":"TestCase.ManagedType","Label":"ManagedType","Category":"","Description":"","Attributes":1,"ValueType":"System.String"},"Value":"Unit_tests.UnitTest1"}]}]}}
TpTrace Verbose: 0 : 23012, 4, 2025/02/16, 22:41:04.191, 2356432330011, testhost.x86.dll, TestRunCache: OnNewTestResult: Notified the onCacheHit callback.
TpTrace Verbose: 0 : 23012, 4, 2025/02/16, 22:41:04.192, 2356432339996, testhost.x86.dll, MulticastDelegateUtilities.SafeInvoke: TestCaseEventsHandler.RaiseTestCaseStart: Invoking callback 1/1 for Microsoft.VisualStudio.TestPlatform.CrossPlatEngine.DataCollection.ProxyOutOfProcDataCollectionManager., took 0 ms.
TpTrace Information: 0 : 23012, 4, 2025/02/16, 22:41:04.192, 2356432340681, testhost.x86.dll, MSTest - Executing test TestRandomConstructor
TpTrace Information: 0 : 23012, 4, 2025/02/16, 22:41:04.192, 2356432345191, testhost.x86.dll, MSTest - Executed test TestRandomConstructor
TpTrace Verbose: 0 : 23012, 4, 2025/02/16, 22:41:04.192, 2356432345940, testhost.x86.dll, TestExecutionRecorder.RecordEnd: test: Unit_tests.UnitTest1.TestRandomConstructor execution completed.
TpTrace Warning: 0 : 23012, 4, 2025/02/16, 22:41:04.192, 2356432346446, testhost.x86.dll, TestRunCache: InProgressTests is null
TpTrace Verbose: 0 : 23012, 4, 2025/02/16, 22:41:04.194, 2356432359458, testhost.x86.dll, MulticastDelegateUtilities.SafeInvoke: TestCaseEventsHandler.RaiseTestCaseEnd: Invoking callback 1/1 for Microsoft.VisualStudio.TestPlatform.CrossPlatEngine.DataCollection.ProxyOutOfProcDataCollectionManager., took 1 ms.
TpTrace Verbose: 0 : 23012, 4, 2025/02/16, 22:41:04.194, 2356432360049, testhost.x86.dll, TestExecutionRecorder.RecordResult: Received result for test: Unit_tests.UnitTest1.TestRandomConstructor.
TpTrace Verbose: 0 : 23012, 4, 2025/02/16, 22:41:04.194, 2356432360626, testhost.x86.dll, MulticastDelegateUtilities.SafeInvoke: TestCaseEventsHandler.RaiseTestCaseEnd: Invoking callback 1/1 for Microsoft.VisualStudio.TestPlatform.CrossPlatEngine.DataCollection.ProxyOutOfProcDataCollectionManager., took 0 ms.
TpTrace Warning: 0 : 23012, 4, 2025/02/16, 22:41:04.194, 2356432361215, testhost.x86.dll, TestRunCache: InProgressTests is null
TpTrace Warning: 0 : 23012, 4, 2025/02/16, 22:41:04.194, 2356432361693, testhost.x86.dll, TestRunCache: No test found corresponding to testResult 'TestRandomConstructor' in inProgress list.
TpTrace Verbose: 0 : 23012, 4, 2025/02/16, 22:41:04.194, 2356432362401, testhost.x86.dll, TestExecutionRecorder.RecordStart: Starting test: Unit_tests.UnitTest1.TestManualConstructor.
TpTrace Verbose: 0 : 23012, 4, 2025/02/16, 22:41:04.195, 2356432374771, testhost.x86.dll, MulticastDelegateUtilities.SafeInvoke: TestCaseEventsHandler.RaiseTestCaseStart: Invoking callback 1/1 for Microsoft.VisualStudio.TestPlatform.CrossPlatEngine.DataCollection.ProxyOutOfProcDataCollectionManager., took 1 ms.
TpTrace Information: 0 : 23012, 4, 2025/02/16, 22:41:04.195, 2356432375560, testhost.x86.dll, MSTest - Executing test TestManualConstructor
TpTrace Information: 0 : 23012, 4, 2025/02/16, 22:41:04.196, 2356432382040, testhost.x86.dll, MSTest - Executed test TestManualConstructor
TpTrace Verbose: 0 : 23012, 4, 2025/02/16, 22:41:04.196, 2356432382878, testhost.x86.dll, TestExecutionRecorder.RecordEnd: test: Unit_tests.UnitTest1.TestManualConstructor execution completed.
TpTrace Verbose: 0 : 23012, 4, 2025/02/16, 22:41:04.197, 2356432391743, testhost.x86.dll, MulticastDelegateUtilities.SafeInvoke: TestCaseEventsHandler.RaiseTestCaseEnd: Invoking callback 1/1 for Microsoft.VisualStudio.TestPlatform.CrossPlatEngine.DataCollection.ProxyOutOfProcDataCollectionManager., took 0 ms.
TpTrace Verbose: 0 : 23012, 4, 2025/02/16, 22:41:04.197, 2356432392304, testhost.x86.dll, TestExecutionRecorder.RecordResult: Received result for test: Unit_tests.UnitTest1.TestManualConstructor.
TpTrace Verbose: 0 : 23012, 4, 2025/02/16, 22:41:04.197, 2356432392684, testhost.x86.dll, MulticastDelegateUtilities.SafeInvoke: TestCaseEventsHandler.RaiseTestCaseEnd: Invoking callback 1/1 for Microsoft.VisualStudio.TestPlatform.CrossPlatEngine.DataCollection.ProxyOutOfProcDataCollectionManager., took 0 ms.
TpTrace Warning: 0 : 23012, 4, 2025/02/16, 22:41:04.197, 2356432393022, testhost.x86.dll, TestRunCache: InProgressTests is null
TpTrace Warning: 0 : 23012, 4, 2025/02/16, 22:41:04.197, 2356432393362, testhost.x86.dll, TestRunCache: No test found corresponding to testResult 'TestManualConstructor' in inProgress list.
TpTrace Verbose: 0 : 23012, 4, 2025/02/16, 22:41:04.197, 2356432394047, testhost.x86.dll, TestExecutionRecorder.RecordStart: Starting test: Unit_tests.UnitTest1.TestIndexer_ValidIndex.
TpTrace Verbose: 0 : 23012, 4, 2025/02/16, 22:41:04.198, 2356432401200, testhost.x86.dll, MulticastDelegateUtilities.SafeInvoke: TestCaseEventsHandler.RaiseTestCaseStart: Invoking callback 1/1 for Microsoft.VisualStudio.TestPlatform.CrossPlatEngine.DataCollection.ProxyOutOfProcDataCollectionManager., took 0 ms.
TpTrace Information: 0 : 23012, 4, 2025/02/16, 22:41:04.198, 2356432401711, testhost.x86.dll, MSTest - Executing test TestIndexer_ValidIndex
TpTrace Information: 0 : 23012, 4, 2025/02/16, 22:41:04.198, 2356432404067, testhost.x86.dll, MSTest - Executed test TestIndexer_ValidIndex
TpTrace Verbose: 0 : 23012, 4, 2025/02/16, 22:41:04.198, 2356432404623, testhost.x86.dll, TestExecutionRecorder.RecordEnd: test: Unit_tests.UnitTest1.TestIndexer_ValidIndex execution completed.
TpTrace Verbose: 0 : 23012, 4, 2025/02/16, 22:41:04.199, 2356432411596, testhost.x86.dll, MulticastDelegateUtilities.SafeInvoke: TestCaseEventsHandler.RaiseTestCaseEnd: Invoking callback 1/1 for Microsoft.VisualStudio.TestPlatform.CrossPlatEngine.DataCollection.ProxyOutOfProcDataCollectionManager., took 0 ms.
TpTrace Verbose: 0 : 23012, 4, 2025/02/16, 22:41:04.199, 2356432412243, testhost.x86.dll, TestExecutionRecorder.RecordResult: Received result for test: Unit_tests.UnitTest1.TestIndexer_ValidIndex.
TpTrace Verbose: 0 : 23012, 4, 2025/02/16, 22:41:04.199, 2356432412645, testhost.x86.dll, MulticastDelegateUtilities.SafeInvoke: TestCaseEventsHandler.RaiseTestCaseEnd: Invoking callback 1/1 for Microsoft.VisualStudio.TestPlatform.CrossPlatEngine.DataCollection.ProxyOutOfProcDataCollectionManager., took 0 ms.
TpTrace Warning: 0 : 23012, 4, 2025/02/16, 22:41:04.199, 2356432413004, testhost.x86.dll, TestRunCache: InProgressTests is null
TpTrace Warning: 0 : 23012, 4, 2025/02/16, 22:41:04.199, 2356432413317, testhost.x86.dll, TestRunCache: No test found corresponding to testResult 'TestIndexer_ValidIndex' in inProgress list.
TpTrace Verbose: 0 : 23012, 4, 2025/02/16, 22:41:04.199, 2356432413828, testhost.x86.dll, TestExecutionRecorder.RecordStart: Starting test: Unit_tests.UnitTest1.TestIndexer_OutOfRangeIndex.
TpTrace Verbose: 0 : 23012, 4, 2025/02/16, 22:41:04.200, 2356432420454, testhost.x86.dll, MulticastDelegateUtilities.SafeInvoke: TestCaseEventsHandler.RaiseTestCaseStart: Invoking callback 1/1 for Microsoft.VisualStudio.TestPlatform.CrossPlatEngine.DataCollection.ProxyOutOfProcDataCollectionManager., took 0 ms.
TpTrace Information: 0 : 23012, 4, 2025/02/16, 22:41:04.200, 2356432420949, testhost.x86.dll, MSTest - Executing test TestIndexer_OutOfRangeIndex
TpTrace Information: 0 : 23012, 4, 2025/02/16, 22:41:04.200, 2356432423628, testhost.x86.dll, MSTest - Executed test TestIndexer_OutOfRangeIndex
TpTrace Verbose: 0 : 23012, 4, 2025/02/16, 22:41:04.200, 2356432424133, testhost.x86.dll, TestExecutionRecorder.RecordEnd: test: Unit_tests.UnitTest1.TestIndexer_OutOfRangeIndex execution completed.
TpTrace Verbose: 0 : 23012, 4, 2025/02/16, 22:41:04.201, 2356432431059, testhost.x86.dll, MulticastDelegateUtilities.SafeInvoke: TestCaseEventsHandler.RaiseTestCaseEnd: Invoking callback 1/1 for Microsoft.VisualStudio.TestPlatform.CrossPlatEngine.DataCollection.ProxyOutOfProcDataCollectionManager., took 0 ms.
TpTrace Verbose: 0 : 23012, 4, 2025/02/16, 22:41:04.201, 2356432431585, testhost.x86.dll, TestExecutionRecorder.RecordResult: Received result for test: Unit_tests.UnitTest1.TestIndexer_OutOfRangeIndex.
TpTrace Verbose: 0 : 23012, 4, 2025/02/16, 22:41:04.201, 2356432431954, testhost.x86.dll, MulticastDelegateUtilities.SafeInvoke: TestCaseEventsHandler.RaiseTestCaseEnd: Invoking callback 1/1 for Microsoft.VisualStudio.TestPlatform.CrossPlatEngine.DataCollection.ProxyOutOfProcDataCollectionManager., took 0 ms.
TpTrace Warning: 0 : 23012, 4, 2025/02/16, 22:41:04.201, 2356432432282, testhost.x86.dll, TestRunCache: InProgressTests is null
TpTrace Warning: 0 : 23012, 4, 2025/02/16, 22:41:04.201, 2356432432585, testhost.x86.dll, TestRunCache: No test found corresponding to testResult 'TestIndexer_OutOfRangeIndex' in inProgress list.
TpTrace Verbose: 0 : 23012, 4, 2025/02/16, 22:41:04.201, 2356432433101, testhost.x86.dll, TestExecutionRecorder.RecordStart: Starting test: Unit_tests.UnitTest1.TestPrintInfo.
TpTrace Verbose: 0 : 23012, 4, 2025/02/16, 22:41:04.202, 2356432439613, testhost.x86.dll, MulticastDelegateUtilities.SafeInvoke: TestCaseEventsHandler.RaiseTestCaseStart: Invoking callback 1/1 for Microsoft.VisualStudio.TestPlatform.CrossPlatEngine.DataCollection.ProxyOutOfProcDataCollectionManager., took 0 ms.
TpTrace Information: 0 : 23012, 4, 2025/02/16, 22:41:04.202, 2356432440090, testhost.x86.dll, MSTest - Executing test TestPrintInfo
TpTrace Information: 0 : 23012, 4, 2025/02/16, 22:41:04.204, 2356432461533, testhost.x86.dll, MSTest - Executed test TestPrintInfo
TpTrace Verbose: 0 : 23012, 4, 2025/02/16, 22:41:04.204, 2356432462136, testhost.x86.dll, TestExecutionRecorder.RecordEnd: test: Unit_tests.UnitTest1.TestPrintInfo execution completed.
TpTrace Verbose: 0 : 23012, 4, 2025/02/16, 22:41:04.205, 2356432469972, testhost.x86.dll, MulticastDelegateUtilities.SafeInvoke: TestCaseEventsHandler.RaiseTestCaseEnd: Invoking callback 1/1 for Microsoft.VisualStudio.TestPlatform.CrossPlatEngine.DataCollection.ProxyOutOfProcDataCollectionManager., took 0 ms.
TpTrace Verbose: 0 : 23012, 4, 2025/02/16, 22:41:04.205, 2356432470478, testhost.x86.dll, TestExecutionRecorder.RecordResult: Received result for test: Unit_tests.UnitTest1.TestPrintInfo.
TpTrace Verbose: 0 : 23012, 4, 2025/02/16, 22:41:04.205, 2356432470875, testhost.x86.dll, MulticastDelegateUtilities.SafeInvoke: TestCaseEventsHandler.RaiseTestCaseEnd: Invoking callback 1/1 for Microsoft.VisualStudio.TestPlatform.CrossPlatEngine.DataCollection.ProxyOutOfProcDataCollectionManager., took 0 ms.
TpTrace Warning: 0 : 23012, 4, 2025/02/16, 22:41:04.205, 2356432471228, testhost.x86.dll, TestRunCache: InProgressTests is null
TpTrace Warning: 0 : 23012, 4, 2025/02/16, 22:41:04.205, 2356432471532, testhost.x86.dll, TestRunCache: No test found corresponding to testResult 'TestPrintInfo' in inProgress list.
TpTrace Verbose: 0 : 23012, 4, 2025/02/16, 22:41:04.205, 2356432472042, testhost.x86.dll, TestExecutionRecorder.RecordStart: Starting test: Unit_tests.UnitTest1.TestEmptyArray.
TpTrace Verbose: 0 : 23012, 4, 2025/02/16, 22:41:04.206, 2356432479012, testhost.x86.dll, MulticastDelegateUtilities.SafeInvoke: TestCaseEventsHandler.RaiseTestCaseStart: Invoking callback 1/1 for Microsoft.VisualStudio.TestPlatform.CrossPlatEngine.DataCollection.ProxyOutOfProcDataCollectionManager., took 0 ms.
TpTrace Information: 0 : 23012, 4, 2025/02/16, 22:41:04.206, 2356432479503, testhost.x86.dll, MSTest - Executing test TestEmptyArray
TpTrace Information: 0 : 23012, 4, 2025/02/16, 22:41:04.206, 2356432483293, testhost.x86.dll, MSTest - Executed test TestEmptyArray
TpTrace Verbose: 0 : 23012, 4, 2025/02/16, 22:41:04.206, 2356432483864, testhost.x86.dll, TestExecutionRecorder.RecordEnd: test: Unit_tests.UnitTest1.TestEmptyArray execution completed.
TpTrace Verbose: 0 : 23012, 4, 2025/02/16, 22:41:04.207, 2356432490793, testhost.x86.dll, MulticastDelegateUtilities.SafeInvoke: TestCaseEventsHandler.RaiseTestCaseEnd: Invoking callback 1/1 for Microsoft.VisualStudio.TestPlatform.CrossPlatEngine.DataCollection.ProxyOutOfProcDataCollectionManager., took 0 ms.
TpTrace Verbose: 0 : 23012, 4, 2025/02/16, 22:41:04.207, 2356432491272, testhost.x86.dll, TestExecutionRecorder.RecordResult: Received result for test: Unit_tests.UnitTest1.TestEmptyArray.
TpTrace Verbose: 0 : 23012, 4, 2025/02/16, 22:41:04.207, 2356432491629, testhost.x86.dll, MulticastDelegateUtilities.SafeInvoke: TestCaseEventsHandler.RaiseTestCaseEnd: Invoking callback 1/1 for Microsoft.VisualStudio.TestPlatform.CrossPlatEngine.DataCollection.ProxyOutOfProcDataCollectionManager., took 0 ms.
TpTrace Warning: 0 : 23012, 4, 2025/02/16, 22:41:04.207, 2356432491956, testhost.x86.dll, TestRunCache: InProgressTests is null
TpTrace Warning: 0 : 23012, 4, 2025/02/16, 22:41:04.207, 2356432492250, testhost.x86.dll, TestRunCache: No test found corresponding to testResult 'TestEmptyArray' in inProgress list.
TpTrace Verbose: 0 : 23012, 4, 2025/02/16, 22:41:04.207, 2356432492729, testhost.x86.dll, TestExecutionRecorder.RecordStart: Starting test: Unit_tests.UnitTest1.TestSingleCarArray.
TpTrace Verbose: 0 : 23012, 4, 2025/02/16, 22:41:04.208, 2356432499119, testhost.x86.dll, MulticastDelegateUtilities.SafeInvoke: TestCaseEventsHandler.RaiseTestCaseStart: Invoking callback 1/1 for Microsoft.VisualStudio.TestPlatform.CrossPlatEngine.DataCollection.ProxyOutOfProcDataCollectionManager., took 0 ms.
TpTrace Information: 0 : 23012, 4, 2025/02/16, 22:41:04.208, 2356432499589, testhost.x86.dll, MSTest - Executing test TestSingleCarArray
TpTrace Information: 0 : 23012, 4, 2025/02/16, 22:41:04.208, 2356432501761, testhost.x86.dll, MSTest - Executed test TestSingleCarArray
TpTrace Verbose: 0 : 23012, 4, 2025/02/16, 22:41:04.208, 2356432502298, testhost.x86.dll, TestExecutionRecorder.RecordEnd: test: Unit_tests.UnitTest1.TestSingleCarArray execution completed.
TpTrace Verbose: 0 : 23012, 4, 2025/02/16, 22:41:04.209, 2356432508902, testhost.x86.dll, MulticastDelegateUtilities.SafeInvoke: TestCaseEventsHandler.RaiseTestCaseEnd: Invoking callback 1/1 for Microsoft.VisualStudio.TestPlatform.CrossPlatEngine.DataCollection.ProxyOutOfProcDataCollectionManager., took 0 ms.
TpTrace Verbose: 0 : 23012, 4, 2025/02/16, 22:41:04.209, 2356432509381, testhost.x86.dll, TestExecutionRecorder.RecordResult: Received result for test: Unit_tests.UnitTest1.TestSingleCarArray.
TpTrace Verbose: 0 : 23012, 4, 2025/02/16, 22:41:04.209, 2356432509769, testhost.x86.dll, MulticastDelegateUtilities.SafeInvoke: TestCaseEventsHandler.RaiseTestCaseEnd: Invoking callback 1/1 for Microsoft.VisualStudio.TestPlatform.CrossPlatEngine.DataCollection.ProxyOutOfProcDataCollectionManager., took 0 ms.
TpTrace Warning: 0 : 23012, 4, 2025/02/16, 22:41:04.209, 2356432510113, testhost.x86.dll, TestRunCache: InProgressTests is null
TpTrace Warning: 0 : 23012, 4, 2025/02/16, 22:41:04.209, 2356432510411, testhost.x86.dll, TestRunCache: No test found corresponding to testResult 'TestSingleCarArray' in inProgress list.
TpTrace Verbose: 0 : 23012, 4, 2025/02/16, 22:41:04.209, 2356432510877, testhost.x86.dll, TestExecutionRecorder.RecordStart: Starting test: Unit_tests.UnitTest1.TestMultipleCarsArray.
TpTrace Verbose: 0 : 23012, 4, 2025/02/16, 22:41:04.210, 2356432517837, testhost.x86.dll, MulticastDelegateUtilities.SafeInvoke: TestCaseEventsHandler.RaiseTestCaseStart: Invoking callback 1/1 for Microsoft.VisualStudio.TestPlatform.CrossPlatEngine.DataCollection.ProxyOutOfProcDataCollectionManager., took 0 ms.
TpTrace Information: 0 : 23012, 4, 2025/02/16, 22:41:04.210, 2356432518386, testhost.x86.dll, MSTest - Executing test TestMultipleCarsArray
TpTrace Information: 0 : 23012, 4, 2025/02/16, 22:41:04.210, 2356432526574, testhost.x86.dll, MSTest - Executed test TestMultipleCarsArray
TpTrace Verbose: 0 : 23012, 4, 2025/02/16, 22:41:04.210, 2356432527152, testhost.x86.dll, TestExecutionRecorder.RecordEnd: test: Unit_tests.UnitTest1.TestMultipleCarsArray execution completed.
TpTrace Verbose: 0 : 23012, 4, 2025/02/16, 22:41:04.211, 2356432534921, testhost.x86.dll, MulticastDelegateUtilities.SafeInvoke: TestCaseEventsHandler.RaiseTestCaseEnd: Invoking callback 1/1 for Microsoft.VisualStudio.TestPlatform.CrossPlatEngine.DataCollection.ProxyOutOfProcDataCollectionManager., took 0 ms.
TpTrace Verbose: 0 : 23012, 4, 2025/02/16, 22:41:04.211, 2356432535413, testhost.x86.dll, TestExecutionRecorder.RecordResult: Received result for test: Unit_tests.UnitTest1.TestMultipleCarsArray.
TpTrace Verbose: 0 : 23012, 4, 2025/02/16, 22:41:04.211, 2356432535772, testhost.x86.dll, MulticastDelegateUtilities.SafeInvoke: TestCaseEventsHandler.RaiseTestCaseEnd: Invoking callback 1/1 for Microsoft.VisualStudio.TestPlatform.CrossPlatEngine.DataCollection.ProxyOutOfProcDataCollectionManager., took 0 ms.
TpTrace Warning: 0 : 23012, 4, 2025/02/16, 22:41:04.211, 2356432536097, testhost.x86.dll, TestRunCache: InProgressTests is null
TpTrace Warning: 0 : 23012, 4, 2025/02/16, 22:41:04.211, 2356432536388, testhost.x86.dll, TestRunCache: No test found corresponding to testResult 'TestMultipleCarsArray' in inProgress list.
TpTrace Information: 0 : 23012, 4, 2025/02/16, 22:41:04.211, 2356432536742, testhost.x86.dll, MSTest - Executed tests belonging to source C:\Users\vikal\source\repos\Unit tests\bin\Debug\net8.0\fine-code-coverage\build-output\Unit tests.dll
TpTrace Verbose: 0 : 23012, 4, 2025/02/16, 22:41:04.212, 2356432539233, testhost.x86.dll, BaseRunTests.RunTestInternalWithExecutors: Completed running tests for executor://MSTestAdapter/v2
TpTrace Verbose: 0 : 23012, 4, 2025/02/16, 22:41:04.212, 2356432546807, testhost.x86.dll, MulticastDelegateUtilities.SafeInvoke: TestCaseEventsHandler.RaiseSessionEnd: Invoking callback 1/1 for Microsoft.VisualStudio.TestPlatform.CrossPlatEngine.DataCollection.ProxyOutOfProcDataCollectionManager., took 0 ms.
TpTrace Information: 0 : 23012, 4, 2025/02/16, 22:41:04.214, 2356432565592, testhost.x86.dll, Sending test run complete
TpTrace Verbose: 0 : 23012, 4, 2025/02/16, 22:41:04.221, 2356432631718, testhost.x86.dll, TestRequestHandler.SendData: sending data from testhost: {"Version":7,"MessageType":"TestExecution.Completed","Payload":{"TestRunCompleteArgs":{"TestRunStatistics":{"ExecutedTests":35,"Stats":{"Passed":31,"Failed":4}},"IsCanceled":false,"IsAborted":false,"Error":null,"AttachmentSets":[],"InvokedDataCollectors":[],"ElapsedTimeInRunningTests":"00:00:00.3151600","Metrics":{},"DiscoveredExtensions":{"TestDiscoverers":["Microsoft.VisualStudio.TestPlatform.MSTest.TestAdapter.MSTestDiscoverer, Microsoft.VisualStudio.TestPlatform.MSTest.TestAdapter, Version=14.0.0.0, Culture=neutral, PublicKeyToken=b03f5f7f11d50a3a"],"TestExecutors":["executor://MSTestAdapter/v2"],"TestExecutors2":[],"TestSettingsProviders":[]}},"LastRunTests":{"NewTestResults":[{"TestCase":{"Id":"2acdfc67-f5f7-6770-8409-5b816850736d","FullyQualifiedName":"Unit_tests.UnitTest1.TestRandomConstructor","DisplayName":"TestRandomConstructor","ExecutorUri":"executor://MSTestAdapter/v2","Source":"C:\\Users\\vikal\\source\\repos\\Unit tests\\bin\\Debug\\net8.0\\fine-code-coverage\\build-output\\Unit tests.dll","CodeFilePath":null,"LineNumber":-1,"Properties":[{"Key":{"Id":"TestCase.ManagedMethod","Label":"ManagedMethod","Category":"","Description":"","Attributes":1,"ValueType":"System.String"},"Value":"TestRandomConstructor"},{"Key":{"Id":"MSTestDiscoverer.TestClassName","Label":"ClassName","Category":"","Description":"","Attributes":1,"ValueType":"System.String"},"Value":"Unit_tests.UnitTest1"},{"Key":{"Id":"TestCase.Hierarchy","Label":"Hierarchy","Category":"","Description":"","Attributes":2,"ValueType":"System.String[]"},"Value":[null,"Unit_tests","UnitTest1","TestRandomConstructor"]},{"Key":{"Id":"MSTest.TestIdGenerationStrategy","Label":"TestIdGenerationStrategy","Category":"","Description":"","Attributes":1,"ValueType":"System.Int32"},"Value":2},{"Key":{"Id":"TestObject.Traits","Label":"Признаки","Category":"","Description":"","Attributes":5,"ValueType":"System.Collections.Generic.KeyValuePair`2[[System.String],[System.String]][]"},"Value":[]},{"Key":{"Id":"TestCase.ManagedType","Label":"ManagedType","Category":"","Description":"","Attributes":1,"ValueType":"System.String"},"Value":"Unit_tests.UnitTest1"}]},"Attachments":[],"Outcome":1,"ErrorMessage":null,"ErrorStackTrace":null,"DisplayName":"TestRandomConstructor","Messages":[],"ComputerName":"LVK7667","Duration":"00:00:00.0003370","StartTime":"2025-02-16T22:41:04.1923311+05:00","EndTime":"2025-02-16T22:41:04.1928486+05:00","Properties":[{"Key":{"Id":"ExecutionId","Label":"ExecutionId","Category":"","Description":"","Attributes":1,"ValueType":"System.Guid"},"Value":"00000000-0000-0000-0000-000000000000"},{"Key":{"Id":"ParentExecId","Label":"ParentExecId","Category":"","Description":"","Attributes":1,"ValueType":"System.Guid"},"Value":"00000000-0000-0000-0000-000000000000"},{"Key":{"Id":"InnerResultsCount","Label":"InnerResultsCount","Category":"","Description":"","Attributes":1,"ValueType":"System.Int32"},"Value":0}]},{"TestCase":{"Id":"8461b6fd-7d55-ef53-ce24-2e019361aa79","FullyQualifiedName":"Unit_tests.UnitTest1.TestManualConstructor","DisplayName":"TestManualConstructor","ExecutorUri":"executor://MSTestAdapter/v2","Source":"C:\\Users\\vikal\\source\\repos\\Unit tests\\bin\\Debug\\net8.0\\fine-code-coverage\\build-output\\Unit tests.dll","CodeFilePath":null,"LineNumber":-1,"Properties":[{"Key":{"Id":"TestCase.ManagedMethod","Label":"ManagedMethod","Category":"","Description":"","Attributes":1,"ValueType":"System.String"},"Value":"TestManualConstructor"},{"Key":{"Id":"MSTestDiscoverer.TestClassName","Label":"ClassName","Category":"","Description":"","Attributes":1,"ValueType":"System.String"},"Value":"Unit_tests.UnitTest1"},{"Key":{"Id":"TestCase.Hierarchy","Label":"Hierarchy","Category":"","Description":"","Attributes":2,"ValueType":"System.String[]"},"Value":[null,"Unit_tests","UnitTest1","TestManualConstructor"]},{"Key":{"Id":"MSTest.TestIdGenerationStrategy","Label":"TestIdGenerationStrategy","Category":"","Description":"","Attributes":1,"ValueType":"System.Int32"},"Value":2},{"Key":{"Id":"TestObject.Traits","Label":"Признаки","Category":"","Description":"","Attributes":5,"ValueType":"System.Collections.Generic.KeyValuePair`2[[System.String],[System.String]][]"},"Value":[]},{"Key":{"Id":"TestCase.ManagedType","Label":"ManagedType","Category":"","Description":"","Attributes":1,"ValueType":"System.String"},"Value":"Unit_tests.UnitTest1"}]},"Attachments":[],"Outcome":1,"ErrorMessage":null,"ErrorStackTrace":null,"DisplayName":"TestManualConstructor","Messages":[],"ComputerName":"LVK7667","Duration":"00:00:00.0005038","StartTime":"2025-02-16T22:41:04.195818+05:00","EndTime":"2025-02-16T22:41:04.1965423+05:00","Properties":[{"Key":{"Id":"ExecutionId","Label":"ExecutionId","Category":"","Description":"","Attributes":1,"ValueType":"System.Guid"},"Value":"00000000-0000-0000-0000-000000000000"},{"Key":{"Id":"ParentExecId","Label":"ParentExecId","Category":"","Description":"","Attributes":1,"ValueType":"System.Guid"},"Value":"00000000-0000-0000-0000-000000000000"},{"Key":{"Id":"InnerResultsCount","Label":"InnerResultsCount","Category":"","Description":"","Attributes":1,"ValueType":"System.Int32"},"Value":0}]},{"TestCase":{"Id":"006befcc-9c7b-d019-6e81-60b55e90934c","FullyQualifiedName":"Unit_tests.UnitTest1.TestIndexer_ValidIndex","DisplayName":"TestIndexer_ValidIndex","ExecutorUri":"executor://MSTestAdapter/v2","Source":"C:\\Users\\vikal\\source\\repos\\Unit tests\\bin\\Debug\\net8.0\\fine-code-coverage\\build-output\\Unit tests.dll","CodeFilePath":null,"LineNumber":-1,"Properties":[{"Key":{"Id":"TestCase.ManagedMethod","Label":"ManagedMethod","Category":"","Description":"","Attributes":1,"ValueType":"System.String"},"Value":"TestIndexer_ValidIndex"},{"Key":{"Id":"MSTestDiscoverer.TestClassName","Label":"ClassName","Category":"","Description":"","Attributes":1,"ValueType":"System.String"},"Value":"Unit_tests.UnitTest1"},{"Key":{"Id":"TestCase.Hierarchy","Label":"Hierarchy","Category":"","Description":"","Attributes":2,"ValueType":"System.String[]"},"Value":[null,"Unit_tests","UnitTest1","TestIndexer_ValidIndex"]},{"Key":{"Id":"MSTest.TestIdGenerationStrategy","Label":"TestIdGenerationStrategy","Category":"","Description":"","Attributes":1,"ValueType":"System.Int32"},"Value":2},{"Key":{"Id":"TestObject.Traits","Label":"Признаки","Category":"","Description":"","Attributes":5,"ValueType":"System.Collections.Generic.KeyValuePair`2[[System.String],[System.String]][]"},"Value":[]},{"Key":{"Id":"TestCase.ManagedType","Label":"ManagedType","Category":"","Description":"","Attributes":1,"ValueType":"System.String"},"Value":"Unit_tests.UnitTest1"}]},"Attachments":[],"Outcome":1,"ErrorMessage":null,"ErrorStackTrace":null,"DisplayName":"TestIndexer_ValidIndex","Messages":[],"ComputerName":"LVK7667","Duration":"00:00:00.0001424","StartTime":"2025-02-16T22:41:04.1984341+05:00","EndTime":"2025-02-16T22:41:04.1987208+05:00","Properties":[{"Key":{"Id":"ExecutionId","Label":"ExecutionId","Category":"","Description":"","Attributes":1,"ValueType":"System.Guid"},"Value":"00000000-0000-0000-0000-000000000000"},{"Key":{"Id":"ParentExecId","Label":"ParentExecId","Category":"","Description":"","Attributes":1,"ValueType":"System.Guid"},"Value":"00000000-0000-0000-0000-000000000000"},{"Key":{"Id":"InnerResultsCount","Label":"InnerResultsCount","Category":"","Description":"","Attributes":1,"ValueType":"System.Int32"},"Value":0}]},{"TestCase":{"Id":"65fdad9d-f6bb-8d7a-68c6-54dac2912b22","FullyQualifiedName":"Unit_tests.UnitTest1.TestIndexer_OutOfRangeIndex","DisplayName":"TestIndexer_OutOfRangeIndex","ExecutorUri":"executor://MSTestAdapter/v2","Source":"C:\\Users\\vikal\\source\\repos\\Unit tests\\bin\\Debug\\net8.0\\fine-code-coverage\\build-output\\Unit tests.dll","CodeFilePath":null,"LineNumber":-1,"Properties":[{"Key":{"Id":"TestCase.ManagedMethod","Label":"ManagedMethod","Category":"","Description":"","Attributes":1,"ValueType":"System.String"},"Value":"TestIndexer_OutOfRangeIndex"},{"Key":{"Id":"MSTestDiscoverer.TestClassName","Label":"ClassName","Category":"","Description":"","Attributes":1,"ValueType":"System.String"},"Value":"Unit_tests.UnitTest1"},{"Key":{"Id":"TestCase.Hierarchy","Label":"Hierarchy","Category":"","Description":"","Attributes":2,"ValueType":"System.String[]"},"Value":[null,"Unit_tests","UnitTest1","TestIndexer_OutOfRangeIndex"]},{"Key":{"Id":"MSTest.TestIdGenerationStrategy","Label":"TestIdGenerationStrategy","Category":"","Description":"","Attributes":1,"ValueType":"System.Int32"},"Value":2},{"Key":{"Id":"TestObject.Traits","Label":"Признаки","Category":"","Description":"","Attributes":5,"ValueType":"System.Collections.Generic.KeyValuePair`2[[System.String],[System.String]][]"},"Value":[]},{"Key":{"Id":"TestCase.ManagedType","Label":"ManagedType","Category":"","Description":"","Attributes":1,"ValueType":"System.String"},"Value":"Unit_tests.UnitTest1"}]},"Attachments":[],"Outcome":1,"ErrorMessage":null,"ErrorStackTrace":null,"DisplayName":"TestIndexer_OutOfRangeIndex","Messages":[],"ComputerName":"LVK7667","Duration":"00:00:00.0001448","StartTime":"2025-02-16T22:41:04.2003585+05:00","EndTime":"2025-02-16T22:41:04.2006723+05:00","Properties":[{"Key":{"Id":"ExecutionId","Label":"ExecutionId","Category":"","Description":"","Attributes":1,"ValueType":"System.Guid"},"Value":"00000000-0000-0000-0000-000000000000"},{"Key":{"Id":"ParentExecId","Label":"ParentExecId","Category":"","Description":"","Attributes":1,"ValueType":"System.Guid"},"Value":"00000000-0000-0000-0000-000000000000"},{"Key":{"Id":"InnerResultsCount","Label":"InnerResultsCount","Category":"","Description":"","Attributes":1,"ValueType":"System.Int32"},"Value":0}]},{"TestCase":{"Id":"a507cb33-cf9f-5348-9d48-5eaf3c4c19d3","FullyQualifiedName":"Unit_tests.UnitTest1.TestPrintInfo","DisplayName":"TestPrintInfo","ExecutorUri":"executor://MSTestAdapter/v2","Source":"C:\\Users\\vikal\\source\\repos\\Unit tests\\bin\\Debug\\net8.0\\fine-code-coverage\\build-output\\Unit tests.dll","CodeFilePath":null,"LineNumber":-1,"Properties":[{"Key":{"Id":"TestCase.ManagedMethod","Label":"ManagedMethod","Category":"","Description":"","Attributes":1,"ValueType":"System.String"},"Value":"TestPrintInfo"},{"Key":{"Id":"MSTestDiscoverer.TestClassName","Label":"ClassName","Category":"","Description":"","Attributes":1,"ValueType":"System.String"},"Value":"Unit_tests.UnitTest1"},{"Key":{"Id":"TestCase.Hierarchy","Label":"Hierarchy","Category":"","Description":"","Attributes":2,"ValueType":"System.String[]"},"Value":[null,"Unit_tests","UnitTest1","TestPrintInfo"]},{"Key":{"Id":"MSTest.TestIdGenerationStrategy","Label":"TestIdGenerationStrategy","Category":"","Description":"","Attributes":1,"ValueType":"System.Int32"},"Value":2},{"Key":{"Id":"TestObject.Traits","Label":"Признаки","Category":"","Description":"","Attributes":5,"ValueType":"System.Collections.Generic.KeyValuePair`2[[System.String],[System.String]][]"},"Value":[]},{"Key":{"Id":"TestCase.ManagedType","Label":"ManagedType","Category":"","Description":"","Attributes":1,"ValueType":"System.String"},"Value":"Unit_tests.UnitTest1"}]},"Attachments":[],"Outcome":1,"ErrorMessage":null,"ErrorStackTrace":null,"DisplayName":"TestPrintInfo","Messages":[],"ComputerName":"LVK7667","Duration":"00:00:00.0020555","StartTime":"2025-02-16T22:41:04.2022722+05:00","EndTime":"2025-02-16T22:41:04.2044722+05:00","Properties":[{"Key":{"Id":"ExecutionId","Label":"ExecutionId","Category":"","Description":"","Attributes":1,"ValueType":"System.Guid"},"Value":"00000000-0000-0000-0000-000000000000"},{"Key":{"Id":"ParentExecId","Label":"ParentExecId","Category":"","Description":"","Attributes":1,"ValueType":"System.Guid"},"Value":"00000000-0000-0000-0000-000000000000"},{"Key":{"Id":"InnerResultsCount","Label":"InnerResultsCount","Category":"","Description":"","Attributes":1,"ValueType":"System.Int32"},"Value":0}]},{"TestCase":{"Id":"171c86c6-3a6a-5136-b4ab-00be209a304a","FullyQualifiedName":"Unit_tests.UnitTest1.TestEmptyArray","DisplayName":"TestEmptyArray","ExecutorUri":"executor://MSTestAdapter/v2","Source":"C:\\Users\\vikal\\source\\repos\\Unit tests\\bin\\Debug\\net8.0\\fine-code-coverage\\build-output\\Unit tests.dll","CodeFilePath":null,"LineNumber":-1,"Properties":[{"Key":{"Id":"TestCase.ManagedMethod","Label":"ManagedMethod","Category":"","Description":"","Attributes":1,"ValueType":"System.String"},"Value":"TestEmptyArray"},{"Key":{"Id":"MSTestDiscoverer.TestClassName","Label":"ClassName","Category":"","Description":"","Attributes":1,"ValueType":"System.String"},"Value":"Unit_tests.UnitTest1"},{"Key":{"Id":"TestCase.Hierarchy","Label":"Hierarchy","Category":"","Description":"","Attributes":2,"ValueType":"System.String[]"},"Value":[null,"Unit_tests","UnitTest1","TestEmptyArray"]},{"Key":{"Id":"MSTest.TestIdGenerationStrategy","Label":"TestIdGenerationStrategy","Category":"","Description":"","Attributes":1,"ValueType":"System.Int32"},"Value":2},{"Key":{"Id":"TestObject.Traits","Label":"Признаки","Category":"","Description":"","Attributes":5,"ValueType":"System.Collections.Generic.KeyValuePair`2[[System.String],[System.String]][]"},"Value":[]},{"Key":{"Id":"TestCase.ManagedType","Label":"ManagedType","Category":"","Description":"","Attributes":1,"ValueType":"System.String"},"Value":"Unit_tests.UnitTest1"}]},"Attachments":[],"Outcome":1,"ErrorMessage":null,"ErrorStackTrace":null,"DisplayName":"TestEmptyArray","Messages":[],"ComputerName":"LVK7667","Duration":"00:00:00.0002889","StartTime":"2025-02-16T22:41:04.2062138+05:00","EndTime":"2025-02-16T22:41:04.2066452+05:00","Properties":[{"Key":{"Id":"ExecutionId","Label":"ExecutionId","Category":"","Description":"","Attributes":1,"ValueType":"System.Guid"},"Value":"00000000-0000-0000-0000-000000000000"},{"Key":{"Id":"ParentExecId","Label":"ParentExecId","Category":"","Description":"","Attributes":1,"ValueType":"System.Guid"},"Value":"00000000-0000-0000-0000-000000000000"},{"Key":{"Id":"InnerResultsCount","Label":"InnerResultsCount","Category":"","Description":"","Attributes":1,"ValueType":"System.Int32"},"Value":0}]},{"TestCase":{"Id":"0e9d6160-fd69-1daa-627e-d70b31fc9d57","FullyQualifiedName":"Unit_tests.UnitTest1.TestSingleCarArray","DisplayName":"TestSingleCarArray","ExecutorUri":"executor://MSTestAdapter/v2","Source":"C:\\Users\\vikal\\source\\repos\\Unit tests\\bin\\Debug\\net8.0\\fine-code-coverage\\build-output\\Unit tests.dll","CodeFilePath":null,"LineNumber":-1,"Properties":[{"Key":{"Id":"TestCase.ManagedMethod","Label":"ManagedMethod","Category":"","Description":"","Attributes":1,"ValueType":"System.String"},"Value":"TestSingleCarArray"},{"Key":{"Id":"MSTestDiscoverer.TestClassName","Label":"ClassName","Category":"","Description":"","Attributes":1,"ValueType":"System.String"},"Value":"Unit_tests.UnitTest1"},{"Key":{"Id":"TestCase.Hierarchy","Label":"Hierarchy","Category":"","Description":"","Attributes":2,"ValueType":"System.String[]"},"Value":[null,"Unit_tests","UnitTest1","TestSingleCarArray"]},{"Key":{"Id":"MSTest.TestIdGenerationStrategy","Label":"TestIdGenerationStrategy","Category":"","Description":"","Attributes":1,"ValueType":"System.Int32"},"Value":2},{"Key":{"Id":"TestObject.Traits","Label":"Признаки","Category":"","Description":"","Attributes":5,"ValueType":"System.Collections.Generic.KeyValuePair`2[[System.String],[System.String]][]"},"Value":[]},{"Key":{"Id":"TestCase.ManagedType","Label":"ManagedType","Category":"","Description":"","Attributes":1,"ValueType":"System.String"},"Value":"Unit_tests.UnitTest1"}]},"Attachments":[],"Outcome":1,"ErrorMessage":null,"ErrorStackTrace":null,"DisplayName":"TestSingleCarArray","Messages":[],"ComputerName":"LVK7667","Duration":"00:00:00.0001331","StartTime":"2025-02-16T22:41:04.2082225+05:00","EndTime":"2025-02-16T22:41:04.2084894+05:00","Properties":[{"Key":{"Id":"ExecutionId","Label":"ExecutionId","Category":"","Description":"","Attributes":1,"ValueType":"System.Guid"},"Value":"00000000-0000-0000-0000-000000000000"},{"Key":{"Id":"ParentExecId","Label":"ParentExecId","Category":"","Description":"","Attributes":1,"ValueType":"System.Guid"},"Value":"00000000-0000-0000-0000-000000000000"},{"Key":{"Id":"InnerResultsCount","Label":"InnerResultsCount","Category":"","Description":"","Attributes":1,"ValueType":"System.Int32"},"Value":0}]},{"TestCase":{"Id":"fb5538ea-3329-6646-0609-5bbe77e98bef","FullyQualifiedName":"Unit_tests.UnitTest1.TestMultipleCarsArray","DisplayName":"TestMultipleCarsArray","ExecutorUri":"executor://MSTestAdapter/v2","Source":"C:\\Users\\vikal\\source\\repos\\Unit tests\\bin\\Debug\\net8.0\\fine-code-coverage\\build-output\\Unit tests.dll","CodeFilePath":null,"LineNumber":-1,"Properties":[{"Key":{"Id":"TestCase.ManagedMethod","Label":"ManagedMethod","Category":"","Description":"","Attributes":1,"ValueType":"System.String"},"Value":"TestMultipleCarsArray"},{"Key":{"Id":"MSTestDiscoverer.TestClassName","Label":"ClassName","Category":"","Description":"","Attributes":1,"ValueType":"System.String"},"Value":"Unit_tests.UnitTest1"},{"Key":{"Id":"TestCase.Hierarchy","Label":"Hierarchy","Category":"","Description":"","Attributes":2,"ValueType":"System.String[]"},"Value":[null,"Unit_tests","UnitTest1","TestMultipleCarsArray"]},{"Key":{"Id":"MSTest.TestIdGenerationStrategy","Label":"TestIdGenerationStrategy","Category":"","Description":"","Attributes":1,"ValueType":"System.Int32"},"Value":2},{"Key":{"Id":"TestObject.Traits","Label":"Признаки","Category":"","Description":"","Attributes":5,"ValueType":"System.Collections.Generic.KeyValuePair`2[[System.String],[System.String]][]"},"Value":[]},{"Key":{"Id":"TestCase.ManagedType","Label":"ManagedType","Category":"","Description":"","Attributes":1,"ValueType":"System.String"},"Value":"Unit_tests.UnitTest1"}]},"Attachments":[],"Outcome":1,"ErrorMessage":null,"ErrorStackTrace":null,"DisplayName":"TestMultipleCarsArray","Messages":[],"ComputerName":"LVK7667","Duration":"00:00:00.0001162","StartTime":"2025-02-16T22:41:04.2101021+05:00","EndTime":"2025-02-16T22:41:04.210974+05:00","Properties":[{"Key":{"Id":"ExecutionId","Label":"ExecutionId","Category":"","Description":"","Attributes":1,"ValueType":"System.Guid"},"Value":"00000000-0000-0000-0000-000000000000"},{"Key":{"Id":"ParentExecId","Label":"ParentExecId","Category":"","Description":"","Attributes":1,"ValueType":"System.Guid"},"Value":"00000000-0000-0000-0000-000000000000"},{"Key":{"Id":"InnerResultsCount","Label":"InnerResultsCount","Category":"","Description":"","Attributes":1,"ValueType":"System.Int32"},"Value":0}]}],"TestRunStatistics":{"ExecutedTests":35,"Stats":{"Passed":31,"Failed":4}},"ActiveTests":[]},"RunAttachments":[],"ExecutorUris":["executor://mstestadapter/v2"]}}
TpTrace Verbose: 0 : 23012, 4, 2025/02/16, 22:41:04.221, 2356432635389, testhost.x86.dll, BaseRunTests.RunTests: Run is complete.
TpTrace Verbose: 0 : 23012, 11, 2025/02/16, 22:41:04.227, 2356432689734, testhost.x86.dll, TcpClientExtensions.MessageLoopAsync: NotifyDataAvailable remoteEndPoint: [::ffff:127.0.0.1]:55969 localEndPoint: [::ffff:127.0.0.1]:55970
TpTrace Information: 0 : 23012, 11, 2025/02/16, 22:41:04.227, 2356432690737, testhost.x86.dll, TestRequestHandler.OnMessageReceived: received message: (TestSession.Terminate) -> {"MessageType":"TestSession.Terminate","Payload":null}
TpTrace Information: 0 : 23012, 11, 2025/02/16, 22:41:04.227, 2356432691165, testhost.x86.dll, Session End message received from server. Closing the connection.
TpTrace Information: 0 : 23012, 11, 2025/02/16, 22:41:04.227, 2356432694016, testhost.x86.dll, SocketClient.Stop: Stop communication from server endpoint: 127.0.0.1:055969
TpTrace Information: 0 : 23012, 11, 2025/02/16, 22:41:04.227, 2356432694520, testhost.x86.dll, SocketClient: Stop: Cancellation requested. Stopping message loop.
TpTrace Verbose: 0 : 23012, 11, 2025/02/16, 22:41:04.227, 2356432696196, testhost.x86.dll, LengthPrefixCommunicationChannel.Dispose: Dispose reader and writer.
TpTrace Information: 0 : 23012, 11, 2025/02/16, 22:41:04.227, 2356432696788, testhost.x86.dll, Closing the connection !
TpTrace Verbose: 0 : 23012, 11, 2025/02/16, 22:41:04.227, 2356432697190, testhost.x86.dll, MulticastDelegateUtilities.SafeInvoke: LengthPrefixCommunicationChannel: MessageReceived: Invoking callback 1/1 for Microsoft.VisualStudio.TestPlatform.CommunicationUtilities.TestRequestHandler., took 0 ms.
TpTrace Information: 0 : 23012, 1, 2025/02/16, 22:41:04.227, 2356432697207, testhost.x86.dll, Closing the connection!
TpTrace Information: 0 : 23012, 1, 2025/02/16, 22:41:04.228, 2356432698487, testhost.x86.dll, Testhost process exiting.
TpTrace Information: 0 : 23012, 11, 2025/02/16, 22:41:04.228, 2356432698642, testhost.x86.dll, SocketClient.PrivateStop: Stop communication from server endpoint: 127.0.0.1:055969, error:
TpTrace Verbose: 0 : 23012, 11, 2025/02/16, 22:41:04.228, 2356432699878, testhost.x86.dll, LengthPrefixCommunicationChannel.Dispose: Dispose reader and writer.
TpTrace Verbose: 0 : 23012, 11, 2025/02/16, 22:41:04.228, 2356432700336, testhost.x86.dll, TcpClientExtensions.MessageLoopAsync: exiting MessageLoopAsync remoteEndPoint: [::ffff:127.0.0.1]:55969 localEndPoint: [::ffff:127.0.0.1]:55970
