TpTrace Verbose: 0 : 28444, 1, 2025/02/16, 22:41:03.172, 2356422141811, vstest.console.dll, Version: 17.11.1-release-24455-02 Current process architecture: X64
TpTrace Verbose: 0 : 28444, 1, 2025/02/16, 22:41:03.174, 2356422164776, vstest.console.dll, Runtime location: C:\Program Files\dotnet\shared\Microsoft.NETCore.App\8.0.10
TpTrace Verbose: 0 : 28444, 1, 2025/02/16, 22:41:03.176, 2356422181956, vstest.console.dll, ArtifactProcessingPostProcessModeProcessorExecutor.Initialize: ArtifactProcessingMode.Collect
TpTrace Verbose: 0 : 28444, 1, 2025/02/16, 22:41:03.176, 2356422182769, vstest.console.dll, TestSessionCorrelationIdProcessorModeProcessorExecutor.Initialize: TestSessionCorrelationId '4516_2faf0a21-e5bc-42a3-9332-9bc7966b361b'
TpTrace Information: 0 : 28444, 1, 2025/02/16, 22:41:03.183, 2356422249782, vstest.console.dll, FilePatternParser: The given file C:\Users\vikal\source\repos\Unit tests\bin\Debug\net8.0\fine-code-coverage\build-output\Unit tests.dll is a full path.
TpTrace Verbose: 0 : 28444, 1, 2025/02/16, 22:41:03.187, 2356422287359, vstest.console.dll, TestPluginCache.DiscoverTestExtensions: finding test extensions in assemblies ends with: RuntimeProvider.dll TPluginInfo: Microsoft.VisualStudio.TestPlatform.Common.ExtensionFramework.Utilities.TestRuntimePluginInformation TExtension: Microsoft.VisualStudio.TestPlatform.ObjectModel.Host.ITestRuntimeProvider
TpTrace Verbose: 0 : 28444, 1, 2025/02/16, 22:41:03.187, 2356422296166, vstest.console.dll, TestPluginCache.GetExtensionPaths: Filtered extension paths: 
TpTrace Verbose: 0 : 28444, 1, 2025/02/16, 22:41:03.187, 2356422296893, vstest.console.dll, TestPluginCache.GetExtensionPaths: Added default extension paths: C:\Program Files\dotnet\sdk\8.0.403\Extensions\Microsoft.Diagnostics.NETCore.Client.dll
C:\Program Files\dotnet\sdk\8.0.403\Extensions\Microsoft.TestPlatform.Extensions.BlameDataCollector.dll
C:\Program Files\dotnet\sdk\8.0.403\Extensions\Microsoft.TestPlatform.Extensions.EventLogCollector.dll
C:\Program Files\dotnet\sdk\8.0.403\Extensions\Microsoft.TestPlatform.TestHostRuntimeProvider.dll
C:\Program Files\dotnet\sdk\8.0.403\Extensions\Microsoft.VisualStudio.TestPlatform.Extensions.Html.TestLogger.dll
C:\Program Files\dotnet\sdk\8.0.403\Extensions\Microsoft.VisualStudio.TestPlatform.Extensions.Trx.TestLogger.dll
TpTrace Verbose: 0 : 28444, 1, 2025/02/16, 22:41:03.187, 2356422297135, vstest.console.dll, TestPluginCache.GetExtensionPaths: Added unfilterableExtensionPaths: 
TpTrace Information: 0 : 28444, 1, 2025/02/16, 22:41:03.188, 2356422301130, vstest.console.dll, AssemblyResolver.ctor: Creating AssemblyResolver with searchDirectories C:\Program Files\dotnet\sdk\8.0.403\Extensions,C:\Program Files\dotnet\sdk\8.0.403
TpTrace Verbose: 0 : 28444, 1, 2025/02/16, 22:41:03.189, 2356422309875, vstest.console.dll, TestPluginCache.DiscoverTestExtensions: Discovering the extensions using extension path.
TpTrace Verbose: 0 : 28444, 1, 2025/02/16, 22:41:03.189, 2356422310675, vstest.console.dll, TestPluginCache.GetExtensionPaths: Filtered extension paths: 
TpTrace Verbose: 0 : 28444, 1, 2025/02/16, 22:41:03.189, 2356422310916, vstest.console.dll, TestPluginCache.GetExtensionPaths: Added default extension paths: C:\Program Files\dotnet\sdk\8.0.403\Extensions\Microsoft.Diagnostics.NETCore.Client.dll
C:\Program Files\dotnet\sdk\8.0.403\Extensions\Microsoft.TestPlatform.Extensions.BlameDataCollector.dll
C:\Program Files\dotnet\sdk\8.0.403\Extensions\Microsoft.TestPlatform.Extensions.EventLogCollector.dll
C:\Program Files\dotnet\sdk\8.0.403\Extensions\Microsoft.TestPlatform.TestHostRuntimeProvider.dll
C:\Program Files\dotnet\sdk\8.0.403\Extensions\Microsoft.VisualStudio.TestPlatform.Extensions.Html.TestLogger.dll
C:\Program Files\dotnet\sdk\8.0.403\Extensions\Microsoft.VisualStudio.TestPlatform.Extensions.Trx.TestLogger.dll
TpTrace Verbose: 0 : 28444, 1, 2025/02/16, 22:41:03.189, 2356422311153, vstest.console.dll, TestPluginCache.GetExtensionPaths: Added unfilterableExtensionPaths: 
TpTrace Verbose: 0 : 28444, 1, 2025/02/16, 22:41:03.189, 2356422311514, vstest.console.dll, TestPluginCache.DiscoverTestExtensions: Discovering the extensions using allExtensionPaths: C:\Program Files\dotnet\sdk\8.0.403\Extensions\Microsoft.Diagnostics.NETCore.Client.dll
C:\Program Files\dotnet\sdk\8.0.403\Extensions\Microsoft.TestPlatform.Extensions.BlameDataCollector.dll
C:\Program Files\dotnet\sdk\8.0.403\Extensions\Microsoft.TestPlatform.Extensions.EventLogCollector.dll
C:\Program Files\dotnet\sdk\8.0.403\Extensions\Microsoft.TestPlatform.TestHostRuntimeProvider.dll
C:\Program Files\dotnet\sdk\8.0.403\Extensions\Microsoft.VisualStudio.TestPlatform.Extensions.Html.TestLogger.dll
C:\Program Files\dotnet\sdk\8.0.403\Extensions\Microsoft.VisualStudio.TestPlatform.Extensions.Trx.TestLogger.dll
TpTrace Information: 0 : 28444, 1, 2025/02/16, 22:41:03.189, 2356422312802, vstest.console.dll, AssemblyResolver.AddSearchDirectories: Adding more searchDirectories C:\Program Files\dotnet\sdk\8.0.403\Extensions,C:\Program Files\dotnet\sdk\8.0.403
TpTrace Information: 0 : 28444, 1, 2025/02/16, 22:41:03.189, 2356422313245, vstest.console.dll, AssemblyResolver.AddSearchDirectories: Adding more searchDirectories C:\Program Files\dotnet\sdk\8.0.403\Extensions,C:\Program Files\dotnet\sdk\8.0.403
TpTrace Information: 0 : 28444, 1, 2025/02/16, 22:41:03.189, 2356422313475, vstest.console.dll, AssemblyResolver.AddSearchDirectories: Adding more searchDirectories C:\Program Files\dotnet\sdk\8.0.403\Extensions,C:\Program Files\dotnet\sdk\8.0.403
TpTrace Information: 0 : 28444, 1, 2025/02/16, 22:41:03.189, 2356422313660, vstest.console.dll, AssemblyResolver.AddSearchDirectories: Adding more searchDirectories C:\Program Files\dotnet\sdk\8.0.403\Extensions,C:\Program Files\dotnet\sdk\8.0.403
TpTrace Information: 0 : 28444, 1, 2025/02/16, 22:41:03.189, 2356422313830, vstest.console.dll, AssemblyResolver.AddSearchDirectories: Adding more searchDirectories C:\Program Files\dotnet\sdk\8.0.403\Extensions,C:\Program Files\dotnet\sdk\8.0.403
TpTrace Information: 0 : 28444, 1, 2025/02/16, 22:41:03.189, 2356422313994, vstest.console.dll, AssemblyResolver.AddSearchDirectories: Adding more searchDirectories C:\Program Files\dotnet\sdk\8.0.403\Extensions,C:\Program Files\dotnet\sdk\8.0.403
TpTrace Information: 0 : 28444, 1, 2025/02/16, 22:41:03.189, 2356422316605, vstest.console.dll, AssemblyResolver.OnResolve: Microsoft.Diagnostics.NETCore.Client: Resolving assembly.
TpTrace Information: 0 : 28444, 1, 2025/02/16, 22:41:03.189, 2356422317230, vstest.console.dll, AssemblyResolver.OnResolve: Microsoft.Diagnostics.NETCore.Client: Searching in: 'C:\Program Files\dotnet\sdk\8.0.403\Extensions'.
TpTrace Information: 0 : 28444, 1, 2025/02/16, 22:41:03.195, 2356422371481, vstest.console.dll, AssemblyResolver.OnResolve: Microsoft.Diagnostics.NETCore.Client: Loading assembly 'C:\Program Files\dotnet\sdk\8.0.403\Extensions\Microsoft.Diagnostics.NETCore.Client.dll'.
TpTrace Information: 0 : 28444, 1, 2025/02/16, 22:41:03.195, 2356422376175, vstest.console.dll, AssemblyResolver.OnResolve: Resolved assembly: Microsoft.Diagnostics.NETCore.Client, from path: C:\Program Files\dotnet\sdk\8.0.403\Extensions\Microsoft.Diagnostics.NETCore.Client.dll
TpTrace Verbose: 0 : 28444, 1, 2025/02/16, 22:41:03.199, 2356422412571, vstest.console.dll, MetadataReaderExtensionsHelper: Discovering extensions inside assembly 'Microsoft.Diagnostics.NETCore.Client, Version=0.2.10.30701, Culture=neutral, PublicKeyToken=31bf3856ad364e35' file path 'C:\Program Files\dotnet\sdk\8.0.403\Extensions\Microsoft.Diagnostics.NETCore.Client.dll'
TpTrace Information: 0 : 28444, 1, 2025/02/16, 22:41:03.202, 2356422445080, vstest.console.dll, AssemblyResolver.OnResolve: Microsoft.Bcl.AsyncInterfaces: Resolving assembly.
TpTrace Information: 0 : 28444, 1, 2025/02/16, 22:41:03.202, 2356422445599, vstest.console.dll, AssemblyResolver.OnResolve: Microsoft.Bcl.AsyncInterfaces: Searching in: 'C:\Program Files\dotnet\sdk\8.0.403\Extensions'.
TpTrace Information: 0 : 28444, 1, 2025/02/16, 22:41:03.202, 2356422446102, vstest.console.dll, AssemblyResolver.OnResolve: Microsoft.Bcl.AsyncInterfaces: Assembly path does not exist: 'C:\Program Files\dotnet\sdk\8.0.403\Extensions\Microsoft.Bcl.AsyncInterfaces.dll', returning.
TpTrace Information: 0 : 28444, 1, 2025/02/16, 22:41:03.202, 2356422446941, vstest.console.dll, AssemblyResolver.OnResolve: Microsoft.Bcl.AsyncInterfaces: Assembly path does not exist: 'C:\Program Files\dotnet\sdk\8.0.403\Extensions\Microsoft.Bcl.AsyncInterfaces.exe', returning.
TpTrace Information: 0 : 28444, 1, 2025/02/16, 22:41:03.202, 2356422447205, vstest.console.dll, AssemblyResolver.OnResolve: Microsoft.Bcl.AsyncInterfaces: Searching in: 'C:\Program Files\dotnet\sdk\8.0.403'.
TpTrace Information: 0 : 28444, 1, 2025/02/16, 22:41:03.203, 2356422447858, vstest.console.dll, AssemblyResolver.OnResolve: Microsoft.Bcl.AsyncInterfaces: Assembly path does not exist: 'C:\Program Files\dotnet\sdk\8.0.403\Microsoft.Bcl.AsyncInterfaces.dll', returning.
TpTrace Information: 0 : 28444, 1, 2025/02/16, 22:41:03.203, 2356422448158, vstest.console.dll, AssemblyResolver.OnResolve: Microsoft.Bcl.AsyncInterfaces: Assembly path does not exist: 'C:\Program Files\dotnet\sdk\8.0.403\Microsoft.Bcl.AsyncInterfaces.exe', returning.
TpTrace Information: 0 : 28444, 1, 2025/02/16, 22:41:03.203, 2356422448327, vstest.console.dll, AssemblyResolver.OnResolve: Microsoft.Bcl.AsyncInterfaces: Failed to load assembly.
TpTrace Verbose: 0 : 28444, 1, 2025/02/16, 22:41:03.203, 2356422448624, vstest.console.dll, CurrentDomainAssemblyResolve: Resolving assembly 'Microsoft.Bcl.AsyncInterfaces'.
TpTrace Information: 0 : 28444, 1, 2025/02/16, 22:41:03.203, 2356422449122, vstest.console.dll, AssemblyResolver.OnResolve: Microsoft.Bcl.AsyncInterfaces: Resolving assembly.
TpTrace Information: 0 : 28444, 1, 2025/02/16, 22:41:03.203, 2356422449400, vstest.console.dll, AssemblyResolver.OnResolve: Microsoft.Bcl.AsyncInterfaces: Resolved from cache.
TpTrace Verbose: 0 : 28444, 1, 2025/02/16, 22:41:03.203, 2356422449565, vstest.console.dll, CurrentDomainAssemblyResolve: Resolving assembly 'Microsoft.Bcl.AsyncInterfaces'.
TpTrace Verbose: 0 : 28444, 1, 2025/02/16, 22:41:03.203, 2356422449757, vstest.console.dll, CurrentDomainAssemblyResolve: Failed to resolve assembly 'Microsoft.Bcl.AsyncInterfaces'.
TpTrace Verbose: 0 : 28444, 1, 2025/02/16, 22:41:03.203, 2356422453806, vstest.console.dll, CurrentDomainAssemblyResolve: Failed to resolve assembly 'Microsoft.Bcl.AsyncInterfaces'.
TpTrace Warning: 0 : 28444, 1, 2025/02/16, 22:41:03.210, 2356422524452, vstest.console.dll, TestPluginDiscoverer: Failed to get types from assembly 'Microsoft.Diagnostics.NETCore.Client, Version=0.2.10.30701, Culture=neutral, PublicKeyToken=31bf3856ad364e35'. Error: System.Reflection.ReflectionTypeLoadException: Unable to load one or more of the requested types.
Could not load file or assembly 'Microsoft.Bcl.AsyncInterfaces, Version=6.0.0.0, Culture=neutral, PublicKeyToken=cc7b13ffcd2ddd51'. Не удается найти указанный файл.
   at System.Reflection.RuntimeModule.GetTypes(RuntimeModule module)
   at System.Reflection.RuntimeModule.GetTypes()
   at Microsoft.VisualStudio.TestPlatform.Common.ExtensionFramework.TestPluginDiscoverer.GetTestExtensionsFromAssembly[TPluginInfo,TExtension](Assembly assembly, Dictionary`2 pluginInfos, String filePath) in /_/src/Microsoft.TestPlatform.Common/ExtensionFramework/TestPluginDiscoverer.cs:line 158
System.IO.FileNotFoundException: Could not load file or assembly 'Microsoft.Bcl.AsyncInterfaces, Version=6.0.0.0, Culture=neutral, PublicKeyToken=cc7b13ffcd2ddd51'. Не удается найти указанный файл.
File name: 'Microsoft.Bcl.AsyncInterfaces, Version=6.0.0.0, Culture=neutral, PublicKeyToken=cc7b13ffcd2ddd51'
 ---> System.IO.FileNotFoundException: Could not load file or assembly 'Microsoft.Bcl.AsyncInterfaces, Culture=neutral, PublicKeyToken=null'. Не удается найти указанный файл.
File name: 'Microsoft.Bcl.AsyncInterfaces, Culture=neutral, PublicKeyToken=null'
   at System.Reflection.RuntimeAssembly.InternalLoad(AssemblyName assemblyName, StackCrawlMark& stackMark, AssemblyLoadContext assemblyLoadContext, RuntimeAssembly requestingAssembly, Boolean throwOnFileNotFound)
   at System.Reflection.Assembly.Load(AssemblyName assemblyRef)
   at Microsoft.VisualStudio.TestPlatform.Common.ExtensionFramework.TestPluginCache.CurrentDomainAssemblyResolve(Object sender, AssemblyResolveEventArgs args) in /_/src/Microsoft.TestPlatform.Common/ExtensionFramework/TestPluginCache.cs:line 513
   at System.Runtime.Loader.AssemblyLoadContext.GetFirstResolvedAssemblyFromResolvingEvent(AssemblyName assemblyName)
   at System.Runtime.Loader.AssemblyLoadContext.ResolveUsingEvent(AssemblyName assemblyName)
   at System.Runtime.Loader.AssemblyLoadContext.ResolveUsingResolvingEvent(IntPtr gchManagedAssemblyLoadContext, AssemblyName assemblyName)
TpTrace Warning: 0 : 28444, 1, 2025/02/16, 22:41:03.211, 2356422527446, vstest.console.dll, LoaderExceptions: System.IO.FileNotFoundException: Could not load file or assembly 'Microsoft.Bcl.AsyncInterfaces, Version=6.0.0.0, Culture=neutral, PublicKeyToken=cc7b13ffcd2ddd51'. Не удается найти указанный файл.
File name: 'Microsoft.Bcl.AsyncInterfaces, Version=6.0.0.0, Culture=neutral, PublicKeyToken=cc7b13ffcd2ddd51'
 ---> System.IO.FileNotFoundException: Could not load file or assembly 'Microsoft.Bcl.AsyncInterfaces, Culture=neutral, PublicKeyToken=null'. Не удается найти указанный файл.
File name: 'Microsoft.Bcl.AsyncInterfaces, Culture=neutral, PublicKeyToken=null'
   at System.Reflection.RuntimeAssembly.InternalLoad(AssemblyName assemblyName, StackCrawlMark& stackMark, AssemblyLoadContext assemblyLoadContext, RuntimeAssembly requestingAssembly, Boolean throwOnFileNotFound)
   at System.Reflection.Assembly.Load(AssemblyName assemblyRef)
   at Microsoft.VisualStudio.TestPlatform.Common.ExtensionFramework.TestPluginCache.CurrentDomainAssemblyResolve(Object sender, AssemblyResolveEventArgs args) in /_/src/Microsoft.TestPlatform.Common/ExtensionFramework/TestPluginCache.cs:line 513
   at System.Runtime.Loader.AssemblyLoadContext.GetFirstResolvedAssemblyFromResolvingEvent(AssemblyName assemblyName)
   at System.Runtime.Loader.AssemblyLoadContext.ResolveUsingEvent(AssemblyName assemblyName)
   at System.Runtime.Loader.AssemblyLoadContext.ResolveUsingResolvingEvent(IntPtr gchManagedAssemblyLoadContext, AssemblyName assemblyName)
TpTrace Information: 0 : 28444, 1, 2025/02/16, 22:41:03.211, 2356422528475, vstest.console.dll, AssemblyResolver.OnResolve: Microsoft.TestPlatform.Extensions.BlameDataCollector: Resolving assembly.
TpTrace Information: 0 : 28444, 1, 2025/02/16, 22:41:03.211, 2356422528842, vstest.console.dll, AssemblyResolver.OnResolve: Microsoft.TestPlatform.Extensions.BlameDataCollector: Searching in: 'C:\Program Files\dotnet\sdk\8.0.403\Extensions'.
TpTrace Information: 0 : 28444, 1, 2025/02/16, 22:41:03.211, 2356422532905, vstest.console.dll, AssemblyResolver.OnResolve: Microsoft.TestPlatform.Extensions.BlameDataCollector: Loading assembly 'C:\Program Files\dotnet\sdk\8.0.403\Extensions\Microsoft.TestPlatform.Extensions.BlameDataCollector.dll'.
TpTrace Information: 0 : 28444, 1, 2025/02/16, 22:41:03.211, 2356422537195, vstest.console.dll, AssemblyResolver.OnResolve: Resolved assembly: Microsoft.TestPlatform.Extensions.BlameDataCollector, from path: C:\Program Files\dotnet\sdk\8.0.403\Extensions\Microsoft.TestPlatform.Extensions.BlameDataCollector.dll
TpTrace Verbose: 0 : 28444, 1, 2025/02/16, 22:41:03.212, 2356422537818, vstest.console.dll, MetadataReaderExtensionsHelper: Discovering extensions inside assembly 'Microsoft.TestPlatform.Extensions.BlameDataCollector, Version=15.0.0.0, Culture=neutral, PublicKeyToken=b03f5f7f11d50a3a' file path 'C:\Program Files\dotnet\sdk\8.0.403\Extensions\Microsoft.TestPlatform.Extensions.BlameDataCollector.dll'
TpTrace Information: 0 : 28444, 1, 2025/02/16, 22:41:03.213, 2356422549701, vstest.console.dll, AssemblyResolver.OnResolve: Microsoft.TestPlatform.Extensions.EventLogCollector: Resolving assembly.
TpTrace Information: 0 : 28444, 1, 2025/02/16, 22:41:03.213, 2356422550863, vstest.console.dll, AssemblyResolver.OnResolve: Microsoft.TestPlatform.Extensions.EventLogCollector: Searching in: 'C:\Program Files\dotnet\sdk\8.0.403\Extensions'.
TpTrace Information: 0 : 28444, 1, 2025/02/16, 22:41:03.213, 2356422554900, vstest.console.dll, AssemblyResolver.OnResolve: Microsoft.TestPlatform.Extensions.EventLogCollector: Loading assembly 'C:\Program Files\dotnet\sdk\8.0.403\Extensions\Microsoft.TestPlatform.Extensions.EventLogCollector.dll'.
TpTrace Information: 0 : 28444, 1, 2025/02/16, 22:41:03.214, 2356422558748, vstest.console.dll, AssemblyResolver.OnResolve: Resolved assembly: Microsoft.TestPlatform.Extensions.EventLogCollector, from path: C:\Program Files\dotnet\sdk\8.0.403\Extensions\Microsoft.TestPlatform.Extensions.EventLogCollector.dll
TpTrace Verbose: 0 : 28444, 1, 2025/02/16, 22:41:03.214, 2356422559211, vstest.console.dll, MetadataReaderExtensionsHelper: Discovering extensions inside assembly 'Microsoft.TestPlatform.Extensions.EventLogCollector, Version=15.0.0.0, Culture=neutral, PublicKeyToken=b03f5f7f11d50a3a' file path 'C:\Program Files\dotnet\sdk\8.0.403\Extensions\Microsoft.TestPlatform.Extensions.EventLogCollector.dll'
TpTrace Information: 0 : 28444, 1, 2025/02/16, 22:41:03.215, 2356422572619, vstest.console.dll, AssemblyResolver.OnResolve: Microsoft.TestPlatform.TestHostRuntimeProvider: Resolving assembly.
TpTrace Information: 0 : 28444, 1, 2025/02/16, 22:41:03.215, 2356422573052, vstest.console.dll, AssemblyResolver.OnResolve: Microsoft.TestPlatform.TestHostRuntimeProvider: Searching in: 'C:\Program Files\dotnet\sdk\8.0.403\Extensions'.
TpTrace Information: 0 : 28444, 1, 2025/02/16, 22:41:03.215, 2356422575937, vstest.console.dll, AssemblyResolver.OnResolve: Microsoft.TestPlatform.TestHostRuntimeProvider: Loading assembly 'C:\Program Files\dotnet\sdk\8.0.403\Extensions\Microsoft.TestPlatform.TestHostRuntimeProvider.dll'.
TpTrace Information: 0 : 28444, 1, 2025/02/16, 22:41:03.216, 2356422579728, vstest.console.dll, AssemblyResolver.OnResolve: Resolved assembly: Microsoft.TestPlatform.TestHostRuntimeProvider, from path: C:\Program Files\dotnet\sdk\8.0.403\Extensions\Microsoft.TestPlatform.TestHostRuntimeProvider.dll
TpTrace Verbose: 0 : 28444, 1, 2025/02/16, 22:41:03.216, 2356422580252, vstest.console.dll, MetadataReaderExtensionsHelper: Discovering extensions inside assembly 'Microsoft.TestPlatform.TestHostRuntimeProvider, Version=15.0.0.0, Culture=neutral, PublicKeyToken=b03f5f7f11d50a3a' file path 'C:\Program Files\dotnet\sdk\8.0.403\Extensions\Microsoft.TestPlatform.TestHostRuntimeProvider.dll'
TpTrace Information: 0 : 28444, 1, 2025/02/16, 22:41:03.217, 2356422591100, vstest.console.dll, GetTestExtensionFromType: Register extension with identifier data 'HostProvider://DefaultTestHost' and type 'Microsoft.VisualStudio.TestPlatform.CrossPlatEngine.Hosting.DefaultTestHostManager, Microsoft.TestPlatform.TestHostRuntimeProvider, Version=15.0.0.0, Culture=neutral, PublicKeyToken=b03f5f7f11d50a3a' inside file 'C:\Program Files\dotnet\sdk\8.0.403\Extensions\Microsoft.TestPlatform.TestHostRuntimeProvider.dll'
TpTrace Information: 0 : 28444, 1, 2025/02/16, 22:41:03.217, 2356422592952, vstest.console.dll, GetTestExtensionFromType: Register extension with identifier data 'HostProvider://DotnetTestHost' and type 'Microsoft.VisualStudio.TestPlatform.CrossPlatEngine.Hosting.DotnetTestHostManager, Microsoft.TestPlatform.TestHostRuntimeProvider, Version=15.0.0.0, Culture=neutral, PublicKeyToken=b03f5f7f11d50a3a' inside file 'C:\Program Files\dotnet\sdk\8.0.403\Extensions\Microsoft.TestPlatform.TestHostRuntimeProvider.dll'
TpTrace Information: 0 : 28444, 1, 2025/02/16, 22:41:03.217, 2356422593778, vstest.console.dll, AssemblyResolver.OnResolve: Microsoft.VisualStudio.TestPlatform.Extensions.Html.TestLogger: Resolving assembly.
TpTrace Information: 0 : 28444, 1, 2025/02/16, 22:41:03.217, 2356422594083, vstest.console.dll, AssemblyResolver.OnResolve: Microsoft.VisualStudio.TestPlatform.Extensions.Html.TestLogger: Searching in: 'C:\Program Files\dotnet\sdk\8.0.403\Extensions'.
TpTrace Information: 0 : 28444, 1, 2025/02/16, 22:41:03.217, 2356422596776, vstest.console.dll, AssemblyResolver.OnResolve: Microsoft.VisualStudio.TestPlatform.Extensions.Html.TestLogger: Loading assembly 'C:\Program Files\dotnet\sdk\8.0.403\Extensions\Microsoft.VisualStudio.TestPlatform.Extensions.Html.TestLogger.dll'.
TpTrace Information: 0 : 28444, 1, 2025/02/16, 22:41:03.218, 2356422600494, vstest.console.dll, AssemblyResolver.OnResolve: Resolved assembly: Microsoft.VisualStudio.TestPlatform.Extensions.Html.TestLogger, from path: C:\Program Files\dotnet\sdk\8.0.403\Extensions\Microsoft.VisualStudio.TestPlatform.Extensions.Html.TestLogger.dll
TpTrace Verbose: 0 : 28444, 1, 2025/02/16, 22:41:03.218, 2356422600953, vstest.console.dll, MetadataReaderExtensionsHelper: Discovering extensions inside assembly 'Microsoft.VisualStudio.TestPlatform.Extensions.Html.TestLogger, Version=15.0.0.0, Culture=neutral, PublicKeyToken=b03f5f7f11d50a3a' file path 'C:\Program Files\dotnet\sdk\8.0.403\Extensions\Microsoft.VisualStudio.TestPlatform.Extensions.Html.TestLogger.dll'
TpTrace Information: 0 : 28444, 1, 2025/02/16, 22:41:03.218, 2356422606996, vstest.console.dll, AssemblyResolver.OnResolve: Microsoft.VisualStudio.TestPlatform.Extensions.Trx.TestLogger: Resolving assembly.
TpTrace Information: 0 : 28444, 1, 2025/02/16, 22:41:03.219, 2356422607680, vstest.console.dll, AssemblyResolver.OnResolve: Microsoft.VisualStudio.TestPlatform.Extensions.Trx.TestLogger: Searching in: 'C:\Program Files\dotnet\sdk\8.0.403\Extensions'.
TpTrace Information: 0 : 28444, 1, 2025/02/16, 22:41:03.219, 2356422610504, vstest.console.dll, AssemblyResolver.OnResolve: Microsoft.VisualStudio.TestPlatform.Extensions.Trx.TestLogger: Loading assembly 'C:\Program Files\dotnet\sdk\8.0.403\Extensions\Microsoft.VisualStudio.TestPlatform.Extensions.Trx.TestLogger.dll'.
TpTrace Information: 0 : 28444, 1, 2025/02/16, 22:41:03.219, 2356422616066, vstest.console.dll, AssemblyResolver.OnResolve: Resolved assembly: Microsoft.VisualStudio.TestPlatform.Extensions.Trx.TestLogger, from path: C:\Program Files\dotnet\sdk\8.0.403\Extensions\Microsoft.VisualStudio.TestPlatform.Extensions.Trx.TestLogger.dll
TpTrace Verbose: 0 : 28444, 1, 2025/02/16, 22:41:03.219, 2356422616947, vstest.console.dll, MetadataReaderExtensionsHelper: Discovering extensions inside assembly 'Microsoft.VisualStudio.TestPlatform.Extensions.Trx.TestLogger, Version=15.0.0.0, Culture=neutral, PublicKeyToken=b03f5f7f11d50a3a' file path 'C:\Program Files\dotnet\sdk\8.0.403\Extensions\Microsoft.VisualStudio.TestPlatform.Extensions.Trx.TestLogger.dll'
TpTrace Verbose: 0 : 28444, 1, 2025/02/16, 22:41:03.220, 2356422627163, vstest.console.dll, TestPluginCache: Discovered the extensions using extension path ''.
TpTrace Verbose: 0 : 28444, 1, 2025/02/16, 22:41:03.221, 2356422627650, vstest.console.dll, TestPluginCache: Discoverers are ''.
TpTrace Verbose: 0 : 28444, 1, 2025/02/16, 22:41:03.221, 2356422627857, vstest.console.dll, TestPluginCache: Executors are ''.
TpTrace Verbose: 0 : 28444, 1, 2025/02/16, 22:41:03.221, 2356422628082, vstest.console.dll, TestPluginCache: Executors2 are ''.
TpTrace Verbose: 0 : 28444, 1, 2025/02/16, 22:41:03.221, 2356422628245, vstest.console.dll, TestPluginCache: Setting providers are ''.
TpTrace Verbose: 0 : 28444, 1, 2025/02/16, 22:41:03.221, 2356422628407, vstest.console.dll, TestPluginCache: Loggers are ''.
TpTrace Verbose: 0 : 28444, 1, 2025/02/16, 22:41:03.221, 2356422630040, vstest.console.dll, TestPluginCache: TestHosts are 'HostProvider://DefaultTestHost,HostProvider://DotnetTestHost'.
TpTrace Verbose: 0 : 28444, 1, 2025/02/16, 22:41:03.221, 2356422630333, vstest.console.dll, TestPluginCache: DataCollectors are ''.
TpTrace Information: 0 : 28444, 1, 2025/02/16, 22:41:03.231, 2356422729169, vstest.console.dll, RunTestsArgumentProcessor:Execute: Test run is starting.
TpTrace Verbose: 0 : 28444, 1, 2025/02/16, 22:41:03.231, 2356422729748, vstest.console.dll, RunTestsArgumentProcessor:Execute: Queuing Test run.
TpTrace Information: 0 : 28444, 1, 2025/02/16, 22:41:03.231, 2356422731560, vstest.console.dll, TestRequestManager.RunTests: run tests started.
TpTrace Information: 0 : 28444, 1, 2025/02/16, 22:41:03.232, 2356422740299, vstest.console.dll, AssemblyMetadataProvider.GetFrameworkName: Determined framework:'.NETCoreApp,Version=v8.0' for source: 'C:\Users\vikal\source\repos\Unit tests\bin\Debug\net8.0\fine-code-coverage\build-output\Unit tests.dll'
TpTrace Information: 0 : 28444, 1, 2025/02/16, 22:41:03.232, 2356422741356, vstest.console.dll, Determined framework for all sources: .NETCoreApp,Version=v8.0
TpTrace Verbose: 0 : 28444, 1, 2025/02/16, 22:41:03.232, 2356422744656, vstest.console.dll, TestRequestManager.UpdateRunSettingsIfRequired: Default architecture: X64 IsDefaultTargetArchitecture: True, Current process architecture: X64 OperatingSystem: Windows.
TpTrace Information: 0 : 28444, 1, 2025/02/16, 22:41:03.233, 2356422755646, vstest.console.dll, AssemblyMetadataProvider.GetArchitecture: Determined architecture:X86 info for assembly: C:\Users\vikal\source\repos\Unit tests\bin\Debug\net8.0\fine-code-coverage\build-output\Unit tests.dll
TpTrace Information: 0 : 28444, 1, 2025/02/16, 22:41:03.233, 2356422756544, vstest.console.dll, Determined platform for source 'C:\Users\vikal\source\repos\Unit tests\bin\Debug\net8.0\fine-code-coverage\build-output\Unit tests.dll' was 'X86'.
TpTrace Information: 0 : 28444, 1, 2025/02/16, 22:41:03.233, 2356422756850, vstest.console.dll, Determined platform for all sources: X86
TpTrace Information: 0 : 28444, 1, 2025/02/16, 22:41:03.234, 2356422758048, vstest.console.dll, Platform was updated to 'X86'.
TpTrace Information: 0 : 28444, 1, 2025/02/16, 22:41:03.236, 2356422781812, vstest.console.dll, InferRunSettingsHelper.IsTestSettingsEnabled: Unable to navigate to RunSettings/MSTest. Current node: RunSettings
TpTrace Information: 0 : 28444, 1, 2025/02/16, 22:41:03.237, 2356422787512, vstest.console.dll, AssemblyResolver.OnResolve: Microsoft.VisualStudio.TestPlatform.Fakes: Resolving assembly.
TpTrace Information: 0 : 28444, 1, 2025/02/16, 22:41:03.237, 2356422788234, vstest.console.dll, AssemblyResolver.OnResolve: Microsoft.VisualStudio.TestPlatform.Fakes: Searching in: 'C:\Program Files\dotnet\sdk\8.0.403\Extensions'.
TpTrace Information: 0 : 28444, 1, 2025/02/16, 22:41:03.237, 2356422788821, vstest.console.dll, AssemblyResolver.OnResolve: Microsoft.VisualStudio.TestPlatform.Fakes: Assembly path does not exist: 'C:\Program Files\dotnet\sdk\8.0.403\Extensions\Microsoft.VisualStudio.TestPlatform.Fakes.dll', returning.
TpTrace Information: 0 : 28444, 1, 2025/02/16, 22:41:03.237, 2356422789203, vstest.console.dll, AssemblyResolver.OnResolve: Microsoft.VisualStudio.TestPlatform.Fakes: Assembly path does not exist: 'C:\Program Files\dotnet\sdk\8.0.403\Extensions\Microsoft.VisualStudio.TestPlatform.Fakes.exe', returning.
TpTrace Information: 0 : 28444, 1, 2025/02/16, 22:41:03.237, 2356422789404, vstest.console.dll, AssemblyResolver.OnResolve: Microsoft.VisualStudio.TestPlatform.Fakes: Searching in: 'C:\Program Files\dotnet\sdk\8.0.403'.
TpTrace Information: 0 : 28444, 1, 2025/02/16, 22:41:03.237, 2356422789984, vstest.console.dll, AssemblyResolver.OnResolve: Microsoft.VisualStudio.TestPlatform.Fakes: Assembly path does not exist: 'C:\Program Files\dotnet\sdk\8.0.403\Microsoft.VisualStudio.TestPlatform.Fakes.dll', returning.
TpTrace Information: 0 : 28444, 1, 2025/02/16, 22:41:03.237, 2356422790351, vstest.console.dll, AssemblyResolver.OnResolve: Microsoft.VisualStudio.TestPlatform.Fakes: Assembly path does not exist: 'C:\Program Files\dotnet\sdk\8.0.403\Microsoft.VisualStudio.TestPlatform.Fakes.exe', returning.
TpTrace Information: 0 : 28444, 1, 2025/02/16, 22:41:03.237, 2356422790539, vstest.console.dll, AssemblyResolver.OnResolve: Microsoft.VisualStudio.TestPlatform.Fakes: Failed to load assembly.
TpTrace Information: 0 : 28444, 1, 2025/02/16, 22:41:03.237, 2356422793009, vstest.console.dll, Failed to load assembly Microsoft.VisualStudio.TestPlatform.Fakes, Version=17.0.0.0, Culture=neutral. Reason:System.IO.FileNotFoundException: Could not load file or assembly 'Microsoft.VisualStudio.TestPlatform.Fakes, Version=17.0.0.0, Culture=neutral, PublicKeyToken=null'. Не удается найти указанный файл.
File name: 'Microsoft.VisualStudio.TestPlatform.Fakes, Version=17.0.0.0, Culture=neutral, PublicKeyToken=null'
   at System.Reflection.RuntimeAssembly.InternalLoad(AssemblyName assemblyName, StackCrawlMark& stackMark, AssemblyLoadContext assemblyLoadContext, RuntimeAssembly requestingAssembly, Boolean throwOnFileNotFound)
   at System.Reflection.Assembly.Load(AssemblyName assemblyRef)
   at Microsoft.VisualStudio.TestPlatform.Common.Utilities.FakesUtilities.LoadTestPlatformAssembly() in /_/src/Microsoft.TestPlatform.Common/Utilities/FakesUtilities.cs:line 272
TpTrace Verbose: 0 : 28444, 1, 2025/02/16, 22:41:03.240, 2356422817673, vstest.console.dll, TestPluginCache.DiscoverTestExtensions: finding test extensions in assemblies ends with: TestLogger.dll TPluginInfo: Microsoft.VisualStudio.TestPlatform.Common.ExtensionFramework.Utilities.TestLoggerPluginInformation TExtension: Microsoft.VisualStudio.TestPlatform.ObjectModel.Client.ITestLogger
TpTrace Verbose: 0 : 28444, 1, 2025/02/16, 22:41:03.240, 2356422818348, vstest.console.dll, TestPluginCache.GetExtensionPaths: Filtered extension paths: 
TpTrace Verbose: 0 : 28444, 1, 2025/02/16, 22:41:03.240, 2356422818570, vstest.console.dll, TestPluginCache.GetExtensionPaths: Added default extension paths: C:\Program Files\dotnet\sdk\8.0.403\Extensions\Microsoft.Diagnostics.NETCore.Client.dll
C:\Program Files\dotnet\sdk\8.0.403\Extensions\Microsoft.TestPlatform.Extensions.BlameDataCollector.dll
C:\Program Files\dotnet\sdk\8.0.403\Extensions\Microsoft.TestPlatform.Extensions.EventLogCollector.dll
C:\Program Files\dotnet\sdk\8.0.403\Extensions\Microsoft.TestPlatform.TestHostRuntimeProvider.dll
C:\Program Files\dotnet\sdk\8.0.403\Extensions\Microsoft.VisualStudio.TestPlatform.Extensions.Html.TestLogger.dll
C:\Program Files\dotnet\sdk\8.0.403\Extensions\Microsoft.VisualStudio.TestPlatform.Extensions.Trx.TestLogger.dll
TpTrace Verbose: 0 : 28444, 1, 2025/02/16, 22:41:03.240, 2356422818752, vstest.console.dll, TestPluginCache.GetExtensionPaths: Added unfilterableExtensionPaths: 
TpTrace Information: 0 : 28444, 1, 2025/02/16, 22:41:03.240, 2356422819530, vstest.console.dll, AssemblyResolver.AddSearchDirectories: Adding more searchDirectories C:\Program Files\dotnet\sdk\8.0.403\Extensions,C:\Program Files\dotnet\sdk\8.0.403
TpTrace Verbose: 0 : 28444, 1, 2025/02/16, 22:41:03.240, 2356422819822, vstest.console.dll, TestPluginCache.DiscoverTestExtensions: Discovering the extensions using extension path.
TpTrace Verbose: 0 : 28444, 1, 2025/02/16, 22:41:03.240, 2356422820024, vstest.console.dll, TestPluginCache.GetExtensionPaths: Filtered extension paths: 
TpTrace Verbose: 0 : 28444, 1, 2025/02/16, 22:41:03.240, 2356422820222, vstest.console.dll, TestPluginCache.GetExtensionPaths: Added default extension paths: C:\Program Files\dotnet\sdk\8.0.403\Extensions\Microsoft.Diagnostics.NETCore.Client.dll
C:\Program Files\dotnet\sdk\8.0.403\Extensions\Microsoft.TestPlatform.Extensions.BlameDataCollector.dll
C:\Program Files\dotnet\sdk\8.0.403\Extensions\Microsoft.TestPlatform.Extensions.EventLogCollector.dll
C:\Program Files\dotnet\sdk\8.0.403\Extensions\Microsoft.TestPlatform.TestHostRuntimeProvider.dll
C:\Program Files\dotnet\sdk\8.0.403\Extensions\Microsoft.VisualStudio.TestPlatform.Extensions.Html.TestLogger.dll
C:\Program Files\dotnet\sdk\8.0.403\Extensions\Microsoft.VisualStudio.TestPlatform.Extensions.Trx.TestLogger.dll
TpTrace Verbose: 0 : 28444, 1, 2025/02/16, 22:41:03.240, 2356422820399, vstest.console.dll, TestPluginCache.GetExtensionPaths: Added unfilterableExtensionPaths: 
TpTrace Verbose: 0 : 28444, 1, 2025/02/16, 22:41:03.240, 2356422820619, vstest.console.dll, TestPluginCache.DiscoverTestExtensions: Discovering the extensions using allExtensionPaths: C:\Program Files\dotnet\sdk\8.0.403\Extensions\Microsoft.Diagnostics.NETCore.Client.dll
C:\Program Files\dotnet\sdk\8.0.403\Extensions\Microsoft.TestPlatform.Extensions.BlameDataCollector.dll
C:\Program Files\dotnet\sdk\8.0.403\Extensions\Microsoft.TestPlatform.Extensions.EventLogCollector.dll
C:\Program Files\dotnet\sdk\8.0.403\Extensions\Microsoft.TestPlatform.TestHostRuntimeProvider.dll
C:\Program Files\dotnet\sdk\8.0.403\Extensions\Microsoft.VisualStudio.TestPlatform.Extensions.Html.TestLogger.dll
C:\Program Files\dotnet\sdk\8.0.403\Extensions\Microsoft.VisualStudio.TestPlatform.Extensions.Trx.TestLogger.dll
TpTrace Information: 0 : 28444, 1, 2025/02/16, 22:41:03.240, 2356422821285, vstest.console.dll, AssemblyResolver.AddSearchDirectories: Adding more searchDirectories C:\Program Files\dotnet\sdk\8.0.403\Extensions,C:\Program Files\dotnet\sdk\8.0.403
TpTrace Information: 0 : 28444, 1, 2025/02/16, 22:41:03.240, 2356422821585, vstest.console.dll, AssemblyResolver.AddSearchDirectories: Adding more searchDirectories C:\Program Files\dotnet\sdk\8.0.403\Extensions,C:\Program Files\dotnet\sdk\8.0.403
TpTrace Information: 0 : 28444, 1, 2025/02/16, 22:41:03.240, 2356422821768, vstest.console.dll, AssemblyResolver.AddSearchDirectories: Adding more searchDirectories C:\Program Files\dotnet\sdk\8.0.403\Extensions,C:\Program Files\dotnet\sdk\8.0.403
TpTrace Information: 0 : 28444, 1, 2025/02/16, 22:41:03.240, 2356422821935, vstest.console.dll, AssemblyResolver.AddSearchDirectories: Adding more searchDirectories C:\Program Files\dotnet\sdk\8.0.403\Extensions,C:\Program Files\dotnet\sdk\8.0.403
TpTrace Information: 0 : 28444, 1, 2025/02/16, 22:41:03.240, 2356422822130, vstest.console.dll, AssemblyResolver.AddSearchDirectories: Adding more searchDirectories C:\Program Files\dotnet\sdk\8.0.403\Extensions,C:\Program Files\dotnet\sdk\8.0.403
TpTrace Information: 0 : 28444, 1, 2025/02/16, 22:41:03.240, 2356422822297, vstest.console.dll, AssemblyResolver.AddSearchDirectories: Adding more searchDirectories C:\Program Files\dotnet\sdk\8.0.403\Extensions,C:\Program Files\dotnet\sdk\8.0.403
TpTrace Verbose: 0 : 28444, 1, 2025/02/16, 22:41:03.240, 2356422822956, vstest.console.dll, MetadataReaderExtensionsHelper: Discovering extensions inside assembly 'Microsoft.Diagnostics.NETCore.Client, Version=0.2.10.30701, Culture=neutral, PublicKeyToken=31bf3856ad364e35' file path 'C:\Program Files\dotnet\sdk\8.0.403\Extensions\Microsoft.Diagnostics.NETCore.Client.dll'
TpTrace Information: 0 : 28444, 1, 2025/02/16, 22:41:03.241, 2356422830162, vstest.console.dll, AssemblyResolver.OnResolve: Microsoft.Bcl.AsyncInterfaces: Resolving assembly.
TpTrace Information: 0 : 28444, 1, 2025/02/16, 22:41:03.241, 2356422830522, vstest.console.dll, AssemblyResolver.OnResolve: Microsoft.Bcl.AsyncInterfaces: Resolved from cache.
TpTrace Verbose: 0 : 28444, 1, 2025/02/16, 22:41:03.241, 2356422830704, vstest.console.dll, CurrentDomainAssemblyResolve: Resolving assembly 'Microsoft.Bcl.AsyncInterfaces'.
TpTrace Information: 0 : 28444, 1, 2025/02/16, 22:41:03.241, 2356422830974, vstest.console.dll, AssemblyResolver.OnResolve: Microsoft.Bcl.AsyncInterfaces: Resolving assembly.
TpTrace Information: 0 : 28444, 1, 2025/02/16, 22:41:03.241, 2356422831272, vstest.console.dll, AssemblyResolver.OnResolve: Microsoft.Bcl.AsyncInterfaces: Resolved from cache.
TpTrace Verbose: 0 : 28444, 1, 2025/02/16, 22:41:03.241, 2356422831470, vstest.console.dll, CurrentDomainAssemblyResolve: Resolving assembly 'Microsoft.Bcl.AsyncInterfaces'.
TpTrace Verbose: 0 : 28444, 1, 2025/02/16, 22:41:03.241, 2356422831620, vstest.console.dll, CurrentDomainAssemblyResolve: Failed to resolve assembly 'Microsoft.Bcl.AsyncInterfaces'.
TpTrace Verbose: 0 : 28444, 1, 2025/02/16, 22:41:03.241, 2356422832778, vstest.console.dll, CurrentDomainAssemblyResolve: Failed to resolve assembly 'Microsoft.Bcl.AsyncInterfaces'.
TpTrace Warning: 0 : 28444, 1, 2025/02/16, 22:41:03.241, 2356422835853, vstest.console.dll, TestPluginDiscoverer: Failed to get types from assembly 'Microsoft.Diagnostics.NETCore.Client, Version=0.2.10.30701, Culture=neutral, PublicKeyToken=31bf3856ad364e35'. Error: System.Reflection.ReflectionTypeLoadException: Unable to load one or more of the requested types.
Could not load file or assembly 'Microsoft.Bcl.AsyncInterfaces, Version=6.0.0.0, Culture=neutral, PublicKeyToken=cc7b13ffcd2ddd51'. Не удается найти указанный файл.
   at System.Reflection.RuntimeModule.GetTypes(RuntimeModule module)
   at System.Reflection.RuntimeModule.GetTypes()
   at Microsoft.VisualStudio.TestPlatform.Common.ExtensionFramework.TestPluginDiscoverer.GetTestExtensionsFromAssembly[TPluginInfo,TExtension](Assembly assembly, Dictionary`2 pluginInfos, String filePath) in /_/src/Microsoft.TestPlatform.Common/ExtensionFramework/TestPluginDiscoverer.cs:line 158
System.IO.FileNotFoundException: Could not load file or assembly 'Microsoft.Bcl.AsyncInterfaces, Version=6.0.0.0, Culture=neutral, PublicKeyToken=cc7b13ffcd2ddd51'. Не удается найти указанный файл.
File name: 'Microsoft.Bcl.AsyncInterfaces, Version=6.0.0.0, Culture=neutral, PublicKeyToken=cc7b13ffcd2ddd51'
 ---> System.IO.FileNotFoundException: Could not load file or assembly 'Microsoft.Bcl.AsyncInterfaces, Culture=neutral, PublicKeyToken=null'. Не удается найти указанный файл.
File name: 'Microsoft.Bcl.AsyncInterfaces, Culture=neutral, PublicKeyToken=null'
   at System.Reflection.RuntimeAssembly.InternalLoad(AssemblyName assemblyName, StackCrawlMark& stackMark, AssemblyLoadContext assemblyLoadContext, RuntimeAssembly requestingAssembly, Boolean throwOnFileNotFound)
   at System.Reflection.Assembly.Load(AssemblyName assemblyRef)
   at Microsoft.VisualStudio.TestPlatform.Common.ExtensionFramework.TestPluginCache.CurrentDomainAssemblyResolve(Object sender, AssemblyResolveEventArgs args) in /_/src/Microsoft.TestPlatform.Common/ExtensionFramework/TestPluginCache.cs:line 513
   at System.Runtime.Loader.AssemblyLoadContext.GetFirstResolvedAssemblyFromResolvingEvent(AssemblyName assemblyName)
   at System.Runtime.Loader.AssemblyLoadContext.ResolveUsingEvent(AssemblyName assemblyName)
   at System.Runtime.Loader.AssemblyLoadContext.ResolveUsingResolvingEvent(IntPtr gchManagedAssemblyLoadContext, AssemblyName assemblyName)
TpTrace Warning: 0 : 28444, 1, 2025/02/16, 22:41:03.242, 2356422837667, vstest.console.dll, LoaderExceptions: System.IO.FileNotFoundException: Could not load file or assembly 'Microsoft.Bcl.AsyncInterfaces, Version=6.0.0.0, Culture=neutral, PublicKeyToken=cc7b13ffcd2ddd51'. Не удается найти указанный файл.
File name: 'Microsoft.Bcl.AsyncInterfaces, Version=6.0.0.0, Culture=neutral, PublicKeyToken=cc7b13ffcd2ddd51'
 ---> System.IO.FileNotFoundException: Could not load file or assembly 'Microsoft.Bcl.AsyncInterfaces, Culture=neutral, PublicKeyToken=null'. Не удается найти указанный файл.
File name: 'Microsoft.Bcl.AsyncInterfaces, Culture=neutral, PublicKeyToken=null'
   at System.Reflection.RuntimeAssembly.InternalLoad(AssemblyName assemblyName, StackCrawlMark& stackMark, AssemblyLoadContext assemblyLoadContext, RuntimeAssembly requestingAssembly, Boolean throwOnFileNotFound)
   at System.Reflection.Assembly.Load(AssemblyName assemblyRef)
   at Microsoft.VisualStudio.TestPlatform.Common.ExtensionFramework.TestPluginCache.CurrentDomainAssemblyResolve(Object sender, AssemblyResolveEventArgs args) in /_/src/Microsoft.TestPlatform.Common/ExtensionFramework/TestPluginCache.cs:line 513
   at System.Runtime.Loader.AssemblyLoadContext.GetFirstResolvedAssemblyFromResolvingEvent(AssemblyName assemblyName)
   at System.Runtime.Loader.AssemblyLoadContext.ResolveUsingEvent(AssemblyName assemblyName)
   at System.Runtime.Loader.AssemblyLoadContext.ResolveUsingResolvingEvent(IntPtr gchManagedAssemblyLoadContext, AssemblyName assemblyName)
TpTrace Verbose: 0 : 28444, 1, 2025/02/16, 22:41:03.242, 2356422838276, vstest.console.dll, MetadataReaderExtensionsHelper: Discovering extensions inside assembly 'Microsoft.TestPlatform.Extensions.BlameDataCollector, Version=15.0.0.0, Culture=neutral, PublicKeyToken=b03f5f7f11d50a3a' file path 'C:\Program Files\dotnet\sdk\8.0.403\Extensions\Microsoft.TestPlatform.Extensions.BlameDataCollector.dll'
TpTrace Information: 0 : 28444, 1, 2025/02/16, 22:41:03.242, 2356422844006, vstest.console.dll, GetTestExtensionFromType: Register extension with identifier data 'logger://Microsoft/TestPlatform/Extensions/Blame/v1' and type 'Microsoft.TestPlatform.Extensions.BlameDataCollector.BlameLogger, Microsoft.TestPlatform.Extensions.BlameDataCollector, Version=15.0.0.0, Culture=neutral, PublicKeyToken=b03f5f7f11d50a3a' inside file 'C:\Program Files\dotnet\sdk\8.0.403\Extensions\Microsoft.TestPlatform.Extensions.BlameDataCollector.dll'
TpTrace Verbose: 0 : 28444, 1, 2025/02/16, 22:41:03.242, 2356422844696, vstest.console.dll, MetadataReaderExtensionsHelper: Discovering extensions inside assembly 'Microsoft.TestPlatform.Extensions.EventLogCollector, Version=15.0.0.0, Culture=neutral, PublicKeyToken=b03f5f7f11d50a3a' file path 'C:\Program Files\dotnet\sdk\8.0.403\Extensions\Microsoft.TestPlatform.Extensions.EventLogCollector.dll'
TpTrace Verbose: 0 : 28444, 1, 2025/02/16, 22:41:03.243, 2356422848527, vstest.console.dll, MetadataReaderExtensionsHelper: Discovering extensions inside assembly 'Microsoft.TestPlatform.TestHostRuntimeProvider, Version=15.0.0.0, Culture=neutral, PublicKeyToken=b03f5f7f11d50a3a' file path 'C:\Program Files\dotnet\sdk\8.0.403\Extensions\Microsoft.TestPlatform.TestHostRuntimeProvider.dll'
TpTrace Verbose: 0 : 28444, 1, 2025/02/16, 22:41:03.243, 2356422852366, vstest.console.dll, MetadataReaderExtensionsHelper: Discovering extensions inside assembly 'Microsoft.VisualStudio.TestPlatform.Extensions.Html.TestLogger, Version=15.0.0.0, Culture=neutral, PublicKeyToken=b03f5f7f11d50a3a' file path 'C:\Program Files\dotnet\sdk\8.0.403\Extensions\Microsoft.VisualStudio.TestPlatform.Extensions.Html.TestLogger.dll'
TpTrace Information: 0 : 28444, 1, 2025/02/16, 22:41:03.244, 2356422857649, vstest.console.dll, GetTestExtensionFromType: Register extension with identifier data 'logger://Microsoft/TestPlatform/HtmlLogger/v1' and type 'Microsoft.VisualStudio.TestPlatform.Extensions.HtmlLogger.HtmlLogger, Microsoft.VisualStudio.TestPlatform.Extensions.Html.TestLogger, Version=15.0.0.0, Culture=neutral, PublicKeyToken=b03f5f7f11d50a3a' inside file 'C:\Program Files\dotnet\sdk\8.0.403\Extensions\Microsoft.VisualStudio.TestPlatform.Extensions.Html.TestLogger.dll'
TpTrace Verbose: 0 : 28444, 1, 2025/02/16, 22:41:03.244, 2356422858179, vstest.console.dll, MetadataReaderExtensionsHelper: Discovering extensions inside assembly 'Microsoft.VisualStudio.TestPlatform.Extensions.Trx.TestLogger, Version=15.0.0.0, Culture=neutral, PublicKeyToken=b03f5f7f11d50a3a' file path 'C:\Program Files\dotnet\sdk\8.0.403\Extensions\Microsoft.VisualStudio.TestPlatform.Extensions.Trx.TestLogger.dll'
TpTrace Information: 0 : 28444, 1, 2025/02/16, 22:41:03.244, 2356422862145, vstest.console.dll, GetTestExtensionFromType: Register extension with identifier data 'logger://Microsoft/TestPlatform/TrxLogger/v1' and type 'Microsoft.VisualStudio.TestPlatform.Extensions.TrxLogger.TrxLogger, Microsoft.VisualStudio.TestPlatform.Extensions.Trx.TestLogger, Version=15.0.0.0, Culture=neutral, PublicKeyToken=b03f5f7f11d50a3a' inside file 'C:\Program Files\dotnet\sdk\8.0.403\Extensions\Microsoft.VisualStudio.TestPlatform.Extensions.Trx.TestLogger.dll'
TpTrace Verbose: 0 : 28444, 1, 2025/02/16, 22:41:03.244, 2356422862713, vstest.console.dll, TestPluginCache: Discovered the extensions using extension path ''.
TpTrace Verbose: 0 : 28444, 1, 2025/02/16, 22:41:03.244, 2356422863155, vstest.console.dll, TestPluginCache: Discoverers are ''.
TpTrace Verbose: 0 : 28444, 1, 2025/02/16, 22:41:03.244, 2356422863318, vstest.console.dll, TestPluginCache: Executors are ''.
TpTrace Verbose: 0 : 28444, 1, 2025/02/16, 22:41:03.244, 2356422863461, vstest.console.dll, TestPluginCache: Executors2 are ''.
TpTrace Verbose: 0 : 28444, 1, 2025/02/16, 22:41:03.244, 2356422863603, vstest.console.dll, TestPluginCache: Setting providers are ''.
TpTrace Verbose: 0 : 28444, 1, 2025/02/16, 22:41:03.244, 2356422864049, vstest.console.dll, TestPluginCache: Loggers are 'logger://Microsoft/TestPlatform/Extensions/Blame/v1,logger://Microsoft/TestPlatform/HtmlLogger/v1,logger://Microsoft/TestPlatform/TrxLogger/v1'.
TpTrace Verbose: 0 : 28444, 1, 2025/02/16, 22:41:03.244, 2356422864340, vstest.console.dll, TestPluginCache: TestHosts are 'HostProvider://DefaultTestHost,HostProvider://DotnetTestHost'.
TpTrace Verbose: 0 : 28444, 1, 2025/02/16, 22:41:03.244, 2356422864534, vstest.console.dll, TestPluginCache: DataCollectors are ''.
TpTrace Information: 0 : 28444, 1, 2025/02/16, 22:41:03.245, 2356422870468, vstest.console.dll, TestPluginManager.CreateTestExtension: Attempting to load test extension: Microsoft.TestPlatform.Extensions.BlameDataCollector.BlameLogger
TpTrace Verbose: 0 : 28444, 1, 2025/02/16, 22:41:03.250, 2356422921438, vstest.console.dll, TestEngine: Initializing Parallel Execution as MaxCpuCount is set to: 1
TpTrace Information: 0 : 28444, 1, 2025/02/16, 22:41:03.251, 2356422932851, vstest.console.dll, TestPluginManager.CreateTestExtension: Attempting to load test extension: Microsoft.VisualStudio.TestPlatform.CrossPlatEngine.Hosting.DefaultTestHostManager
TpTrace Information: 0 : 28444, 1, 2025/02/16, 22:41:03.252, 2356422937393, vstest.console.dll, TestPluginManager.CreateTestExtension: Attempting to load test extension: Microsoft.VisualStudio.TestPlatform.CrossPlatEngine.Hosting.DotnetTestHostManager
TpTrace Verbose: 0 : 28444, 1, 2025/02/16, 22:41:03.252, 2356422939372, vstest.console.dll, TestHostManagerCallbacks.ctor: Forwarding output is enabled.
TpTrace Information: 0 : 28444, 1, 2025/02/16, 22:41:03.252, 2356422942870, vstest.console.dll, InferRunSettingsHelper.IsTestSettingsEnabled: Unable to navigate to RunSettings/MSTest. Current node: RunSettings
TpTrace Verbose: 0 : 28444, 1, 2025/02/16, 22:41:03.252, 2356422947187, vstest.console.dll, ParallelOperationManager.ClearSlots: Clearing all slots. Slots should accept more work: True
TpTrace Verbose: 0 : 28444, 1, 2025/02/16, 22:41:03.253, 2356422952408, vstest.console.dll, ParallelOperationManager.SetOccupiedSlotCount: Setting slot counts AvailableSlotCount = 1, OccupiedSlotCount = 0.
TpTrace Verbose: 0 : 28444, 1, 2025/02/16, 22:41:03.253, 2356422954655, vstest.console.dll, Occupied slots:

TpTrace Verbose: 0 : 28444, 1, 2025/02/16, 22:41:03.255, 2356422977316, vstest.console.dll, TestEngine.GetExecutionManager: Chosen execution manager 'Microsoft.VisualStudio.TestPlatform.CrossPlatEngine.Client.Parallel.ParallelProxyExecutionManager, Microsoft.TestPlatform.CrossPlatEngine, Version=15.0.0.0, Culture=neutral, PublicKeyToken=b03f5f7f11d50a3a' ParallelLevel '1'.
TpTrace Verbose: 0 : 28444, 1, 2025/02/16, 22:41:03.256, 2356422978429, vstest.console.dll, TestPlatform.GetSkipDefaultAdapters: Not skipping default adapters SkipDefaultAdapters was false.
TpTrace Verbose: 0 : 28444, 1, 2025/02/16, 22:41:03.256, 2356422979310, vstest.console.dll, TestRunRequest.ExecuteAsync: Creating test run request.
TpTrace Verbose: 0 : 28444, 1, 2025/02/16, 22:41:03.256, 2356422980918, vstest.console.dll, TestRunRequest.ExecuteAsync: Starting.
TpTrace Information: 0 : 28444, 1, 2025/02/16, 22:41:03.257, 2356422989412, vstest.console.dll, TestRunRequest.ExecuteAsync: Starting run with settings:TestRunCriteria:
   KeepAlive=False,FrequencyOfRunStatsChangeEvent=10,RunStatsChangeEventTimeout=00:00:01.5000000,TestCaseFilter=,TestExecutorLauncher=
   Settingsxml=<RunSettings>
  <RunConfiguration>
    <ResultsDirectory>C:\Users\vikal\source\repos\Unit tests\bin\Debug\net8.0\fine-code-coverage\coverage-tool-output</ResultsDirectory>
    <TargetPlatform>X86</TargetPlatform>
    <TargetFrameworkVersion>.NETCoreApp,Version=v8.0</TargetFrameworkVersion>
    <DesignMode>False</DesignMode>
    <CollectSourceInformation>False</CollectSourceInformation>
  </RunConfiguration>
  <LoggerRunSettings>
    <Loggers>
      <Logger friendlyName="blame" enabled="True" />
      <Logger friendlyName="Console" uri="logger://microsoft/TestPlatform/ConsoleLogger/v1" assemblyQualifiedName="Microsoft.VisualStudio.TestPlatform.CommandLine.Internal.ConsoleLogger, vstest.console, Version=15.0.0.0, Culture=neutral, PublicKeyToken=b03f5f7f11d50a3a" codeBase="C:\Program Files\dotnet\sdk\8.0.403\vstest.console.dll" enabled="True" />
    </Loggers>
  </LoggerRunSettings>
  <DataCollectionRunSettings>
    <DataCollectors>
      <DataCollector friendlyName="blame" enabled="True">
        <Configuration>
          <ResultsDirectory>C:\Users\vikal\source\repos\Unit tests\bin\Debug\net8.0\fine-code-coverage\coverage-tool-output</ResultsDirectory>
        </Configuration>
      </DataCollector>
    </DataCollectors>
  </DataCollectionRunSettings>
</RunSettings>

TpTrace Verbose: 0 : 28444, 1, 2025/02/16, 22:41:03.257, 2356422990008, vstest.console.dll, TestRunRequest.ExecuteAsync: Wait for the first run request is over.
TpTrace Verbose: 0 : 28444, 1, 2025/02/16, 22:41:03.257, 2356422992193, vstest.console.dll, MulticastDelegateUtilities.SafeInvoke: TestRun.TestRunStart: Invoking callbacks was skipped because there are no subscribers.
TpTrace Verbose: 0 : 28444, 4, 2025/02/16, 22:41:03.257, 2356422993623, vstest.console.dll, MulticastDelegateUtilities.SafeInvoke: InternalTestLoggerEvents.SendTestRunStart: Invoking callback 1/1 for Microsoft.VisualStudio.TestPlatform.CommandLine.Internal.ConsoleLogger., took 0 ms.
TpTrace Verbose: 0 : 28444, 1, 2025/02/16, 22:41:03.258, 2356423000327, vstest.console.dll, ParallelProxyExecutionManager: Start execution. Total sources: 1
TpTrace Verbose: 0 : 28444, 1, 2025/02/16, 22:41:03.258, 2356423003169, vstest.console.dll, ParallelOperationManager.StartWork: Starting adding 1 workloads.
TpTrace Verbose: 0 : 28444, 1, 2025/02/16, 22:41:03.258, 2356423003712, vstest.console.dll, ParallelOperationManager.ClearSlots: Clearing all slots. Slots should accept more work: True
TpTrace Verbose: 0 : 28444, 1, 2025/02/16, 22:41:03.258, 2356423004226, vstest.console.dll, ParallelOperationManager.SetOccupiedSlotCount: Setting slot counts AvailableSlotCount = 1, OccupiedSlotCount = 0.
TpTrace Verbose: 0 : 28444, 1, 2025/02/16, 22:41:03.258, 2356423004475, vstest.console.dll, Occupied slots:

TpTrace Verbose: 0 : 28444, 1, 2025/02/16, 22:41:03.259, 2356423014072, vstest.console.dll, TestHostManagerCallbacks.ctor: Forwarding output is enabled.
TpTrace Verbose: 0 : 28444, 1, 2025/02/16, 22:41:03.259, 2356423015649, vstest.console.dll, TestRequestSender is acting as server.
TpTrace Verbose: 0 : 28444, 1, 2025/02/16, 22:41:03.260, 2356423023880, vstest.console.dll, ParallelOperationManager.RunWorkInParallel: Adding 1 workload to slot, remaining workloads 0.
TpTrace Verbose: 0 : 28444, 1, 2025/02/16, 22:41:03.260, 2356423024272, vstest.console.dll, ParallelOperationManager.SetOccupiedSlotCount: Setting slot counts AvailableSlotCount = 0, OccupiedSlotCount = 1.
TpTrace Verbose: 0 : 28444, 1, 2025/02/16, 22:41:03.260, 2356423024962, vstest.console.dll, Occupied slots:
0: C:\Users\vikal\source\repos\Unit tests\bin\Debug\net8.0\fine-code-coverage\build-output\Unit tests.dll
TpTrace Verbose: 0 : 28444, 1, 2025/02/16, 22:41:03.261, 2356423032114, vstest.console.dll, ParallelOperationManager.RunWorkInParallel: Started host in slot number 0 for work (source): C:\Users\vikal\source\repos\Unit tests\bin\Debug\net8.0\fine-code-coverage\build-output\Unit tests.dll.
TpTrace Verbose: 0 : 28444, 1, 2025/02/16, 22:41:03.262, 2356423037991, vstest.console.dll, ParallelOperationManager.RunWorkInParallel: We started 1 work items, which is the max parallel level. Won't start more work.
TpTrace Verbose: 0 : 28444, 1, 2025/02/16, 22:41:03.262, 2356423038336, vstest.console.dll, ParallelOperationManager.RunWorkInParallel: We started 1 work items in here, returning True.
TpTrace Information: 0 : 28444, 1, 2025/02/16, 22:41:03.262, 2356423038672, vstest.console.dll, TestRunRequest.ExecuteAsync: Started.
TpTrace Verbose: 0 : 28444, 5, 2025/02/16, 22:41:03.262, 2356423039846, vstest.console.dll, ParallelProxyExecutionManager.StartTestRunOnConcurrentManager: Initializing uninitialized client. Started clients: 0
TpTrace Verbose: 0 : 28444, 5, 2025/02/16, 22:41:03.262, 2356423041170, vstest.console.dll, DataCollectionRequestSender.InitializeCommunication : Initialize communication. 
TpTrace Verbose: 0 : 28444, 1, 2025/02/16, 22:41:03.262, 2356423042676, vstest.console.dll, TestRunRequest.WaitForCompletion: Waiting with timeout -1.
TpTrace Information: 0 : 28444, 5, 2025/02/16, 22:41:03.267, 2356423093757, vstest.console.dll, Listening on Endpoint : 127.0.0.1:55966
TpTrace Verbose: 0 : 28444, 5, 2025/02/16, 22:41:03.271, 2356423135905, vstest.console.dll, DotnetDataCollectionLauncher: Adding  --runtimeconfig "C:\Program Files\dotnet\sdk\8.0.403\datacollector.runtimeconfig.json" in args
TpTrace Verbose: 0 : 28444, 5, 2025/02/16, 22:41:03.271, 2356423136691, vstest.console.dll, DotnetDataCollectionLauncher: Adding  --depsfile "C:\Program Files\dotnet\sdk\8.0.403\datacollector.deps.json" in args
TpTrace Verbose: 0 : 28444, 5, 2025/02/16, 22:41:03.272, 2356423137998, vstest.console.dll, DotnetDataCollectionLauncher: Full path of dotnet.exe is C:\Program Files\dotnet\dotnet.exe
TpTrace Information: 0 : 28444, 5, 2025/02/16, 22:41:03.276, 2356423184100, vstest.console.dll, ProxyDataCollectionManager.Initialize: Launched datacollector processId: 22132 port: 55966
TpTrace Information: 0 : 28444, 5, 2025/02/16, 22:41:03.276, 2356423185114, vstest.console.dll, ProxyDataCollectionManager.Initialize: waiting for connection with timeout: 90 seconds
TpTrace Verbose: 0 : 28444, 5, 2025/02/16, 22:41:03.276, 2356423185574, vstest.console.dll, DataCollectionRequestSender.WaitForRequestHandlerConnection : Waiting for connection with timeout: 90000
TpTrace Information: 0 : 28444, 7, 2025/02/16, 22:41:03.426, 2356424685767, vstest.console.dll, Using the buffer size of 16384 bytes
TpTrace Verbose: 0 : 28444, 5, 2025/02/16, 22:41:03.426, 2356424685843, vstest.console.dll, SocketCommunicationManager.WaitForClientConnection took: 149 ms, with 90000 ms timeout, and finished with True.
TpTrace Information: 0 : 28444, 7, 2025/02/16, 22:41:03.426, 2356424686660, vstest.console.dll, Accepted Client request and set the flag
TpTrace Verbose: 0 : 28444, 5, 2025/02/16, 22:41:03.427, 2356424687695, vstest.console.dll, ProxyDataCollectionManager.InvokeDataCollectionServiceAction: Starting.
TpTrace Information: 0 : 28444, 5, 2025/02/16, 22:41:03.427, 2356424688308, vstest.console.dll, ProxyDataCollectionManager.BeforeTestRunStart: Get environment variable and port for datacollector processId: 22132 port: 55966
TpTrace Verbose: 0 : 28444, 5, 2025/02/16, 22:41:03.427, 2356424689255, vstest.console.dll, DataCollectionRequestSender.SendBeforeTestRunStartAndGetResult: Send BeforeTestRunStart message with settingsXml <RunSettings><RunConfiguration><ResultsDirectory>C:\Users\vikal\source\repos\Unit tests\bin\Debug\net8.0\fine-code-coverage\coverage-tool-output</ResultsDirectory><TargetPlatform>X86</TargetPlatform><TargetFrameworkVersion>.NETCoreApp,Version=v8.0</TargetFrameworkVersion><DesignMode>False</DesignMode><CollectSourceInformation>False</CollectSourceInformation><TestAdaptersPaths>C:\Program Files\dotnet\sdk\8.0.403\Extensions</TestAdaptersPaths></RunConfiguration><LoggerRunSettings><Loggers><Logger friendlyName="blame" enabled="True" /><Logger friendlyName="Console" uri="logger://microsoft/TestPlatform/ConsoleLogger/v1" assemblyQualifiedName="Microsoft.VisualStudio.TestPlatform.CommandLine.Internal.ConsoleLogger, vstest.console, Version=15.0.0.0, Culture=neutral, PublicKeyToken=b03f5f7f11d50a3a" codeBase="C:\Program Files\dotnet\sdk\8.0.403\vstest.console.dll" enabled="True" /></Loggers></LoggerRunSettings><DataCollectionRunSettings><DataCollectors><DataCollector friendlyName="blame" enabled="True"><Configuration><ResultsDirectory>C:\Users\vikal\source\repos\Unit tests\bin\Debug\net8.0\fine-code-coverage\coverage-tool-output</ResultsDirectory></Configuration></DataCollector></DataCollectors></DataCollectionRunSettings></RunSettings> and sources System.Collections.Generic.List`1[System.String]: 
TpTrace Verbose: 0 : 28444, 5, 2025/02/16, 22:41:03.463, 2356425056656, vstest.console.dll, DataCollectionRequestSender.SendBeforeTestRunStartAndGetResult: Received message: (DataCollection.SendMessage) -> {"MessageType":"DataCollection.SendMessage","Payload":{"FriendlyName":null,"Uri":null,"TestCaseId":"00000000-0000-0000-0000-000000000000","Message":"Logging DataCollector Diagnostics in file: C:\\Users\\vikal\\source\\repos\\Unit tests\\bin\\Debug\\net8.0\\fine-code-coverage\\coverage-tool-output\\diagnostics.datacollector.25-02-16_22-41-03_27168_5.log","Level":0}}
TpTrace Verbose: 0 : 28444, 5, 2025/02/16, 22:41:03.516, 2356425580705, vstest.console.dll, DataCollectionRequestSender.SendBeforeTestRunStartAndGetResult: Received message: (DataCollection.BeforeTestRunStartResult) -> {"MessageType":"DataCollection.BeforeTestRunStartResult","Payload":{"EnvironmentVariables":{},"DataCollectionEventsPort":55968}}
TpTrace Information: 0 : 28444, 5, 2025/02/16, 22:41:03.519, 2356425612939, vstest.console.dll, ProxyDataCollectionManager.BeforeTestRunStart: SendBeforeTestRunStartAndGetResult successful, env variable from datacollector:   and testhost port: 55968
TpTrace Information: 0 : 28444, 5, 2025/02/16, 22:41:03.519, 2356425613586, vstest.console.dll, ProxyDataCollectionManager.InvokeDataCollectionServiceAction: Completed.
TpTrace Verbose: 0 : 28444, 5, 2025/02/16, 22:41:03.519, 2356425613855, vstest.console.dll, ParallelProxyExecutionManager.StartTestRunOnConcurrentManager: Initializing test run. Started clients: 0
TpTrace Verbose: 0 : 28444, 5, 2025/02/16, 22:41:03.519, 2356425614724, vstest.console.dll, ProxyExecutionManager: Test host is always Lazy initialize.
TpTrace Verbose: 0 : 28444, 5, 2025/02/16, 22:41:03.519, 2356425616174, vstest.console.dll, TestRequestSender.InitializeCommunication: initialize communication. 
TpTrace Information: 0 : 28444, 5, 2025/02/16, 22:41:03.520, 2356425619703, vstest.console.dll, SocketServer.Start: Listening on endpoint : 127.0.0.1:55969
TpTrace Verbose: 0 : 28444, 5, 2025/02/16, 22:41:03.520, 2356425625223, vstest.console.dll, DotnetTestHostmanager.GetTestHostProcessStartInfo: Platform environment 'X64' target architecture 'X86' framework '.NETCoreApp,Version=v8.0' OS 'Windows'
TpTrace Verbose: 0 : 28444, 5, 2025/02/16, 22:41:03.520, 2356425626728, vstest.console.dll, DotnetTestHostmanager: Adding  --runtimeconfig "C:\Users\vikal\source\repos\Unit tests\bin\Debug\net8.0\fine-code-coverage\build-output\Unit tests.runtimeconfig.json" in args
TpTrace Verbose: 0 : 28444, 5, 2025/02/16, 22:41:03.520, 2356425627285, vstest.console.dll, DotnetTestHostmanager: Adding  --depsfile "C:\Users\vikal\source\repos\Unit tests\bin\Debug\net8.0\fine-code-coverage\build-output\Unit tests.deps.json" in args
TpTrace Verbose: 0 : 28444, 5, 2025/02/16, 22:41:03.521, 2356425628511, vstest.console.dll, DotnetTestHostmanager.IsWinOnArm: Current PROCESSOR_ARCHITECTURE from environment variable 'AMD64'
TpTrace Verbose: 0 : 28444, 5, 2025/02/16, 22:41:03.521, 2356425628951, vstest.console.dll, DotnetTestHostmanager.IsWinOnArm: Is Windows on ARM 'False'
TpTrace Verbose: 0 : 28444, 5, 2025/02/16, 22:41:03.521, 2356425629508, vstest.console.dll, DotnetTestHostManager: testhost.x86.exe found at path: C:\Users\vikal\source\repos\Unit tests\bin\Debug\net8.0\fine-code-coverage\build-output\testhost.x86.exe
TpTrace Verbose: 0 : 28444, 5, 2025/02/16, 22:41:03.521, 2356425629807, vstest.console.dll, DotnetTestHostmanager: Full path of host exe is C:\Users\vikal\source\repos\Unit tests\bin\Debug\net8.0\fine-code-coverage\build-output\testhost.x86.exe
TpTrace Verbose: 0 : 28444, 5, 2025/02/16, 22:41:03.521, 2356425630662, vstest.console.dll, DotnetTestHostmanager.LaunchTestHostAsync: Found 'VSTEST_WINAPPHOST_DOTNET_ROOT' in env variables, value 'C:\Program Files\dotnet', forwarding to 'DOTNET_ROOT'
TpTrace Verbose: 0 : 28444, 5, 2025/02/16, 22:41:03.521, 2356425631588, vstest.console.dll, DotnetTestHostManager: Starting process 'C:\Users\vikal\source\repos\Unit tests\bin\Debug\net8.0\fine-code-coverage\build-output\testhost.x86.exe' with command line ' --runtimeconfig "C:\Users\vikal\source\repos\Unit tests\bin\Debug\net8.0\fine-code-coverage\build-output\Unit tests.runtimeconfig.json" --depsfile "C:\Users\vikal\source\repos\Unit tests\bin\Debug\net8.0\fine-code-coverage\build-output\Unit tests.deps.json" --port 55969 --endpoint 127.0.0.1:055969 --role client --parentprocessid 28444 --diag "C:\Users\vikal\source\repos\Unit tests\bin\Debug\net8.0\fine-code-coverage\coverage-tool-output\diagnostics.host.25-02-16_22-41-03_52050_5.log" --tracelevel 4 --datacollectionport 55968 --telemetryoptedin false'
TpTrace Verbose: 0 : 28444, 5, 2025/02/16, 22:41:03.526, 2356425681351, vstest.console.dll, MulticastDelegateUtilities.SafeInvoke: HostProviderEvents.OnHostLaunched: Invoking callback 1/2 for Microsoft.VisualStudio.TestPlatform.CrossPlatEngine.Client.ProxyExecutionManagerWithDataCollection., took 0 ms.
TpTrace Verbose: 0 : 28444, 5, 2025/02/16, 22:41:03.526, 2356425683825, vstest.console.dll, Test Runtime launched
TpTrace Verbose: 0 : 28444, 5, 2025/02/16, 22:41:03.526, 2356425684389, vstest.console.dll, MulticastDelegateUtilities.SafeInvoke: HostProviderEvents.OnHostLaunched: Invoking callback 2/2 for Microsoft.VisualStudio.TestPlatform.CrossPlatEngine.Client.ProxyOperationManager., took 0 ms.
TpTrace Verbose: 0 : 28444, 5, 2025/02/16, 22:41:03.526, 2356425685433, vstest.console.dll, TestRequestSender.WaitForRequestHandlerConnection: waiting for connection with timeout: 90000.
TpTrace Verbose: 0 : 28444, 5, 2025/02/16, 22:41:03.655, 2356426968145, vstest.console.dll, TestRequestSender.WaitForRequestHandlerConnection: waiting took 128 ms, with timeout 90000 ms, and result 0, which is success.
TpTrace Verbose: 0 : 28444, 14, 2025/02/16, 22:41:03.655, 2356426968149, vstest.console.dll, MulticastDelegateUtilities.SafeInvoke: SocketServer: ClientConnected: Invoking callback 1/1 for Microsoft.VisualStudio.TestPlatform.CommunicationUtilities.TestRequestSender., took 0 ms.
TpTrace Verbose: 0 : 28444, 14, 2025/02/16, 22:41:03.655, 2356426970184, vstest.console.dll, SocketServer.OnClientConnected: Client connected for endPoint: 127.0.0.1:55969, starting MessageLoopAsync:
TpTrace Verbose: 0 : 28444, 14, 2025/02/16, 22:41:03.656, 2356426977592, vstest.console.dll, TcpClientExtensions.MessageLoopAsync: Polling on remoteEndPoint: 127.0.0.1:55970 localEndPoint: 127.0.0.1:55969 after 0 ms
TpTrace Verbose: 0 : 28444, 5, 2025/02/16, 22:41:03.656, 2356426982191, vstest.console.dll, TestRequestSender.CheckVersionWithTestHost: Sending check version message: {"MessageType":"ProtocolVersion","Payload":7}
TpTrace Verbose: 0 : 28444, 14, 2025/02/16, 22:41:03.759, 2356428017095, vstest.console.dll, TcpClientExtensions.MessageLoopAsync: NotifyDataAvailable remoteEndPoint: 127.0.0.1:55970 localEndPoint: 127.0.0.1:55969
TpTrace Verbose: 0 : 28444, 14, 2025/02/16, 22:41:03.760, 2356428019876, vstest.console.dll, TestRequestSender.CheckVersionWithTestHost: onMessageReceived received message: (ProtocolVersion) -> {"MessageType":"ProtocolVersion","Payload":7}
TpTrace Verbose: 0 : 28444, 14, 2025/02/16, 22:41:03.760, 2356428025729, vstest.console.dll, MulticastDelegateUtilities.SafeInvoke: LengthPrefixCommunicationChannel: MessageReceived: Invoking callback 1/1 for Microsoft.VisualStudio.TestPlatform.CommunicationUtilities.TestRequestSender+<>c__DisplayClass29_0., took 0 ms.
TpTrace Verbose: 0 : 28444, 14, 2025/02/16, 22:41:03.760, 2356428026369, vstest.console.dll, TcpClientExtensions.MessageLoopAsync: Polling on remoteEndPoint: 127.0.0.1:55970 localEndPoint: 127.0.0.1:55969 after 104 ms
TpTrace Verbose: 0 : 28444, 5, 2025/02/16, 22:41:03.760, 2356428026817, vstest.console.dll, TestPluginCache.GetExtensionPaths: Filtered extension paths: 
TpTrace Verbose: 0 : 28444, 5, 2025/02/16, 22:41:03.761, 2356428027432, vstest.console.dll, TestPluginCache.GetExtensionPaths: Added default extension paths: C:\Program Files\dotnet\sdk\8.0.403\Extensions\Microsoft.Diagnostics.NETCore.Client.dll
C:\Program Files\dotnet\sdk\8.0.403\Extensions\Microsoft.TestPlatform.Extensions.BlameDataCollector.dll
C:\Program Files\dotnet\sdk\8.0.403\Extensions\Microsoft.TestPlatform.Extensions.EventLogCollector.dll
C:\Program Files\dotnet\sdk\8.0.403\Extensions\Microsoft.TestPlatform.TestHostRuntimeProvider.dll
C:\Program Files\dotnet\sdk\8.0.403\Extensions\Microsoft.VisualStudio.TestPlatform.Extensions.Html.TestLogger.dll
C:\Program Files\dotnet\sdk\8.0.403\Extensions\Microsoft.VisualStudio.TestPlatform.Extensions.Trx.TestLogger.dll
TpTrace Verbose: 0 : 28444, 5, 2025/02/16, 22:41:03.761, 2356428027861, vstest.console.dll, TestPluginCache.GetExtensionPaths: Added unfilterableExtensionPaths: 
TpTrace Verbose: 0 : 28444, 5, 2025/02/16, 22:41:03.763, 2356428048568, vstest.console.dll, TestRequestSender.InitializeExecution: Sending initialize execution with message: {"Version":7,"MessageType":"TestExecution.Initialize","Payload":["C:\\Users\\vikal\\source\\repos\\Unit tests\\bin\\Debug\\net8.0\\fine-code-coverage\\build-output\\Microsoft.VisualStudio.TestPlatform.MSTest.TestAdapter.dll"]}
TpTrace Verbose: 0 : 28444, 5, 2025/02/16, 22:41:03.763, 2356428049634, vstest.console.dll, ParallelProxyExecutionManager.StartTestRunOnConcurrentManager: Execution starting. Started clients: 1
TpTrace Verbose: 0 : 28444, 5, 2025/02/16, 22:41:03.763, 2356428051810, vstest.console.dll, TestRunRequest:SendTestRunMessage: Starting.
TpTrace Verbose: 0 : 28444, 5, 2025/02/16, 22:41:03.763, 2356428053002, vstest.console.dll, MulticastDelegateUtilities.SafeInvoke: TestRun.LogMessages: Invoking callback 1/1 for Microsoft.VisualStudio.TestPlatform.CommandLine.TestRunResultAggregator., took 0 ms.
TpTrace Information: 0 : 28444, 5, 2025/02/16, 22:41:03.763, 2356428053315, vstest.console.dll, TestRunRequest:SendTestRunMessage: Completed.
TpTrace Verbose: 0 : 28444, 4, 2025/02/16, 22:41:03.763, 2356428055614, vstest.console.dll, MulticastDelegateUtilities.SafeInvoke: InternalTestLoggerEvents.SendTestRunMessage: Invoking callback 1/1 for Microsoft.VisualStudio.TestPlatform.CommandLine.Internal.ConsoleLogger., took 0 ms.
TpTrace Warning: 0 : 28444, 5, 2025/02/16, 22:41:03.763, 2356428056783, vstest.console.dll, InferRunSettingsHelper.MakeRunsettingsCompatible: Removing the following settings: TargetPlatform from RunSettings file. To use those settings please move to latest version of Microsoft.NET.Test.Sdk
TpTrace Verbose: 0 : 28444, 14, 2025/02/16, 22:41:03.765, 2356428068041, vstest.console.dll, TcpClientExtensions.MessageLoopAsync: NotifyDataAvailable remoteEndPoint: 127.0.0.1:55970 localEndPoint: 127.0.0.1:55969
TpTrace Verbose: 0 : 28444, 14, 2025/02/16, 22:41:03.765, 2356428070817, vstest.console.dll, TestRequestSender.OnExecutionMessageReceived: Received message: {"Version":7,"MessageType":"TestSession.Message","Payload":{"MessageLevel":0,"Message":"Ведение журналов диагностики TestHost в файле: C:\\Users\\vikal\\source\\repos\\Unit tests\\bin\\Debug\\net8.0\\fine-code-coverage\\coverage-tool-output\\diagnostics.host.25-02-16_22-41-03_52050_5.log"}}
TpTrace Verbose: 0 : 28444, 14, 2025/02/16, 22:41:03.767, 2356428096955, vstest.console.dll, TestRunRequest:SendTestRunMessage: Starting.
TpTrace Verbose: 0 : 28444, 14, 2025/02/16, 22:41:03.768, 2356428098005, vstest.console.dll, MulticastDelegateUtilities.SafeInvoke: TestRun.LogMessages: Invoking callback 1/1 for Microsoft.VisualStudio.TestPlatform.CommandLine.TestRunResultAggregator., took 0 ms.
TpTrace Verbose: 0 : 28444, 4, 2025/02/16, 22:41:03.768, 2356428098156, vstest.console.dll, MulticastDelegateUtilities.SafeInvoke: InternalTestLoggerEvents.SendTestRunMessage: Invoking callback 1/1 for Microsoft.VisualStudio.TestPlatform.CommandLine.Internal.ConsoleLogger., took 0 ms.
TpTrace Information: 0 : 28444, 14, 2025/02/16, 22:41:03.768, 2356428098929, vstest.console.dll, TestRunRequest:SendTestRunMessage: Completed.
TpTrace Verbose: 0 : 28444, 14, 2025/02/16, 22:41:03.768, 2356428099532, vstest.console.dll, MulticastDelegateUtilities.SafeInvoke: LengthPrefixCommunicationChannel: MessageReceived: Invoking callback 1/1 for Microsoft.VisualStudio.TestPlatform.CommunicationUtilities.TestRequestSender+<>c__DisplayClass34_0., took 3 ms.
TpTrace Verbose: 0 : 28444, 14, 2025/02/16, 22:41:03.768, 2356428099980, vstest.console.dll, TcpClientExtensions.MessageLoopAsync: Polling on remoteEndPoint: 127.0.0.1:55970 localEndPoint: 127.0.0.1:55969 after 7 ms
TpTrace Verbose: 0 : 28444, 5, 2025/02/16, 22:41:03.768, 2356428106664, vstest.console.dll, TestRequestSender.StartTestRun: Sending test run with message: {"Version":7,"MessageType":"TestExecution.StartWithSources","Payload":{"AdapterSourceMap":{"_none_":["C:\\Users\\vikal\\source\\repos\\Unit tests\\bin\\Debug\\net8.0\\fine-code-coverage\\build-output\\Unit tests.dll"]},"RunSettings":"<RunSettings>\r\n  <RunConfiguration>\r\n    <ResultsDirectory>C:\\Users\\vikal\\source\\repos\\Unit tests\\bin\\Debug\\net8.0\\fine-code-coverage\\coverage-tool-output</ResultsDirectory>\r\n    <TargetFrameworkVersion>.NETCoreApp,Version=v8.0</TargetFrameworkVersion>\r\n    <DesignMode>False</DesignMode>\r\n    <CollectSourceInformation>False</CollectSourceInformation>\r\n  </RunConfiguration>\r\n  <LoggerRunSettings>\r\n    <Loggers>\r\n      <Logger friendlyName=\"blame\" enabled=\"True\" />\r\n      <Logger friendlyName=\"Console\" uri=\"logger://microsoft/TestPlatform/ConsoleLogger/v1\" assemblyQualifiedName=\"Microsoft.VisualStudio.TestPlatform.CommandLine.Internal.ConsoleLogger, vstest.console, Version=15.0.0.0, Culture=neutral, PublicKeyToken=b03f5f7f11d50a3a\" codeBase=\"C:\\Program Files\\dotnet\\sdk\\8.0.403\\vstest.console.dll\" enabled=\"True\" />\r\n    </Loggers>\r\n  </LoggerRunSettings>\r\n  <DataCollectionRunSettings>\r\n    <DataCollectors>\r\n      <DataCollector friendlyName=\"blame\" enabled=\"True\">\r\n        <Configuration>\r\n          <ResultsDirectory>C:\\Users\\vikal\\source\\repos\\Unit tests\\bin\\Debug\\net8.0\\fine-code-coverage\\coverage-tool-output</ResultsDirectory>\r\n        </Configuration>\r\n      </DataCollector>\r\n    </DataCollectors>\r\n  </DataCollectionRunSettings>\r\n</RunSettings>","TestExecutionContext":{"FrequencyOfRunStatsChangeEvent":10,"RunStatsChangeEventTimeout":"00:00:01.5000000","InIsolation":false,"KeepAlive":false,"AreTestCaseLevelEventsRequired":false,"IsDebug":false,"TestCaseFilter":null,"FilterOptions":null},"Package":null}}
TpTrace Verbose: 0 : 28444, 5, 2025/02/16, 22:41:03.769, 2356428107553, vstest.console.dll, ParallelProxyExecutionManager.StartTestRunOnConcurrentManager: Execution started. Started clients: 1
TpTrace Verbose: 0 : 28444, 14, 2025/02/16, 22:41:04.132, 2356431737640, vstest.console.dll, TcpClientExtensions.MessageLoopAsync: NotifyDataAvailable remoteEndPoint: 127.0.0.1:55970 localEndPoint: 127.0.0.1:55969
TpTrace Verbose: 0 : 28444, 14, 2025/02/16, 22:41:04.132, 2356431742491, vstest.console.dll, TestRequestSender.OnExecutionMessageReceived: Received message: {"Version":7,"MessageType":"TestExecution.StatsChange","Payload":{"NewTestResults":[{"TestCase":{"Id":"9ccda4b2-0c65-9c5a-f56e-4038547d6c86","FullyQualifiedName":"Unit_tests.UnitTest1.TestNegativeFuelFlow","DisplayName":"TestNegativeFuelFlow","ExecutorUri":"executor://MSTestAdapter/v2","Source":"C:\\Users\\vikal\\source\\repos\\Unit tests\\bin\\Debug\\net8.0\\fine-code-coverage\\build-output\\Unit tests.dll","CodeFilePath":null,"LineNumber":-1,"Properties":[{"Key":{"Id":"TestCase.ManagedMethod","Label":"ManagedMethod","Category":"","Description":"","Attributes":1,"ValueType":"System.String"},"Value":"TestNegativeFuelFlow"},{"Key":{"Id":"MSTestDiscoverer.TestClassName","Label":"ClassName","Category":"","Description":"","Attributes":1,"ValueType":"System.String"},"Value":"Unit_tests.UnitTest1"},{"Key":{"Id":"TestCase.Hierarchy","Label":"Hierarchy","Category":"","Description":"","Attributes":2,"ValueType":"System.String[]"},"Value":[null,"Unit_tests","UnitTest1","TestNegativeFuelFlow"]},{"Key":{"Id":"MSTest.TestIdGenerationStrategy","Label":"TestIdGenerationStrategy","Category":"","Description":"","Attributes":1,"ValueType":"System.Int32"},"Value":2},{"Key":{"Id":"TestObject.Traits","Label":"Признаки","Category":"","Description":"","Attributes":5,"ValueType":"System.Collections.Generic.KeyValuePair`2[[System.String],[System.String]][]"},"Value":[]},{"Key":{"Id":"TestCase.ManagedType","Label":"ManagedType","Category":"","Description":"","Attributes":1,"ValueType":"System.String"},"Value":"Unit_tests.UnitTest1"}]},"Attachments":[],"Outcome":1,"ErrorMessage":null,"ErrorStackTrace":null,"DisplayName":"TestNegativeFuelFlow","Messages":[],"ComputerName":"LVK7667","Duration":"00:00:00.0050095","StartTime":"2025-02-16T22:41:04.0343282+05:00","EndTime":"2025-02-16T22:41:04.0534266+05:00","Properties":[{"Key":{"Id":"ExecutionId","Label":"ExecutionId","Category":"","Description":"","Attributes":1,"ValueType":"System.Guid"},"Value":"00000000-0000-0000-0000-000000000000"},{"Key":{"Id":"ParentExecId","Label":"ParentExecId","Category":"","Description":"","Attributes":1,"ValueType":"System.Guid"},"Value":"00000000-0000-0000-0000-000000000000"},{"Key":{"Id":"InnerResultsCount","Label":"InnerResultsCount","Category":"","Description":"","Attributes":1,"ValueType":"System.Int32"},"Value":0}]},{"TestCase":{"Id":"cc51f29e-dd25-9fec-5d30-b1af29ffed63","FullyQualifiedName":"Unit_tests.UnitTest1.TestNegativeFuelVolume","DisplayName":"TestNegativeFuelVolume","ExecutorUri":"executor://MSTestAdapter/v2","Source":"C:\\Users\\vikal\\source\\repos\\Unit tests\\bin\\Debug\\net8.0\\fine-code-coverage\\build-output\\Unit tests.dll","CodeFilePath":null,"LineNumber":-1,"Properties":[{"Key":{"Id":"TestCase.ManagedMethod","Label":"ManagedMethod","Category":"","Description":"","Attributes":1,"ValueType":"System.String"},"Value":"TestNegativeFuelVolume"},{"Key":{"Id":"MSTestDiscoverer.TestClassName","Label":"ClassName","Category":"","Description":"","Attributes":1,"ValueType":"System.String"},"Value":"Unit_tests.UnitTest1"},{"Key":{"Id":"TestCase.Hierarchy","Label":"Hierarchy","Category":"","Description":"","Attributes":2,"ValueType":"System.String[]"},"Value":[null,"Unit_tests","UnitTest1","TestNegativeFuelVolume"]},{"Key":{"Id":"MSTest.TestIdGenerationStrategy","Label":"TestIdGenerationStrategy","Category":"","Description":"","Attributes":1,"ValueType":"System.Int32"},"Value":2},{"Key":{"Id":"TestObject.Traits","Label":"Признаки","Category":"","Description":"","Attributes":5,"ValueType":"System.Collections.Generic.KeyValuePair`2[[System.String],[System.String]][]"},"Value":[]},{"Key":{"Id":"TestCase.ManagedType","Label":"ManagedType","Category":"","Description":"","Attributes":1,"ValueType":"System.String"},"Value":"Unit_tests.UnitTest1"}]},"Attachments":[],"Outcome":1,"ErrorMessage":null,"ErrorStackTrace":null,"DisplayName":"TestNegativeFuelVolume","Messages":[],"ComputerName":"LVK7667","Duration":"00:00:00.0002795","StartTime":"2025-02-16T22:41:04.0712052+05:00","EndTime":"2025-02-16T22:41:04.0718017+05:00","Properties":[{"Key":{"Id":"ExecutionId","Label":"ExecutionId","Category":"","Description":"","Attributes":1,"ValueType":"System.Guid"},"Value":"00000000-0000-0000-0000-000000000000"},{"Key":{"Id":"ParentExecId","Label":"ParentExecId","Category":"","Description":"","Attributes":1,"ValueType":"System.Guid"},"Value":"00000000-0000-0000-0000-000000000000"},{"Key":{"Id":"InnerResultsCount","Label":"InnerResultsCount","Category":"","Description":"","Attributes":1,"ValueType":"System.Int32"},"Value":0}]},{"TestCase":{"Id":"43f4c6c8-4059-aa24-741b-b7a2734bbdb1","FullyQualifiedName":"Unit_tests.UnitTest1.TestVoidConstructor","DisplayName":"TestVoidConstructor","ExecutorUri":"executor://MSTestAdapter/v2","Source":"C:\\Users\\vikal\\source\\repos\\Unit tests\\bin\\Debug\\net8.0\\fine-code-coverage\\build-output\\Unit tests.dll","CodeFilePath":null,"LineNumber":-1,"Properties":[{"Key":{"Id":"TestCase.ManagedMethod","Label":"ManagedMethod","Category":"","Description":"","Attributes":1,"ValueType":"System.String"},"Value":"TestVoidConstructor"},{"Key":{"Id":"MSTestDiscoverer.TestClassName","Label":"ClassName","Category":"","Description":"","Attributes":1,"ValueType":"System.String"},"Value":"Unit_tests.UnitTest1"},{"Key":{"Id":"TestCase.Hierarchy","Label":"Hierarchy","Category":"","Description":"","Attributes":2,"ValueType":"System.String[]"},"Value":[null,"Unit_tests","UnitTest1","TestVoidConstructor"]},{"Key":{"Id":"MSTest.TestIdGenerationStrategy","Label":"TestIdGenerationStrategy","Category":"","Description":"","Attributes":1,"ValueType":"System.Int32"},"Value":2},{"Key":{"Id":"TestObject.Traits","Label":"Признаки","Category":"","Description":"","Attributes":5,"ValueType":"System.Collections.Generic.KeyValuePair`2[[System.String],[System.String]][]"},"Value":[]},{"Key":{"Id":"TestCase.ManagedType","Label":"ManagedType","Category":"","Description":"","Attributes":1,"ValueType":"System.String"},"Value":"Unit_tests.UnitTest1"}]},"Attachments":[],"Outcome":1,"ErrorMessage":null,"ErrorStackTrace":null,"DisplayName":"TestVoidConstructor","Messages":[],"ComputerName":"LVK7667","Duration":"00:00:00.0018574","StartTime":"2025-02-16T22:41:04.0744187+05:00","EndTime":"2025-02-16T22:41:04.0764377+05:00","Properties":[{"Key":{"Id":"ExecutionId","Label":"ExecutionId","Category":"","Description":"","Attributes":1,"ValueType":"System.Guid"},"Value":"00000000-0000-0000-0000-000000000000"},{"Key":{"Id":"ParentExecId","Label":"ParentExecId","Category":"","Description":"","Attributes":1,"ValueType":"System.Guid"},"Value":"00000000-0000-0000-0000-000000000000"},{"Key":{"Id":"InnerResultsCount","Label":"InnerResultsCount","Category":"","Description":"","Attributes":1,"ValueType":"System.Int32"},"Value":0}]},{"TestCase":{"Id":"0f6f53f5-bdef-13cc-a69b-7c0712153ea0","FullyQualifiedName":"Unit_tests.UnitTest1.TestConstructor","DisplayName":"TestConstructor","ExecutorUri":"executor://MSTestAdapter/v2","Source":"C:\\Users\\vikal\\source\\repos\\Unit tests\\bin\\Debug\\net8.0\\fine-code-coverage\\build-output\\Unit tests.dll","CodeFilePath":null,"LineNumber":-1,"Properties":[{"Key":{"Id":"TestCase.ManagedMethod","Label":"ManagedMethod","Category":"","Description":"","Attributes":1,"ValueType":"System.String"},"Value":"TestConstructor"},{"Key":{"Id":"MSTestDiscoverer.TestClassName","Label":"ClassName","Category":"","Description":"","Attributes":1,"ValueType":"System.String"},"Value":"Unit_tests.UnitTest1"},{"Key":{"Id":"TestCase.Hierarchy","Label":"Hierarchy","Category":"","Description":"","Attributes":2,"ValueType":"System.String[]"},"Value":[null,"Unit_tests","UnitTest1","TestConstructor"]},{"Key":{"Id":"MSTest.TestIdGenerationStrategy","Label":"TestIdGenerationStrategy","Category":"","Description":"","Attributes":1,"ValueType":"System.Int32"},"Value":2},{"Key":{"Id":"TestObject.Traits","Label":"Признаки","Category":"","Description":"","Attributes":5,"ValueType":"System.Collections.Generic.KeyValuePair`2[[System.String],[System.String]][]"},"Value":[]},{"Key":{"Id":"TestCase.ManagedType","Label":"ManagedType","Category":"","Description":"","Attributes":1,"ValueType":"System.String"},"Value":"Unit_tests.UnitTest1"}]},"Attachments":[],"Outcome":1,"ErrorMessage":null,"ErrorStackTrace":null,"DisplayName":"TestConstructor","Messages":[],"ComputerName":"LVK7667","Duration":"00:00:00.0001144","StartTime":"2025-02-16T22:41:04.0787574+05:00","EndTime":"2025-02-16T22:41:04.0790366+05:00","Properties":[{"Key":{"Id":"ExecutionId","Label":"ExecutionId","Category":"","Description":"","Attributes":1,"ValueType":"System.Guid"},"Value":"00000000-0000-0000-0000-000000000000"},{"Key":{"Id":"ParentExecId","Label":"ParentExecId","Category":"","Description":"","Attributes":1,"ValueType":"System.Guid"},"Value":"00000000-0000-0000-0000-000000000000"},{"Key":{"Id":"InnerResultsCount","Label":"InnerResultsCount","Category":"","Description":"","Attributes":1,"ValueType":"System.Int32"},"Value":0}]},{"TestCase":{"Id":"939edaa8-3ddb-314d-d516-bb43cadc7db0","FullyQualifiedName":"Unit_tests.UnitTest1.TestCopyConstructor","DisplayName":"TestCopyConstructor","ExecutorUri":"executor://MSTestAdapter/v2","Source":"C:\\Users\\vikal\\source\\repos\\Unit tests\\bin\\Debug\\net8.0\\fine-code-coverage\\build-output\\Unit tests.dll","CodeFilePath":null,"LineNumber":-1,"Properties":[{"Key":{"Id":"TestCase.ManagedMethod","Label":"ManagedMethod","Category":"","Description":"","Attributes":1,"ValueType":"System.String"},"Value":"TestCopyConstructor"},{"Key":{"Id":"MSTestDiscoverer.TestClassName","Label":"ClassName","Category":"","Description":"","Attributes":1,"ValueType":"System.String"},"Value":"Unit_tests.UnitTest1"},{"Key":{"Id":"TestCase.Hierarchy","Label":"Hierarchy","Category":"","Description":"","Attributes":2,"ValueType":"System.String[]"},"Value":[null,"Unit_tests","UnitTest1","TestCopyConstructor"]},{"Key":{"Id":"MSTest.TestIdGenerationStrategy","Label":"TestIdGenerationStrategy","Category":"","Description":"","Attributes":1,"ValueType":"System.Int32"},"Value":2},{"Key":{"Id":"TestObject.Traits","Label":"Признаки","Category":"","Description":"","Attributes":5,"ValueType":"System.Collections.Generic.KeyValuePair`2[[System.String],[System.String]][]"},"Value":[]},{"Key":{"Id":"TestCase.ManagedType","Label":"ManagedType","Category":"","Description":"","Attributes":1,"ValueType":"System.String"},"Value":"Unit_tests.UnitTest1"}]},"Attachments":[],"Outcome":1,"ErrorMessage":null,"ErrorStackTrace":null,"DisplayName":"TestCopyConstructor","Messages":[],"ComputerName":"LVK7667","Duration":"00:00:00.0004661","StartTime":"2025-02-16T22:41:04.0809339+05:00","EndTime":"2025-02-16T22:41:04.0815623+05:00","Properties":[{"Key":{"Id":"ExecutionId","Label":"ExecutionId","Category":"","Description":"","Attributes":1,"ValueType":"System.Guid"},"Value":"00000000-0000-0000-0000-000000000000"},{"Key":{"Id":"ParentExecId","Label":"ParentExecId","Category":"","Description":"","Attributes":1,"ValueType":"System.Guid"},"Value":"00000000-0000-0000-0000-000000000000"},{"Key":{"Id":"InnerResultsCount","Label":"InnerResultsCount","Category":"","Description":"","Attributes":1,"ValueType":"System.Int32"},"Value":0}]},{"TestCase":{"Id":"c209977b-0d01-8413-f30f-8b3965d37e36","FullyQualifiedName":"Unit_tests.UnitTest1.TestCopyConstructorWithNull","DisplayName":"TestCopyConstructorWithNull","ExecutorUri":"executor://MSTestAdapter/v2","Source":"C:\\Users\\vikal\\source\\repos\\Unit tests\\bin\\Debug\\net8.0\\fine-code-coverage\\build-output\\Unit tests.dll","CodeFilePath":null,"LineNumber":-1,"Properties":[{"Key":{"Id":"TestCase.ManagedMethod","Label":"ManagedMethod","Category":"","Description":"","Attributes":1,"ValueType":"System.String"},"Value":"TestCopyConstructorWithNull"},{"Key":{"Id":"MSTestDiscoverer.TestClassName","Label":"ClassName","Category":"","Description":"","Attributes":1,"ValueType":"System.String"},"Value":"Unit_tests.UnitTest1"},{"Key":{"Id":"TestCase.Hierarchy","Label":"Hierarchy","Category":"","Description":"","Attributes":2,"ValueType":"System.String[]"},"Value":[null,"Unit_tests","UnitTest1","TestCopyConstructorWithNull"]},{"Key":{"Id":"MSTest.TestIdGenerationStrategy","Label":"TestIdGenerationStrategy","Category":"","Description":"","Attributes":1,"ValueType":"System.Int32"},"Value":2},{"Key":{"Id":"TestObject.Traits","Label":"Признаки","Category":"","Description":"","Attributes":5,"ValueType":"System.Collections.Generic.KeyValuePair`2[[System.String],[System.String]][]"},"Value":[]},{"Key":{"Id":"TestCase.ManagedType","Label":"ManagedType","Category":"","Description":"","Attributes":1,"ValueType":"System.String"},"Value":"Unit_tests.UnitTest1"}]},"Attachments":[],"Outcome":2,"ErrorMessage":"Метод теста создал исключение \"System.NullReferenceException\", а ожидалось исключение \"System.ArgumentNullException\". Сообщение исключения: \"System.NullReferenceException: Object reference not set to an instance of an object.\".","ErrorStackTrace":"   at Лаб_раб_9.Car..ctor(Car other) in C:\\Users\\vikal\\source\\repos\\Лаб-раб-9\\Car.cs:line 74\r\n   at Unit_tests.UnitTest1.TestCopyConstructorWithNull() in C:\\Users\\vikal\\source\\repos\\Unit tests\\UnitTest1.cs:line 64\r\n   at System.RuntimeMethodHandle.InvokeMethod(Object target, Void** arguments, Signature sig, Boolean isConstructor)\r\n   at System.Reflection.MethodBaseInvoker.InterpretedInvoke_Method(Object obj, IntPtr* args)\r\n   at System.Reflection.MethodBaseInvoker.InvokeWithNoArgs(Object obj, BindingFlags invokeAttr)\r\n","DisplayName":"TestCopyConstructorWithNull","Messages":[],"ComputerName":"LVK7667","Duration":"00:00:00.0165236","StartTime":"2025-02-16T22:41:04.0834104+05:00","EndTime":"2025-02-16T22:41:04.1004099+05:00","Properties":[{"Key":{"Id":"ExecutionId","Label":"ExecutionId","Category":"","Description":"","Attributes":1,"ValueType":"System.Guid"},"Value":"00000000-0000-0000-0000-000000000000"},{"Key":{"Id":"ParentExecId","Label":"ParentExecId","Category":"","Description":"","Attributes":1,"ValueType":"System.Guid"},"Value":"00000000-0000-0000-0000-000000000000"},{"Key":{"Id":"InnerResultsCount","Label":"InnerResultsCount","Category":"","Description":"","Attributes":1,"ValueType":"System.Int32"},"Value":0}]},{"TestCase":{"Id":"8d6a231b-8a16-ac49-8c4b-024ad5dd0a4d","FullyQualifiedName":"Unit_tests.UnitTest1.TestCalculateRange","DisplayName":"TestCalculateRange","ExecutorUri":"executor://MSTestAdapter/v2","Source":"C:\\Users\\vikal\\source\\repos\\Unit tests\\bin\\Debug\\net8.0\\fine-code-coverage\\build-output\\Unit tests.dll","CodeFilePath":null,"LineNumber":-1,"Properties":[{"Key":{"Id":"TestCase.ManagedMethod","Label":"ManagedMethod","Category":"","Description":"","Attributes":1,"ValueType":"System.String"},"Value":"TestCalculateRange"},{"Key":{"Id":"MSTestDiscoverer.TestClassName","Label":"ClassName","Category":"","Description":"","Attributes":1,"ValueType":"System.String"},"Value":"Unit_tests.UnitTest1"},{"Key":{"Id":"TestCase.Hierarchy","Label":"Hierarchy","Category":"","Description":"","Attributes":2,"ValueType":"System.String[]"},"Value":[null,"Unit_tests","UnitTest1","TestCalculateRange"]},{"Key":{"Id":"MSTest.TestIdGenerationStrategy","Label":"TestIdGenerationStrategy","Category":"","Description":"","Attributes":1,"ValueType":"System.Int32"},"Value":2},{"Key":{"Id":"TestObject.Traits","Label":"Признаки","Category":"","Description":"","Attributes":5,"ValueType":"System.Collections.Generic.KeyValuePair`2[[System.String],[System.String]][]"},"Value":[]},{"Key":{"Id":"TestCase.ManagedType","Label":"ManagedType","Category":"","Description":"","Attributes":1,"ValueType":"System.String"},"Value":"Unit_tests.UnitTest1"}]},"Attachments":[],"Outcome":1,"ErrorMessage":null,"ErrorStackTrace":null,"DisplayName":"TestCalculateRange","Messages":[],"ComputerName":"LVK7667","Duration":"00:00:00.0005501","StartTime":"2025-02-16T22:41:04.1033319+05:00","EndTime":"2025-02-16T22:41:04.1041124+05:00","Properties":[{"Key":{"Id":"ExecutionId","Label":"ExecutionId","Category":"","Description":"","Attributes":1,"ValueType":"System.Guid"},"Value":"00000000-0000-0000-0000-000000000000"},{"Key":{"Id":"ParentExecId","Label":"ParentExecId","Category":"","Description":"","Attributes":1,"ValueType":"System.Guid"},"Value":"00000000-0000-0000-0000-000000000000"},{"Key":{"Id":"InnerResultsCount","Label":"InnerResultsCount","Category":"","Description":"","Attributes":1,"ValueType":"System.Int32"},"Value":0}]},{"TestCase":{"Id":"1d6c3749-b9ef-424d-a70f-a0c454592d28","FullyQualifiedName":"Unit_tests.UnitTest1.TestStCalculateRange","DisplayName":"TestStCalculateRange","ExecutorUri":"executor://MSTestAdapter/v2","Source":"C:\\Users\\vikal\\source\\repos\\Unit tests\\bin\\Debug\\net8.0\\fine-code-coverage\\build-output\\Unit tests.dll","CodeFilePath":null,"LineNumber":-1,"Properties":[{"Key":{"Id":"TestCase.ManagedMethod","Label":"ManagedMethod","Category":"","Description":"","Attributes":1,"ValueType":"System.String"},"Value":"TestStCalculateRange"},{"Key":{"Id":"MSTestDiscoverer.TestClassName","Label":"ClassName","Category":"","Description":"","Attributes":1,"ValueType":"System.String"},"Value":"Unit_tests.UnitTest1"},{"Key":{"Id":"TestCase.Hierarchy","Label":"Hierarchy","Category":"","Description":"","Attributes":2,"ValueType":"System.String[]"},"Value":[null,"Unit_tests","UnitTest1","TestStCalculateRange"]},{"Key":{"Id":"MSTest.TestIdGenerationStrategy","Label":"TestIdGenerationStrategy","Category":"","Description":"","Attributes":1,"ValueType":"System.Int32"},"Value":2},{"Key":{"Id":"TestObject.Traits","Label":"Признаки","Category":"","Description":"","Attributes":5,"ValueType":"System.Collections.Generic.KeyValuePair`2[[System.String],[System.String]][]"},"Value":[]},{"Key":{"Id":"TestCase.ManagedType","Label":"ManagedType","Category":"","Description":"","Attributes":1,"ValueType":"System.String"},"Value":"Unit_tests.UnitTest1"}]},"Attachments":[],"Outcome":1,"ErrorMessage":null,"ErrorStackTrace":null,"DisplayName":"TestStCalculateRange","Messages":[],"ComputerName":"LVK7667","Duration":"00:00:00.0002723","StartTime":"2025-02-16T22:41:04.1066808+05:00","EndTime":"2025-02-16T22:41:04.1071625+05:00","Properties":[{"Key":{"Id":"ExecutionId","Label":"ExecutionId","Category":"","Description":"","Attributes":1,"ValueType":"System.Guid"},"Value":"00000000-0000-0000-0000-000000000000"},{"Key":{"Id":"ParentExecId","Label":"ParentExecId","Category":"","Description":"","Attributes":1,"ValueType":"System.Guid"},"Value":"00000000-0000-0000-0000-000000000000"},{"Key":{"Id":"InnerResultsCount","Label":"InnerResultsCount","Category":"","Description":"","Attributes":1,"ValueType":"System.Int32"},"Value":0}]},{"TestCase":{"Id":"5195a1a4-1e74-2e09-0a53-e48424960204","FullyQualifiedName":"Unit_tests.UnitTest1.TestIncrementOperator","DisplayName":"TestIncrementOperator","ExecutorUri":"executor://MSTestAdapter/v2","Source":"C:\\Users\\vikal\\source\\repos\\Unit tests\\bin\\Debug\\net8.0\\fine-code-coverage\\build-output\\Unit tests.dll","CodeFilePath":null,"LineNumber":-1,"Properties":[{"Key":{"Id":"TestCase.ManagedMethod","Label":"ManagedMethod","Category":"","Description":"","Attributes":1,"ValueType":"System.String"},"Value":"TestIncrementOperator"},{"Key":{"Id":"MSTestDiscoverer.TestClassName","Label":"ClassName","Category":"","Description":"","Attributes":1,"ValueType":"System.String"},"Value":"Unit_tests.UnitTest1"},{"Key":{"Id":"TestCase.Hierarchy","Label":"Hierarchy","Category":"","Description":"","Attributes":2,"ValueType":"System.String[]"},"Value":[null,"Unit_tests","UnitTest1","TestIncrementOperator"]},{"Key":{"Id":"MSTest.TestIdGenerationStrategy","Label":"TestIdGenerationStrategy","Category":"","Description":"","Attributes":1,"ValueType":"System.Int32"},"Value":2},{"Key":{"Id":"TestObject.Traits","Label":"Признаки","Category":"","Description":"","Attributes":5,"ValueType":"System.Collections.Generic.KeyValuePair`2[[System.String],[System.String]][]"},"Value":[]},{"Key":{"Id":"TestCase.ManagedType","Label":"ManagedType","Category":"","Description":"","Attributes":1,"ValueType":"System.String"},"Value":"Unit_tests.UnitTest1"}]},"Attachments":[],"Outcome":1,"ErrorMessage":null,"ErrorStackTrace":null,"DisplayName":"TestIncrementOperator","Messages":[],"ComputerName":"LVK7667","Duration":"00:00:00.0002028","StartTime":"2025-02-16T22:41:04.1093306+05:00","EndTime":"2025-02-16T22:41:04.1096989+05:00","Properties":[{"Key":{"Id":"ExecutionId","Label":"ExecutionId","Category":"","Description":"","Attributes":1,"ValueType":"System.Guid"},"Value":"00000000-0000-0000-0000-000000000000"},{"Key":{"Id":"ParentExecId","Label":"ParentExecId","Category":"","Description":"","Attributes":1,"ValueType":"System.Guid"},"Value":"00000000-0000-0000-0000-000000000000"},{"Key":{"Id":"InnerResultsCount","Label":"InnerResultsCount","Category":"","Description":"","Attributes":1,"ValueType":"System.Int32"},"Value":0}]}],"TestRunStatistics":{"ExecutedTests":9,"Stats":{"Passed":8,"Failed":1}},"ActiveTests":[{"Id":"c7c90630-9bbc-cef0-68c2-f5454707d6e7","FullyQualifiedName":"Unit_tests.UnitTest1.TestDecrementOperator","DisplayName":"TestDecrementOperator","ExecutorUri":"executor://MSTestAdapter/v2","Source":"C:\\Users\\vikal\\source\\repos\\Unit tests\\bin\\Debug\\net8.0\\fine-code-coverage\\build-output\\Unit tests.dll","CodeFilePath":null,"LineNumber":-1,"Properties":[{"Key":{"Id":"TestCase.ManagedMethod","Label":"ManagedMethod","Category":"","Description":"","Attributes":1,"ValueType":"System.String"},"Value":"TestDecrementOperator"},{"Key":{"Id":"MSTestDiscoverer.TestClassName","Label":"ClassName","Category":"","Description":"","Attributes":1,"ValueType":"System.String"},"Value":"Unit_tests.UnitTest1"},{"Key":{"Id":"TestCase.Hierarchy","Label":"Hierarchy","Category":"","Description":"","Attributes":2,"ValueType":"System.String[]"},"Value":[null,"Unit_tests","UnitTest1","TestDecrementOperator"]},{"Key":{"Id":"MSTest.TestIdGenerationStrategy","Label":"TestIdGenerationStrategy","Category":"","Description":"","Attributes":1,"ValueType":"System.Int32"},"Value":2},{"Key":{"Id":"TestObject.Traits","Label":"Признаки","Category":"","Description":"","Attributes":5,"ValueType":"System.Collections.Generic.KeyValuePair`2[[System.String],[System.String]][]"},"Value":[]},{"Key":{"Id":"TestCase.ManagedType","Label":"ManagedType","Category":"","Description":"","Attributes":1,"ValueType":"System.String"},"Value":"Unit_tests.UnitTest1"}]}]}}
TpTrace Verbose: 0 : 28444, 14, 2025/02/16, 22:41:04.170, 2356432120465, vstest.console.dll, TestRunRequest:SendTestRunStatsChange: Starting.
TpTrace Verbose: 0 : 28444, 14, 2025/02/16, 22:41:04.170, 2356432121613, vstest.console.dll, InProgress is TestDecrementOperator
TpTrace Verbose: 0 : 28444, 14, 2025/02/16, 22:41:04.170, 2356432123248, vstest.console.dll, MulticastDelegateUtilities.SafeInvoke: TestRun.RunStatsChanged: Invoking callbacks was skipped because there are no subscribers.
TpTrace Information: 0 : 28444, 14, 2025/02/16, 22:41:04.170, 2356432123643, vstest.console.dll, TestRunRequest:SendTestRunStatsChange: Completed.
TpTrace Verbose: 0 : 28444, 14, 2025/02/16, 22:41:04.170, 2356432123977, vstest.console.dll, MulticastDelegateUtilities.SafeInvoke: LengthPrefixCommunicationChannel: MessageReceived: Invoking callback 1/1 for Microsoft.VisualStudio.TestPlatform.CommunicationUtilities.TestRequestSender+<>c__DisplayClass34_0., took 38 ms.
TpTrace Verbose: 0 : 28444, 14, 2025/02/16, 22:41:04.170, 2356432124340, vstest.console.dll, TcpClientExtensions.MessageLoopAsync: Polling on remoteEndPoint: 127.0.0.1:55970 localEndPoint: 127.0.0.1:55969 after 402 ms
TpTrace Verbose: 0 : 28444, 14, 2025/02/16, 22:41:04.170, 2356432125008, vstest.console.dll, TcpClientExtensions.MessageLoopAsync: NotifyDataAvailable remoteEndPoint: 127.0.0.1:55970 localEndPoint: 127.0.0.1:55969
TpTrace Verbose: 0 : 28444, 14, 2025/02/16, 22:41:04.171, 2356432130077, vstest.console.dll, TestRequestSender.OnExecutionMessageReceived: Received message: {"Version":7,"MessageType":"TestExecution.StatsChange","Payload":{"NewTestResults":[{"TestCase":{"Id":"c7c90630-9bbc-cef0-68c2-f5454707d6e7","FullyQualifiedName":"Unit_tests.UnitTest1.TestDecrementOperator","DisplayName":"TestDecrementOperator","ExecutorUri":"executor://MSTestAdapter/v2","Source":"C:\\Users\\vikal\\source\\repos\\Unit tests\\bin\\Debug\\net8.0\\fine-code-coverage\\build-output\\Unit tests.dll","CodeFilePath":null,"LineNumber":-1,"Properties":[{"Key":{"Id":"TestCase.ManagedMethod","Label":"ManagedMethod","Category":"","Description":"","Attributes":1,"ValueType":"System.String"},"Value":"TestDecrementOperator"},{"Key":{"Id":"MSTestDiscoverer.TestClassName","Label":"ClassName","Category":"","Description":"","Attributes":1,"ValueType":"System.String"},"Value":"Unit_tests.UnitTest1"},{"Key":{"Id":"TestCase.Hierarchy","Label":"Hierarchy","Category":"","Description":"","Attributes":2,"ValueType":"System.String[]"},"Value":[null,"Unit_tests","UnitTest1","TestDecrementOperator"]},{"Key":{"Id":"MSTest.TestIdGenerationStrategy","Label":"TestIdGenerationStrategy","Category":"","Description":"","Attributes":1,"ValueType":"System.Int32"},"Value":2},{"Key":{"Id":"TestObject.Traits","Label":"Признаки","Category":"","Description":"","Attributes":5,"ValueType":"System.Collections.Generic.KeyValuePair`2[[System.String],[System.String]][]"},"Value":[]},{"Key":{"Id":"TestCase.ManagedType","Label":"ManagedType","Category":"","Description":"","Attributes":1,"ValueType":"System.String"},"Value":"Unit_tests.UnitTest1"}]},"Attachments":[],"Outcome":1,"ErrorMessage":null,"ErrorStackTrace":null,"DisplayName":"TestDecrementOperator","Messages":[],"ComputerName":"LVK7667","Duration":"00:00:00.0002425","StartTime":"2025-02-16T22:41:04.1333185+05:00","EndTime":"2025-02-16T22:41:04.1337519+05:00","Properties":[{"Key":{"Id":"ExecutionId","Label":"ExecutionId","Category":"","Description":"","Attributes":1,"ValueType":"System.Guid"},"Value":"00000000-0000-0000-0000-000000000000"},{"Key":{"Id":"ParentExecId","Label":"ParentExecId","Category":"","Description":"","Attributes":1,"ValueType":"System.Guid"},"Value":"00000000-0000-0000-0000-000000000000"},{"Key":{"Id":"InnerResultsCount","Label":"InnerResultsCount","Category":"","Description":"","Attributes":1,"ValueType":"System.Int32"},"Value":0}]},{"TestCase":{"Id":"8461ffa6-9d8e-d295-2191-eecc0f7a4ae9","FullyQualifiedName":"Unit_tests.UnitTest1.TestExplicitBool_True","DisplayName":"TestExplicitBool_True","ExecutorUri":"executor://MSTestAdapter/v2","Source":"C:\\Users\\vikal\\source\\repos\\Unit tests\\bin\\Debug\\net8.0\\fine-code-coverage\\build-output\\Unit tests.dll","CodeFilePath":null,"LineNumber":-1,"Properties":[{"Key":{"Id":"TestCase.ManagedMethod","Label":"ManagedMethod","Category":"","Description":"","Attributes":1,"ValueType":"System.String"},"Value":"TestExplicitBool_True"},{"Key":{"Id":"MSTestDiscoverer.TestClassName","Label":"ClassName","Category":"","Description":"","Attributes":1,"ValueType":"System.String"},"Value":"Unit_tests.UnitTest1"},{"Key":{"Id":"TestCase.Hierarchy","Label":"Hierarchy","Category":"","Description":"","Attributes":2,"ValueType":"System.String[]"},"Value":[null,"Unit_tests","UnitTest1","TestExplicitBool_True"]},{"Key":{"Id":"MSTest.TestIdGenerationStrategy","Label":"TestIdGenerationStrategy","Category":"","Description":"","Attributes":1,"ValueType":"System.Int32"},"Value":2},{"Key":{"Id":"TestObject.Traits","Label":"Признаки","Category":"","Description":"","Attributes":5,"ValueType":"System.Collections.Generic.KeyValuePair`2[[System.String],[System.String]][]"},"Value":[]},{"Key":{"Id":"TestCase.ManagedType","Label":"ManagedType","Category":"","Description":"","Attributes":1,"ValueType":"System.String"},"Value":"Unit_tests.UnitTest1"}]},"Attachments":[],"Outcome":1,"ErrorMessage":null,"ErrorStackTrace":null,"DisplayName":"TestExplicitBool_True","Messages":[],"ComputerName":"LVK7667","Duration":"00:00:00.0002609","StartTime":"2025-02-16T22:41:04.1362151+05:00","EndTime":"2025-02-16T22:41:04.1366988+05:00","Properties":[{"Key":{"Id":"ExecutionId","Label":"ExecutionId","Category":"","Description":"","Attributes":1,"ValueType":"System.Guid"},"Value":"00000000-0000-0000-0000-000000000000"},{"Key":{"Id":"ParentExecId","Label":"ParentExecId","Category":"","Description":"","Attributes":1,"ValueType":"System.Guid"},"Value":"00000000-0000-0000-0000-000000000000"},{"Key":{"Id":"InnerResultsCount","Label":"InnerResultsCount","Category":"","Description":"","Attributes":1,"ValueType":"System.Int32"},"Value":0}]},{"TestCase":{"Id":"ea792eb1-fce9-c073-ea53-4e4e95e2ecac","FullyQualifiedName":"Unit_tests.UnitTest1.TestExplicitBool_False","DisplayName":"TestExplicitBool_False","ExecutorUri":"executor://MSTestAdapter/v2","Source":"C:\\Users\\vikal\\source\\repos\\Unit tests\\bin\\Debug\\net8.0\\fine-code-coverage\\build-output\\Unit tests.dll","CodeFilePath":null,"LineNumber":-1,"Properties":[{"Key":{"Id":"TestCase.ManagedMethod","Label":"ManagedMethod","Category":"","Description":"","Attributes":1,"ValueType":"System.String"},"Value":"TestExplicitBool_False"},{"Key":{"Id":"MSTestDiscoverer.TestClassName","Label":"ClassName","Category":"","Description":"","Attributes":1,"ValueType":"System.String"},"Value":"Unit_tests.UnitTest1"},{"Key":{"Id":"TestCase.Hierarchy","Label":"Hierarchy","Category":"","Description":"","Attributes":2,"ValueType":"System.String[]"},"Value":[null,"Unit_tests","UnitTest1","TestExplicitBool_False"]},{"Key":{"Id":"MSTest.TestIdGenerationStrategy","Label":"TestIdGenerationStrategy","Category":"","Description":"","Attributes":1,"ValueType":"System.Int32"},"Value":2},{"Key":{"Id":"TestObject.Traits","Label":"Признаки","Category":"","Description":"","Attributes":5,"ValueType":"System.Collections.Generic.KeyValuePair`2[[System.String],[System.String]][]"},"Value":[]},{"Key":{"Id":"TestCase.ManagedType","Label":"ManagedType","Category":"","Description":"","Attributes":1,"ValueType":"System.String"},"Value":"Unit_tests.UnitTest1"}]},"Attachments":[],"Outcome":1,"ErrorMessage":null,"ErrorStackTrace":null,"DisplayName":"TestExplicitBool_False","Messages":[],"ComputerName":"LVK7667","Duration":"00:00:00.0001269","StartTime":"2025-02-16T22:41:04.1388999+05:00","EndTime":"2025-02-16T22:41:04.1391857+05:00","Properties":[{"Key":{"Id":"ExecutionId","Label":"ExecutionId","Category":"","Description":"","Attributes":1,"ValueType":"System.Guid"},"Value":"00000000-0000-0000-0000-000000000000"},{"Key":{"Id":"ParentExecId","Label":"ParentExecId","Category":"","Description":"","Attributes":1,"ValueType":"System.Guid"},"Value":"00000000-0000-0000-0000-000000000000"},{"Key":{"Id":"InnerResultsCount","Label":"InnerResultsCount","Category":"","Description":"","Attributes":1,"ValueType":"System.Int32"},"Value":0}]},{"TestCase":{"Id":"b24be11d-ea9f-c83a-038e-70048e3b9587","FullyQualifiedName":"Unit_tests.UnitTest1.TestExplicitBool_Null","DisplayName":"TestExplicitBool_Null","ExecutorUri":"executor://MSTestAdapter/v2","Source":"C:\\Users\\vikal\\source\\repos\\Unit tests\\bin\\Debug\\net8.0\\fine-code-coverage\\build-output\\Unit tests.dll","CodeFilePath":null,"LineNumber":-1,"Properties":[{"Key":{"Id":"TestCase.ManagedMethod","Label":"ManagedMethod","Category":"","Description":"","Attributes":1,"ValueType":"System.String"},"Value":"TestExplicitBool_Null"},{"Key":{"Id":"MSTestDiscoverer.TestClassName","Label":"ClassName","Category":"","Description":"","Attributes":1,"ValueType":"System.String"},"Value":"Unit_tests.UnitTest1"},{"Key":{"Id":"TestCase.Hierarchy","Label":"Hierarchy","Category":"","Description":"","Attributes":2,"ValueType":"System.String[]"},"Value":[null,"Unit_tests","UnitTest1","TestExplicitBool_Null"]},{"Key":{"Id":"MSTest.TestIdGenerationStrategy","Label":"TestIdGenerationStrategy","Category":"","Description":"","Attributes":1,"ValueType":"System.Int32"},"Value":2},{"Key":{"Id":"TestObject.Traits","Label":"Признаки","Category":"","Description":"","Attributes":5,"ValueType":"System.Collections.Generic.KeyValuePair`2[[System.String],[System.String]][]"},"Value":[]},{"Key":{"Id":"TestCase.ManagedType","Label":"ManagedType","Category":"","Description":"","Attributes":1,"ValueType":"System.String"},"Value":"Unit_tests.UnitTest1"}]},"Attachments":[],"Outcome":2,"ErrorMessage":"Метод теста создал исключение \"System.NullReferenceException\", а ожидалось исключение \"System.ArgumentNullException\". Сообщение исключения: \"System.NullReferenceException: Object reference not set to an instance of an object.\".","ErrorStackTrace":"   at Лаб_раб_9.Car..ctor(Car other) in C:\\Users\\vikal\\source\\repos\\Лаб-раб-9\\Car.cs:line 74\r\n   at Unit_tests.UnitTest1.TestExplicitBool_Null() in C:\\Users\\vikal\\source\\repos\\Unit tests\\UnitTest1.cs:line 136\r\n   at System.RuntimeMethodHandle.InvokeMethod(Object target, Void** arguments, Signature sig, Boolean isConstructor)\r\n   at System.Reflection.MethodBaseInvoker.InterpretedInvoke_Method(Object obj, IntPtr* args)\r\n   at System.Reflection.MethodBaseInvoker.InvokeWithNoArgs(Object obj, BindingFlags invokeAttr)\r\n","DisplayName":"TestExplicitBool_Null","Messages":[],"ComputerName":"LVK7667","Duration":"00:00:00.0004243","StartTime":"2025-02-16T22:41:04.1410149+05:00","EndTime":"2025-02-16T22:41:04.1417114+05:00","Properties":[{"Key":{"Id":"ExecutionId","Label":"ExecutionId","Category":"","Description":"","Attributes":1,"ValueType":"System.Guid"},"Value":"00000000-0000-0000-0000-000000000000"},{"Key":{"Id":"ParentExecId","Label":"ParentExecId","Category":"","Description":"","Attributes":1,"ValueType":"System.Guid"},"Value":"00000000-0000-0000-0000-000000000000"},{"Key":{"Id":"InnerResultsCount","Label":"InnerResultsCount","Category":"","Description":"","Attributes":1,"ValueType":"System.Int32"},"Value":0}]},{"TestCase":{"Id":"738e8199-81bd-270e-3040-883109b3db44","FullyQualifiedName":"Unit_tests.UnitTest1.TestImplicitDouble_True","DisplayName":"TestImplicitDouble_True","ExecutorUri":"executor://MSTestAdapter/v2","Source":"C:\\Users\\vikal\\source\\repos\\Unit tests\\bin\\Debug\\net8.0\\fine-code-coverage\\build-output\\Unit tests.dll","CodeFilePath":null,"LineNumber":-1,"Properties":[{"Key":{"Id":"TestCase.ManagedMethod","Label":"ManagedMethod","Category":"","Description":"","Attributes":1,"ValueType":"System.String"},"Value":"TestImplicitDouble_True"},{"Key":{"Id":"MSTestDiscoverer.TestClassName","Label":"ClassName","Category":"","Description":"","Attributes":1,"ValueType":"System.String"},"Value":"Unit_tests.UnitTest1"},{"Key":{"Id":"TestCase.Hierarchy","Label":"Hierarchy","Category":"","Description":"","Attributes":2,"ValueType":"System.String[]"},"Value":[null,"Unit_tests","UnitTest1","TestImplicitDouble_True"]},{"Key":{"Id":"MSTest.TestIdGenerationStrategy","Label":"TestIdGenerationStrategy","Category":"","Description":"","Attributes":1,"ValueType":"System.Int32"},"Value":2},{"Key":{"Id":"TestObject.Traits","Label":"Признаки","Category":"","Description":"","Attributes":5,"ValueType":"System.Collections.Generic.KeyValuePair`2[[System.String],[System.String]][]"},"Value":[]},{"Key":{"Id":"TestCase.ManagedType","Label":"ManagedType","Category":"","Description":"","Attributes":1,"ValueType":"System.String"},"Value":"Unit_tests.UnitTest1"}]},"Attachments":[],"Outcome":1,"ErrorMessage":null,"ErrorStackTrace":null,"DisplayName":"TestImplicitDouble_True","Messages":[],"ComputerName":"LVK7667","Duration":"00:00:00.0002672","StartTime":"2025-02-16T22:41:04.1442477+05:00","EndTime":"2025-02-16T22:41:04.144696+05:00","Properties":[{"Key":{"Id":"ExecutionId","Label":"ExecutionId","Category":"","Description":"","Attributes":1,"ValueType":"System.Guid"},"Value":"00000000-0000-0000-0000-000000000000"},{"Key":{"Id":"ParentExecId","Label":"ParentExecId","Category":"","Description":"","Attributes":1,"ValueType":"System.Guid"},"Value":"00000000-0000-0000-0000-000000000000"},{"Key":{"Id":"InnerResultsCount","Label":"InnerResultsCount","Category":"","Description":"","Attributes":1,"ValueType":"System.Int32"},"Value":0}]},{"TestCase":{"Id":"c7096b5c-b1dc-dc3e-0079-fb468ada5507","FullyQualifiedName":"Unit_tests.UnitTest1.TestImplicitDouble_False","DisplayName":"TestImplicitDouble_False","ExecutorUri":"executor://MSTestAdapter/v2","Source":"C:\\Users\\vikal\\source\\repos\\Unit tests\\bin\\Debug\\net8.0\\fine-code-coverage\\build-output\\Unit tests.dll","CodeFilePath":null,"LineNumber":-1,"Properties":[{"Key":{"Id":"TestCase.ManagedMethod","Label":"ManagedMethod","Category":"","Description":"","Attributes":1,"ValueType":"System.String"},"Value":"TestImplicitDouble_False"},{"Key":{"Id":"MSTestDiscoverer.TestClassName","Label":"ClassName","Category":"","Description":"","Attributes":1,"ValueType":"System.String"},"Value":"Unit_tests.UnitTest1"},{"Key":{"Id":"TestCase.Hierarchy","Label":"Hierarchy","Category":"","Description":"","Attributes":2,"ValueType":"System.String[]"},"Value":[null,"Unit_tests","UnitTest1","TestImplicitDouble_False"]},{"Key":{"Id":"MSTest.TestIdGenerationStrategy","Label":"TestIdGenerationStrategy","Category":"","Description":"","Attributes":1,"ValueType":"System.Int32"},"Value":2},{"Key":{"Id":"TestObject.Traits","Label":"Признаки","Category":"","Description":"","Attributes":5,"ValueType":"System.Collections.Generic.KeyValuePair`2[[System.String],[System.String]][]"},"Value":[]},{"Key":{"Id":"TestCase.ManagedType","Label":"ManagedType","Category":"","Description":"","Attributes":1,"ValueType":"System.String"},"Value":"Unit_tests.UnitTest1"}]},"Attachments":[],"Outcome":1,"ErrorMessage":null,"ErrorStackTrace":null,"DisplayName":"TestImplicitDouble_False","Messages":[],"ComputerName":"LVK7667","Duration":"00:00:00.0001247","StartTime":"2025-02-16T22:41:04.1500905+05:00","EndTime":"2025-02-16T22:41:04.150387+05:00","Properties":[{"Key":{"Id":"ExecutionId","Label":"ExecutionId","Category":"","Description":"","Attributes":1,"ValueType":"System.Guid"},"Value":"00000000-0000-0000-0000-000000000000"},{"Key":{"Id":"ParentExecId","Label":"ParentExecId","Category":"","Description":"","Attributes":1,"ValueType":"System.Guid"},"Value":"00000000-0000-0000-0000-000000000000"},{"Key":{"Id":"InnerResultsCount","Label":"InnerResultsCount","Category":"","Description":"","Attributes":1,"ValueType":"System.Int32"},"Value":0}]},{"TestCase":{"Id":"50c0f66f-b4e1-7e6f-2920-1f6893a5a221","FullyQualifiedName":"Unit_tests.UnitTest1.TestLeftAddOperator","DisplayName":"TestLeftAddOperator","ExecutorUri":"executor://MSTestAdapter/v2","Source":"C:\\Users\\vikal\\source\\repos\\Unit tests\\bin\\Debug\\net8.0\\fine-code-coverage\\build-output\\Unit tests.dll","CodeFilePath":null,"LineNumber":-1,"Properties":[{"Key":{"Id":"TestCase.ManagedMethod","Label":"ManagedMethod","Category":"","Description":"","Attributes":1,"ValueType":"System.String"},"Value":"TestLeftAddOperator"},{"Key":{"Id":"MSTestDiscoverer.TestClassName","Label":"ClassName","Category":"","Description":"","Attributes":1,"ValueType":"System.String"},"Value":"Unit_tests.UnitTest1"},{"Key":{"Id":"TestCase.Hierarchy","Label":"Hierarchy","Category":"","Description":"","Attributes":2,"ValueType":"System.String[]"},"Value":[null,"Unit_tests","UnitTest1","TestLeftAddOperator"]},{"Key":{"Id":"MSTest.TestIdGenerationStrategy","Label":"TestIdGenerationStrategy","Category":"","Description":"","Attributes":1,"ValueType":"System.Int32"},"Value":2},{"Key":{"Id":"TestObject.Traits","Label":"Признаки","Category":"","Description":"","Attributes":5,"ValueType":"System.Collections.Generic.KeyValuePair`2[[System.String],[System.String]][]"},"Value":[]},{"Key":{"Id":"TestCase.ManagedType","Label":"ManagedType","Category":"","Description":"","Attributes":1,"ValueType":"System.String"},"Value":"Unit_tests.UnitTest1"}]},"Attachments":[],"Outcome":1,"ErrorMessage":null,"ErrorStackTrace":null,"DisplayName":"TestLeftAddOperator","Messages":[],"ComputerName":"LVK7667","Duration":"00:00:00.0002463","StartTime":"2025-02-16T22:41:04.1532002+05:00","EndTime":"2025-02-16T22:41:04.1536046+05:00","Properties":[{"Key":{"Id":"ExecutionId","Label":"ExecutionId","Category":"","Description":"","Attributes":1,"ValueType":"System.Guid"},"Value":"00000000-0000-0000-0000-000000000000"},{"Key":{"Id":"ParentExecId","Label":"ParentExecId","Category":"","Description":"","Attributes":1,"ValueType":"System.Guid"},"Value":"00000000-0000-0000-0000-000000000000"},{"Key":{"Id":"InnerResultsCount","Label":"InnerResultsCount","Category":"","Description":"","Attributes":1,"ValueType":"System.Int32"},"Value":0}]},{"TestCase":{"Id":"f8de51b5-a80f-0b57-38a8-ef1ee2cbc406","FullyQualifiedName":"Unit_tests.UnitTest1.TestRightAddOperator","DisplayName":"TestRightAddOperator","ExecutorUri":"executor://MSTestAdapter/v2","Source":"C:\\Users\\vikal\\source\\repos\\Unit tests\\bin\\Debug\\net8.0\\fine-code-coverage\\build-output\\Unit tests.dll","CodeFilePath":null,"LineNumber":-1,"Properties":[{"Key":{"Id":"TestCase.ManagedMethod","Label":"ManagedMethod","Category":"","Description":"","Attributes":1,"ValueType":"System.String"},"Value":"TestRightAddOperator"},{"Key":{"Id":"MSTestDiscoverer.TestClassName","Label":"ClassName","Category":"","Description":"","Attributes":1,"ValueType":"System.String"},"Value":"Unit_tests.UnitTest1"},{"Key":{"Id":"TestCase.Hierarchy","Label":"Hierarchy","Category":"","Description":"","Attributes":2,"ValueType":"System.String[]"},"Value":[null,"Unit_tests","UnitTest1","TestRightAddOperator"]},{"Key":{"Id":"MSTest.TestIdGenerationStrategy","Label":"TestIdGenerationStrategy","Category":"","Description":"","Attributes":1,"ValueType":"System.Int32"},"Value":2},{"Key":{"Id":"TestObject.Traits","Label":"Признаки","Category":"","Description":"","Attributes":5,"ValueType":"System.Collections.Generic.KeyValuePair`2[[System.String],[System.String]][]"},"Value":[]},{"Key":{"Id":"TestCase.ManagedType","Label":"ManagedType","Category":"","Description":"","Attributes":1,"ValueType":"System.String"},"Value":"Unit_tests.UnitTest1"}]},"Attachments":[],"Outcome":1,"ErrorMessage":null,"ErrorStackTrace":null,"DisplayName":"TestRightAddOperator","Messages":[],"ComputerName":"LVK7667","Duration":"00:00:00.0002798","StartTime":"2025-02-16T22:41:04.1557494+05:00","EndTime":"2025-02-16T22:41:04.1561993+05:00","Properties":[{"Key":{"Id":"ExecutionId","Label":"ExecutionId","Category":"","Description":"","Attributes":1,"ValueType":"System.Guid"},"Value":"00000000-0000-0000-0000-000000000000"},{"Key":{"Id":"ParentExecId","Label":"ParentExecId","Category":"","Description":"","Attributes":1,"ValueType":"System.Guid"},"Value":"00000000-0000-0000-0000-000000000000"},{"Key":{"Id":"InnerResultsCount","Label":"InnerResultsCount","Category":"","Description":"","Attributes":1,"ValueType":"System.Int32"},"Value":0}]},{"TestCase":{"Id":"2efc81fb-d984-e50e-abd0-b8fa85e92530","FullyQualifiedName":"Unit_tests.UnitTest1.TestEqualityOperator_True","DisplayName":"TestEqualityOperator_True","ExecutorUri":"executor://MSTestAdapter/v2","Source":"C:\\Users\\vikal\\source\\repos\\Unit tests\\bin\\Debug\\net8.0\\fine-code-coverage\\build-output\\Unit tests.dll","CodeFilePath":null,"LineNumber":-1,"Properties":[{"Key":{"Id":"TestCase.ManagedMethod","Label":"ManagedMethod","Category":"","Description":"","Attributes":1,"ValueType":"System.String"},"Value":"TestEqualityOperator_True"},{"Key":{"Id":"MSTestDiscoverer.TestClassName","Label":"ClassName","Category":"","Description":"","Attributes":1,"ValueType":"System.String"},"Value":"Unit_tests.UnitTest1"},{"Key":{"Id":"TestCase.Hierarchy","Label":"Hierarchy","Category":"","Description":"","Attributes":2,"ValueType":"System.String[]"},"Value":[null,"Unit_tests","UnitTest1","TestEqualityOperator_True"]},{"Key":{"Id":"MSTest.TestIdGenerationStrategy","Label":"TestIdGenerationStrategy","Category":"","Description":"","Attributes":1,"ValueType":"System.Int32"},"Value":2},{"Key":{"Id":"TestObject.Traits","Label":"Признаки","Category":"","Description":"","Attributes":5,"ValueType":"System.Collections.Generic.KeyValuePair`2[[System.String],[System.String]][]"},"Value":[]},{"Key":{"Id":"TestCase.ManagedType","Label":"ManagedType","Category":"","Description":"","Attributes":1,"ValueType":"System.String"},"Value":"Unit_tests.UnitTest1"}]},"Attachments":[],"Outcome":2,"ErrorMessage":"Сбой Assert.IsFalse. ","ErrorStackTrace":"   at Unit_tests.UnitTest1.TestEqualityOperator_True() in C:\\Users\\vikal\\source\\repos\\Unit tests\\UnitTest1.cs:line 196\r\n   at System.RuntimeMethodHandle.InvokeMethod(Object target, Void** arguments, Signature sig, Boolean isConstructor)\r\n   at System.Reflection.MethodBaseInvoker.InterpretedInvoke_Method(Object obj, IntPtr* args)\r\n   at System.Reflection.MethodBaseInvoker.InvokeWithNoArgs(Object obj, BindingFlags invokeAttr)\r\n","DisplayName":"TestEqualityOperator_True","Messages":[],"ComputerName":"LVK7667","Duration":"00:00:00.0023910","StartTime":"2025-02-16T22:41:04.1585161+05:00","EndTime":"2025-02-16T22:41:04.1610926+05:00","Properties":[{"Key":{"Id":"ExecutionId","Label":"ExecutionId","Category":"","Description":"","Attributes":1,"ValueType":"System.Guid"},"Value":"00000000-0000-0000-0000-000000000000"},{"Key":{"Id":"ParentExecId","Label":"ParentExecId","Category":"","Description":"","Attributes":1,"ValueType":"System.Guid"},"Value":"00000000-0000-0000-0000-000000000000"},{"Key":{"Id":"InnerResultsCount","Label":"InnerResultsCount","Category":"","Description":"","Attributes":1,"ValueType":"System.Int32"},"Value":0}]}],"TestRunStatistics":{"ExecutedTests":18,"Stats":{"Passed":15,"Failed":3}},"ActiveTests":[{"Id":"53a1a89d-09c6-9fd0-6fe5-4cf01dc59de3","FullyQualifiedName":"Unit_tests.UnitTest1.TestEqualityOperator_False","DisplayName":"TestEqualityOperator_False","ExecutorUri":"executor://MSTestAdapter/v2","Source":"C:\\Users\\vikal\\source\\repos\\Unit tests\\bin\\Debug\\net8.0\\fine-code-coverage\\build-output\\Unit tests.dll","CodeFilePath":null,"LineNumber":-1,"Properties":[{"Key":{"Id":"TestCase.ManagedMethod","Label":"ManagedMethod","Category":"","Description":"","Attributes":1,"ValueType":"System.String"},"Value":"TestEqualityOperator_False"},{"Key":{"Id":"MSTestDiscoverer.TestClassName","Label":"ClassName","Category":"","Description":"","Attributes":1,"ValueType":"System.String"},"Value":"Unit_tests.UnitTest1"},{"Key":{"Id":"TestCase.Hierarchy","Label":"Hierarchy","Category":"","Description":"","Attributes":2,"ValueType":"System.String[]"},"Value":[null,"Unit_tests","UnitTest1","TestEqualityOperator_False"]},{"Key":{"Id":"MSTest.TestIdGenerationStrategy","Label":"TestIdGenerationStrategy","Category":"","Description":"","Attributes":1,"ValueType":"System.Int32"},"Value":2},{"Key":{"Id":"TestObject.Traits","Label":"Признаки","Category":"","Description":"","Attributes":5,"ValueType":"System.Collections.Generic.KeyValuePair`2[[System.String],[System.String]][]"},"Value":[]},{"Key":{"Id":"TestCase.ManagedType","Label":"ManagedType","Category":"","Description":"","Attributes":1,"ValueType":"System.String"},"Value":"Unit_tests.UnitTest1"}]}]}}
TpTrace Verbose: 0 : 28444, 4, 2025/02/16, 22:41:04.172, 2356432144100, vstest.console.dll, MulticastDelegateUtilities.SafeInvoke: InternalTestLoggerEvents.SendTestResult: Invoking callback 1/1 for Microsoft.VisualStudio.TestPlatform.CommandLine.Internal.ConsoleLogger., took 2 ms.
TpTrace Verbose: 0 : 28444, 4, 2025/02/16, 22:41:04.172, 2356432146829, vstest.console.dll, MulticastDelegateUtilities.SafeInvoke: InternalTestLoggerEvents.SendTestResult: Invoking callback 1/1 for Microsoft.VisualStudio.TestPlatform.CommandLine.Internal.ConsoleLogger., took 0 ms.
TpTrace Verbose: 0 : 28444, 4, 2025/02/16, 22:41:04.173, 2356432147930, vstest.console.dll, MulticastDelegateUtilities.SafeInvoke: InternalTestLoggerEvents.SendTestResult: Invoking callback 1/1 for Microsoft.VisualStudio.TestPlatform.CommandLine.Internal.ConsoleLogger., took 0 ms.
TpTrace Verbose: 0 : 28444, 4, 2025/02/16, 22:41:04.173, 2356432148617, vstest.console.dll, MulticastDelegateUtilities.SafeInvoke: InternalTestLoggerEvents.SendTestResult: Invoking callback 1/1 for Microsoft.VisualStudio.TestPlatform.CommandLine.Internal.ConsoleLogger., took 0 ms.
TpTrace Verbose: 0 : 28444, 4, 2025/02/16, 22:41:04.173, 2356432149412, vstest.console.dll, MulticastDelegateUtilities.SafeInvoke: InternalTestLoggerEvents.SendTestResult: Invoking callback 1/1 for Microsoft.VisualStudio.TestPlatform.CommandLine.Internal.ConsoleLogger., took 0 ms.
TpTrace Verbose: 0 : 28444, 4, 2025/02/16, 22:41:04.173, 2356432155070, vstest.console.dll, MulticastDelegateUtilities.SafeInvoke: InternalTestLoggerEvents.SendTestResult: Invoking callback 1/1 for Microsoft.VisualStudio.TestPlatform.CommandLine.Internal.ConsoleLogger., took 0 ms.
TpTrace Verbose: 0 : 28444, 4, 2025/02/16, 22:41:04.173, 2356432155668, vstest.console.dll, MulticastDelegateUtilities.SafeInvoke: InternalTestLoggerEvents.SendTestResult: Invoking callback 1/1 for Microsoft.VisualStudio.TestPlatform.CommandLine.Internal.ConsoleLogger., took 0 ms.
TpTrace Verbose: 0 : 28444, 4, 2025/02/16, 22:41:04.173, 2356432156206, vstest.console.dll, MulticastDelegateUtilities.SafeInvoke: InternalTestLoggerEvents.SendTestResult: Invoking callback 1/1 for Microsoft.VisualStudio.TestPlatform.CommandLine.Internal.ConsoleLogger., took 0 ms.
TpTrace Verbose: 0 : 28444, 4, 2025/02/16, 22:41:04.173, 2356432156514, vstest.console.dll, MulticastDelegateUtilities.SafeInvoke: InternalTestLoggerEvents.SendTestResult: Invoking callback 1/1 for Microsoft.VisualStudio.TestPlatform.CommandLine.Internal.ConsoleLogger., took 0 ms.
TpTrace Verbose: 0 : 28444, 14, 2025/02/16, 22:41:04.175, 2356432175527, vstest.console.dll, TestRunRequest:SendTestRunStatsChange: Starting.
TpTrace Verbose: 0 : 28444, 14, 2025/02/16, 22:41:04.175, 2356432175951, vstest.console.dll, InProgress is TestEqualityOperator_False
TpTrace Verbose: 0 : 28444, 14, 2025/02/16, 22:41:04.175, 2356432176341, vstest.console.dll, MulticastDelegateUtilities.SafeInvoke: TestRun.RunStatsChanged: Invoking callbacks was skipped because there are no subscribers.
TpTrace Information: 0 : 28444, 14, 2025/02/16, 22:41:04.175, 2356432176626, vstest.console.dll, TestRunRequest:SendTestRunStatsChange: Completed.
TpTrace Verbose: 0 : 28444, 4, 2025/02/16, 22:41:04.175, 2356432176811, vstest.console.dll, MulticastDelegateUtilities.SafeInvoke: InternalTestLoggerEvents.SendTestResult: Invoking callback 1/1 for Microsoft.VisualStudio.TestPlatform.CommandLine.Internal.ConsoleLogger., took 0 ms.
TpTrace Verbose: 0 : 28444, 14, 2025/02/16, 22:41:04.175, 2356432177051, vstest.console.dll, MulticastDelegateUtilities.SafeInvoke: LengthPrefixCommunicationChannel: MessageReceived: Invoking callback 1/1 for Microsoft.VisualStudio.TestPlatform.CommunicationUtilities.TestRequestSender+<>c__DisplayClass34_0., took 4 ms.
TpTrace Verbose: 0 : 28444, 4, 2025/02/16, 22:41:04.176, 2356432177509, vstest.console.dll, MulticastDelegateUtilities.SafeInvoke: InternalTestLoggerEvents.SendTestResult: Invoking callback 1/1 for Microsoft.VisualStudio.TestPlatform.CommandLine.Internal.ConsoleLogger., took 0 ms.
TpTrace Verbose: 0 : 28444, 14, 2025/02/16, 22:41:04.176, 2356432177598, vstest.console.dll, TcpClientExtensions.MessageLoopAsync: Polling on remoteEndPoint: 127.0.0.1:55970 localEndPoint: 127.0.0.1:55969 after 5 ms
TpTrace Verbose: 0 : 28444, 4, 2025/02/16, 22:41:04.176, 2356432177870, vstest.console.dll, MulticastDelegateUtilities.SafeInvoke: InternalTestLoggerEvents.SendTestResult: Invoking callback 1/1 for Microsoft.VisualStudio.TestPlatform.CommandLine.Internal.ConsoleLogger., took 0 ms.
TpTrace Verbose: 0 : 28444, 4, 2025/02/16, 22:41:04.176, 2356432179294, vstest.console.dll, MulticastDelegateUtilities.SafeInvoke: InternalTestLoggerEvents.SendTestResult: Invoking callback 1/1 for Microsoft.VisualStudio.TestPlatform.CommandLine.Internal.ConsoleLogger., took 0 ms.
TpTrace Verbose: 0 : 28444, 4, 2025/02/16, 22:41:04.176, 2356432180249, vstest.console.dll, MulticastDelegateUtilities.SafeInvoke: InternalTestLoggerEvents.SendTestResult: Invoking callback 1/1 for Microsoft.VisualStudio.TestPlatform.CommandLine.Internal.ConsoleLogger., took 0 ms.
TpTrace Verbose: 0 : 28444, 4, 2025/02/16, 22:41:04.176, 2356432181100, vstest.console.dll, MulticastDelegateUtilities.SafeInvoke: InternalTestLoggerEvents.SendTestResult: Invoking callback 1/1 for Microsoft.VisualStudio.TestPlatform.CommandLine.Internal.ConsoleLogger., took 0 ms.
TpTrace Verbose: 0 : 28444, 4, 2025/02/16, 22:41:04.177, 2356432188761, vstest.console.dll, MulticastDelegateUtilities.SafeInvoke: InternalTestLoggerEvents.SendTestResult: Invoking callback 1/1 for Microsoft.VisualStudio.TestPlatform.CommandLine.Internal.ConsoleLogger., took 0 ms.
TpTrace Verbose: 0 : 28444, 4, 2025/02/16, 22:41:04.177, 2356432189294, vstest.console.dll, MulticastDelegateUtilities.SafeInvoke: InternalTestLoggerEvents.SendTestResult: Invoking callback 1/1 for Microsoft.VisualStudio.TestPlatform.CommandLine.Internal.ConsoleLogger., took 0 ms.
TpTrace Verbose: 0 : 28444, 4, 2025/02/16, 22:41:04.177, 2356432190586, vstest.console.dll, MulticastDelegateUtilities.SafeInvoke: InternalTestLoggerEvents.SendTestResult: Invoking callback 1/1 for Microsoft.VisualStudio.TestPlatform.CommandLine.Internal.ConsoleLogger., took 0 ms.
TpTrace Verbose: 0 : 28444, 14, 2025/02/16, 22:41:04.191, 2356432330133, vstest.console.dll, TcpClientExtensions.MessageLoopAsync: NotifyDataAvailable remoteEndPoint: 127.0.0.1:55970 localEndPoint: 127.0.0.1:55969
TpTrace Verbose: 0 : 28444, 14, 2025/02/16, 22:41:04.191, 2356432335278, vstest.console.dll, TestRequestSender.OnExecutionMessageReceived: Received message: {"Version":7,"MessageType":"TestExecution.StatsChange","Payload":{"NewTestResults":[{"TestCase":{"Id":"53a1a89d-09c6-9fd0-6fe5-4cf01dc59de3","FullyQualifiedName":"Unit_tests.UnitTest1.TestEqualityOperator_False","DisplayName":"TestEqualityOperator_False","ExecutorUri":"executor://MSTestAdapter/v2","Source":"C:\\Users\\vikal\\source\\repos\\Unit tests\\bin\\Debug\\net8.0\\fine-code-coverage\\build-output\\Unit tests.dll","CodeFilePath":null,"LineNumber":-1,"Properties":[{"Key":{"Id":"TestCase.ManagedMethod","Label":"ManagedMethod","Category":"","Description":"","Attributes":1,"ValueType":"System.String"},"Value":"TestEqualityOperator_False"},{"Key":{"Id":"MSTestDiscoverer.TestClassName","Label":"ClassName","Category":"","Description":"","Attributes":1,"ValueType":"System.String"},"Value":"Unit_tests.UnitTest1"},{"Key":{"Id":"TestCase.Hierarchy","Label":"Hierarchy","Category":"","Description":"","Attributes":2,"ValueType":"System.String[]"},"Value":[null,"Unit_tests","UnitTest1","TestEqualityOperator_False"]},{"Key":{"Id":"MSTest.TestIdGenerationStrategy","Label":"TestIdGenerationStrategy","Category":"","Description":"","Attributes":1,"ValueType":"System.Int32"},"Value":2},{"Key":{"Id":"TestObject.Traits","Label":"Признаки","Category":"","Description":"","Attributes":5,"ValueType":"System.Collections.Generic.KeyValuePair`2[[System.String],[System.String]][]"},"Value":[]},{"Key":{"Id":"TestCase.ManagedType","Label":"ManagedType","Category":"","Description":"","Attributes":1,"ValueType":"System.String"},"Value":"Unit_tests.UnitTest1"}]},"Attachments":[],"Outcome":1,"ErrorMessage":null,"ErrorStackTrace":null,"DisplayName":"TestEqualityOperator_False","Messages":[],"ComputerName":"LVK7667","Duration":"00:00:00.0001268","StartTime":"2025-02-16T22:41:04.165155+05:00","EndTime":"2025-02-16T22:41:04.1654769+05:00","Properties":[{"Key":{"Id":"ExecutionId","Label":"ExecutionId","Category":"","Description":"","Attributes":1,"ValueType":"System.Guid"},"Value":"00000000-0000-0000-0000-000000000000"},{"Key":{"Id":"ParentExecId","Label":"ParentExecId","Category":"","Description":"","Attributes":1,"ValueType":"System.Guid"},"Value":"00000000-0000-0000-0000-000000000000"},{"Key":{"Id":"InnerResultsCount","Label":"InnerResultsCount","Category":"","Description":"","Attributes":1,"ValueType":"System.Int32"},"Value":0}]},{"TestCase":{"Id":"747e6871-d8c3-6eec-7fd5-fef75859783d","FullyQualifiedName":"Unit_tests.UnitTest1.TestInequalityOperator_True","DisplayName":"TestInequalityOperator_True","ExecutorUri":"executor://MSTestAdapter/v2","Source":"C:\\Users\\vikal\\source\\repos\\Unit tests\\bin\\Debug\\net8.0\\fine-code-coverage\\build-output\\Unit tests.dll","CodeFilePath":null,"LineNumber":-1,"Properties":[{"Key":{"Id":"TestCase.ManagedMethod","Label":"ManagedMethod","Category":"","Description":"","Attributes":1,"ValueType":"System.String"},"Value":"TestInequalityOperator_True"},{"Key":{"Id":"MSTestDiscoverer.TestClassName","Label":"ClassName","Category":"","Description":"","Attributes":1,"ValueType":"System.String"},"Value":"Unit_tests.UnitTest1"},{"Key":{"Id":"TestCase.Hierarchy","Label":"Hierarchy","Category":"","Description":"","Attributes":2,"ValueType":"System.String[]"},"Value":[null,"Unit_tests","UnitTest1","TestInequalityOperator_True"]},{"Key":{"Id":"MSTest.TestIdGenerationStrategy","Label":"TestIdGenerationStrategy","Category":"","Description":"","Attributes":1,"ValueType":"System.Int32"},"Value":2},{"Key":{"Id":"TestObject.Traits","Label":"Признаки","Category":"","Description":"","Attributes":5,"ValueType":"System.Collections.Generic.KeyValuePair`2[[System.String],[System.String]][]"},"Value":[]},{"Key":{"Id":"TestCase.ManagedType","Label":"ManagedType","Category":"","Description":"","Attributes":1,"ValueType":"System.String"},"Value":"Unit_tests.UnitTest1"}]},"Attachments":[],"Outcome":1,"ErrorMessage":null,"ErrorStackTrace":null,"DisplayName":"TestInequalityOperator_True","Messages":[],"ComputerName":"LVK7667","Duration":"00:00:00.0001706","StartTime":"2025-02-16T22:41:04.1679099+05:00","EndTime":"2025-02-16T22:41:04.1682558+05:00","Properties":[{"Key":{"Id":"ExecutionId","Label":"ExecutionId","Category":"","Description":"","Attributes":1,"ValueType":"System.Guid"},"Value":"00000000-0000-0000-0000-000000000000"},{"Key":{"Id":"ParentExecId","Label":"ParentExecId","Category":"","Description":"","Attributes":1,"ValueType":"System.Guid"},"Value":"00000000-0000-0000-0000-000000000000"},{"Key":{"Id":"InnerResultsCount","Label":"InnerResultsCount","Category":"","Description":"","Attributes":1,"ValueType":"System.Int32"},"Value":0}]},{"TestCase":{"Id":"c43fbb83-4dea-475b-fc24-8543e4aeb5aa","FullyQualifiedName":"Unit_tests.UnitTest1.TestInequalityOperator_False","DisplayName":"TestInequalityOperator_False","ExecutorUri":"executor://MSTestAdapter/v2","Source":"C:\\Users\\vikal\\source\\repos\\Unit tests\\bin\\Debug\\net8.0\\fine-code-coverage\\build-output\\Unit tests.dll","CodeFilePath":null,"LineNumber":-1,"Properties":[{"Key":{"Id":"TestCase.ManagedMethod","Label":"ManagedMethod","Category":"","Description":"","Attributes":1,"ValueType":"System.String"},"Value":"TestInequalityOperator_False"},{"Key":{"Id":"MSTestDiscoverer.TestClassName","Label":"ClassName","Category":"","Description":"","Attributes":1,"ValueType":"System.String"},"Value":"Unit_tests.UnitTest1"},{"Key":{"Id":"TestCase.Hierarchy","Label":"Hierarchy","Category":"","Description":"","Attributes":2,"ValueType":"System.String[]"},"Value":[null,"Unit_tests","UnitTest1","TestInequalityOperator_False"]},{"Key":{"Id":"MSTest.TestIdGenerationStrategy","Label":"TestIdGenerationStrategy","Category":"","Description":"","Attributes":1,"ValueType":"System.Int32"},"Value":2},{"Key":{"Id":"TestObject.Traits","Label":"Признаки","Category":"","Description":"","Attributes":5,"ValueType":"System.Collections.Generic.KeyValuePair`2[[System.String],[System.String]][]"},"Value":[]},{"Key":{"Id":"TestCase.ManagedType","Label":"ManagedType","Category":"","Description":"","Attributes":1,"ValueType":"System.String"},"Value":"Unit_tests.UnitTest1"}]},"Attachments":[],"Outcome":2,"ErrorMessage":"Сбой Assert.IsTrue. ","ErrorStackTrace":"   at Unit_tests.UnitTest1.TestInequalityOperator_False() in C:\\Users\\vikal\\source\\repos\\Unit tests\\UnitTest1.cs:line 226\r\n   at System.RuntimeMethodHandle.InvokeMethod(Object target, Void** arguments, Signature sig, Boolean isConstructor)\r\n   at System.Reflection.MethodBaseInvoker.InterpretedInvoke_Method(Object obj, IntPtr* args)\r\n   at System.Reflection.MethodBaseInvoker.InvokeWithNoArgs(Object obj, BindingFlags invokeAttr)\r\n","DisplayName":"TestInequalityOperator_False","Messages":[],"ComputerName":"LVK7667","Duration":"00:00:00.0003174","StartTime":"2025-02-16T22:41:04.1705351+05:00","EndTime":"2025-02-16T22:41:04.1710011+05:00","Properties":[{"Key":{"Id":"ExecutionId","Label":"ExecutionId","Category":"","Description":"","Attributes":1,"ValueType":"System.Guid"},"Value":"00000000-0000-0000-0000-000000000000"},{"Key":{"Id":"ParentExecId","Label":"ParentExecId","Category":"","Description":"","Attributes":1,"ValueType":"System.Guid"},"Value":"00000000-0000-0000-0000-000000000000"},{"Key":{"Id":"InnerResultsCount","Label":"InnerResultsCount","Category":"","Description":"","Attributes":1,"ValueType":"System.Int32"},"Value":0}]},{"TestCase":{"Id":"adad116c-f9cc-5395-8d7b-3b9c154e94a1","FullyQualifiedName":"Unit_tests.UnitTest1.TestEqualMethod_True","DisplayName":"TestEqualMethod_True","ExecutorUri":"executor://MSTestAdapter/v2","Source":"C:\\Users\\vikal\\source\\repos\\Unit tests\\bin\\Debug\\net8.0\\fine-code-coverage\\build-output\\Unit tests.dll","CodeFilePath":null,"LineNumber":-1,"Properties":[{"Key":{"Id":"TestCase.ManagedMethod","Label":"ManagedMethod","Category":"","Description":"","Attributes":1,"ValueType":"System.String"},"Value":"TestEqualMethod_True"},{"Key":{"Id":"MSTestDiscoverer.TestClassName","Label":"ClassName","Category":"","Description":"","Attributes":1,"ValueType":"System.String"},"Value":"Unit_tests.UnitTest1"},{"Key":{"Id":"TestCase.Hierarchy","Label":"Hierarchy","Category":"","Description":"","Attributes":2,"ValueType":"System.String[]"},"Value":[null,"Unit_tests","UnitTest1","TestEqualMethod_True"]},{"Key":{"Id":"MSTest.TestIdGenerationStrategy","Label":"TestIdGenerationStrategy","Category":"","Description":"","Attributes":1,"ValueType":"System.Int32"},"Value":2},{"Key":{"Id":"TestObject.Traits","Label":"Признаки","Category":"","Description":"","Attributes":5,"ValueType":"System.Collections.Generic.KeyValuePair`2[[System.String],[System.String]][]"},"Value":[]},{"Key":{"Id":"TestCase.ManagedType","Label":"ManagedType","Category":"","Description":"","Attributes":1,"ValueType":"System.String"},"Value":"Unit_tests.UnitTest1"}]},"Attachments":[],"Outcome":1,"ErrorMessage":null,"ErrorStackTrace":null,"DisplayName":"TestEqualMethod_True","Messages":[],"ComputerName":"LVK7667","Duration":"00:00:00.0002848","StartTime":"2025-02-16T22:41:04.1734512+05:00","EndTime":"2025-02-16T22:41:04.1739338+05:00","Properties":[{"Key":{"Id":"ExecutionId","Label":"ExecutionId","Category":"","Description":"","Attributes":1,"ValueType":"System.Guid"},"Value":"00000000-0000-0000-0000-000000000000"},{"Key":{"Id":"ParentExecId","Label":"ParentExecId","Category":"","Description":"","Attributes":1,"ValueType":"System.Guid"},"Value":"00000000-0000-0000-0000-000000000000"},{"Key":{"Id":"InnerResultsCount","Label":"InnerResultsCount","Category":"","Description":"","Attributes":1,"ValueType":"System.Int32"},"Value":0}]},{"TestCase":{"Id":"17beee96-f167-65e4-d02a-06b588540c84","FullyQualifiedName":"Unit_tests.UnitTest1.TestEqualMethod_False","DisplayName":"TestEqualMethod_False","ExecutorUri":"executor://MSTestAdapter/v2","Source":"C:\\Users\\vikal\\source\\repos\\Unit tests\\bin\\Debug\\net8.0\\fine-code-coverage\\build-output\\Unit tests.dll","CodeFilePath":null,"LineNumber":-1,"Properties":[{"Key":{"Id":"TestCase.ManagedMethod","Label":"ManagedMethod","Category":"","Description":"","Attributes":1,"ValueType":"System.String"},"Value":"TestEqualMethod_False"},{"Key":{"Id":"MSTestDiscoverer.TestClassName","Label":"ClassName","Category":"","Description":"","Attributes":1,"ValueType":"System.String"},"Value":"Unit_tests.UnitTest1"},{"Key":{"Id":"TestCase.Hierarchy","Label":"Hierarchy","Category":"","Description":"","Attributes":2,"ValueType":"System.String[]"},"Value":[null,"Unit_tests","UnitTest1","TestEqualMethod_False"]},{"Key":{"Id":"MSTest.TestIdGenerationStrategy","Label":"TestIdGenerationStrategy","Category":"","Description":"","Attributes":1,"ValueType":"System.Int32"},"Value":2},{"Key":{"Id":"TestObject.Traits","Label":"Признаки","Category":"","Description":"","Attributes":5,"ValueType":"System.Collections.Generic.KeyValuePair`2[[System.String],[System.String]][]"},"Value":[]},{"Key":{"Id":"TestCase.ManagedType","Label":"ManagedType","Category":"","Description":"","Attributes":1,"ValueType":"System.String"},"Value":"Unit_tests.UnitTest1"}]},"Attachments":[],"Outcome":1,"ErrorMessage":null,"ErrorStackTrace":null,"DisplayName":"TestEqualMethod_False","Messages":[],"ComputerName":"LVK7667","Duration":"00:00:00.0001372","StartTime":"2025-02-16T22:41:04.1800409+05:00","EndTime":"2025-02-16T22:41:04.1803689+05:00","Properties":[{"Key":{"Id":"ExecutionId","Label":"ExecutionId","Category":"","Description":"","Attributes":1,"ValueType":"System.Guid"},"Value":"00000000-0000-0000-0000-000000000000"},{"Key":{"Id":"ParentExecId","Label":"ParentExecId","Category":"","Description":"","Attributes":1,"ValueType":"System.Guid"},"Value":"00000000-0000-0000-0000-000000000000"},{"Key":{"Id":"InnerResultsCount","Label":"InnerResultsCount","Category":"","Description":"","Attributes":1,"ValueType":"System.Int32"},"Value":0}]},{"TestCase":{"Id":"85d14c8d-f8fd-9c58-2261-abcc10820918","FullyQualifiedName":"Unit_tests.UnitTest1.TestDefaultConstructor","DisplayName":"TestDefaultConstructor","ExecutorUri":"executor://MSTestAdapter/v2","Source":"C:\\Users\\vikal\\source\\repos\\Unit tests\\bin\\Debug\\net8.0\\fine-code-coverage\\build-output\\Unit tests.dll","CodeFilePath":null,"LineNumber":-1,"Properties":[{"Key":{"Id":"TestCase.ManagedMethod","Label":"ManagedMethod","Category":"","Description":"","Attributes":1,"ValueType":"System.String"},"Value":"TestDefaultConstructor"},{"Key":{"Id":"MSTestDiscoverer.TestClassName","Label":"ClassName","Category":"","Description":"","Attributes":1,"ValueType":"System.String"},"Value":"Unit_tests.UnitTest1"},{"Key":{"Id":"TestCase.Hierarchy","Label":"Hierarchy","Category":"","Description":"","Attributes":2,"ValueType":"System.String[]"},"Value":[null,"Unit_tests","UnitTest1","TestDefaultConstructor"]},{"Key":{"Id":"MSTest.TestIdGenerationStrategy","Label":"TestIdGenerationStrategy","Category":"","Description":"","Attributes":1,"ValueType":"System.Int32"},"Value":2},{"Key":{"Id":"TestObject.Traits","Label":"Признаки","Category":"","Description":"","Attributes":5,"ValueType":"System.Collections.Generic.KeyValuePair`2[[System.String],[System.String]][]"},"Value":[]},{"Key":{"Id":"TestCase.ManagedType","Label":"ManagedType","Category":"","Description":"","Attributes":1,"ValueType":"System.String"},"Value":"Unit_tests.UnitTest1"}]},"Attachments":[],"Outcome":1,"ErrorMessage":null,"ErrorStackTrace":null,"DisplayName":"TestDefaultConstructor","Messages":[],"ComputerName":"LVK7667","Duration":"00:00:00.0005765","StartTime":"2025-02-16T22:41:04.1822233+05:00","EndTime":"2025-02-16T22:41:04.1829801+05:00","Properties":[{"Key":{"Id":"ExecutionId","Label":"ExecutionId","Category":"","Description":"","Attributes":1,"ValueType":"System.Guid"},"Value":"00000000-0000-0000-0000-000000000000"},{"Key":{"Id":"ParentExecId","Label":"ParentExecId","Category":"","Description":"","Attributes":1,"ValueType":"System.Guid"},"Value":"00000000-0000-0000-0000-000000000000"},{"Key":{"Id":"InnerResultsCount","Label":"InnerResultsCount","Category":"","Description":"","Attributes":1,"ValueType":"System.Int32"},"Value":0}]},{"TestCase":{"Id":"bb11df15-9974-b592-ef67-c55e39e6fd97","FullyQualifiedName":"Unit_tests.UnitTest1.TestArrayConstructor_Length","DisplayName":"TestArrayConstructor_Length","ExecutorUri":"executor://MSTestAdapter/v2","Source":"C:\\Users\\vikal\\source\\repos\\Unit tests\\bin\\Debug\\net8.0\\fine-code-coverage\\build-output\\Unit tests.dll","CodeFilePath":null,"LineNumber":-1,"Properties":[{"Key":{"Id":"TestCase.ManagedMethod","Label":"ManagedMethod","Category":"","Description":"","Attributes":1,"ValueType":"System.String"},"Value":"TestArrayConstructor_Length"},{"Key":{"Id":"MSTestDiscoverer.TestClassName","Label":"ClassName","Category":"","Description":"","Attributes":1,"ValueType":"System.String"},"Value":"Unit_tests.UnitTest1"},{"Key":{"Id":"TestCase.Hierarchy","Label":"Hierarchy","Category":"","Description":"","Attributes":2,"ValueType":"System.String[]"},"Value":[null,"Unit_tests","UnitTest1","TestArrayConstructor_Length"]},{"Key":{"Id":"MSTest.TestIdGenerationStrategy","Label":"TestIdGenerationStrategy","Category":"","Description":"","Attributes":1,"ValueType":"System.Int32"},"Value":2},{"Key":{"Id":"TestObject.Traits","Label":"Признаки","Category":"","Description":"","Attributes":5,"ValueType":"System.Collections.Generic.KeyValuePair`2[[System.String],[System.String]][]"},"Value":[]},{"Key":{"Id":"TestCase.ManagedType","Label":"ManagedType","Category":"","Description":"","Attributes":1,"ValueType":"System.String"},"Value":"Unit_tests.UnitTest1"}]},"Attachments":[],"Outcome":1,"ErrorMessage":null,"ErrorStackTrace":null,"DisplayName":"TestArrayConstructor_Length","Messages":[],"ComputerName":"LVK7667","Duration":"00:00:00.0002314","StartTime":"2025-02-16T22:41:04.1848121+05:00","EndTime":"2025-02-16T22:41:04.1851929+05:00","Properties":[{"Key":{"Id":"ExecutionId","Label":"ExecutionId","Category":"","Description":"","Attributes":1,"ValueType":"System.Guid"},"Value":"00000000-0000-0000-0000-000000000000"},{"Key":{"Id":"ParentExecId","Label":"ParentExecId","Category":"","Description":"","Attributes":1,"ValueType":"System.Guid"},"Value":"00000000-0000-0000-0000-000000000000"},{"Key":{"Id":"InnerResultsCount","Label":"InnerResultsCount","Category":"","Description":"","Attributes":1,"ValueType":"System.Int32"},"Value":0}]},{"TestCase":{"Id":"61b54aa1-b48d-900c-41ff-c051352a83d8","FullyQualifiedName":"Unit_tests.UnitTest1.TestArrayCopyConstructor","DisplayName":"TestArrayCopyConstructor","ExecutorUri":"executor://MSTestAdapter/v2","Source":"C:\\Users\\vikal\\source\\repos\\Unit tests\\bin\\Debug\\net8.0\\fine-code-coverage\\build-output\\Unit tests.dll","CodeFilePath":null,"LineNumber":-1,"Properties":[{"Key":{"Id":"TestCase.ManagedMethod","Label":"ManagedMethod","Category":"","Description":"","Attributes":1,"ValueType":"System.String"},"Value":"TestArrayCopyConstructor"},{"Key":{"Id":"MSTestDiscoverer.TestClassName","Label":"ClassName","Category":"","Description":"","Attributes":1,"ValueType":"System.String"},"Value":"Unit_tests.UnitTest1"},{"Key":{"Id":"TestCase.Hierarchy","Label":"Hierarchy","Category":"","Description":"","Attributes":2,"ValueType":"System.String[]"},"Value":[null,"Unit_tests","UnitTest1","TestArrayCopyConstructor"]},{"Key":{"Id":"MSTest.TestIdGenerationStrategy","Label":"TestIdGenerationStrategy","Category":"","Description":"","Attributes":1,"ValueType":"System.Int32"},"Value":2},{"Key":{"Id":"TestObject.Traits","Label":"Признаки","Category":"","Description":"","Attributes":5,"ValueType":"System.Collections.Generic.KeyValuePair`2[[System.String],[System.String]][]"},"Value":[]},{"Key":{"Id":"TestCase.ManagedType","Label":"ManagedType","Category":"","Description":"","Attributes":1,"ValueType":"System.String"},"Value":"Unit_tests.UnitTest1"}]},"Attachments":[],"Outcome":1,"ErrorMessage":null,"ErrorStackTrace":null,"DisplayName":"TestArrayCopyConstructor","Messages":[],"ComputerName":"LVK7667","Duration":"00:00:00.0004590","StartTime":"2025-02-16T22:41:04.186846+05:00","EndTime":"2025-02-16T22:41:04.1874399+05:00","Properties":[{"Key":{"Id":"ExecutionId","Label":"ExecutionId","Category":"","Description":"","Attributes":1,"ValueType":"System.Guid"},"Value":"00000000-0000-0000-0000-000000000000"},{"Key":{"Id":"ParentExecId","Label":"ParentExecId","Category":"","Description":"","Attributes":1,"ValueType":"System.Guid"},"Value":"00000000-0000-0000-0000-000000000000"},{"Key":{"Id":"InnerResultsCount","Label":"InnerResultsCount","Category":"","Description":"","Attributes":1,"ValueType":"System.Int32"},"Value":0}]},{"TestCase":{"Id":"3ea69056-293f-06f3-4ba5-7d317eb26ee1","FullyQualifiedName":"Unit_tests.UnitTest1.TestCopyConstructorNull","DisplayName":"TestCopyConstructorNull","ExecutorUri":"executor://MSTestAdapter/v2","Source":"C:\\Users\\vikal\\source\\repos\\Unit tests\\bin\\Debug\\net8.0\\fine-code-coverage\\build-output\\Unit tests.dll","CodeFilePath":null,"LineNumber":-1,"Properties":[{"Key":{"Id":"TestCase.ManagedMethod","Label":"ManagedMethod","Category":"","Description":"","Attributes":1,"ValueType":"System.String"},"Value":"TestCopyConstructorNull"},{"Key":{"Id":"MSTestDiscoverer.TestClassName","Label":"ClassName","Category":"","Description":"","Attributes":1,"ValueType":"System.String"},"Value":"Unit_tests.UnitTest1"},{"Key":{"Id":"TestCase.Hierarchy","Label":"Hierarchy","Category":"","Description":"","Attributes":2,"ValueType":"System.String[]"},"Value":[null,"Unit_tests","UnitTest1","TestCopyConstructorNull"]},{"Key":{"Id":"MSTest.TestIdGenerationStrategy","Label":"TestIdGenerationStrategy","Category":"","Description":"","Attributes":1,"ValueType":"System.Int32"},"Value":2},{"Key":{"Id":"TestObject.Traits","Label":"Признаки","Category":"","Description":"","Attributes":5,"ValueType":"System.Collections.Generic.KeyValuePair`2[[System.String],[System.String]][]"},"Value":[]},{"Key":{"Id":"TestCase.ManagedType","Label":"ManagedType","Category":"","Description":"","Attributes":1,"ValueType":"System.String"},"Value":"Unit_tests.UnitTest1"}]},"Attachments":[],"Outcome":1,"ErrorMessage":null,"ErrorStackTrace":null,"DisplayName":"TestCopyConstructorNull","Messages":[],"ComputerName":"LVK7667","Duration":"00:00:00.0001309","StartTime":"2025-02-16T22:41:04.1890006+05:00","EndTime":"2025-02-16T22:41:04.1892898+05:00","Properties":[{"Key":{"Id":"ExecutionId","Label":"ExecutionId","Category":"","Description":"","Attributes":1,"ValueType":"System.Guid"},"Value":"00000000-0000-0000-0000-000000000000"},{"Key":{"Id":"ParentExecId","Label":"ParentExecId","Category":"","Description":"","Attributes":1,"ValueType":"System.Guid"},"Value":"00000000-0000-0000-0000-000000000000"},{"Key":{"Id":"InnerResultsCount","Label":"InnerResultsCount","Category":"","Description":"","Attributes":1,"ValueType":"System.Int32"},"Value":0}]}],"TestRunStatistics":{"ExecutedTests":27,"Stats":{"Passed":23,"Failed":4}},"ActiveTests":[{"Id":"2acdfc67-f5f7-6770-8409-5b816850736d","FullyQualifiedName":"Unit_tests.UnitTest1.TestRandomConstructor","DisplayName":"TestRandomConstructor","ExecutorUri":"executor://MSTestAdapter/v2","Source":"C:\\Users\\vikal\\source\\repos\\Unit tests\\bin\\Debug\\net8.0\\fine-code-coverage\\build-output\\Unit tests.dll","CodeFilePath":null,"LineNumber":-1,"Properties":[{"Key":{"Id":"TestCase.ManagedMethod","Label":"ManagedMethod","Category":"","Description":"","Attributes":1,"ValueType":"System.String"},"Value":"TestRandomConstructor"},{"Key":{"Id":"MSTestDiscoverer.TestClassName","Label":"ClassName","Category":"","Description":"","Attributes":1,"ValueType":"System.String"},"Value":"Unit_tests.UnitTest1"},{"Key":{"Id":"TestCase.Hierarchy","Label":"Hierarchy","Category":"","Description":"","Attributes":2,"ValueType":"System.String[]"},"Value":[null,"Unit_tests","UnitTest1","TestRandomConstructor"]},{"Key":{"Id":"MSTest.TestIdGenerationStrategy","Label":"TestIdGenerationStrategy","Category":"","Description":"","Attributes":1,"ValueType":"System.Int32"},"Value":2},{"Key":{"Id":"TestObject.Traits","Label":"Признаки","Category":"","Description":"","Attributes":5,"ValueType":"System.Collections.Generic.KeyValuePair`2[[System.String],[System.String]][]"},"Value":[]},{"Key":{"Id":"TestCase.ManagedType","Label":"ManagedType","Category":"","Description":"","Attributes":1,"ValueType":"System.String"},"Value":"Unit_tests.UnitTest1"}]}]}}
TpTrace Verbose: 0 : 28444, 14, 2025/02/16, 22:41:04.196, 2356432381343, vstest.console.dll, TestRunRequest:SendTestRunStatsChange: Starting.
TpTrace Verbose: 0 : 28444, 14, 2025/02/16, 22:41:04.196, 2356432381815, vstest.console.dll, InProgress is TestRandomConstructor
TpTrace Verbose: 0 : 28444, 14, 2025/02/16, 22:41:04.196, 2356432382220, vstest.console.dll, MulticastDelegateUtilities.SafeInvoke: TestRun.RunStatsChanged: Invoking callbacks was skipped because there are no subscribers.
TpTrace Information: 0 : 28444, 14, 2025/02/16, 22:41:04.196, 2356432382408, vstest.console.dll, TestRunRequest:SendTestRunStatsChange: Completed.
TpTrace Verbose: 0 : 28444, 14, 2025/02/16, 22:41:04.196, 2356432382667, vstest.console.dll, MulticastDelegateUtilities.SafeInvoke: LengthPrefixCommunicationChannel: MessageReceived: Invoking callback 1/1 for Microsoft.VisualStudio.TestPlatform.CommunicationUtilities.TestRequestSender+<>c__DisplayClass34_0., took 4 ms.
TpTrace Verbose: 0 : 28444, 4, 2025/02/16, 22:41:04.196, 2356432382745, vstest.console.dll, MulticastDelegateUtilities.SafeInvoke: InternalTestLoggerEvents.SendTestResult: Invoking callback 1/1 for Microsoft.VisualStudio.TestPlatform.CommandLine.Internal.ConsoleLogger., took 0 ms.
TpTrace Verbose: 0 : 28444, 14, 2025/02/16, 22:41:04.196, 2356432382885, vstest.console.dll, TcpClientExtensions.MessageLoopAsync: Polling on remoteEndPoint: 127.0.0.1:55970 localEndPoint: 127.0.0.1:55969 after 20 ms
TpTrace Verbose: 0 : 28444, 4, 2025/02/16, 22:41:04.196, 2356432383298, vstest.console.dll, MulticastDelegateUtilities.SafeInvoke: InternalTestLoggerEvents.SendTestResult: Invoking callback 1/1 for Microsoft.VisualStudio.TestPlatform.CommandLine.Internal.ConsoleLogger., took 0 ms.
TpTrace Verbose: 0 : 28444, 4, 2025/02/16, 22:41:04.196, 2356432384919, vstest.console.dll, MulticastDelegateUtilities.SafeInvoke: InternalTestLoggerEvents.SendTestResult: Invoking callback 1/1 for Microsoft.VisualStudio.TestPlatform.CommandLine.Internal.ConsoleLogger., took 0 ms.
TpTrace Verbose: 0 : 28444, 4, 2025/02/16, 22:41:04.196, 2356432385261, vstest.console.dll, MulticastDelegateUtilities.SafeInvoke: InternalTestLoggerEvents.SendTestResult: Invoking callback 1/1 for Microsoft.VisualStudio.TestPlatform.CommandLine.Internal.ConsoleLogger., took 0 ms.
TpTrace Verbose: 0 : 28444, 4, 2025/02/16, 22:41:04.196, 2356432385531, vstest.console.dll, MulticastDelegateUtilities.SafeInvoke: InternalTestLoggerEvents.SendTestResult: Invoking callback 1/1 for Microsoft.VisualStudio.TestPlatform.CommandLine.Internal.ConsoleLogger., took 0 ms.
TpTrace Verbose: 0 : 28444, 4, 2025/02/16, 22:41:04.196, 2356432385816, vstest.console.dll, MulticastDelegateUtilities.SafeInvoke: InternalTestLoggerEvents.SendTestResult: Invoking callback 1/1 for Microsoft.VisualStudio.TestPlatform.CommandLine.Internal.ConsoleLogger., took 0 ms.
TpTrace Verbose: 0 : 28444, 4, 2025/02/16, 22:41:04.196, 2356432386179, vstest.console.dll, MulticastDelegateUtilities.SafeInvoke: InternalTestLoggerEvents.SendTestResult: Invoking callback 1/1 for Microsoft.VisualStudio.TestPlatform.CommandLine.Internal.ConsoleLogger., took 0 ms.
TpTrace Verbose: 0 : 28444, 4, 2025/02/16, 22:41:04.196, 2356432386993, vstest.console.dll, MulticastDelegateUtilities.SafeInvoke: InternalTestLoggerEvents.SendTestResult: Invoking callback 1/1 for Microsoft.VisualStudio.TestPlatform.CommandLine.Internal.ConsoleLogger., took 0 ms.
TpTrace Verbose: 0 : 28444, 4, 2025/02/16, 22:41:04.197, 2356432387669, vstest.console.dll, MulticastDelegateUtilities.SafeInvoke: InternalTestLoggerEvents.SendTestResult: Invoking callback 1/1 for Microsoft.VisualStudio.TestPlatform.CommandLine.Internal.ConsoleLogger., took 0 ms.
TpTrace Verbose: 0 : 28444, 14, 2025/02/16, 22:41:04.221, 2356432634635, vstest.console.dll, TcpClientExtensions.MessageLoopAsync: NotifyDataAvailable remoteEndPoint: 127.0.0.1:55970 localEndPoint: 127.0.0.1:55969
TpTrace Verbose: 0 : 28444, 14, 2025/02/16, 22:41:04.226, 2356432685948, vstest.console.dll, TestRequestSender.OnExecutionMessageReceived: Received message: {"Version":7,"MessageType":"TestExecution.Completed","Payload":{"TestRunCompleteArgs":{"TestRunStatistics":{"ExecutedTests":35,"Stats":{"Passed":31,"Failed":4}},"IsCanceled":false,"IsAborted":false,"Error":null,"AttachmentSets":[],"InvokedDataCollectors":[],"ElapsedTimeInRunningTests":"00:00:00.3151600","Metrics":{},"DiscoveredExtensions":{"TestDiscoverers":["Microsoft.VisualStudio.TestPlatform.MSTest.TestAdapter.MSTestDiscoverer, Microsoft.VisualStudio.TestPlatform.MSTest.TestAdapter, Version=14.0.0.0, Culture=neutral, PublicKeyToken=b03f5f7f11d50a3a"],"TestExecutors":["executor://MSTestAdapter/v2"],"TestExecutors2":[],"TestSettingsProviders":[]}},"LastRunTests":{"NewTestResults":[{"TestCase":{"Id":"2acdfc67-f5f7-6770-8409-5b816850736d","FullyQualifiedName":"Unit_tests.UnitTest1.TestRandomConstructor","DisplayName":"TestRandomConstructor","ExecutorUri":"executor://MSTestAdapter/v2","Source":"C:\\Users\\vikal\\source\\repos\\Unit tests\\bin\\Debug\\net8.0\\fine-code-coverage\\build-output\\Unit tests.dll","CodeFilePath":null,"LineNumber":-1,"Properties":[{"Key":{"Id":"TestCase.ManagedMethod","Label":"ManagedMethod","Category":"","Description":"","Attributes":1,"ValueType":"System.String"},"Value":"TestRandomConstructor"},{"Key":{"Id":"MSTestDiscoverer.TestClassName","Label":"ClassName","Category":"","Description":"","Attributes":1,"ValueType":"System.String"},"Value":"Unit_tests.UnitTest1"},{"Key":{"Id":"TestCase.Hierarchy","Label":"Hierarchy","Category":"","Description":"","Attributes":2,"ValueType":"System.String[]"},"Value":[null,"Unit_tests","UnitTest1","TestRandomConstructor"]},{"Key":{"Id":"MSTest.TestIdGenerationStrategy","Label":"TestIdGenerationStrategy","Category":"","Description":"","Attributes":1,"ValueType":"System.Int32"},"Value":2},{"Key":{"Id":"TestObject.Traits","Label":"Признаки","Category":"","Description":"","Attributes":5,"ValueType":"System.Collections.Generic.KeyValuePair`2[[System.String],[System.String]][]"},"Value":[]},{"Key":{"Id":"TestCase.ManagedType","Label":"ManagedType","Category":"","Description":"","Attributes":1,"ValueType":"System.String"},"Value":"Unit_tests.UnitTest1"}]},"Attachments":[],"Outcome":1,"ErrorMessage":null,"ErrorStackTrace":null,"DisplayName":"TestRandomConstructor","Messages":[],"ComputerName":"LVK7667","Duration":"00:00:00.0003370","StartTime":"2025-02-16T22:41:04.1923311+05:00","EndTime":"2025-02-16T22:41:04.1928486+05:00","Properties":[{"Key":{"Id":"ExecutionId","Label":"ExecutionId","Category":"","Description":"","Attributes":1,"ValueType":"System.Guid"},"Value":"00000000-0000-0000-0000-000000000000"},{"Key":{"Id":"ParentExecId","Label":"ParentExecId","Category":"","Description":"","Attributes":1,"ValueType":"System.Guid"},"Value":"00000000-0000-0000-0000-000000000000"},{"Key":{"Id":"InnerResultsCount","Label":"InnerResultsCount","Category":"","Description":"","Attributes":1,"ValueType":"System.Int32"},"Value":0}]},{"TestCase":{"Id":"8461b6fd-7d55-ef53-ce24-2e019361aa79","FullyQualifiedName":"Unit_tests.UnitTest1.TestManualConstructor","DisplayName":"TestManualConstructor","ExecutorUri":"executor://MSTestAdapter/v2","Source":"C:\\Users\\vikal\\source\\repos\\Unit tests\\bin\\Debug\\net8.0\\fine-code-coverage\\build-output\\Unit tests.dll","CodeFilePath":null,"LineNumber":-1,"Properties":[{"Key":{"Id":"TestCase.ManagedMethod","Label":"ManagedMethod","Category":"","Description":"","Attributes":1,"ValueType":"System.String"},"Value":"TestManualConstructor"},{"Key":{"Id":"MSTestDiscoverer.TestClassName","Label":"ClassName","Category":"","Description":"","Attributes":1,"ValueType":"System.String"},"Value":"Unit_tests.UnitTest1"},{"Key":{"Id":"TestCase.Hierarchy","Label":"Hierarchy","Category":"","Description":"","Attributes":2,"ValueType":"System.String[]"},"Value":[null,"Unit_tests","UnitTest1","TestManualConstructor"]},{"Key":{"Id":"MSTest.TestIdGenerationStrategy","Label":"TestIdGenerationStrategy","Category":"","Description":"","Attributes":1,"ValueType":"System.Int32"},"Value":2},{"Key":{"Id":"TestObject.Traits","Label":"Признаки","Category":"","Description":"","Attributes":5,"ValueType":"System.Collections.Generic.KeyValuePair`2[[System.String],[System.String]][]"},"Value":[]},{"Key":{"Id":"TestCase.ManagedType","Label":"ManagedType","Category":"","Description":"","Attributes":1,"ValueType":"System.String"},"Value":"Unit_tests.UnitTest1"}]},"Attachments":[],"Outcome":1,"ErrorMessage":null,"ErrorStackTrace":null,"DisplayName":"TestManualConstructor","Messages":[],"ComputerName":"LVK7667","Duration":"00:00:00.0005038","StartTime":"2025-02-16T22:41:04.195818+05:00","EndTime":"2025-02-16T22:41:04.1965423+05:00","Properties":[{"Key":{"Id":"ExecutionId","Label":"ExecutionId","Category":"","Description":"","Attributes":1,"ValueType":"System.Guid"},"Value":"00000000-0000-0000-0000-000000000000"},{"Key":{"Id":"ParentExecId","Label":"ParentExecId","Category":"","Description":"","Attributes":1,"ValueType":"System.Guid"},"Value":"00000000-0000-0000-0000-000000000000"},{"Key":{"Id":"InnerResultsCount","Label":"InnerResultsCount","Category":"","Description":"","Attributes":1,"ValueType":"System.Int32"},"Value":0}]},{"TestCase":{"Id":"006befcc-9c7b-d019-6e81-60b55e90934c","FullyQualifiedName":"Unit_tests.UnitTest1.TestIndexer_ValidIndex","DisplayName":"TestIndexer_ValidIndex","ExecutorUri":"executor://MSTestAdapter/v2","Source":"C:\\Users\\vikal\\source\\repos\\Unit tests\\bin\\Debug\\net8.0\\fine-code-coverage\\build-output\\Unit tests.dll","CodeFilePath":null,"LineNumber":-1,"Properties":[{"Key":{"Id":"TestCase.ManagedMethod","Label":"ManagedMethod","Category":"","Description":"","Attributes":1,"ValueType":"System.String"},"Value":"TestIndexer_ValidIndex"},{"Key":{"Id":"MSTestDiscoverer.TestClassName","Label":"ClassName","Category":"","Description":"","Attributes":1,"ValueType":"System.String"},"Value":"Unit_tests.UnitTest1"},{"Key":{"Id":"TestCase.Hierarchy","Label":"Hierarchy","Category":"","Description":"","Attributes":2,"ValueType":"System.String[]"},"Value":[null,"Unit_tests","UnitTest1","TestIndexer_ValidIndex"]},{"Key":{"Id":"MSTest.TestIdGenerationStrategy","Label":"TestIdGenerationStrategy","Category":"","Description":"","Attributes":1,"ValueType":"System.Int32"},"Value":2},{"Key":{"Id":"TestObject.Traits","Label":"Признаки","Category":"","Description":"","Attributes":5,"ValueType":"System.Collections.Generic.KeyValuePair`2[[System.String],[System.String]][]"},"Value":[]},{"Key":{"Id":"TestCase.ManagedType","Label":"ManagedType","Category":"","Description":"","Attributes":1,"ValueType":"System.String"},"Value":"Unit_tests.UnitTest1"}]},"Attachments":[],"Outcome":1,"ErrorMessage":null,"ErrorStackTrace":null,"DisplayName":"TestIndexer_ValidIndex","Messages":[],"ComputerName":"LVK7667","Duration":"00:00:00.0001424","StartTime":"2025-02-16T22:41:04.1984341+05:00","EndTime":"2025-02-16T22:41:04.1987208+05:00","Properties":[{"Key":{"Id":"ExecutionId","Label":"ExecutionId","Category":"","Description":"","Attributes":1,"ValueType":"System.Guid"},"Value":"00000000-0000-0000-0000-000000000000"},{"Key":{"Id":"ParentExecId","Label":"ParentExecId","Category":"","Description":"","Attributes":1,"ValueType":"System.Guid"},"Value":"00000000-0000-0000-0000-000000000000"},{"Key":{"Id":"InnerResultsCount","Label":"InnerResultsCount","Category":"","Description":"","Attributes":1,"ValueType":"System.Int32"},"Value":0}]},{"TestCase":{"Id":"65fdad9d-f6bb-8d7a-68c6-54dac2912b22","FullyQualifiedName":"Unit_tests.UnitTest1.TestIndexer_OutOfRangeIndex","DisplayName":"TestIndexer_OutOfRangeIndex","ExecutorUri":"executor://MSTestAdapter/v2","Source":"C:\\Users\\vikal\\source\\repos\\Unit tests\\bin\\Debug\\net8.0\\fine-code-coverage\\build-output\\Unit tests.dll","CodeFilePath":null,"LineNumber":-1,"Properties":[{"Key":{"Id":"TestCase.ManagedMethod","Label":"ManagedMethod","Category":"","Description":"","Attributes":1,"ValueType":"System.String"},"Value":"TestIndexer_OutOfRangeIndex"},{"Key":{"Id":"MSTestDiscoverer.TestClassName","Label":"ClassName","Category":"","Description":"","Attributes":1,"ValueType":"System.String"},"Value":"Unit_tests.UnitTest1"},{"Key":{"Id":"TestCase.Hierarchy","Label":"Hierarchy","Category":"","Description":"","Attributes":2,"ValueType":"System.String[]"},"Value":[null,"Unit_tests","UnitTest1","TestIndexer_OutOfRangeIndex"]},{"Key":{"Id":"MSTest.TestIdGenerationStrategy","Label":"TestIdGenerationStrategy","Category":"","Description":"","Attributes":1,"ValueType":"System.Int32"},"Value":2},{"Key":{"Id":"TestObject.Traits","Label":"Признаки","Category":"","Description":"","Attributes":5,"ValueType":"System.Collections.Generic.KeyValuePair`2[[System.String],[System.String]][]"},"Value":[]},{"Key":{"Id":"TestCase.ManagedType","Label":"ManagedType","Category":"","Description":"","Attributes":1,"ValueType":"System.String"},"Value":"Unit_tests.UnitTest1"}]},"Attachments":[],"Outcome":1,"ErrorMessage":null,"ErrorStackTrace":null,"DisplayName":"TestIndexer_OutOfRangeIndex","Messages":[],"ComputerName":"LVK7667","Duration":"00:00:00.0001448","StartTime":"2025-02-16T22:41:04.2003585+05:00","EndTime":"2025-02-16T22:41:04.2006723+05:00","Properties":[{"Key":{"Id":"ExecutionId","Label":"ExecutionId","Category":"","Description":"","Attributes":1,"ValueType":"System.Guid"},"Value":"00000000-0000-0000-0000-000000000000"},{"Key":{"Id":"ParentExecId","Label":"ParentExecId","Category":"","Description":"","Attributes":1,"ValueType":"System.Guid"},"Value":"00000000-0000-0000-0000-000000000000"},{"Key":{"Id":"InnerResultsCount","Label":"InnerResultsCount","Category":"","Description":"","Attributes":1,"ValueType":"System.Int32"},"Value":0}]},{"TestCase":{"Id":"a507cb33-cf9f-5348-9d48-5eaf3c4c19d3","FullyQualifiedName":"Unit_tests.UnitTest1.TestPrintInfo","DisplayName":"TestPrintInfo","ExecutorUri":"executor://MSTestAdapter/v2","Source":"C:\\Users\\vikal\\source\\repos\\Unit tests\\bin\\Debug\\net8.0\\fine-code-coverage\\build-output\\Unit tests.dll","CodeFilePath":null,"LineNumber":-1,"Properties":[{"Key":{"Id":"TestCase.ManagedMethod","Label":"ManagedMethod","Category":"","Description":"","Attributes":1,"ValueType":"System.String"},"Value":"TestPrintInfo"},{"Key":{"Id":"MSTestDiscoverer.TestClassName","Label":"ClassName","Category":"","Description":"","Attributes":1,"ValueType":"System.String"},"Value":"Unit_tests.UnitTest1"},{"Key":{"Id":"TestCase.Hierarchy","Label":"Hierarchy","Category":"","Description":"","Attributes":2,"ValueType":"System.String[]"},"Value":[null,"Unit_tests","UnitTest1","TestPrintInfo"]},{"Key":{"Id":"MSTest.TestIdGenerationStrategy","Label":"TestIdGenerationStrategy","Category":"","Description":"","Attributes":1,"ValueType":"System.Int32"},"Value":2},{"Key":{"Id":"TestObject.Traits","Label":"Признаки","Category":"","Description":"","Attributes":5,"ValueType":"System.Collections.Generic.KeyValuePair`2[[System.String],[System.String]][]"},"Value":[]},{"Key":{"Id":"TestCase.ManagedType","Label":"ManagedType","Category":"","Description":"","Attributes":1,"ValueType":"System.String"},"Value":"Unit_tests.UnitTest1"}]},"Attachments":[],"Outcome":1,"ErrorMessage":null,"ErrorStackTrace":null,"DisplayName":"TestPrintInfo","Messages":[],"ComputerName":"LVK7667","Duration":"00:00:00.0020555","StartTime":"2025-02-16T22:41:04.2022722+05:00","EndTime":"2025-02-16T22:41:04.2044722+05:00","Properties":[{"Key":{"Id":"ExecutionId","Label":"ExecutionId","Category":"","Description":"","Attributes":1,"ValueType":"System.Guid"},"Value":"00000000-0000-0000-0000-000000000000"},{"Key":{"Id":"ParentExecId","Label":"ParentExecId","Category":"","Description":"","Attributes":1,"ValueType":"System.Guid"},"Value":"00000000-0000-0000-0000-000000000000"},{"Key":{"Id":"InnerResultsCount","Label":"InnerResultsCount","Category":"","Description":"","Attributes":1,"ValueType":"System.Int32"},"Value":0}]},{"TestCase":{"Id":"171c86c6-3a6a-5136-b4ab-00be209a304a","FullyQualifiedName":"Unit_tests.UnitTest1.TestEmptyArray","DisplayName":"TestEmptyArray","ExecutorUri":"executor://MSTestAdapter/v2","Source":"C:\\Users\\vikal\\source\\repos\\Unit tests\\bin\\Debug\\net8.0\\fine-code-coverage\\build-output\\Unit tests.dll","CodeFilePath":null,"LineNumber":-1,"Properties":[{"Key":{"Id":"TestCase.ManagedMethod","Label":"ManagedMethod","Category":"","Description":"","Attributes":1,"ValueType":"System.String"},"Value":"TestEmptyArray"},{"Key":{"Id":"MSTestDiscoverer.TestClassName","Label":"ClassName","Category":"","Description":"","Attributes":1,"ValueType":"System.String"},"Value":"Unit_tests.UnitTest1"},{"Key":{"Id":"TestCase.Hierarchy","Label":"Hierarchy","Category":"","Description":"","Attributes":2,"ValueType":"System.String[]"},"Value":[null,"Unit_tests","UnitTest1","TestEmptyArray"]},{"Key":{"Id":"MSTest.TestIdGenerationStrategy","Label":"TestIdGenerationStrategy","Category":"","Description":"","Attributes":1,"ValueType":"System.Int32"},"Value":2},{"Key":{"Id":"TestObject.Traits","Label":"Признаки","Category":"","Description":"","Attributes":5,"ValueType":"System.Collections.Generic.KeyValuePair`2[[System.String],[System.String]][]"},"Value":[]},{"Key":{"Id":"TestCase.ManagedType","Label":"ManagedType","Category":"","Description":"","Attributes":1,"ValueType":"System.String"},"Value":"Unit_tests.UnitTest1"}]},"Attachments":[],"Outcome":1,"ErrorMessage":null,"ErrorStackTrace":null,"DisplayName":"TestEmptyArray","Messages":[],"ComputerName":"LVK7667","Duration":"00:00:00.0002889","StartTime":"2025-02-16T22:41:04.2062138+05:00","EndTime":"2025-02-16T22:41:04.2066452+05:00","Properties":[{"Key":{"Id":"ExecutionId","Label":"ExecutionId","Category":"","Description":"","Attributes":1,"ValueType":"System.Guid"},"Value":"00000000-0000-0000-0000-000000000000"},{"Key":{"Id":"ParentExecId","Label":"ParentExecId","Category":"","Description":"","Attributes":1,"ValueType":"System.Guid"},"Value":"00000000-0000-0000-0000-000000000000"},{"Key":{"Id":"InnerResultsCount","Label":"InnerResultsCount","Category":"","Description":"","Attributes":1,"ValueType":"System.Int32"},"Value":0}]},{"TestCase":{"Id":"0e9d6160-fd69-1daa-627e-d70b31fc9d57","FullyQualifiedName":"Unit_tests.UnitTest1.TestSingleCarArray","DisplayName":"TestSingleCarArray","ExecutorUri":"executor://MSTestAdapter/v2","Source":"C:\\Users\\vikal\\source\\repos\\Unit tests\\bin\\Debug\\net8.0\\fine-code-coverage\\build-output\\Unit tests.dll","CodeFilePath":null,"LineNumber":-1,"Properties":[{"Key":{"Id":"TestCase.ManagedMethod","Label":"ManagedMethod","Category":"","Description":"","Attributes":1,"ValueType":"System.String"},"Value":"TestSingleCarArray"},{"Key":{"Id":"MSTestDiscoverer.TestClassName","Label":"ClassName","Category":"","Description":"","Attributes":1,"ValueType":"System.String"},"Value":"Unit_tests.UnitTest1"},{"Key":{"Id":"TestCase.Hierarchy","Label":"Hierarchy","Category":"","Description":"","Attributes":2,"ValueType":"System.String[]"},"Value":[null,"Unit_tests","UnitTest1","TestSingleCarArray"]},{"Key":{"Id":"MSTest.TestIdGenerationStrategy","Label":"TestIdGenerationStrategy","Category":"","Description":"","Attributes":1,"ValueType":"System.Int32"},"Value":2},{"Key":{"Id":"TestObject.Traits","Label":"Признаки","Category":"","Description":"","Attributes":5,"ValueType":"System.Collections.Generic.KeyValuePair`2[[System.String],[System.String]][]"},"Value":[]},{"Key":{"Id":"TestCase.ManagedType","Label":"ManagedType","Category":"","Description":"","Attributes":1,"ValueType":"System.String"},"Value":"Unit_tests.UnitTest1"}]},"Attachments":[],"Outcome":1,"ErrorMessage":null,"ErrorStackTrace":null,"DisplayName":"TestSingleCarArray","Messages":[],"ComputerName":"LVK7667","Duration":"00:00:00.0001331","StartTime":"2025-02-16T22:41:04.2082225+05:00","EndTime":"2025-02-16T22:41:04.2084894+05:00","Properties":[{"Key":{"Id":"ExecutionId","Label":"ExecutionId","Category":"","Description":"","Attributes":1,"ValueType":"System.Guid"},"Value":"00000000-0000-0000-0000-000000000000"},{"Key":{"Id":"ParentExecId","Label":"ParentExecId","Category":"","Description":"","Attributes":1,"ValueType":"System.Guid"},"Value":"00000000-0000-0000-0000-000000000000"},{"Key":{"Id":"InnerResultsCount","Label":"InnerResultsCount","Category":"","Description":"","Attributes":1,"ValueType":"System.Int32"},"Value":0}]},{"TestCase":{"Id":"fb5538ea-3329-6646-0609-5bbe77e98bef","FullyQualifiedName":"Unit_tests.UnitTest1.TestMultipleCarsArray","DisplayName":"TestMultipleCarsArray","ExecutorUri":"executor://MSTestAdapter/v2","Source":"C:\\Users\\vikal\\source\\repos\\Unit tests\\bin\\Debug\\net8.0\\fine-code-coverage\\build-output\\Unit tests.dll","CodeFilePath":null,"LineNumber":-1,"Properties":[{"Key":{"Id":"TestCase.ManagedMethod","Label":"ManagedMethod","Category":"","Description":"","Attributes":1,"ValueType":"System.String"},"Value":"TestMultipleCarsArray"},{"Key":{"Id":"MSTestDiscoverer.TestClassName","Label":"ClassName","Category":"","Description":"","Attributes":1,"ValueType":"System.String"},"Value":"Unit_tests.UnitTest1"},{"Key":{"Id":"TestCase.Hierarchy","Label":"Hierarchy","Category":"","Description":"","Attributes":2,"ValueType":"System.String[]"},"Value":[null,"Unit_tests","UnitTest1","TestMultipleCarsArray"]},{"Key":{"Id":"MSTest.TestIdGenerationStrategy","Label":"TestIdGenerationStrategy","Category":"","Description":"","Attributes":1,"ValueType":"System.Int32"},"Value":2},{"Key":{"Id":"TestObject.Traits","Label":"Признаки","Category":"","Description":"","Attributes":5,"ValueType":"System.Collections.Generic.KeyValuePair`2[[System.String],[System.String]][]"},"Value":[]},{"Key":{"Id":"TestCase.ManagedType","Label":"ManagedType","Category":"","Description":"","Attributes":1,"ValueType":"System.String"},"Value":"Unit_tests.UnitTest1"}]},"Attachments":[],"Outcome":1,"ErrorMessage":null,"ErrorStackTrace":null,"DisplayName":"TestMultipleCarsArray","Messages":[],"ComputerName":"LVK7667","Duration":"00:00:00.0001162","StartTime":"2025-02-16T22:41:04.2101021+05:00","EndTime":"2025-02-16T22:41:04.210974+05:00","Properties":[{"Key":{"Id":"ExecutionId","Label":"ExecutionId","Category":"","Description":"","Attributes":1,"ValueType":"System.Guid"},"Value":"00000000-0000-0000-0000-000000000000"},{"Key":{"Id":"ParentExecId","Label":"ParentExecId","Category":"","Description":"","Attributes":1,"ValueType":"System.Guid"},"Value":"00000000-0000-0000-0000-000000000000"},{"Key":{"Id":"InnerResultsCount","Label":"InnerResultsCount","Category":"","Description":"","Attributes":1,"ValueType":"System.Int32"},"Value":0}]}],"TestRunStatistics":{"ExecutedTests":35,"Stats":{"Passed":31,"Failed":4}},"ActiveTests":[]},"RunAttachments":[],"ExecutorUris":["executor://mstestadapter/v2"]}}
TpTrace Verbose: 0 : 28444, 14, 2025/02/16, 22:41:04.227, 2356432688200, vstest.console.dll, TestRequestSender.EndSession: Sending end session.
TpTrace Verbose: 0 : 28444, 14, 2025/02/16, 22:41:04.227, 2356432689715, vstest.console.dll, ProxyOperationManager.Close: waiting for test host to exit for 100 ms
TpTrace Warning: 0 : 28444, 12, 2025/02/16, 22:41:04.295, 2356433374229, vstest.console.dll, TestHostManagerCallbacks.ErrorReceivedCallback Test host standard error line: 
TpTrace Verbose: 0 : 28444, 7, 2025/02/16, 22:41:04.295, 2356433374229, vstest.console.dll, TestHostManagerCallbacks.StandardOutputReceivedCallback Test host standard output line: 
TpTrace Verbose: 0 : 28444, 12, 2025/02/16, 22:41:04.301, 2356433434686, vstest.console.dll, TestHostProvider.ExitCallBack: Host exited starting callback.
TpTrace Information: 0 : 28444, 12, 2025/02/16, 22:41:04.301, 2356433435619, vstest.console.dll, TestHostManagerCallbacks.ExitCallBack: Testhost processId: 23012 exited with exitcode: 0 error: ''
TpTrace Verbose: 0 : 28444, 12, 2025/02/16, 22:41:04.301, 2356433435943, vstest.console.dll, DotnetTestHostManager.OnHostExited: invoking OnHostExited callback
TpTrace Verbose: 0 : 28444, 12, 2025/02/16, 22:41:04.301, 2356433436378, vstest.console.dll, CrossPlatEngine.TestHostManagerHostExited: calling on client process exit callback.
TpTrace Information: 0 : 28444, 12, 2025/02/16, 22:41:04.301, 2356433436770, vstest.console.dll, TestRequestSender.OnClientProcessExit: Test host process exited. Standard error: 
TpTrace Information: 0 : 28444, 14, 2025/02/16, 22:41:04.301, 2356433436999, vstest.console.dll, SocketServer.Stop: Stop server endPoint: 127.0.0.1:55969
TpTrace Information: 0 : 28444, 12, 2025/02/16, 22:41:04.301, 2356433437048, vstest.console.dll, SocketServer.Stop: Stop server endPoint: 127.0.0.1:55969
TpTrace Information: 0 : 28444, 14, 2025/02/16, 22:41:04.302, 2356433437406, vstest.console.dll, SocketServer.Stop: Cancellation requested. Stopping message loop.
TpTrace Information: 0 : 28444, 12, 2025/02/16, 22:41:04.302, 2356433437634, vstest.console.dll, SocketServer.Stop: Cancellation requested. Stopping message loop.
TpTrace Verbose: 0 : 28444, 12, 2025/02/16, 22:41:04.302, 2356433438118, vstest.console.dll, MulticastDelegateUtilities.SafeInvoke: HostProviderEvents.OnHostExited: Invoking callback 1/1 for Microsoft.VisualStudio.TestPlatform.CrossPlatEngine.Client.ProxyOperationManager., took 0 ms.
TpTrace Information: 0 : 28444, 14, 2025/02/16, 22:41:04.302, 2356433438466, vstest.console.dll, Closing the connection
TpTrace Verbose: 0 : 28444, 14, 2025/02/16, 22:41:04.302, 2356433440075, vstest.console.dll, ProxyDataCollectionManager.InvokeDataCollectionServiceAction: Starting.
TpTrace Information: 0 : 28444, 14, 2025/02/16, 22:41:04.302, 2356433440368, vstest.console.dll, ProxyDataCollectionManager.AfterTestRunEnd: Get attachment set and invoked data collectors processId: 22132 port: 55966
TpTrace Verbose: 0 : 28444, 14, 2025/02/16, 22:41:04.302, 2356433440702, vstest.console.dll, DataCollectionRequestSender.SendAfterTestRunStartAndGetResult: Send AfterTestRunEnd message with isCancelled: False
TpTrace Verbose: 0 : 28444, 14, 2025/02/16, 22:41:04.306, 2356433486077, vstest.console.dll, DataCollectionRequestSender.SendAfterTestRunStartAndGetResult: Received message: (DataCollection.AfterTestRunEndResult) -> {"MessageType":"DataCollection.AfterTestRunEndResult","Payload":{"AttachmentSets":[],"InvokedDataCollectors":[{"Uri":"datacollector://Microsoft/TestPlatform/Extensions/Blame/v1","FriendlyName":"Blame","AssemblyQualifiedName":"Microsoft.TestPlatform.Extensions.BlameDataCollector.BlameCollector, Microsoft.TestPlatform.Extensions.BlameDataCollector, Version=15.0.0.0, Culture=neutral, PublicKeyToken=b03f5f7f11d50a3a","FilePath":"C:\\Program Files\\dotnet\\sdk\\8.0.403\\Extensions\\Microsoft.TestPlatform.Extensions.BlameDataCollector.dll","HasAttachmentProcessor":false}],"Metrics":{}}}
TpTrace Information: 0 : 28444, 14, 2025/02/16, 22:41:04.309, 2356433517198, vstest.console.dll, ProxyDataCollectionManager.InvokeDataCollectionServiceAction: Completed.
TpTrace Warning: 0 : 28444, 11, 2025/02/16, 22:41:04.310, 2356433522510, vstest.console.dll, DataCollectionLauncher.ErrorReceivedCallback datacollector standard error line: 
TpTrace Information: 0 : 28444, 11, 2025/02/16, 22:41:04.315, 2356433571744, vstest.console.dll, DataCollectionLauncher.ExitCallBack: Data collector exited with exitcode: 0 error: ''
TpTrace Verbose: 0 : 28444, 14, 2025/02/16, 22:41:04.336, 2356433783117, vstest.console.dll, TestRunRequest:SendTestRunStatsChange: Starting.
TpTrace Verbose: 0 : 28444, 14, 2025/02/16, 22:41:04.336, 2356433784207, vstest.console.dll, MulticastDelegateUtilities.SafeInvoke: TestRun.RunStatsChanged: Invoking callbacks was skipped because there are no subscribers.
TpTrace Information: 0 : 28444, 14, 2025/02/16, 22:41:04.336, 2356433784440, vstest.console.dll, TestRunRequest:SendTestRunStatsChange: Completed.
TpTrace Verbose: 0 : 28444, 4, 2025/02/16, 22:41:04.336, 2356433784688, vstest.console.dll, MulticastDelegateUtilities.SafeInvoke: InternalTestLoggerEvents.SendTestResult: Invoking callback 1/1 for Microsoft.VisualStudio.TestPlatform.CommandLine.Internal.ConsoleLogger., took 0 ms.
TpTrace Verbose: 0 : 28444, 4, 2025/02/16, 22:41:04.336, 2356433785479, vstest.console.dll, MulticastDelegateUtilities.SafeInvoke: InternalTestLoggerEvents.SendTestResult: Invoking callback 1/1 for Microsoft.VisualStudio.TestPlatform.CommandLine.Internal.ConsoleLogger., took 0 ms.
TpTrace Verbose: 0 : 28444, 4, 2025/02/16, 22:41:04.336, 2356433785970, vstest.console.dll, MulticastDelegateUtilities.SafeInvoke: InternalTestLoggerEvents.SendTestResult: Invoking callback 1/1 for Microsoft.VisualStudio.TestPlatform.CommandLine.Internal.ConsoleLogger., took 0 ms.
TpTrace Verbose: 0 : 28444, 4, 2025/02/16, 22:41:04.336, 2356433786408, vstest.console.dll, MulticastDelegateUtilities.SafeInvoke: InternalTestLoggerEvents.SendTestResult: Invoking callback 1/1 for Microsoft.VisualStudio.TestPlatform.CommandLine.Internal.ConsoleLogger., took 0 ms.
TpTrace Verbose: 0 : 28444, 14, 2025/02/16, 22:41:04.336, 2356433786435, vstest.console.dll, ParallelProxyExecutionManager: HandlePartialRunComplete: Total workloads = 1, Total started clients = 1 Total completed clients = 1, Run complete = True, Run canceled: False.
TpTrace Verbose: 0 : 28444, 4, 2025/02/16, 22:41:04.336, 2356433786985, vstest.console.dll, MulticastDelegateUtilities.SafeInvoke: InternalTestLoggerEvents.SendTestResult: Invoking callback 1/1 for Microsoft.VisualStudio.TestPlatform.CommandLine.Internal.ConsoleLogger., took 0 ms.
TpTrace Verbose: 0 : 28444, 14, 2025/02/16, 22:41:04.337, 2356433787395, vstest.console.dll, ParallelProxyExecutionManager: HandlePartialRunComplete: All runs completed stopping all managers.
TpTrace Verbose: 0 : 28444, 4, 2025/02/16, 22:41:04.337, 2356433787480, vstest.console.dll, MulticastDelegateUtilities.SafeInvoke: InternalTestLoggerEvents.SendTestResult: Invoking callback 1/1 for Microsoft.VisualStudio.TestPlatform.CommandLine.Internal.ConsoleLogger., took 0 ms.
TpTrace Verbose: 0 : 28444, 14, 2025/02/16, 22:41:04.337, 2356433787757, vstest.console.dll, ParallelOperationManager.StopAllManagers: Stopping all managers.
TpTrace Verbose: 0 : 28444, 4, 2025/02/16, 22:41:04.337, 2356433788178, vstest.console.dll, MulticastDelegateUtilities.SafeInvoke: InternalTestLoggerEvents.SendTestResult: Invoking callback 1/1 for Microsoft.VisualStudio.TestPlatform.CommandLine.Internal.ConsoleLogger., took 0 ms.
TpTrace Verbose: 0 : 28444, 14, 2025/02/16, 22:41:04.337, 2356433788236, vstest.console.dll, ParallelOperationManager.ClearSlots: Clearing all slots. Slots should accept more work: False
TpTrace Verbose: 0 : 28444, 4, 2025/02/16, 22:41:04.337, 2356433788665, vstest.console.dll, MulticastDelegateUtilities.SafeInvoke: InternalTestLoggerEvents.SendTestResult: Invoking callback 1/1 for Microsoft.VisualStudio.TestPlatform.CommandLine.Internal.ConsoleLogger., took 0 ms.
TpTrace Verbose: 0 : 28444, 14, 2025/02/16, 22:41:04.337, 2356433788853, vstest.console.dll, ParallelOperationManager.SetOccupiedSlotCount: Setting slot counts AvailableSlotCount = 1, OccupiedSlotCount = 0.
TpTrace Verbose: 0 : 28444, 14, 2025/02/16, 22:41:04.337, 2356433791056, vstest.console.dll, Occupied slots:

TpTrace Verbose: 0 : 28444, 4, 2025/02/16, 22:41:04.342, 2356433846963, vstest.console.dll, MulticastDelegateUtilities.SafeInvoke: InternalTestLoggerEvents.SendTestRunComplete: Invoking callback 1/2 for Microsoft.TestPlatform.Extensions.BlameDataCollector.BlameLogger., took 0 ms.
TpTrace Verbose: 0 : 28444, 4, 2025/02/16, 22:41:04.346, 2356433879573, vstest.console.dll, MulticastDelegateUtilities.SafeInvoke: InternalTestLoggerEvents.SendTestRunComplete: Invoking callback 2/2 for Microsoft.VisualStudio.TestPlatform.CommandLine.Internal.ConsoleLogger., took 3 ms.
TpTrace Verbose: 0 : 28444, 14, 2025/02/16, 22:41:04.346, 2356433881391, vstest.console.dll, TestRunRequest:TestRunComplete: Starting. IsAborted:False IsCanceled:False.
TpTrace Verbose: 0 : 28444, 14, 2025/02/16, 22:41:04.346, 2356433882611, vstest.console.dll, ParallelOperationManager.DoActionOnAllManagers: Calling an action on all managers.
TpTrace Verbose: 0 : 28444, 14, 2025/02/16, 22:41:04.347, 2356433893289, vstest.console.dll, TestLoggerManager.HandleTestRunComplete: Ignoring as the object is disposed.
TpTrace Verbose: 0 : 28444, 14, 2025/02/16, 22:41:04.347, 2356433894317, vstest.console.dll, MulticastDelegateUtilities.SafeInvoke: TestRun.TestRunComplete: Invoking callback 1/2 for Microsoft.VisualStudio.TestPlatform.CommandLine.TestRunResultAggregator., took 0 ms.
TpTrace Verbose: 0 : 28444, 14, 2025/02/16, 22:41:04.347, 2356433895078, vstest.console.dll, MulticastDelegateUtilities.SafeInvoke: TestRun.TestRunComplete: Invoking callback 2/2 for Microsoft.VisualStudio.TestPlatform.CommandLine.Processors.RunTestsArgumentExecutor+TestRunRequestEventsRegistrar., took 0 ms.
TpTrace Information: 0 : 28444, 14, 2025/02/16, 22:41:04.347, 2356433895704, vstest.console.dll, TestRunRequest:TestRunComplete: Completed.
TpTrace Verbose: 0 : 28444, 1, 2025/02/16, 22:41:04.347, 2356433895799, vstest.console.dll, TestRunRequest.Dispose: Starting.
TpTrace Verbose: 0 : 28444, 14, 2025/02/16, 22:41:04.347, 2356433895946, vstest.console.dll, TestRequestSender.SetOperationComplete: Setting operation complete.
TpTrace Information: 0 : 28444, 1, 2025/02/16, 22:41:04.347, 2356433896266, vstest.console.dll, TestRunRequest.Dispose: Completed.
TpTrace Information: 0 : 28444, 14, 2025/02/16, 22:41:04.347, 2356433896407, vstest.console.dll, SocketServer.Stop: Stop server endPoint: 127.0.0.1:55969
TpTrace Information: 0 : 28444, 1, 2025/02/16, 22:41:04.347, 2356433896712, vstest.console.dll, TestRequestManager.RunTests: run tests completed.
TpTrace Information: 0 : 28444, 14, 2025/02/16, 22:41:04.347, 2356433896782, vstest.console.dll, SocketServer.Stop: Cancellation requested. Stopping message loop.
TpTrace Verbose: 0 : 28444, 14, 2025/02/16, 22:41:04.347, 2356433897148, vstest.console.dll, MulticastDelegateUtilities.SafeInvoke: LengthPrefixCommunicationChannel: MessageReceived: Invoking callback 1/1 for Microsoft.VisualStudio.TestPlatform.CommunicationUtilities.TestRequestSender+<>c__DisplayClass34_0., took 121 ms.
TpTrace Information: 0 : 28444, 1, 2025/02/16, 22:41:04.347, 2356433897233, vstest.console.dll, RunTestsArgumentProcessor:Execute: Test run is completed.
TpTrace Verbose: 0 : 28444, 1, 2025/02/16, 22:41:04.348, 2356433899806, vstest.console.dll, Executor.Execute: Exiting with exit code of 1
TpTrace Information: 0 : 28444, 14, 2025/02/16, 22:41:04.348, 2356433897397, vstest.console.dll, SocketServer.PrivateStop: Stopping server endPoint: 127.0.0.1:55969 error: 
